#
# There is insufficient memory for the Java Runtime Environment to continue.
# Native memory allocation (malloc) failed to allocate 1016976 bytes for Chunk::new
# Possible reasons:
#   The system is out of physical RAM or swap space
#   The process is running with CompressedOops enabled, and the Java Heap may be blocking the growth of the native heap
# Possible solutions:
#   Reduce memory load on the system
#   Increase physical memory or swap space
#   Check if swap backing store is full
#   Decrease Java heap size (-Xmx/-Xms)
#   Decrease number of Java threads
#   Decrease Java thread stack sizes (-Xss)
#   Set larger code cache with -XX:ReservedCodeCacheSize=
#   JVM is running with Unscaled Compressed Oops mode in which the Java heap is
#     placed in the first 4GB address space. The Java Heap base address is the
#     maximum limit for the native heap growth. Please use -XX:HeapBaseMinAddress
#     to set the Java Heap base and to place the Java Heap above 4GB virtual address.
# This output file may be truncated or incomplete.
#
#  Out of Memory Error (./src/hotspot/share/memory/arena.cpp:197), pid=8732, tid=7752
#
# JRE version: OpenJDK Runtime Environment (11.0.10) (build 11.0.10+0-b96-7249189)
# Java VM: OpenJDK 64-Bit Server VM (11.0.10+0-b96-7249189, mixed mode, tiered, compressed oops, g1 gc, windows-amd64)
# No core dump will be written. Minidumps are not enabled by default on client versions of Windows
#

---------------  S U M M A R Y ------------

Command Line: --add-opens=java.base/java.util=ALL-UNNAMED --add-opens=java.base/java.lang=ALL-UNNAMED --add-opens=java.base/java.lang.invoke=ALL-UNNAMED --add-opens=java.base/java.util=ALL-UNNAMED --add-opens=java.prefs/java.util.prefs=ALL-UNNAMED --add-opens=java.prefs/java.util.prefs=ALL-UNNAMED --add-opens=java.base/java.nio.charset=ALL-UNNAMED --add-opens=java.base/java.net=ALL-UNNAMED --add-opens=java.base/java.util.concurrent.atomic=ALL-UNNAMED -Xmx2048m -Dfile.encoding=UTF-8 -Duser.country=PL -Duser.language=pl -Duser.variant org.gradle.launcher.daemon.bootstrap.GradleDaemon 7.0.2

Host: AMD Ryzen 5 3500U with Radeon Vega Mobile Gfx  , 8 cores, 13G,  Windows 10 , 64 bit Build 19041 (10.0.19041.1202)
Time: Mon Nov  1 12:55:12 2021 Œrodkowoeuropejski czas stand. elapsed time: 24.763830 seconds (0d 0h 0m 24s)

---------------  T H R E A D  ---------------

Current thread (0x0000027b7e73a800):  JavaThread "C2 CompilerThread1" daemon [_thread_in_native, id=7752, stack(0x0000008954400000,0x0000008954500000)]


Current CompileTask:
C2:  24763 14678       4       com.android.tools.r8.dex.j::e (654 bytes)

Stack: [0x0000008954400000,0x0000008954500000]
Native frames: (J=compiled Java code, j=interpreted, Vv=VM code, C=native code)
V  [jvm.dll+0x5ecfaa]
V  [jvm.dll+0x722bd5]
V  [jvm.dll+0x72412d]
V  [jvm.dll+0x7247e3]
V  [jvm.dll+0x242928]
V  [jvm.dll+0xbc4fc]
V  [jvm.dll+0xbca0c]
V  [jvm.dll+0x2b4fd4]
V  [jvm.dll+0x506028]
V  [jvm.dll+0x203253]
V  [jvm.dll+0x1fd07c]
V  [jvm.dll+0x1fa77f]
V  [jvm.dll+0x18354c]
V  [jvm.dll+0x208ee7]
V  [jvm.dll+0x207731]
V  [jvm.dll+0x6eb1cf]
V  [jvm.dll+0x6e3d45]
V  [jvm.dll+0x5ebe96]
C  [ucrtbase.dll+0x21bb2]
C  [KERNEL32.DLL+0x17034]
C  [ntdll.dll+0x52651]


---------------  P R O C E S S  ---------------

Threads class SMR info:
_java_thread_list=0x0000027b15dc44f0, length=73, elements={
0x0000027b6fa8c800, 0x0000027b7b72d000, 0x0000027b7b73d000, 0x0000027b7bf76800,
0x0000027b7bf77800, 0x0000027b7bf79000, 0x0000027b7bf7c000, 0x0000027b7bfcd000,
0x0000027b7bfd7800, 0x0000027b7c12a800, 0x0000027b7dada800, 0x0000027b7d73a800,
0x0000027b7c4e2800, 0x0000027b7e4e5000, 0x0000027b7e00c800, 0x0000027b7d52c000,
0x0000027b7e214800, 0x0000027b7e8e8000, 0x0000027b7e89f800, 0x0000027b7e998000,
0x0000027b7e995800, 0x0000027b7e997000, 0x0000027b7e996800, 0x0000027b7e73a800,
0x0000027b0f606000, 0x0000027b0f60c000, 0x0000027b0f60b000, 0x0000027b0f608800,
0x0000027b0f609800, 0x0000027b0f7a6800, 0x0000027b0f60a800, 0x0000027b0f60d000,
0x0000027b0f60d800, 0x0000027b0f608000, 0x0000027b0f612800, 0x0000027b0f60e800,
0x0000027b0f613800, 0x0000027b0f614000, 0x0000027b0f610000, 0x0000027b0f615000,
0x0000027b0f611000, 0x0000027b0f56e000, 0x0000027b0f573000, 0x0000027b0f572000,
0x0000027b0f573800, 0x0000027b0f574800, 0x0000027b0f56e800, 0x0000027b0f575000,
0x0000027b0f56f800, 0x0000027b0f576000, 0x0000027b0f570800, 0x0000027b0f571000,
0x0000027b0f578800, 0x0000027b0f57b000, 0x0000027b0f57c000, 0x0000027b0f579800,
0x0000027b0f57c800, 0x0000027b0f57a000, 0x0000027b10c95800, 0x0000027b10c98800,
0x0000027b10c94800, 0x0000027b10c97000, 0x0000027b10c9a000, 0x0000027b10c9b000,
0x0000027b10c96000, 0x0000027b10c98000, 0x0000027b13e03000, 0x0000027b13dfd800,
0x0000027b13e04000, 0x0000027b13dfe000, 0x0000027b13dff800, 0x0000027b13e01800,
0x0000027b13e02000
}

Java Threads: ( => current thread )
  0x0000027b6fa8c800 JavaThread "main" [_thread_blocked, id=10224, stack(0x0000008951e00000,0x0000008951f00000)]
  0x0000027b7b72d000 JavaThread "Reference Handler" daemon [_thread_blocked, id=23908, stack(0x0000008952500000,0x0000008952600000)]
  0x0000027b7b73d000 JavaThread "Finalizer" daemon [_thread_blocked, id=11992, stack(0x0000008952600000,0x0000008952700000)]
  0x0000027b7bf76800 JavaThread "Signal Dispatcher" daemon [_thread_blocked, id=20280, stack(0x0000008952700000,0x0000008952800000)]
  0x0000027b7bf77800 JavaThread "Attach Listener" daemon [_thread_blocked, id=15776, stack(0x0000008952800000,0x0000008952900000)]
  0x0000027b7bf79000 JavaThread "Service Thread" daemon [_thread_blocked, id=13728, stack(0x0000008952900000,0x0000008952a00000)]
  0x0000027b7bf7c000 JavaThread "C2 CompilerThread0" daemon [_thread_in_native, id=432, stack(0x0000008952a00000,0x0000008952b00000)]
  0x0000027b7bfcd000 JavaThread "C1 CompilerThread0" daemon [_thread_blocked, id=13116, stack(0x0000008952b00000,0x0000008952c00000)]
  0x0000027b7bfd7800 JavaThread "Sweeper thread" daemon [_thread_blocked, id=8556, stack(0x0000008952c00000,0x0000008952d00000)]
  0x0000027b7c12a800 JavaThread "Common-Cleaner" daemon [_thread_blocked, id=24356, stack(0x0000008952d00000,0x0000008952e00000)]
  0x0000027b7dada800 JavaThread "Daemon health stats" [_thread_blocked, id=21048, stack(0x0000008953500000,0x0000008953600000)]
  0x0000027b7d73a800 JavaThread "Incoming local TCP Connector on port 19046" [_thread_in_native, id=8812, stack(0x0000008952f00000,0x0000008953000000)]
  0x0000027b7c4e2800 JavaThread "Daemon periodic checks" [_thread_blocked, id=4136, stack(0x0000008953000000,0x0000008953100000)]
  0x0000027b7e4e5000 JavaThread "Daemon" [_thread_blocked, id=23632, stack(0x0000008953600000,0x0000008953700000)]
  0x0000027b7e00c800 JavaThread "Handler for socket connection from /127.0.0.1:19046 to /127.0.0.1:19047" [_thread_in_native, id=19608, stack(0x0000008953700000,0x0000008953800000)]
  0x0000027b7d52c000 JavaThread "Cancel handler" [_thread_blocked, id=23684, stack(0x0000008953800000,0x0000008953900000)]
  0x0000027b7e214800 JavaThread "Daemon worker" [_thread_blocked, id=5292, stack(0x0000008953900000,0x0000008953a00000)]
  0x0000027b7e8e8000 JavaThread "Asynchronous log dispatcher for DefaultDaemonConnection: socket connection from /127.0.0.1:19046 to /127.0.0.1:19047" [_thread_blocked, id=15056, stack(0x0000008953a00000,0x0000008953b00000)]
  0x0000027b7e89f800 JavaThread "Stdin handler" [_thread_blocked, id=18540, stack(0x0000008953b00000,0x0000008953c00000)]
  0x0000027b7e998000 JavaThread "Daemon client event forwarder" [_thread_blocked, id=12372, stack(0x0000008953c00000,0x0000008953d00000)]
  0x0000027b7e995800 JavaThread "Cache worker for file hash cache (C:\Users\Smok\.gradle\caches\7.0.2\fileHashes)" [_thread_blocked, id=9596, stack(0x0000008954000000,0x0000008954100000)]
  0x0000027b7e997000 JavaThread "File lock request listener" [_thread_in_native, id=14732, stack(0x0000008954100000,0x0000008954200000)]
  0x0000027b7e996800 JavaThread "Cache worker for journal cache (C:\Users\Smok\.gradle\caches\journal-1)" [_thread_blocked, id=18732, stack(0x0000008954300000,0x0000008954400000)]
=>0x0000027b7e73a800 JavaThread "C2 CompilerThread1" daemon [_thread_in_native, id=7752, stack(0x0000008954400000,0x0000008954500000)]
  0x0000027b0f606000 JavaThread "Cache worker for file hash cache (C:\Users\Smok\AndroidStudioProjects\calculator\.gradle\7.0.2\fileHashes)" [_thread_blocked, id=12532, stack(0x0000008954500000,0x0000008954600000)]
  0x0000027b0f60c000 JavaThread "File watcher server" daemon [_thread_in_native, id=19280, stack(0x0000008954600000,0x0000008954700000)]
  0x0000027b0f60b000 JavaThread "File watcher consumer" daemon [_thread_blocked, id=19924, stack(0x0000008954700000,0x0000008954800000)]
  0x0000027b0f608800 JavaThread "Cache worker for checksums cache (C:\Users\Smok\AndroidStudioProjects\calculator\.gradle\checksums)" [_thread_blocked, id=15680, stack(0x0000008954800000,0x0000008954900000)]
  0x0000027b0f609800 JavaThread "Cache worker for cache directory md-supplier (C:\Users\Smok\.gradle\caches\7.0.2\md-supplier)" [_thread_blocked, id=19068, stack(0x0000008954900000,0x0000008954a00000)]
  0x0000027b0f7a6800 JavaThread "C2 CompilerThread2" daemon [_thread_in_native, id=732, stack(0x0000008954a00000,0x0000008954b00000)]
  0x0000027b0f60a800 JavaThread "Cache worker for cache directory md-rule (C:\Users\Smok\.gradle\caches\7.0.2\md-rule)" [_thread_blocked, id=20960, stack(0x0000008954b00000,0x0000008954c00000)]
  0x0000027b0f60d000 JavaThread "Cache worker for execution history cache (C:\Users\Smok\.gradle\caches\7.0.2\executionHistory)" [_thread_blocked, id=7232, stack(0x0000008954c00000,0x0000008954d00000)]
  0x0000027b0f60d800 JavaThread "jar transforms" [_thread_blocked, id=20628, stack(0x0000008954d00000,0x0000008954e00000)]
  0x0000027b0f608000 JavaThread "jar transforms Thread 2" [_thread_blocked, id=8036, stack(0x0000008954e00000,0x0000008954f00000)]
  0x0000027b0f612800 JavaThread "Cache worker for file content cache (C:\Users\Smok\.gradle\caches\7.0.2\fileContent)" [_thread_blocked, id=18116, stack(0x0000008954f00000,0x0000008955000000)]
  0x0000027b0f60e800 JavaThread "Cache worker for dependencies-accessors (C:\Users\Smok\AndroidStudioProjects\calculator\.gradle\7.0.2\dependencies-accessors)" [_thread_blocked, id=6124, stack(0x0000008955000000,0x0000008955100000)]
  0x0000027b0f613800 JavaThread "jar transforms Thread 3" [_thread_blocked, id=23148, stack(0x0000008955100000,0x0000008955200000)]
  0x0000027b0f614000 JavaThread "Cache worker for Build Output Cleanup Cache (C:\Users\Smok\AndroidStudioProjects\calculator\.gradle\buildOutputCleanup)" [_thread_blocked, id=15848, stack(0x0000008955200000,0x0000008955300000)]
  0x0000027b0f610000 JavaThread "Build operations" [_thread_blocked, id=21740, stack(0x0000008955300000,0x0000008955400000)]
  0x0000027b0f615000 JavaThread "Build operations Thread 2" [_thread_blocked, id=21764, stack(0x0000008955400000,0x0000008955500000)]
  0x0000027b0f611000 JavaThread "Build operations Thread 3" [_thread_blocked, id=7936, stack(0x0000008955500000,0x0000008955600000)]
  0x0000027b0f56e000 JavaThread "Build operations Thread 4" [_thread_blocked, id=19904, stack(0x0000008955600000,0x0000008955700000)]
  0x0000027b0f573000 JavaThread "Build operations Thread 5" [_thread_blocked, id=1688, stack(0x0000008955700000,0x0000008955800000)]
  0x0000027b0f572000 JavaThread "Build operations Thread 6" [_thread_blocked, id=24112, stack(0x0000008955800000,0x0000008955900000)]
  0x0000027b0f573800 JavaThread "Build operations Thread 7" [_thread_blocked, id=3172, stack(0x0000008955900000,0x0000008955a00000)]
  0x0000027b0f574800 JavaThread "Build operations Thread 8" [_thread_blocked, id=21352, stack(0x0000008955a00000,0x0000008955b00000)]
  0x0000027b0f56e800 JavaThread "jar transforms Thread 4" [_thread_blocked, id=3840, stack(0x0000008955b00000,0x0000008955c00000)]
  0x0000027b0f575000 JavaThread "jar transforms Thread 5" [_thread_blocked, id=16992, stack(0x0000008955c00000,0x0000008955d00000)]
  0x0000027b0f56f800 JavaThread "jar transforms Thread 6" [_thread_blocked, id=19224, stack(0x0000008955d00000,0x0000008955e00000)]
  0x0000027b0f576000 JavaThread "jar transforms Thread 7" [_thread_blocked, id=2796, stack(0x0000008955e00000,0x0000008955f00000)]
  0x0000027b0f570800 JavaThread "jar transforms Thread 8" [_thread_blocked, id=23164, stack(0x0000008955f00000,0x0000008956000000)]
  0x0000027b0f571000 JavaThread "Memory manager" [_thread_blocked, id=23756, stack(0x0000008956000000,0x0000008956100000)]
  0x0000027b0f578800 JavaThread "build event listener" [_thread_blocked, id=15712, stack(0x0000008956100000,0x0000008956200000)]
  0x0000027b0f57b000 JavaThread "Execution worker for ':'" [_thread_blocked, id=1828, stack(0x0000008956200000,0x0000008956300000)]
  0x0000027b0f57c000 JavaThread "Execution worker for ':' Thread 2" [_thread_blocked, id=24268, stack(0x0000008956300000,0x0000008956400000)]
  0x0000027b0f579800 JavaThread "Execution worker for ':' Thread 3" [_thread_blocked, id=12228, stack(0x0000008956400000,0x0000008956500000)]
  0x0000027b0f57c800 JavaThread "Execution worker for ':' Thread 4" [_thread_blocked, id=7060, stack(0x0000008956500000,0x0000008956600000)]
  0x0000027b0f57a000 JavaThread "Execution worker for ':' Thread 5" [_thread_blocked, id=20412, stack(0x0000008956600000,0x0000008956700000)]
  0x0000027b10c95800 JavaThread "Execution worker for ':' Thread 6" [_thread_blocked, id=15696, stack(0x0000008956700000,0x0000008956800000)]
  0x0000027b10c98800 JavaThread "Execution worker for ':' Thread 7" [_thread_blocked, id=22384, stack(0x0000008956800000,0x0000008956900000)]
  0x0000027b10c94800 JavaThread "Cache worker for execution history cache (C:\Users\Smok\AndroidStudioProjects\calculator\.gradle\7.0.2\executionHistory)" [_thread_blocked, id=17880, stack(0x0000008956900000,0x0000008956a00000)]
  0x0000027b10c97000 JavaThread "WorkerExecutor Queue" [_thread_blocked, id=20472, stack(0x0000008956a00000,0x0000008956b00000)]
  0x0000027b10c9a000 JavaThread "WorkerExecutor Queue Thread 2" [_thread_in_Java, id=11340, stack(0x0000008956b00000,0x0000008956c00000)]
  0x0000027b10c9b000 JavaThread "WorkerExecutor Queue Thread 3" [_thread_blocked, id=14512, stack(0x0000008956c00000,0x0000008956d00000)]
  0x0000027b10c96000 JavaThread "WorkerExecutor Queue Thread 4" [_thread_blocked, id=19324, stack(0x0000008956d00000,0x0000008956e00000)]
  0x0000027b10c98000 JavaThread "ForkJoinPool-1-worker-3" daemon [_thread_blocked, id=15376, stack(0x0000008956e00000,0x0000008956f00000)]
  0x0000027b13e03000 JavaThread "ForkJoinPool-1-worker-5" daemon [_thread_blocked, id=12208, stack(0x0000008956f00000,0x0000008957000000)]
  0x0000027b13dfd800 JavaThread "ForkJoinPool-1-worker-7" daemon [_thread_blocked, id=9616, stack(0x0000008957000000,0x0000008957100000)]
  0x0000027b13e04000 JavaThread "ForkJoinPool-1-worker-9" daemon [_thread_blocked, id=10372, stack(0x0000008957100000,0x0000008957200000)]
  0x0000027b13dfe000 JavaThread "ForkJoinPool-1-worker-11" daemon [_thread_blocked, id=11716, stack(0x0000008957200000,0x0000008957300000)]
  0x0000027b13dff800 JavaThread "ForkJoinPool-1-worker-13" daemon [_thread_blocked, id=19244, stack(0x0000008957300000,0x0000008957400000)]
  0x0000027b13e01800 JavaThread "ForkJoinPool-1-worker-15" daemon [_thread_blocked, id=22708, stack(0x0000008957400000,0x0000008957500000)]
  0x0000027b13e02000 JavaThread "ForkJoinPool-1-worker-1" daemon [_thread_blocked, id=12464, stack(0x0000008957500000,0x0000008957600000)]

Other Threads:
  0x0000027b7bf66800 VMThread "VM Thread" [stack: 0x0000008952400000,0x0000008952500000] [id=16456]
  0x0000027b7c13d000 WatcherThread [stack: 0x0000008952e00000,0x0000008952f00000] [id=19196]
  0x0000027b6faa6000 GCTaskThread "GC Thread#0" [stack: 0x0000008951f00000,0x0000008952000000] [id=8252]
  0x0000027b7c54b000 GCTaskThread "GC Thread#1" [stack: 0x0000008953100000,0x0000008953200000] [id=2952]
  0x0000027b7cf63000 GCTaskThread "GC Thread#2" [stack: 0x0000008953200000,0x0000008953300000] [id=16420]
  0x0000027b7d1ce800 GCTaskThread "GC Thread#3" [stack: 0x0000008953300000,0x0000008953400000] [id=12216]
  0x0000027b7d272800 GCTaskThread "GC Thread#4" [stack: 0x0000008953400000,0x0000008953500000] [id=23444]
  0x0000027b7d421800 GCTaskThread "GC Thread#5" [stack: 0x0000008953d00000,0x0000008953e00000] [id=11456]
  0x0000027b7d470800 GCTaskThread "GC Thread#6" [stack: 0x0000008953e00000,0x0000008953f00000] [id=23536]
  0x0000027b7da30000 GCTaskThread "GC Thread#7" [stack: 0x0000008953f00000,0x0000008954000000] [id=20188]
  0x0000027b6fad6800 ConcurrentGCThread "G1 Main Marker" [stack: 0x0000008952000000,0x0000008952100000] [id=20560]
  0x0000027b6fad8000 ConcurrentGCThread "G1 Conc#0" [stack: 0x0000008952100000,0x0000008952200000] [id=7888]
  0x0000027b7e3b0000 ConcurrentGCThread "G1 Conc#1" [stack: 0x0000008954200000,0x0000008954300000] [id=12048]
  0x0000027b6fb6d800 ConcurrentGCThread "G1 Refine#0" [stack: 0x0000008952200000,0x0000008952300000] [id=16976]
  0x0000027b1829b000 ConcurrentGCThread "G1 Refine#1" [stack: 0x0000008957600000,0x0000008957700000] [id=24444]
  0x0000027b187fc800 ConcurrentGCThread "G1 Refine#2" [stack: 0x0000008957700000,0x0000008957800000] [id=23572]
  0x0000027b11f92800 ConcurrentGCThread "G1 Refine#3" [stack: 0x0000008957800000,0x0000008957900000] [id=23052]
  0x0000027b109fd800 ConcurrentGCThread "G1 Refine#4" [stack: 0x0000008957900000,0x0000008957a00000] [id=14120]
  0x0000027b7b5a2800 ConcurrentGCThread "G1 Young RemSet Sampling" [stack: 0x0000008952300000,0x0000008952400000] [id=22932]

Threads with active compile tasks:
C2 CompilerThread0  24786 14955       4       java.util.stream.Nodes$SpinedNodeBuilder::accept (29 bytes)
C2 CompilerThread1  24786 14678       4       com.android.tools.r8.dex.j::e (654 bytes)
C2 CompilerThread2  24786 14675 %     4       com.android.tools.r8.dex.j::a @ 315 (1038 bytes)

VM state:not at safepoint (normal execution)

VM Mutex/Monitor currently owned by a thread: None

Heap address: 0x0000000080000000, size: 2048 MB, Compressed Oops mode: 32-bit
Narrow klass base: 0x0000000000000000, Narrow klass shift: 3
Compressed class space size: 1073741824 Address: 0x0000000100000000

Heap:
 garbage-first heap   total 231424K, used 132970K [0x0000000080000000, 0x0000000100000000)
  region size 1024K, 28 young (28672K), 13 survivors (13312K)
 Metaspace       used 94951K, capacity 97724K, committed 97920K, reserved 1134592K
  class space    used 12354K, capacity 13407K, committed 13516K, reserved 1048576K
Heap Regions: E=young(eden), S=young(survivor), O=old, HS=humongous(starts), HC=humongous(continues), CS=collection set, F=free, A=archive, TAMS=top-at-mark-start (previous, next)
|   0|0x0000000080000000, 0x0000000080100000, 0x0000000080100000|100%| O|  |TAMS 0x0000000080100000, 0x0000000080000000| Untracked 
|   1|0x0000000080100000, 0x0000000080200000, 0x0000000080200000|100%| O|  |TAMS 0x0000000080200000, 0x0000000080100000| Untracked 
|   2|0x0000000080200000, 0x0000000080300000, 0x0000000080300000|100%| O|  |TAMS 0x0000000080300000, 0x0000000080200000| Untracked 
|   3|0x0000000080300000, 0x0000000080400000, 0x0000000080400000|100%|HS|  |TAMS 0x0000000080400000, 0x0000000080300000| Complete 
|   4|0x0000000080400000, 0x0000000080500000, 0x0000000080500000|100%|HC|  |TAMS 0x0000000080500000, 0x0000000080400000| Complete 
|   5|0x0000000080500000, 0x0000000080600000, 0x0000000080600000|100%|HC|  |TAMS 0x0000000080600000, 0x0000000080500000| Complete 
|   6|0x0000000080600000, 0x0000000080700000, 0x0000000080700000|100%| O|  |TAMS 0x0000000080700000, 0x0000000080600000| Untracked 
|   7|0x0000000080700000, 0x0000000080800000, 0x0000000080800000|100%| O|  |TAMS 0x0000000080800000, 0x0000000080700000| Untracked 
|   8|0x0000000080800000, 0x0000000080900000, 0x0000000080900000|100%| O|  |TAMS 0x0000000080900000, 0x0000000080800000| Untracked 
|   9|0x0000000080900000, 0x0000000080a00000, 0x0000000080a00000|100%| O|  |TAMS 0x0000000080a00000, 0x0000000080900000| Untracked 
|  10|0x0000000080a00000, 0x0000000080b00000, 0x0000000080b00000|100%| O|  |TAMS 0x0000000080b00000, 0x0000000080a00000| Untracked 
|  11|0x0000000080b00000, 0x0000000080c00000, 0x0000000080c00000|100%| O|  |TAMS 0x0000000080c00000, 0x0000000080b00000| Untracked 
|  12|0x0000000080c00000, 0x0000000080d00000, 0x0000000080d00000|100%| O|  |TAMS 0x0000000080d00000, 0x0000000080c00000| Untracked 
|  13|0x0000000080d00000, 0x0000000080e00000, 0x0000000080e00000|100%| O|  |TAMS 0x0000000080e00000, 0x0000000080d00000| Untracked 
|  14|0x0000000080e00000, 0x0000000080f00000, 0x0000000080f00000|100%| O|  |TAMS 0x0000000080f00000, 0x0000000080e00000| Untracked 
|  15|0x0000000080f00000, 0x0000000081000000, 0x0000000081000000|100%| O|  |TAMS 0x0000000081000000, 0x0000000080f00000| Untracked 
|  16|0x0000000081000000, 0x0000000081100000, 0x0000000081100000|100%|HS|  |TAMS 0x0000000081100000, 0x0000000081000000| Complete 
|  17|0x0000000081100000, 0x0000000081200000, 0x0000000081200000|100%|HS|  |TAMS 0x0000000081200000, 0x0000000081100000| Complete 
|  18|0x0000000081200000, 0x0000000081300000, 0x0000000081300000|100%|HS|  |TAMS 0x0000000081300000, 0x0000000081200000| Complete 
|  19|0x0000000081300000, 0x0000000081400000, 0x0000000081400000|100%|HC|  |TAMS 0x0000000081400000, 0x0000000081300000| Complete 
|  20|0x0000000081400000, 0x0000000081500000, 0x0000000081500000|100%| O|  |TAMS 0x0000000081500000, 0x0000000081400000| Untracked 
|  21|0x0000000081500000, 0x0000000081600000, 0x0000000081600000|100%| O|  |TAMS 0x0000000081600000, 0x0000000081500000| Untracked 
|  22|0x0000000081600000, 0x0000000081700000, 0x0000000081700000|100%| O|  |TAMS 0x0000000081700000, 0x0000000081600000| Untracked 
|  23|0x0000000081700000, 0x0000000081800000, 0x0000000081800000|100%| O|  |TAMS 0x0000000081800000, 0x0000000081700000| Untracked 
|  24|0x0000000081800000, 0x0000000081900000, 0x0000000081900000|100%| O|  |TAMS 0x0000000081900000, 0x0000000081800000| Untracked 
|  25|0x0000000081900000, 0x0000000081a00000, 0x0000000081a00000|100%| O|  |TAMS 0x0000000081a00000, 0x0000000081900000| Untracked 
|  26|0x0000000081a00000, 0x0000000081b00000, 0x0000000081b00000|100%| O|  |TAMS 0x0000000081b00000, 0x0000000081a00000| Untracked 
|  27|0x0000000081b00000, 0x0000000081c00000, 0x0000000081c00000|100%| O|  |TAMS 0x0000000081c00000, 0x0000000081b00000| Untracked 
|  28|0x0000000081c00000, 0x0000000081d00000, 0x0000000081d00000|100%| O|  |TAMS 0x0000000081d00000, 0x0000000081c00000| Untracked 
|  29|0x0000000081d00000, 0x0000000081e00000, 0x0000000081e00000|100%| O|  |TAMS 0x0000000081e00000, 0x0000000081d00000| Untracked 
|  30|0x0000000081e00000, 0x0000000081f00000, 0x0000000081f00000|100%| O|  |TAMS 0x0000000081f00000, 0x0000000081e00000| Untracked 
|  31|0x0000000081f00000, 0x0000000082000000, 0x0000000082000000|100%| O|  |TAMS 0x0000000082000000, 0x0000000081f00000| Untracked 
|  32|0x0000000082000000, 0x0000000082100000, 0x0000000082100000|100%| O|  |TAMS 0x0000000082100000, 0x0000000082000000| Untracked 
|  33|0x0000000082100000, 0x0000000082200000, 0x0000000082200000|100%| O|  |TAMS 0x0000000082200000, 0x0000000082100000| Untracked 
|  34|0x0000000082200000, 0x0000000082300000, 0x0000000082300000|100%| O|  |TAMS 0x0000000082300000, 0x0000000082200000| Untracked 
|  35|0x0000000082300000, 0x0000000082400000, 0x0000000082400000|100%| O|  |TAMS 0x0000000082400000, 0x0000000082300000| Untracked 
|  36|0x0000000082400000, 0x0000000082500000, 0x0000000082500000|100%| O|  |TAMS 0x0000000082500000, 0x0000000082400000| Untracked 
|  37|0x0000000082500000, 0x0000000082600000, 0x0000000082600000|100%| O|  |TAMS 0x0000000082600000, 0x0000000082500000| Untracked 
|  38|0x0000000082600000, 0x0000000082700000, 0x0000000082700000|100%| O|  |TAMS 0x0000000082700000, 0x0000000082600000| Untracked 
|  39|0x0000000082700000, 0x0000000082800000, 0x0000000082800000|100%| O|  |TAMS 0x0000000082800000, 0x0000000082700000| Untracked 
|  40|0x0000000082800000, 0x0000000082900000, 0x0000000082900000|100%| O|  |TAMS 0x0000000082900000, 0x0000000082800000| Untracked 
|  41|0x0000000082900000, 0x0000000082a00000, 0x0000000082a00000|100%| O|  |TAMS 0x0000000082900000, 0x0000000082900000| Untracked 
|  42|0x0000000082a00000, 0x0000000082b00000, 0x0000000082b00000|100%| O|  |TAMS 0x0000000082a00000, 0x0000000082a00000| Untracked 
|  43|0x0000000082b00000, 0x0000000082c00000, 0x0000000082c00000|100%| O|  |TAMS 0x0000000082b00000, 0x0000000082b00000| Untracked 
|  44|0x0000000082c00000, 0x0000000082d00000, 0x0000000082d00000|100%| O|  |TAMS 0x0000000082c00000, 0x0000000082c00000| Untracked 
|  45|0x0000000082d00000, 0x0000000082e00000, 0x0000000082e00000|100%| O|  |TAMS 0x0000000082d00000, 0x0000000082d00000| Untracked 
|  46|0x0000000082e00000, 0x0000000082f00000, 0x0000000082f00000|100%| O|  |TAMS 0x0000000082e00000, 0x0000000082e00000| Untracked 
|  47|0x0000000082f00000, 0x0000000083000000, 0x0000000083000000|100%| O|  |TAMS 0x0000000082f00000, 0x0000000082f00000| Untracked 
|  48|0x0000000083000000, 0x0000000083100000, 0x0000000083100000|100%| O|  |TAMS 0x0000000083000000, 0x0000000083000000| Untracked 
|  49|0x0000000083100000, 0x0000000083200000, 0x0000000083200000|100%| O|  |TAMS 0x0000000083100000, 0x0000000083100000| Untracked 
|  50|0x0000000083200000, 0x0000000083300000, 0x0000000083300000|100%| O|  |TAMS 0x0000000083200000, 0x0000000083200000| Untracked 
|  51|0x0000000083300000, 0x0000000083400000, 0x0000000083400000|100%| O|  |TAMS 0x0000000083300000, 0x0000000083300000| Untracked 
|  52|0x0000000083400000, 0x0000000083500000, 0x0000000083500000|100%| O|  |TAMS 0x0000000083400000, 0x0000000083400000| Untracked 
|  53|0x0000000083500000, 0x0000000083600000, 0x0000000083600000|100%| O|  |TAMS 0x0000000083500000, 0x0000000083500000| Untracked 
|  54|0x0000000083600000, 0x0000000083700000, 0x0000000083700000|100%| O|  |TAMS 0x0000000083600000, 0x0000000083600000| Untracked 
|  55|0x0000000083700000, 0x0000000083800000, 0x0000000083800000|100%| O|  |TAMS 0x0000000083700000, 0x0000000083700000| Untracked 
|  56|0x0000000083800000, 0x0000000083900000, 0x0000000083900000|100%| O|  |TAMS 0x0000000083800000, 0x0000000083800000| Untracked 
|  57|0x0000000083900000, 0x0000000083a00000, 0x0000000083a00000|100%| O|  |TAMS 0x0000000083900000, 0x0000000083900000| Untracked 
|  58|0x0000000083a00000, 0x0000000083b00000, 0x0000000083b00000|100%| O|  |TAMS 0x0000000083a00000, 0x0000000083a00000| Untracked 
|  59|0x0000000083b00000, 0x0000000083c00000, 0x0000000083c00000|100%| O|  |TAMS 0x0000000083b00000, 0x0000000083b00000| Untracked 
|  60|0x0000000083c00000, 0x0000000083d00000, 0x0000000083d00000|100%| O|  |TAMS 0x0000000083c00000, 0x0000000083c00000| Untracked 
|  61|0x0000000083d00000, 0x0000000083e00000, 0x0000000083e00000|100%| O|  |TAMS 0x0000000083d00000, 0x0000000083d00000| Untracked 
|  62|0x0000000083e00000, 0x0000000083f00000, 0x0000000083f00000|100%| O|  |TAMS 0x0000000083e00000, 0x0000000083e00000| Untracked 
|  63|0x0000000083f00000, 0x0000000084000000, 0x0000000084000000|100%| O|  |TAMS 0x0000000083f00000, 0x0000000083f00000| Untracked 
|  64|0x0000000084000000, 0x0000000084100000, 0x0000000084100000|100%| O|  |TAMS 0x0000000084000000, 0x0000000084000000| Untracked 
|  65|0x0000000084100000, 0x0000000084200000, 0x0000000084200000|100%| O|  |TAMS 0x0000000084100000, 0x0000000084100000| Untracked 
|  66|0x0000000084200000, 0x0000000084300000, 0x0000000084300000|100%| O|  |TAMS 0x0000000084200000, 0x0000000084200000| Untracked 
|  67|0x0000000084300000, 0x0000000084400000, 0x0000000084400000|100%| O|  |TAMS 0x0000000084300000, 0x0000000084300000| Untracked 
|  68|0x0000000084400000, 0x0000000084500000, 0x0000000084500000|100%| O|  |TAMS 0x0000000084400000, 0x0000000084400000| Untracked 
|  69|0x0000000084500000, 0x0000000084600000, 0x0000000084600000|100%| O|  |TAMS 0x0000000084500000, 0x0000000084500000| Untracked 
|  70|0x0000000084600000, 0x0000000084700000, 0x0000000084700000|100%| O|  |TAMS 0x0000000084600000, 0x0000000084600000| Untracked 
|  71|0x0000000084700000, 0x0000000084800000, 0x0000000084800000|100%| O|  |TAMS 0x0000000084700000, 0x0000000084700000| Untracked 
|  72|0x0000000084800000, 0x0000000084900000, 0x0000000084900000|100%| O|  |TAMS 0x0000000084800000, 0x0000000084800000| Untracked 
|  73|0x0000000084900000, 0x0000000084a00000, 0x0000000084a00000|100%| O|  |TAMS 0x0000000084900000, 0x0000000084900000| Untracked 
|  74|0x0000000084a00000, 0x0000000084b00000, 0x0000000084b00000|100%| O|  |TAMS 0x0000000084a00000, 0x0000000084a00000| Untracked 
|  75|0x0000000084b00000, 0x0000000084c00000, 0x0000000084c00000|100%| O|  |TAMS 0x0000000084b00000, 0x0000000084b00000| Untracked 
|  76|0x0000000084c00000, 0x0000000084d00000, 0x0000000084d00000|100%| O|  |TAMS 0x0000000084c00000, 0x0000000084c00000| Untracked 
|  77|0x0000000084d00000, 0x0000000084e00000, 0x0000000084e00000|100%| O|  |TAMS 0x0000000084d00000, 0x0000000084d00000| Untracked 
|  78|0x0000000084e00000, 0x0000000084f00000, 0x0000000084f00000|100%| O|  |TAMS 0x0000000084e00000, 0x0000000084e00000| Untracked 
|  79|0x0000000084f00000, 0x0000000085000000, 0x0000000085000000|100%| O|  |TAMS 0x0000000084f00000, 0x0000000084f00000| Untracked 
|  80|0x0000000085000000, 0x0000000085100000, 0x0000000085100000|100%| O|  |TAMS 0x0000000085000000, 0x0000000085000000| Untracked 
|  81|0x0000000085100000, 0x0000000085200000, 0x0000000085200000|100%| O|  |TAMS 0x0000000085100000, 0x0000000085100000| Untracked 
|  82|0x0000000085200000, 0x0000000085300000, 0x0000000085300000|100%| O|  |TAMS 0x0000000085200000, 0x0000000085200000| Untracked 
|  83|0x0000000085300000, 0x0000000085400000, 0x0000000085400000|100%| O|  |TAMS 0x0000000085300000, 0x0000000085300000| Untracked 
|  84|0x0000000085400000, 0x0000000085500000, 0x0000000085500000|100%| O|  |TAMS 0x0000000085400000, 0x0000000085400000| Untracked 
|  85|0x0000000085500000, 0x0000000085500000, 0x0000000085600000|  0%| F|  |TAMS 0x0000000085500000, 0x0000000085500000| Untracked 
|  86|0x0000000085600000, 0x0000000085600000, 0x0000000085700000|  0%| F|  |TAMS 0x0000000085600000, 0x0000000085600000| Untracked 
|  87|0x0000000085700000, 0x0000000085800000, 0x0000000085800000|100%|HS|  |TAMS 0x0000000085700000, 0x0000000085700000| Complete 
|  88|0x0000000085800000, 0x0000000085900000, 0x0000000085900000|100%|HS|  |TAMS 0x0000000085800000, 0x0000000085800000| Complete 
|  89|0x0000000085900000, 0x0000000085900000, 0x0000000085a00000|  0%| F|  |TAMS 0x0000000085900000, 0x0000000085900000| Untracked 
|  90|0x0000000085a00000, 0x0000000085b00000, 0x0000000085b00000|100%|HS|  |TAMS 0x0000000085a00000, 0x0000000085a00000| Complete 
|  91|0x0000000085b00000, 0x0000000085b00000, 0x0000000085c00000|  0%| F|  |TAMS 0x0000000085b00000, 0x0000000085b00000| Untracked 
|  92|0x0000000085c00000, 0x0000000085c00000, 0x0000000085d00000|  0%| F|  |TAMS 0x0000000085c00000, 0x0000000085c00000| Untracked 
|  93|0x0000000085d00000, 0x0000000085d00000, 0x0000000085e00000|  0%| F|  |TAMS 0x0000000085d00000, 0x0000000085d00000| Untracked 
|  94|0x0000000085e00000, 0x0000000085e00000, 0x0000000085f00000|  0%| F|  |TAMS 0x0000000085e00000, 0x0000000085e00000| Untracked 
|  95|0x0000000085f00000, 0x0000000085f00000, 0x0000000086000000|  0%| F|  |TAMS 0x0000000085f00000, 0x0000000085f00000| Untracked 
|  96|0x0000000086000000, 0x0000000086000000, 0x0000000086100000|  0%| F|  |TAMS 0x0000000086000000, 0x0000000086000000| Untracked 
|  97|0x0000000086100000, 0x0000000086200000, 0x0000000086200000|100%| O|  |TAMS 0x0000000086100000, 0x0000000086100000| Untracked 
|  98|0x0000000086200000, 0x0000000086300000, 0x0000000086300000|100%| O|  |TAMS 0x0000000086200000, 0x0000000086200000| Untracked 
|  99|0x0000000086300000, 0x0000000086400000, 0x0000000086400000|100%| O|  |TAMS 0x0000000086300000, 0x0000000086300000| Untracked 
| 100|0x0000000086400000, 0x0000000086500000, 0x0000000086500000|100%| O|  |TAMS 0x0000000086400000, 0x0000000086400000| Untracked 
| 101|0x0000000086500000, 0x0000000086600000, 0x0000000086600000|100%| O|  |TAMS 0x0000000086500000, 0x0000000086500000| Untracked 
| 102|0x0000000086600000, 0x0000000086700000, 0x0000000086700000|100%| O|  |TAMS 0x0000000086600000, 0x0000000086600000| Untracked 
| 103|0x0000000086700000, 0x0000000086800000, 0x0000000086800000|100%| O|  |TAMS 0x0000000086700000, 0x0000000086700000| Untracked 
| 104|0x0000000086800000, 0x0000000086900000, 0x0000000086900000|100%| O|  |TAMS 0x0000000086800000, 0x0000000086800000| Untracked 
| 105|0x0000000086900000, 0x0000000086a00000, 0x0000000086a00000|100%| O|  |TAMS 0x0000000086900000, 0x0000000086900000| Untracked 
| 106|0x0000000086a00000, 0x0000000086b00000, 0x0000000086b00000|100%| O|  |TAMS 0x0000000086a00000, 0x0000000086a00000| Untracked 
| 107|0x0000000086b00000, 0x0000000086c00000, 0x0000000086c00000|100%| O|  |TAMS 0x0000000086b00000, 0x0000000086b00000| Untracked 
| 108|0x0000000086c00000, 0x0000000086d00000, 0x0000000086d00000|100%| O|  |TAMS 0x0000000086c00000, 0x0000000086c00000| Untracked 
| 109|0x0000000086d00000, 0x0000000086e00000, 0x0000000086e00000|100%| O|  |TAMS 0x0000000086d00000, 0x0000000086d00000| Untracked 
| 110|0x0000000086e00000, 0x0000000086f00000, 0x0000000086f00000|100%| O|  |TAMS 0x0000000086e00000, 0x0000000086e00000| Untracked 
| 111|0x0000000086f00000, 0x0000000087000000, 0x0000000087000000|100%| S|CS|TAMS 0x0000000086f00000, 0x0000000086f00000| Complete 
| 112|0x0000000087000000, 0x0000000087100000, 0x0000000087100000|100%| S|CS|TAMS 0x0000000087000000, 0x0000000087000000| Complete 
| 113|0x0000000087100000, 0x0000000087200000, 0x0000000087200000|100%| S|CS|TAMS 0x0000000087100000, 0x0000000087100000| Complete 
| 114|0x0000000087200000, 0x0000000087300000, 0x0000000087300000|100%| S|CS|TAMS 0x0000000087200000, 0x0000000087200000| Complete 
| 115|0x0000000087300000, 0x0000000087400000, 0x0000000087400000|100%| S|CS|TAMS 0x0000000087300000, 0x0000000087300000| Complete 
| 116|0x0000000087400000, 0x0000000087500000, 0x0000000087500000|100%| S|CS|TAMS 0x0000000087400000, 0x0000000087400000| Complete 
| 117|0x0000000087500000, 0x0000000087600000, 0x0000000087600000|100%| S|CS|TAMS 0x0000000087500000, 0x0000000087500000| Complete 
| 118|0x0000000087600000, 0x0000000087700000, 0x0000000087700000|100%| S|CS|TAMS 0x0000000087600000, 0x0000000087600000| Complete 
| 119|0x0000000087700000, 0x0000000087800000, 0x0000000087800000|100%| S|CS|TAMS 0x0000000087700000, 0x0000000087700000| Complete 
| 120|0x0000000087800000, 0x0000000087900000, 0x0000000087900000|100%| S|CS|TAMS 0x0000000087800000, 0x0000000087800000| Complete 
| 121|0x0000000087900000, 0x0000000087a00000, 0x0000000087a00000|100%| S|CS|TAMS 0x0000000087900000, 0x0000000087900000| Complete 
| 122|0x0000000087a00000, 0x0000000087b00000, 0x0000000087b00000|100%| S|CS|TAMS 0x0000000087a00000, 0x0000000087a00000| Complete 
| 123|0x0000000087b00000, 0x0000000087c00000, 0x0000000087c00000|100%| S|CS|TAMS 0x0000000087b00000, 0x0000000087b00000| Complete 
| 124|0x0000000087c00000, 0x0000000087c00000, 0x0000000087d00000|  0%| F|  |TAMS 0x0000000087c00000, 0x0000000087c00000| Untracked 
| 125|0x0000000087d00000, 0x0000000087d00000, 0x0000000087e00000|  0%| F|  |TAMS 0x0000000087d00000, 0x0000000087d00000| Untracked 
| 126|0x0000000087e00000, 0x0000000087e00000, 0x0000000087f00000|  0%| F|  |TAMS 0x0000000087e00000, 0x0000000087e00000| Untracked 
| 127|0x0000000087f00000, 0x0000000087f00000, 0x0000000088000000|  0%| F|  |TAMS 0x0000000087f00000, 0x0000000087f00000| Untracked 
| 128|0x0000000088000000, 0x0000000088000000, 0x0000000088100000|  0%| F|  |TAMS 0x0000000088000000, 0x0000000088000000| Untracked 
| 129|0x0000000088100000, 0x0000000088100000, 0x0000000088200000|  0%| F|  |TAMS 0x0000000088100000, 0x0000000088100000| Untracked 
| 130|0x0000000088200000, 0x0000000088200000, 0x0000000088300000|  0%| F|  |TAMS 0x0000000088200000, 0x0000000088200000| Untracked 
| 131|0x0000000088300000, 0x0000000088300000, 0x0000000088400000|  0%| F|  |TAMS 0x0000000088300000, 0x0000000088300000| Untracked 
| 132|0x0000000088400000, 0x0000000088400000, 0x0000000088500000|  0%| F|  |TAMS 0x0000000088400000, 0x0000000088400000| Untracked 
| 133|0x0000000088500000, 0x0000000088500000, 0x0000000088600000|  0%| F|  |TAMS 0x0000000088500000, 0x0000000088500000| Untracked 
| 134|0x0000000088600000, 0x0000000088600000, 0x0000000088700000|  0%| F|  |TAMS 0x0000000088600000, 0x0000000088600000| Untracked 
| 135|0x0000000088700000, 0x0000000088700000, 0x0000000088800000|  0%| F|  |TAMS 0x0000000088700000, 0x0000000088700000| Untracked 
| 136|0x0000000088800000, 0x0000000088800000, 0x0000000088900000|  0%| F|  |TAMS 0x0000000088800000, 0x0000000088800000| Untracked 
| 137|0x0000000088900000, 0x0000000088900000, 0x0000000088a00000|  0%| F|  |TAMS 0x0000000088900000, 0x0000000088900000| Untracked 
| 138|0x0000000088a00000, 0x0000000088a00000, 0x0000000088b00000|  0%| F|  |TAMS 0x0000000088a00000, 0x0000000088a00000| Untracked 
| 139|0x0000000088b00000, 0x0000000088b00000, 0x0000000088c00000|  0%| F|  |TAMS 0x0000000088b00000, 0x0000000088b00000| Untracked 
| 140|0x0000000088c00000, 0x0000000088c00000, 0x0000000088d00000|  0%| F|  |TAMS 0x0000000088c00000, 0x0000000088c00000| Untracked 
| 141|0x0000000088d00000, 0x0000000088d00000, 0x0000000088e00000|  0%| F|  |TAMS 0x0000000088d00000, 0x0000000088d00000| Untracked 
| 142|0x0000000088e00000, 0x0000000088e00000, 0x0000000088f00000|  0%| F|  |TAMS 0x0000000088e00000, 0x0000000088e00000| Untracked 
| 143|0x0000000088f00000, 0x0000000088f00000, 0x0000000089000000|  0%| F|  |TAMS 0x0000000088f00000, 0x0000000088f00000| Untracked 
| 144|0x0000000089000000, 0x0000000089000000, 0x0000000089100000|  0%| F|  |TAMS 0x0000000089000000, 0x0000000089000000| Untracked 
| 145|0x0000000089100000, 0x0000000089100000, 0x0000000089200000|  0%| F|  |TAMS 0x0000000089100000, 0x0000000089100000| Untracked 
| 146|0x0000000089200000, 0x0000000089200000, 0x0000000089300000|  0%| F|  |TAMS 0x0000000089200000, 0x0000000089200000| Untracked 
| 147|0x0000000089300000, 0x0000000089300000, 0x0000000089400000|  0%| F|  |TAMS 0x0000000089300000, 0x0000000089300000| Untracked 
| 148|0x0000000089400000, 0x0000000089400000, 0x0000000089500000|  0%| F|  |TAMS 0x0000000089400000, 0x0000000089400000| Untracked 
| 149|0x0000000089500000, 0x0000000089500000, 0x0000000089600000|  0%| F|  |TAMS 0x0000000089500000, 0x0000000089500000| Untracked 
| 150|0x0000000089600000, 0x0000000089600000, 0x0000000089700000|  0%| F|  |TAMS 0x0000000089600000, 0x0000000089600000| Untracked 
| 151|0x0000000089700000, 0x0000000089700000, 0x0000000089800000|  0%| F|  |TAMS 0x0000000089700000, 0x0000000089700000| Untracked 
| 152|0x0000000089800000, 0x0000000089800000, 0x0000000089900000|  0%| F|  |TAMS 0x0000000089800000, 0x0000000089800000| Untracked 
| 153|0x0000000089900000, 0x0000000089900000, 0x0000000089a00000|  0%| F|  |TAMS 0x0000000089900000, 0x0000000089900000| Untracked 
| 154|0x0000000089a00000, 0x0000000089a00000, 0x0000000089b00000|  0%| F|  |TAMS 0x0000000089a00000, 0x0000000089a00000| Untracked 
| 155|0x0000000089b00000, 0x0000000089b00000, 0x0000000089c00000|  0%| F|  |TAMS 0x0000000089b00000, 0x0000000089b00000| Untracked 
| 156|0x0000000089c00000, 0x0000000089c00000, 0x0000000089d00000|  0%| F|  |TAMS 0x0000000089c00000, 0x0000000089c00000| Untracked 
| 157|0x0000000089d00000, 0x0000000089d00000, 0x0000000089e00000|  0%| F|  |TAMS 0x0000000089d00000, 0x0000000089d00000| Untracked 
| 158|0x0000000089e00000, 0x0000000089e00000, 0x0000000089f00000|  0%| F|  |TAMS 0x0000000089e00000, 0x0000000089e00000| Untracked 
| 159|0x0000000089f00000, 0x0000000089f00000, 0x000000008a000000|  0%| F|  |TAMS 0x0000000089f00000, 0x0000000089f00000| Untracked 
| 160|0x000000008a000000, 0x000000008a000000, 0x000000008a100000|  0%| F|  |TAMS 0x000000008a000000, 0x000000008a000000| Untracked 
| 161|0x000000008a100000, 0x000000008a100000, 0x000000008a200000|  0%| F|  |TAMS 0x000000008a100000, 0x000000008a100000| Untracked 
| 162|0x000000008a200000, 0x000000008a200000, 0x000000008a300000|  0%| F|  |TAMS 0x000000008a200000, 0x000000008a200000| Untracked 
| 163|0x000000008a300000, 0x000000008a300000, 0x000000008a400000|  0%| F|  |TAMS 0x000000008a300000, 0x000000008a300000| Untracked 
| 164|0x000000008a400000, 0x000000008a400000, 0x000000008a500000|  0%| F|  |TAMS 0x000000008a400000, 0x000000008a400000| Untracked 
| 165|0x000000008a500000, 0x000000008a500000, 0x000000008a600000|  0%| F|  |TAMS 0x000000008a500000, 0x000000008a500000| Untracked 
| 166|0x000000008a600000, 0x000000008a600000, 0x000000008a700000|  0%| F|  |TAMS 0x000000008a600000, 0x000000008a600000| Untracked 
| 167|0x000000008a700000, 0x000000008a700000, 0x000000008a800000|  0%| F|  |TAMS 0x000000008a700000, 0x000000008a700000| Untracked 
| 168|0x000000008a800000, 0x000000008a800000, 0x000000008a900000|  0%| F|  |TAMS 0x000000008a800000, 0x000000008a800000| Untracked 
| 169|0x000000008a900000, 0x000000008a900000, 0x000000008aa00000|  0%| F|  |TAMS 0x000000008a900000, 0x000000008a900000| Untracked 
| 170|0x000000008aa00000, 0x000000008aa00000, 0x000000008ab00000|  0%| F|  |TAMS 0x000000008aa00000, 0x000000008aa00000| Untracked 
| 171|0x000000008ab00000, 0x000000008ab00000, 0x000000008ac00000|  0%| F|  |TAMS 0x000000008ab00000, 0x000000008ab00000| Untracked 
| 172|0x000000008ac00000, 0x000000008ac00000, 0x000000008ad00000|  0%| F|  |TAMS 0x000000008ac00000, 0x000000008ac00000| Untracked 
| 173|0x000000008ad00000, 0x000000008ad00000, 0x000000008ae00000|  0%| F|  |TAMS 0x000000008ad00000, 0x000000008ad00000| Untracked 
| 174|0x000000008ae00000, 0x000000008ae00000, 0x000000008af00000|  0%| F|  |TAMS 0x000000008ae00000, 0x000000008ae00000| Untracked 
| 175|0x000000008af00000, 0x000000008af00000, 0x000000008b000000|  0%| F|  |TAMS 0x000000008af00000, 0x000000008af00000| Untracked 
| 176|0x000000008b000000, 0x000000008b000000, 0x000000008b100000|  0%| F|  |TAMS 0x000000008b000000, 0x000000008b000000| Untracked 
| 177|0x000000008b100000, 0x000000008b100000, 0x000000008b200000|  0%| F|  |TAMS 0x000000008b100000, 0x000000008b100000| Untracked 
| 178|0x000000008b200000, 0x000000008b200000, 0x000000008b300000|  0%| F|  |TAMS 0x000000008b200000, 0x000000008b200000| Untracked 
| 179|0x000000008b300000, 0x000000008b300000, 0x000000008b400000|  0%| F|  |TAMS 0x000000008b300000, 0x000000008b300000| Untracked 
| 180|0x000000008b400000, 0x000000008b400000, 0x000000008b500000|  0%| F|  |TAMS 0x000000008b400000, 0x000000008b400000| Untracked 
| 181|0x000000008b500000, 0x000000008b500000, 0x000000008b600000|  0%| F|  |TAMS 0x000000008b500000, 0x000000008b500000| Untracked 
| 182|0x000000008b600000, 0x000000008b600000, 0x000000008b700000|  0%| F|  |TAMS 0x000000008b600000, 0x000000008b600000| Untracked 
| 183|0x000000008b700000, 0x000000008b700000, 0x000000008b800000|  0%| F|  |TAMS 0x000000008b700000, 0x000000008b700000| Untracked 
| 184|0x000000008b800000, 0x000000008b800000, 0x000000008b900000|  0%| F|  |TAMS 0x000000008b800000, 0x000000008b800000| Untracked 
| 185|0x000000008b900000, 0x000000008b900000, 0x000000008ba00000|  0%| F|  |TAMS 0x000000008b900000, 0x000000008b900000| Untracked 
| 186|0x000000008ba00000, 0x000000008ba00000, 0x000000008bb00000|  0%| F|  |TAMS 0x000000008ba00000, 0x000000008ba00000| Untracked 
| 187|0x000000008bb00000, 0x000000008bb00000, 0x000000008bc00000|  0%| F|  |TAMS 0x000000008bb00000, 0x000000008bb00000| Untracked 
| 188|0x000000008bc00000, 0x000000008bc00000, 0x000000008bd00000|  0%| F|  |TAMS 0x000000008bc00000, 0x000000008bc00000| Untracked 
| 189|0x000000008bd00000, 0x000000008bd00000, 0x000000008be00000|  0%| F|  |TAMS 0x000000008bd00000, 0x000000008bd00000| Untracked 
| 190|0x000000008be00000, 0x000000008be00000, 0x000000008bf00000|  0%| F|  |TAMS 0x000000008be00000, 0x000000008be00000| Untracked 
| 191|0x000000008bf00000, 0x000000008bf00000, 0x000000008c000000|  0%| F|  |TAMS 0x000000008bf00000, 0x000000008bf00000| Untracked 
| 192|0x000000008c000000, 0x000000008c000000, 0x000000008c100000|  0%| F|  |TAMS 0x000000008c000000, 0x000000008c000000| Untracked 
| 193|0x000000008c100000, 0x000000008c100000, 0x000000008c200000|  0%| F|  |TAMS 0x000000008c100000, 0x000000008c100000| Untracked 
| 194|0x000000008c200000, 0x000000008c200000, 0x000000008c300000|  0%| F|  |TAMS 0x000000008c200000, 0x000000008c200000| Untracked 
| 195|0x000000008c300000, 0x000000008c300000, 0x000000008c400000|  0%| F|  |TAMS 0x000000008c300000, 0x000000008c300000| Untracked 
| 196|0x000000008c400000, 0x000000008c400000, 0x000000008c500000|  0%| F|  |TAMS 0x000000008c400000, 0x000000008c400000| Untracked 
| 197|0x000000008c500000, 0x000000008c500000, 0x000000008c600000|  0%| F|  |TAMS 0x000000008c500000, 0x000000008c500000| Untracked 
| 198|0x000000008c600000, 0x000000008c600000, 0x000000008c700000|  0%| F|  |TAMS 0x000000008c600000, 0x000000008c600000| Untracked 
| 199|0x000000008c700000, 0x000000008c700000, 0x000000008c800000|  0%| F|  |TAMS 0x000000008c700000, 0x000000008c700000| Untracked 
| 200|0x000000008c800000, 0x000000008c800000, 0x000000008c900000|  0%| F|  |TAMS 0x000000008c800000, 0x000000008c800000| Untracked 
| 201|0x000000008c900000, 0x000000008c900000, 0x000000008ca00000|  0%| F|  |TAMS 0x000000008c900000, 0x000000008c900000| Untracked 
| 202|0x000000008ca00000, 0x000000008ca00000, 0x000000008cb00000|  0%| F|  |TAMS 0x000000008ca00000, 0x000000008ca00000| Untracked 
| 203|0x000000008cb00000, 0x000000008cb00000, 0x000000008cc00000|  0%| F|  |TAMS 0x000000008cb00000, 0x000000008cb00000| Untracked 
| 204|0x000000008cc00000, 0x000000008cc00000, 0x000000008cd00000|  0%| F|  |TAMS 0x000000008cc00000, 0x000000008cc00000| Untracked 
| 205|0x000000008cd00000, 0x000000008cd00000, 0x000000008ce00000|  0%| F|  |TAMS 0x000000008cd00000, 0x000000008cd00000| Untracked 
| 206|0x000000008ce00000, 0x000000008ce00000, 0x000000008cf00000|  0%| F|  |TAMS 0x000000008ce00000, 0x000000008ce00000| Untracked 
| 207|0x000000008cf00000, 0x000000008cf58610, 0x000000008d000000| 34%| E|  |TAMS 0x000000008cf00000, 0x000000008cf00000| Complete 
| 208|0x000000008d000000, 0x000000008d100000, 0x000000008d100000|100%| E|CS|TAMS 0x000000008d000000, 0x000000008d000000| Complete 
| 209|0x000000008d100000, 0x000000008d200000, 0x000000008d200000|100%| E|CS|TAMS 0x000000008d100000, 0x000000008d100000| Complete 
| 210|0x000000008d200000, 0x000000008d300000, 0x000000008d300000|100%| E|CS|TAMS 0x000000008d200000, 0x000000008d200000| Complete 
| 211|0x000000008d300000, 0x000000008d400000, 0x000000008d400000|100%| E|  |TAMS 0x000000008d300000, 0x000000008d300000| Complete 
| 212|0x000000008d400000, 0x000000008d500000, 0x000000008d500000|100%| E|CS|TAMS 0x000000008d400000, 0x000000008d400000| Complete 
| 213|0x000000008d500000, 0x000000008d600000, 0x000000008d600000|100%| E|CS|TAMS 0x000000008d500000, 0x000000008d500000| Complete 
| 214|0x000000008d600000, 0x000000008d700000, 0x000000008d700000|100%| E|CS|TAMS 0x000000008d600000, 0x000000008d600000| Complete 
| 215|0x000000008d700000, 0x000000008d800000, 0x000000008d800000|100%| E|CS|TAMS 0x000000008d700000, 0x000000008d700000| Complete 
| 216|0x000000008d800000, 0x000000008d900000, 0x000000008d900000|100%| E|CS|TAMS 0x000000008d800000, 0x000000008d800000| Complete 
| 217|0x000000008d900000, 0x000000008da00000, 0x000000008da00000|100%| E|CS|TAMS 0x000000008d900000, 0x000000008d900000| Complete 
| 218|0x000000008da00000, 0x000000008db00000, 0x000000008db00000|100%| E|CS|TAMS 0x000000008da00000, 0x000000008da00000| Complete 
| 219|0x000000008db00000, 0x000000008dc00000, 0x000000008dc00000|100%| E|CS|TAMS 0x000000008db00000, 0x000000008db00000| Complete 
| 220|0x000000008dc00000, 0x000000008dd00000, 0x000000008dd00000|100%| E|CS|TAMS 0x000000008dc00000, 0x000000008dc00000| Complete 
| 221|0x000000008dd00000, 0x000000008de00000, 0x000000008de00000|100%| E|CS|TAMS 0x000000008dd00000, 0x000000008dd00000| Complete 
| 222|0x000000008de00000, 0x000000008df00000, 0x000000008df00000|100%| E|CS|TAMS 0x000000008de00000, 0x000000008de00000| Complete 
| 223|0x000000008df00000, 0x000000008e000000, 0x000000008e000000|100%| E|CS|TAMS 0x000000008df00000, 0x000000008df00000| Complete 
| 224|0x000000008e000000, 0x000000008e100000, 0x000000008e100000|100%| O|  |TAMS 0x000000008e000000, 0x000000008e000000| Untracked 
| 225|0x000000008e100000, 0x000000008e1daa00, 0x000000008e200000| 85%| O|  |TAMS 0x000000008e100000, 0x000000008e100000| Untracked 

Card table byte_map: [0x0000027b74430000,0x0000027b74830000] _byte_map_base: 0x0000027b74030000

Marking Bits (Prev, Next): (CMBitMap*) 0x0000027b6facd858, (CMBitMap*) 0x0000027b6facd890
 Prev Bits: [0x0000027b74c30000, 0x0000027b76c30000)
 Next Bits: [0x0000027b76c30000, 0x0000027b78c30000)

Polling page: 0x0000027b73580000

Metaspace:

Usage:
  Non-class:     82.34 MB capacity,    80.66 MB ( 98%) used,     1.37 MB (  2%) free+waste,   320.00 KB ( <1%) overhead. 
      Class:     13.09 MB capacity,    12.07 MB ( 92%) used,   907.75 KB (  7%) free+waste,   144.56 KB (  1%) overhead. 
       Both:     95.43 MB capacity,    92.73 MB ( 97%) used,     2.25 MB (  2%) free+waste,   464.56 KB ( <1%) overhead. 

Virtual space:
  Non-class space:       84.00 MB reserved,      82.43 MB ( 98%) committed 
      Class space:        1.00 GB reserved,      13.20 MB (  1%) committed 
             Both:        1.08 GB reserved,      95.63 MB (  9%) committed 

Chunk freelists:
   Non-Class:  23.00 KB
       Class:  1.00 KB
        Both:  24.00 KB

MaxMetaspaceSize: 17179869184.00 GB
CompressedClassSpaceSize: 1.00 GB

CodeHeap 'non-profiled nmethods': size=120000Kb used=10057Kb max_used=10057Kb free=109942Kb
 bounds [0x0000027b07ad0000, 0x0000027b084b0000, 0x0000027b0f000000]
CodeHeap 'profiled nmethods': size=120000Kb used=34551Kb max_used=34551Kb free=85448Kb
 bounds [0x0000027b005a0000, 0x0000027b02760000, 0x0000027b07ad0000]
CodeHeap 'non-nmethods': size=5760Kb used=2301Kb max_used=2393Kb free=3458Kb
 bounds [0x0000027b00000000, 0x0000027b00270000, 0x0000027b005a0000]
 total_blobs=15197 nmethods=14291 adapters=816
 compilation: enabled
              stopped_count=0, restarted_count=0
 full_count=0

Compilation events (20 events):
Event: 24.713 Thread 0x0000027b7bf7c000 nmethod 14892 0x0000027b0849db10 code [0x0000027b0849dcc0, 0x0000027b0849de08]
Event: 24.713 Thread 0x0000027b7bf7c000 15021       4       com.android.tools.r8.graph.E::a (275 bytes)
Event: 24.724 Thread 0x0000027b7bfcd000 15025       2       com.android.tools.r8.code.u2::a (1 bytes)
Event: 24.725 Thread 0x0000027b7bfcd000 nmethod 15025 0x0000027b0275aa90 code [0x0000027b0275ac40, 0x0000027b0275ad38]
Event: 24.730 Thread 0x0000027b7bfcd000 15026       2       com.android.tools.r8.code.Q::a (1 bytes)
Event: 24.730 Thread 0x0000027b7bfcd000 nmethod 15026 0x0000027b0275ae10 code [0x0000027b0275afc0, 0x0000027b0275b0b8]
Event: 24.739 Thread 0x0000027b7bfcd000 15030       3       com.android.tools.r8.internal.fr::f (97 bytes)
Event: 24.740 Thread 0x0000027b7bfcd000 nmethod 15030 0x0000027b0275b190 code [0x0000027b0275b3c0, 0x0000027b0275bc18]
Event: 24.740 Thread 0x0000027b7bfcd000 15031       2       com.android.tools.r8.code.O3::a (1 bytes)
Event: 24.740 Thread 0x0000027b7bfcd000 nmethod 15031 0x0000027b0275bf10 code [0x0000027b0275c0c0, 0x0000027b0275c1b8]
Event: 24.741 Thread 0x0000027b7bfcd000 15032       2       com.android.tools.r8.code.e2::a (1 bytes)
Event: 24.741 Thread 0x0000027b7bfcd000 nmethod 15032 0x0000027b0275c290 code [0x0000027b0275c440, 0x0000027b0275c538]
Event: 24.746 Thread 0x0000027b7bfcd000 15033       2       com.android.tools.r8.code.P1::H (4 bytes)
Event: 24.746 Thread 0x0000027b7bfcd000 nmethod 15033 0x0000027b0275c610 code [0x0000027b0275c7c0, 0x0000027b0275c8b8]
Event: 24.748 Thread 0x0000027b7bfcd000 15034       2       com.android.tools.r8.code.c::a (1 bytes)
Event: 24.748 Thread 0x0000027b7bfcd000 nmethod 15034 0x0000027b0275c990 code [0x0000027b0275cb40, 0x0000027b0275cc38]
Event: 24.760 Thread 0x0000027b7bfcd000 15036       2       com.android.tools.r8.code.A0::a (1 bytes)
Event: 24.761 Thread 0x0000027b7bfcd000 nmethod 15036 0x0000027b0275cd10 code [0x0000027b0275cec0, 0x0000027b0275cfb8]
Event: 24.761 Thread 0x0000027b7bfcd000 15037       2       com.android.tools.r8.code.P3::a (1 bytes)
Event: 24.761 Thread 0x0000027b7bfcd000 nmethod 15037 0x0000027b0275d090 code [0x0000027b0275d240, 0x0000027b0275d338]

GC Heap History (20 events):
Event: 17.875 GC heap before
{Heap before GC invocations=19 (full 0):
 garbage-first heap   total 229376K, used 183670K [0x0000000080000000, 0x0000000100000000)
  region size 1024K, 108 young (110592K), 5 survivors (5120K)
 Metaspace       used 91086K, capacity 93519K, committed 93824K, reserved 1130496K
  class space    used 11926K, capacity 12877K, committed 13004K, reserved 1048576K
}
Event: 17.878 GC heap after
{Heap after GC invocations=20 (full 0):
 garbage-first heap   total 229376K, used 76760K [0x0000000080000000, 0x0000000100000000)
  region size 1024K, 3 young (3072K), 3 survivors (3072K)
 Metaspace       used 91086K, capacity 93519K, committed 93824K, reserved 1130496K
  class space    used 11926K, capacity 12877K, committed 13004K, reserved 1048576K
}
Event: 18.555 GC heap before
{Heap before GC invocations=20 (full 0):
 garbage-first heap   total 229376K, used 185304K [0x0000000080000000, 0x0000000100000000)
  region size 1024K, 109 young (111616K), 3 survivors (3072K)
 Metaspace       used 91290K, capacity 93764K, committed 94080K, reserved 1130496K
  class space    used 11962K, capacity 12916K, committed 13004K, reserved 1048576K
}
Event: 18.563 GC heap after
{Heap after GC invocations=21 (full 0):
 garbage-first heap   total 229376K, used 84043K [0x0000000080000000, 0x0000000100000000)
  region size 1024K, 11 young (11264K), 11 survivors (11264K)
 Metaspace       used 91290K, capacity 93764K, committed 94080K, reserved 1130496K
  class space    used 11962K, capacity 12916K, committed 13004K, reserved 1048576K
}
Event: 19.011 GC heap before
{Heap before GC invocations=21 (full 0):
 garbage-first heap   total 229376K, used 186443K [0x0000000080000000, 0x0000000100000000)
  region size 1024K, 111 young (113664K), 11 survivors (11264K)
 Metaspace       used 91373K, capacity 93850K, committed 94080K, reserved 1130496K
  class space    used 11979K, capacity 12922K, committed 13004K, reserved 1048576K
}
Event: 19.016 GC heap after
{Heap after GC invocations=22 (full 0):
 garbage-first heap   total 229376K, used 80862K [0x0000000080000000, 0x0000000100000000)
  region size 1024K, 4 young (4096K), 4 survivors (4096K)
 Metaspace       used 91373K, capacity 93850K, committed 94080K, reserved 1130496K
  class space    used 11979K, capacity 12922K, committed 13004K, reserved 1048576K
}
Event: 19.631 GC heap before
{Heap before GC invocations=22 (full 0):
 garbage-first heap   total 229376K, used 187358K [0x0000000080000000, 0x0000000100000000)
  region size 1024K, 108 young (110592K), 4 survivors (4096K)
 Metaspace       used 91461K, capacity 93923K, committed 94080K, reserved 1130496K
  class space    used 11982K, capacity 12922K, committed 13004K, reserved 1048576K
}
Event: 19.637 GC heap after
{Heap after GC invocations=23 (full 0):
 garbage-first heap   total 229376K, used 84398K [0x0000000080000000, 0x0000000100000000)
  region size 1024K, 7 young (7168K), 7 survivors (7168K)
 Metaspace       used 91461K, capacity 93923K, committed 94080K, reserved 1130496K
  class space    used 11982K, capacity 12922K, committed 13004K, reserved 1048576K
}
Event: 20.115 GC heap before
{Heap before GC invocations=23 (full 0):
 garbage-first heap   total 229376K, used 187822K [0x0000000080000000, 0x0000000100000000)
  region size 1024K, 108 young (110592K), 7 survivors (7168K)
 Metaspace       used 91624K, capacity 94117K, committed 94336K, reserved 1130496K
  class space    used 11982K, capacity 12922K, committed 13004K, reserved 1048576K
}
Event: 20.119 GC heap after
{Heap after GC invocations=24 (full 0):
 garbage-first heap   total 229376K, used 82701K [0x0000000080000000, 0x0000000100000000)
  region size 1024K, 5 young (5120K), 5 survivors (5120K)
 Metaspace       used 91624K, capacity 94117K, committed 94336K, reserved 1130496K
  class space    used 11982K, capacity 12922K, committed 13004K, reserved 1048576K
}
Event: 20.614 GC heap before
{Heap before GC invocations=24 (full 0):
 garbage-first heap   total 229376K, used 189197K [0x0000000080000000, 0x0000000100000000)
  region size 1024K, 109 young (111616K), 5 survivors (5120K)
 Metaspace       used 91748K, capacity 94198K, committed 94336K, reserved 1130496K
  class space    used 11987K, capacity 12925K, committed 13004K, reserved 1048576K
}
Event: 20.618 GC heap after
{Heap after GC invocations=25 (full 0):
 garbage-first heap   total 229376K, used 81385K [0x0000000080000000, 0x0000000100000000)
  region size 1024K, 4 young (4096K), 4 survivors (4096K)
 Metaspace       used 91748K, capacity 94198K, committed 94336K, reserved 1130496K
  class space    used 11987K, capacity 12925K, committed 13004K, reserved 1048576K
}
Event: 21.122 GC heap before
{Heap before GC invocations=25 (full 0):
 garbage-first heap   total 229376K, used 189929K [0x0000000080000000, 0x0000000100000000)
  region size 1024K, 110 young (112640K), 4 survivors (4096K)
 Metaspace       used 91792K, capacity 94263K, committed 94592K, reserved 1130496K
  class space    used 11987K, capacity 12925K, committed 13004K, reserved 1048576K
}
Event: 21.130 GC heap after
{Heap after GC invocations=26 (full 0):
 garbage-first heap   total 229376K, used 87826K [0x0000000080000000, 0x0000000100000000)
  region size 1024K, 10 young (10240K), 10 survivors (10240K)
 Metaspace       used 91792K, capacity 94263K, committed 94592K, reserved 1130496K
  class space    used 11987K, capacity 12925K, committed 13004K, reserved 1048576K
}
Event: 21.391 GC heap before
{Heap before GC invocations=26 (full 0):
 garbage-first heap   total 229376K, used 190226K [0x0000000080000000, 0x0000000100000000)
  region size 1024K, 110 young (112640K), 10 survivors (10240K)
 Metaspace       used 91793K, capacity 94263K, committed 94592K, reserved 1130496K
  class space    used 11987K, capacity 12925K, committed 13004K, reserved 1048576K
}
Event: 21.403 GC heap after
{Heap after GC invocations=27 (full 0):
 garbage-first heap   total 229376K, used 94787K [0x0000000080000000, 0x0000000100000000)
  region size 1024K, 14 young (14336K), 14 survivors (14336K)
 Metaspace       used 91793K, capacity 94263K, committed 94592K, reserved 1130496K
  class space    used 11987K, capacity 12925K, committed 13004K, reserved 1048576K
}
Event: 22.391 GC heap before
{Heap before GC invocations=27 (full 0):
 garbage-first heap   total 229376K, used 186947K [0x0000000080000000, 0x0000000100000000)
  region size 1024K, 104 young (106496K), 14 survivors (14336K)
 Metaspace       used 91793K, capacity 94263K, committed 94592K, reserved 1130496K
  class space    used 11987K, capacity 12925K, committed 13004K, reserved 1048576K
}
Event: 22.400 GC heap after
{Heap after GC invocations=28 (full 0):
 garbage-first heap   total 229376K, used 90331K [0x0000000080000000, 0x0000000100000000)
  region size 1024K, 4 young (4096K), 4 survivors (4096K)
 Metaspace       used 91793K, capacity 94263K, committed 94592K, reserved 1130496K
  class space    used 11987K, capacity 12925K, committed 13004K, reserved 1048576K
}
Event: 24.590 GC heap before
{Heap before GC invocations=28 (full 0):
 garbage-first heap   total 229376K, used 199899K [0x0000000080000000, 0x0000000100000000)
  region size 1024K, 100 young (102400K), 4 survivors (4096K)
 Metaspace       used 94910K, capacity 97648K, committed 97920K, reserved 1134592K
  class space    used 12352K, capacity 13405K, committed 13516K, reserved 1048576K
}
Event: 24.616 GC heap after
{Heap after GC invocations=29 (full 0):
 garbage-first heap   total 231424K, used 119658K [0x0000000080000000, 0x0000000100000000)
  region size 1024K, 13 young (13312K), 13 survivors (13312K)
 Metaspace       used 94910K, capacity 97648K, committed 97920K, reserved 1134592K
  class space    used 12352K, capacity 13405K, committed 13516K, reserved 1048576K
}

Deoptimization events (20 events):
Event: 24.543 Thread 0x0000027b10c9a000 DEOPT PACKING pc=0x0000027b0813a218 sp=0x0000008956bfd9d0
Event: 24.543 Thread 0x0000027b10c9a000 DEOPT UNPACKING pc=0x0000027b000278af sp=0x0000008956bfd960 mode 2
Event: 24.543 Thread 0x0000027b10c9a000 Uncommon trap: trap_request=0xffffffde fr.pc=0x0000027b081159e0 relative=0x00000000000009a0
Event: 24.543 Thread 0x0000027b10c9a000 Uncommon trap: reason=class_check action=maybe_recompile pc=0x0000027b081159e0 method=com.android.tools.r8.internal.Ij.hasNext()Z @ 27 c2
Event: 24.543 Thread 0x0000027b10c9a000 DEOPT PACKING pc=0x0000027b081159e0 sp=0x0000008956bfda50
Event: 24.543 Thread 0x0000027b10c9a000 DEOPT UNPACKING pc=0x0000027b000278af sp=0x0000008956bfda20 mode 2
Event: 24.562 Thread 0x0000027b10c9a000 Uncommon trap: trap_request=0xffffffde fr.pc=0x0000027b0816f304 relative=0x0000000000000064
Event: 24.562 Thread 0x0000027b10c9a000 Uncommon trap: reason=class_check action=maybe_recompile pc=0x0000027b0816f304 method=com.android.tools.r8.internal.Mi.W()Z @ 6 c2
Event: 24.562 Thread 0x0000027b10c9a000 DEOPT PACKING pc=0x0000027b0816f304 sp=0x0000008956bfdd70
Event: 24.562 Thread 0x0000027b10c9a000 DEOPT UNPACKING pc=0x0000027b000278af sp=0x0000008956bfdd10 mode 2
Event: 24.645 Thread 0x0000027b10c9a000 Uncommon trap: trap_request=0xffffffe4 fr.pc=0x0000027b083f3ed4 relative=0x0000000000000214
Event: 24.645 Thread 0x0000027b10c9a000 Uncommon trap: reason=range_check action=make_not_entrant pc=0x0000027b083f3ed4 method=com.android.tools.r8.graph.c0.a(Lcom/android/tools/r8/graph/c0;)I @ 9 c2
Event: 24.645 Thread 0x0000027b10c9a000 DEOPT PACKING pc=0x0000027b083f3ed4 sp=0x0000008956bfd4c0
Event: 24.645 Thread 0x0000027b10c9a000 DEOPT UNPACKING pc=0x0000027b000278af sp=0x0000008956bfd438 mode 2
Event: 24.689 Thread 0x0000027b10c9a000 DEOPT PACKING pc=0x0000027b01cd8e83 sp=0x0000008956bfd790
Event: 24.689 Thread 0x0000027b10c9a000 DEOPT UNPACKING pc=0x0000027b000276ce sp=0x0000008956bfcc48 mode 0
Event: 24.692 Thread 0x0000027b10c9a000 DEOPT PACKING pc=0x0000027b01cd8e83 sp=0x0000008956bfd7d0
Event: 24.692 Thread 0x0000027b10c9a000 DEOPT UNPACKING pc=0x0000027b000276ce sp=0x0000008956bfcc88 mode 0
Event: 24.694 Thread 0x0000027b10c9a000 DEOPT PACKING pc=0x0000027b01cd8e83 sp=0x0000008956bfd7f0
Event: 24.694 Thread 0x0000027b10c9a000 DEOPT UNPACKING pc=0x0000027b000276ce sp=0x0000008956bfcca8 mode 0

Classes redefined (0 events):
No events

Internal exceptions (20 events):
Event: 14.442 Thread 0x0000027b10c97000 Exception <a 'java/lang/NoSuchMethodError'{0x000000008d547fa0}: 'java.lang.Object java.lang.invoke.DirectMethodHandle$Holder.invokeVirtual(java.lang.Object, java.lang.Object, int, java.lang.Object)'> (0x000000008d547fa0) thrown at [./src/hotspot/share/interpreter/linkResolver.cpp, line 773]
Event: 14.452 Thread 0x0000027b10c97000 Exception <a 'java/lang/IncompatibleClassChangeError'{0x000000008d5aaaa8}: Found class java.lang.Object, but interface was expected> (0x000000008d5aaaa8) thrown at [./src/hotspot/share/interpreter/linkResolver.cpp, line 839]
Event: 14.452 Thread 0x0000027b10c97000 Exception <a 'java/lang/IncompatibleClassChangeError'{0x000000008d5bc2f0}: Found class java.lang.Object, but interface was expected> (0x000000008d5bc2f0) thrown at [./src/hotspot/share/interpreter/linkResolver.cpp, line 839]
Event: 14.464 Thread 0x0000027b10c97000 Exception <a 'java/lang/NoSuchMethodError'{0x000000008d453a18}: 'void java.lang.invoke.DirectMethodHandle$Holder.invokeVirtual(java.lang.Object, java.lang.Object, int, java.lang.Object)'> (0x000000008d453a18) thrown at [./src/hotspot/share/interpreter/linkResolver.cpp, line 773]
Event: 14.508 Thread 0x0000027b10c97000 Exception <a 'java/lang/NoSuchMethodError'{0x000000008d2964b8}: 'java.lang.Object java.lang.invoke.DirectMethodHandle$Holder.newInvokeSpecial(java.lang.Object, int)'> (0x000000008d2964b8) thrown at [./src/hotspot/share/interpreter/linkResolver.cpp, line 773]
Event: 14.655 Thread 0x0000027b10c97000 Exception <a 'java/lang/NoSuchMethodError'{0x000000008cedb180}: 'java.lang.Object java.lang.invoke.DirectMethodHandle$Holder.invokeInterface(java.lang.Object, java.lang.Object, int)'> (0x000000008cedb180) thrown at [./src/hotspot/share/interpreter/linkResolver.cpp, line 773]
Event: 14.880 Thread 0x0000027b10c97000 Exception <a 'java/lang/NoSuchMethodError'{0x000000008c6b0378}: 'java.lang.Object java.lang.invoke.DirectMethodHandle$Holder.invokeSpecial(java.lang.Object, java.lang.Object, java.lang.Object, java.lang.Object, java.lang.Object, java.lang.Object, java.lang.Object, java.lang.Object, java.lang.Object, java.lang.Object, java.lang.Object)'> (0x000000008c6b0378) thrown at [./src/hotspot/share/interpreter/linkResolver.cpp, line 773]
Event: 14.882 Thread 0x0000027b10c97000 Exception <a 'java/lang/NoSuchMethodError'{0x000000008c6bb5a0}: 'java.lang.Object java.lang.invoke.Invokers$Holder.linkToTargetMethod(java.lang.Object, java.lang.Object, java.lang.Object, java.lang.Object, java.lang.Object, java.lang.Object, java.lang.Object, java.lang.Object, java.lang.Object, java.lang.Object)'> (0x000000008c6bb5a0) thrown at [./src/hotspot/share/interpreter/linkResolver.cpp, line 773]
Event: 17.806 Thread 0x0000027b10c97000 Implicit null exception at 0x0000027b08239d7c to 0x0000027b0823a578
Event: 19.640 Thread 0x0000027b10c97000 Implicit null exception at 0x0000027b08289342 to 0x0000027b0828be98
Event: 20.715 Thread 0x0000027b10c97000 Implicit null exception at 0x0000027b0836d96c to 0x0000027b0836d9f8
Event: 22.516 Thread 0x0000027b10c97000 Exception <a 'java/lang/NoSuchMethodError'{0x000000008dc91190}: 'void java.lang.invoke.DirectMethodHandle$Holder.invokeSpecial(java.lang.Object, java.lang.Object, int, java.lang.Object, java.lang.Object, java.lang.Object, java.lang.Object)'> (0x000000008dc91190) thrown at [./src/hotspot/share/interpreter/linkResolver.cpp, line 773]
Event: 22.517 Thread 0x0000027b10c97000 Exception <a 'java/lang/NoSuchMethodError'{0x000000008dc9c598}: 'java.lang.Object java.lang.invoke.Invokers$Holder.linkToTargetMethod(java.lang.Object, int, java.lang.Object, java.lang.Object, java.lang.Object, java.lang.Object)'> (0x000000008dc9c598) thrown at [./src/hotspot/share/interpreter/linkResolver.cpp, line 773]
Event: 22.519 Thread 0x0000027b10c97000 Exception <a 'java/lang/NoSuchMethodError'{0x000000008dca0250}: 'void java.lang.invoke.DirectMethodHandle$Holder.invokeSpecial(java.lang.Object, java.lang.Object, java.lang.Object, java.lang.Object, java.lang.Object, java.lang.Object, java.lang.Object, java.lang.Object, java.lang.Object)'> (0x000000008dca0250) thrown at [./src/hotspot/share/interpreter/linkResolver.cpp, line 773]
Event: 22.524 Thread 0x0000027b10c97000 Exception <a 'java/lang/NoSuchMethodError'{0x000000008dcb76a8}: 'void java.lang.invoke.DirectMethodHandle$Holder.invokeStatic(java.lang.Object, java.lang.Object, java.lang.Object, java.lang.Object, java.lang.Object, java.lang.Object, java.lang.Object, java.lang.Object)'> (0x000000008dcb76a8) thrown at [./src/hotspot/share/interpreter/linkResolver.cpp, line 773]
Event: 22.769 Thread 0x0000027b10c97000 Exception <a 'java/lang/IncompatibleClassChangeError'{0x000000008d5b81f8}: Found class java.lang.Object, but interface was expected> (0x000000008d5b81f8) thrown at [./src/hotspot/share/interpreter/linkResolver.cpp, line 839]
Event: 22.921 Thread 0x0000027b10c97000 Exception <a 'java/lang/NoSuchMethodError'{0x000000008d094b88}: 'void java.lang.invoke.DirectMethodHandle$Holder.invokeVirtual(java.lang.Object, java.lang.Object, int)'> (0x000000008d094b88) thrown at [./src/hotspot/share/interpreter/linkResolver.cpp, line 773]
Event: 23.185 Thread 0x0000027b0f579800 Exception <a 'java/lang/NoSuchMethodError'{0x000000008cbdd8d0}: 'void java.lang.invoke.DirectMethodHandle$Holder.invokeStatic(java.lang.Object, java.lang.Object, java.lang.Object, java.lang.Object, java.lang.Object, java.lang.Object, java.lang.Object)'> (0x000000008cbdd8d0) thrown at [./src/hotspot/share/interpreter/linkResolver.cpp, line 773]
Event: 23.231 Thread 0x0000027b7e998000 Exception <a 'java/lang/NoSuchMethodError'{0x000000008cab8bd0}: <clinit>> (0x000000008cab8bd0) thrown at [./src/hotspot/share/prims/jni.cpp, line 1362]
Event: 23.660 Thread 0x0000027b10c9a000 Exception <a 'sun/nio/fs/WindowsException'{0x000000008bc2eed0}> (0x000000008bc2eed0) thrown at [./src/hotspot/share/prims/jni.cpp, line 615]

Events (20 events):
Event: 24.490 Executing coalesced safepoint VM operation: RevokeBias done
Event: 24.490 Executing coalesced safepoint VM operation: RevokeBias
Event: 24.490 Executing coalesced safepoint VM operation: RevokeBias done
Event: 24.490 Executing coalesced safepoint VM operation: RevokeBias
Event: 24.490 Executing coalesced safepoint VM operation: RevokeBias done
Event: 24.490 Executing coalesced safepoint VM operation: RevokeBias
Event: 24.491 Executing coalesced safepoint VM operation: RevokeBias done
Event: 24.491 Executing VM operation: RevokeBias done
Event: 24.491 Executing VM operation: RevokeBias
Event: 24.491 Executing coalesced safepoint VM operation: RevokeBias
Event: 24.491 Executing coalesced safepoint VM operation: RevokeBias done
Event: 24.491 Executing coalesced safepoint VM operation: BulkRevokeBias
Event: 24.492 Executing coalesced safepoint VM operation: BulkRevokeBias done
Event: 24.492 Executing coalesced safepoint VM operation: RevokeBias
Event: 24.492 Executing coalesced safepoint VM operation: RevokeBias done
Event: 24.492 Executing coalesced safepoint VM operation: RevokeBias
Event: 24.492 Executing coalesced safepoint VM operation: RevokeBias done
Event: 24.492 Executing VM operation: RevokeBias done
Event: 24.590 Executing VM operation: G1CollectForAllocation
Event: 24.616 Executing VM operation: G1CollectForAllocation done


Dynamic libraries:
0x00007ff6847c0000 - 0x00007ff6847ca000 	C:\Program Files\Android\Android Studio\jre\bin\java.exe
0x00007ffdebf30000 - 0x00007ffdec125000 	C:\windows\SYSTEM32\ntdll.dll
0x00007ffdeb130000 - 0x00007ffdeb1ee000 	C:\windows\System32\KERNEL32.DLL
0x00007ffde9750000 - 0x00007ffde9a19000 	C:\windows\System32\KERNELBASE.dll
0x00007ffde9650000 - 0x00007ffde9750000 	C:\windows\System32\ucrtbase.dll
0x00007ffdd8b40000 - 0x00007ffdd8b59000 	C:\Program Files\Android\Android Studio\jre\bin\jli.dll
0x00007ffdd8650000 - 0x00007ffdd8667000 	C:\Program Files\Android\Android Studio\jre\bin\VCRUNTIME140.dll
0x00007ffdeb620000 - 0x00007ffdeb7c1000 	C:\windows\System32\USER32.dll
0x00007ffddf520000 - 0x00007ffddf7ba000 	C:\windows\WinSxS\amd64_microsoft.windows.common-controls_6595b64144ccf1df_6.0.19041.1110_none_60b5254171f9507e\COMCTL32.dll
0x00007ffde9df0000 - 0x00007ffde9e12000 	C:\windows\System32\win32u.dll
0x00007ffdead10000 - 0x00007ffdeadae000 	C:\windows\System32\msvcrt.dll
0x00007ffdea980000 - 0x00007ffdea9ab000 	C:\windows\System32\GDI32.dll
0x00007ffde9e20000 - 0x00007ffde9f2b000 	C:\windows\System32\gdi32full.dll
0x00007ffde9a20000 - 0x00007ffde9abd000 	C:\windows\System32\msvcp_win.dll
0x00007ffdeaee0000 - 0x00007ffdeaf10000 	C:\windows\System32\IMM32.DLL
0x00007ffdbacb0000 - 0x00007ffdbad4d000 	C:\Program Files\Android\Android Studio\jre\bin\msvcp140.dll
0x00007ffd943e0000 - 0x00007ffd94eaf000 	C:\Program Files\Android\Android Studio\jre\bin\server\jvm.dll
0x00007ffdeb1f0000 - 0x00007ffdeb29c000 	C:\windows\System32\ADVAPI32.dll
0x00007ffdeb560000 - 0x00007ffdeb5fb000 	C:\windows\System32\sechost.dll
0x00007ffdea0a0000 - 0x00007ffdea1ca000 	C:\windows\System32\RPCRT4.dll
0x00007ffdeb880000 - 0x00007ffdeb888000 	C:\windows\System32\PSAPI.DLL
0x00007ffddeef0000 - 0x00007ffddef17000 	C:\windows\SYSTEM32\WINMM.dll
0x00007ffdd02a0000 - 0x00007ffdd02a9000 	C:\windows\SYSTEM32\WSOCK32.dll
0x00007ffde4c40000 - 0x00007ffde4c4a000 	C:\windows\SYSTEM32\VERSION.dll
0x00007ffdea1d0000 - 0x00007ffdea23b000 	C:\windows\System32\WS2_32.dll
0x00007ffde7ed0000 - 0x00007ffde7ee2000 	C:\windows\SYSTEM32\kernel.appcore.dll
0x00007ffde04f0000 - 0x00007ffde0501000 	C:\Program Files\Android\Android Studio\jre\bin\verify.dll
0x00007ffde7cb0000 - 0x00007ffde7e94000 	C:\windows\SYSTEM32\DBGHELP.DLL
0x00007ffdd9470000 - 0x00007ffdd949c000 	C:\windows\SYSTEM32\dbgcore.DLL
0x00007ffde9cb0000 - 0x00007ffde9d33000 	C:\windows\System32\bcryptPrimitives.dll
0x00007ffddf9b0000 - 0x00007ffddf9d9000 	C:\Program Files\Android\Android Studio\jre\bin\java.dll
0x00007ffde61d0000 - 0x00007ffde61db000 	C:\Program Files\Android\Android Studio\jre\bin\jimage.dll
0x00007ffddf870000 - 0x00007ffddf888000 	C:\Program Files\Android\Android Studio\jre\bin\zip.dll
0x00007ffdea240000 - 0x00007ffdea97f000 	C:\windows\System32\SHELL32.dll
0x00007ffde7420000 - 0x00007ffde7bb0000 	C:\windows\SYSTEM32\windows.storage.dll
0x00007ffdea9b0000 - 0x00007ffdead05000 	C:\windows\System32\combase.dll
0x00007ffde8fd0000 - 0x00007ffde8ffc000 	C:\windows\SYSTEM32\Wldp.dll
0x00007ffdeb7d0000 - 0x00007ffdeb87d000 	C:\windows\System32\SHCORE.dll
0x00007ffdea040000 - 0x00007ffdea095000 	C:\windows\System32\shlwapi.dll
0x00007ffde9590000 - 0x00007ffde95af000 	C:\windows\SYSTEM32\profapi.dll
0x00007ffddf400000 - 0x00007ffddf41a000 	C:\Program Files\Android\Android Studio\jre\bin\net.dll
0x00007ffde07e0000 - 0x00007ffde08e8000 	C:\windows\SYSTEM32\WINHTTP.dll
0x00007ffde8d30000 - 0x00007ffde8d9a000 	C:\windows\system32\mswsock.dll
0x00007ffddeca0000 - 0x00007ffddecb4000 	C:\Program Files\Android\Android Studio\jre\bin\nio.dll
0x00007ffdd7360000 - 0x00007ffdd7387000 	C:\Users\Smok\.gradle\native\8bec1ad78214c89d9ad589b4d07fe93259594b29d510b10fafb7a158f7737e5d\windows-amd64\native-platform.dll
0x00007ffdaec20000 - 0x00007ffdaed5d000 	C:\Users\Smok\.gradle\native\53dbd7edfb1c66fb8903c78663c9afc45aea4f116125fa6feffd364cf09443e8\windows-amd64\native-platform-file-events.dll
0x00007ffddfad0000 - 0x00007ffddfada000 	C:\Program Files\Android\Android Studio\jre\bin\management.dll
0x00007ffddf8c0000 - 0x00007ffddf8cc000 	C:\Program Files\Android\Android Studio\jre\bin\management_ext.dll
0x00007ffde8f20000 - 0x00007ffde8f38000 	C:\windows\SYSTEM32\CRYPTSP.dll
0x00007ffde86b0000 - 0x00007ffde86e4000 	C:\windows\system32\rsaenh.dll
0x00007ffde9c80000 - 0x00007ffde9ca7000 	C:\windows\System32\bcrypt.dll
0x00007ffde9550000 - 0x00007ffde957e000 	C:\windows\SYSTEM32\USERENV.dll
0x00007ffde8f40000 - 0x00007ffde8f4c000 	C:\windows\SYSTEM32\CRYPTBASE.dll
0x00007ffde8a20000 - 0x00007ffde8a5b000 	C:\windows\SYSTEM32\IPHLPAPI.DLL
0x00007ffdeb610000 - 0x00007ffdeb618000 	C:\windows\System32\NSI.dll
0x00007ffde7bd0000 - 0x00007ffde7be7000 	C:\windows\SYSTEM32\dhcpcsvc6.DLL
0x00007ffde7bb0000 - 0x00007ffde7bcd000 	C:\windows\SYSTEM32\dhcpcsvc.DLL
0x00007ffde8a60000 - 0x00007ffde8b2c000 	C:\windows\SYSTEM32\DNSAPI.dll

dbghelp: loaded successfully - version: 4.0.5 - missing functions: none
symbol engine: initialized successfully - sym options: 0x614 - pdb path: .;C:\Program Files\Android\Android Studio\jre\bin;C:\windows\SYSTEM32;C:\windows\WinSxS\amd64_microsoft.windows.common-controls_6595b64144ccf1df_6.0.19041.1110_none_60b5254171f9507e;C:\Program Files\Android\Android Studio\jre\bin\server;C:\Users\Smok\.gradle\native\8bec1ad78214c89d9ad589b4d07fe93259594b29d510b10fafb7a158f7737e5d\windows-amd64;C:\Users\Smok\.gradle\native\53dbd7edfb1c66fb8903c78663c9afc45aea4f116125fa6feffd364cf09443e8\windows-amd64

VM Arguments:
jvm_args: --add-opens=java.base/java.util=ALL-UNNAMED --add-opens=java.base/java.lang=ALL-UNNAMED --add-opens=java.base/java.lang.invoke=ALL-UNNAMED --add-opens=java.base/java.util=ALL-UNNAMED --add-opens=java.prefs/java.util.prefs=ALL-UNNAMED --add-opens=java.prefs/java.util.prefs=ALL-UNNAMED --add-opens=java.base/java.nio.charset=ALL-UNNAMED --add-opens=java.base/java.net=ALL-UNNAMED --add-opens=java.base/java.util.concurrent.atomic=ALL-UNNAMED -Xmx2048m -Dfile.encoding=UTF-8 -Duser.country=PL -Duser.language=pl -Duser.variant 
java_command: org.gradle.launcher.daemon.bootstrap.GradleDaemon 7.0.2
java_class_path (initial): C:\Users\Smok\.gradle\wrapper\dists\gradle-7.0.2-bin\857tjihv64xamwrf0h14cai3r\gradle-7.0.2\lib\gradle-launcher-7.0.2.jar
Launcher Type: SUN_STANDARD

[Global flags]
     intx CICompilerCount                          = 4                                         {product} {ergonomic}
     uint ConcGCThreads                            = 2                                         {product} {ergonomic}
     uint G1ConcRefinementThreads                  = 8                                         {product} {ergonomic}
   size_t G1HeapRegionSize                         = 1048576                                   {product} {ergonomic}
    uintx GCDrainStackTargetSize                   = 64                                        {product} {ergonomic}
   size_t InitialHeapSize                          = 234881024                                 {product} {ergonomic}
   size_t MarkStackSize                            = 4194304                                   {product} {ergonomic}
   size_t MaxHeapSize                              = 2147483648                                {product} {command line}
   size_t MaxNewSize                               = 1287651328                                {product} {ergonomic}
   size_t MinHeapDeltaBytes                        = 1048576                                   {product} {ergonomic}
    uintx NonNMethodCodeHeapSize                   = 5836300                                {pd product} {ergonomic}
    uintx NonProfiledCodeHeapSize                  = 122910970                              {pd product} {ergonomic}
    uintx ProfiledCodeHeapSize                     = 122910970                              {pd product} {ergonomic}
    uintx ReservedCodeCacheSize                    = 251658240                              {pd product} {ergonomic}
     bool SegmentedCodeCache                       = true                                      {product} {ergonomic}
     bool UseCompressedClassPointers               = true                                 {lp64_product} {ergonomic}
     bool UseCompressedOops                        = true                                 {lp64_product} {ergonomic}
     bool UseG1GC                                  = true                                      {product} {ergonomic}
     bool UseLargePagesIndividualAllocation        = false                                  {pd product} {ergonomic}

Logging:
Log output configuration:
 #0: stdout all=warning uptime,level,tags
 #1: stderr all=off uptime,level,tags

Environment Variables:
PATH=C:\db_home\bin;C:\Program Files (x86)\Common Files\Oracle\Java\javapath;C:\Program Files (x86)\PC Connectivity Solution\;C:\windows\system32;C:\windows;C:\windows\System32\Wbem;C:\windows\System32\WindowsPowerShell\v1.0\;C:\windows\System32\OpenSSH\;C:\Program Files\Git\cmd;C:\Program Files\MATLAB\R2021a\bin;C:\adb;C:\Users\Smok\AppData\Local\Microsoft\WindowsApps;C:\Program Files (x86)\Nmap;C:\Program Files\JetBrains\IntelliJ IDEA Community Edition 2021.1.1\bin;;C:\adb;;C:\Users\Smok\AppData\Local\Programs\Microsoft VS Code\bin
USERNAME=Smok
OS=Windows_NT
PROCESSOR_IDENTIFIER=AMD64 Family 23 Model 24 Stepping 1, AuthenticAMD



---------------  S Y S T E M  ---------------

OS: Windows 10 , 64 bit Build 19041 (10.0.19041.1202)
OS uptime: 11 days 18:48 hours

CPU:total 8 (initial active 8) (8 cores per cpu, 2 threads per core) family 23 model 24 stepping 1 microcode 0x0, cmov, cx8, fxsr, mmx, sse, sse2, sse3, ssse3, sse4.1, sse4.2, popcnt, avx, avx2, aes, clmul, mmxext, 3dnowpref, lzcnt, sse4a, ht, tsc, tscinvbit, tscinv, bmi1, bmi2, adx, s

Memory: 4k page, system-wide physical 14249M (5012M free)
TotalPageFile size 16926M (AvailPageFile size 1M)
current process WorkingSet (physical memory assigned to process): 540M, peak: 543M
current process commit charge ("private bytes"): 578M, peak: 580M

vm_info: OpenJDK 64-Bit Server VM (11.0.10+0-b96-7249189) for windows-amd64 JRE (11.0.10+0-b96-7249189), built on Mar 31 2021 21:44:00 by "builder" with MS VC++ 14.0 (VS2015)

END.
