#
# There is insufficient memory for the Java Runtime Environment to continue.
# Native memory allocation (malloc) failed to allocate 1139056 bytes for Chunk::new
# Possible reasons:
#   The system is out of physical RAM or swap space
#   The process is running with CompressedOops enabled, and the Java Heap may be blocking the growth of the native heap
# Possible solutions:
#   Reduce memory load on the system
#   Increase physical memory or swap space
#   Check if swap backing store is full
#   Decrease Java heap size (-Xmx/-Xms)
#   Decrease number of Java threads
#   Decrease Java thread stack sizes (-Xss)
#   Set larger code cache with -XX:ReservedCodeCacheSize=
#   JVM is running with Unscaled Compressed Oops mode in which the Java heap is
#     placed in the first 4GB address space. The Java Heap base address is the
#     maximum limit for the native heap growth. Please use -XX:HeapBaseMinAddress
#     to set the Java Heap base and to place the Java Heap above 4GB virtual address.
# This output file may be truncated or incomplete.
#
#  Out of Memory Error (./src/hotspot/share/memory/arena.cpp:197), pid=9996, tid=3908
#
# JRE version: OpenJDK Runtime Environment (11.0.10) (build 11.0.10+0-b96-7249189)
# Java VM: OpenJDK 64-Bit Server VM (11.0.10+0-b96-7249189, mixed mode, tiered, compressed oops, g1 gc, windows-amd64)
# No core dump will be written. Minidumps are not enabled by default on client versions of Windows
#

---------------  S U M M A R Y ------------

Command Line: --add-opens=java.base/java.util=ALL-UNNAMED --add-opens=java.base/java.lang=ALL-UNNAMED --add-opens=java.base/java.lang.invoke=ALL-UNNAMED --add-opens=java.base/java.util=ALL-UNNAMED --add-opens=java.prefs/java.util.prefs=ALL-UNNAMED --add-opens=java.prefs/java.util.prefs=ALL-UNNAMED --add-opens=java.base/java.nio.charset=ALL-UNNAMED --add-opens=java.base/java.net=ALL-UNNAMED --add-opens=java.base/java.util.concurrent.atomic=ALL-UNNAMED -Xmx2048m -Dfile.encoding=UTF-8 -Duser.country=PL -Duser.language=pl -Duser.variant org.gradle.launcher.daemon.bootstrap.GradleDaemon 7.0.2

Host: AMD Ryzen 5 3500U with Radeon Vega Mobile Gfx  , 8 cores, 13G,  Windows 10 , 64 bit Build 19041 (10.0.19041.1151)
Time: Wed Oct 13 12:31:27 2021 Œrodkowoeuropejski czas letni elapsed time: 88.232087 seconds (0d 0h 1m 28s)

---------------  T H R E A D  ---------------

Current thread (0x000001fa60176800):  JavaThread "C2 CompilerThread0" daemon [_thread_in_native, id=3908, stack(0x0000000477400000,0x0000000477500000)]


Current CompileTask:
C2:  88232 19923       4       com.android.tools.r8.internal.W4::a (1165 bytes)

Stack: [0x0000000477400000,0x0000000477500000]
Native frames: (J=compiled Java code, j=interpreted, Vv=VM code, C=native code)
V  [jvm.dll+0x5ecfaa]
V  [jvm.dll+0x722bd5]
V  [jvm.dll+0x72412d]
V  [jvm.dll+0x7247e3]
V  [jvm.dll+0x242928]
V  [jvm.dll+0xbc4fc]
V  [jvm.dll+0xbca0c]
V  [jvm.dll+0x2b4fd4]
V  [jvm.dll+0x506028]
V  [jvm.dll+0x203253]
V  [jvm.dll+0x1fd07c]
V  [jvm.dll+0x1fa77f]
V  [jvm.dll+0x18354c]
V  [jvm.dll+0x208ee7]
V  [jvm.dll+0x207731]
V  [jvm.dll+0x6eb1cf]
V  [jvm.dll+0x6e3d45]
V  [jvm.dll+0x5ebe96]
C  [ucrtbase.dll+0x21bb2]
C  [KERNEL32.DLL+0x17034]
C  [ntdll.dll+0x52651]


---------------  P R O C E S S  ---------------

Threads class SMR info:
_java_thread_list=0x000001fa62df08c0, length=68, elements={
0x000001fa45443800, 0x000001fa5f8e9800, 0x000001fa5f8ed800, 0x000001fa6012b800,
0x000001fa6012e800, 0x000001fa60173800, 0x000001fa60176800, 0x000001fa60178000,
0x000001fa60182800, 0x000001fa602ef800, 0x000001fa625f5800, 0x000001fa636fd000,
0x000001fa603e7800, 0x000001fa61674800, 0x000001fa618a3000, 0x000001fa62ce9000,
0x000001fa62870000, 0x000001fa6171f800, 0x000001fa623fe800, 0x000001fa623fd000,
0x000001fa62402800, 0x000001fa62403800, 0x000001fa62401800, 0x000001fa623fd800,
0x000001fa623ff000, 0x000001fa62400000, 0x000001fa62401000, 0x000001fa63cc3000,
0x000001fa63cc4000, 0x000001fa63cc7000, 0x000001fa63cc5800, 0x000001fa63cc9800,
0x000001fa63cca800, 0x000001fa63cc6800, 0x000001fa63cc4800, 0x000001fa63cd0000,
0x000001fa63ccb000, 0x000001fa63ccf000, 0x000001fa63ccc000, 0x000001fa63ccd000,
0x000001fa63ccd800, 0x000001fa63cce800, 0x000001fa655ea000, 0x000001fa655ec800,
0x000001fa655ee000, 0x000001fa655e8800, 0x000001fa655eb000, 0x000001fa655e9000,
0x000001fa655eb800, 0x000001fa61431000, 0x000001fa61432000, 0x000001fa6142c000,
0x000001fa61432800, 0x000001fa6142d000, 0x000001fa61433800, 0x000001fa6142f800,
0x000001fa61434800, 0x000001fa6142e800, 0x000001fa61435000, 0x000001fa6142e000,
0x000001fa61436000, 0x000001fa61430800, 0x000001fa61438800, 0x000001fa61437000,
0x000001fa6143a000, 0x000001fa61437800, 0x000001fa63686800, 0x000001fa67292800
}

Java Threads: ( => current thread )
  0x000001fa45443800 JavaThread "main" [_thread_blocked, id=14424, stack(0x0000000476800000,0x0000000476900000)]
  0x000001fa5f8e9800 JavaThread "Reference Handler" daemon [_thread_blocked, id=11740, stack(0x0000000476f00000,0x0000000477000000)]
  0x000001fa5f8ed800 JavaThread "Finalizer" daemon [_thread_blocked, id=8992, stack(0x0000000477000000,0x0000000477100000)]
  0x000001fa6012b800 JavaThread "Signal Dispatcher" daemon [_thread_blocked, id=15176, stack(0x0000000477100000,0x0000000477200000)]
  0x000001fa6012e800 JavaThread "Attach Listener" daemon [_thread_blocked, id=18560, stack(0x0000000477200000,0x0000000477300000)]
  0x000001fa60173800 JavaThread "Service Thread" daemon [_thread_blocked, id=19012, stack(0x0000000477300000,0x0000000477400000)]
=>0x000001fa60176800 JavaThread "C2 CompilerThread0" daemon [_thread_in_native, id=3908, stack(0x0000000477400000,0x0000000477500000)]
  0x000001fa60178000 JavaThread "C1 CompilerThread0" daemon [_thread_blocked, id=15812, stack(0x0000000477500000,0x0000000477600000)]
  0x000001fa60182800 JavaThread "Sweeper thread" daemon [_thread_blocked, id=11940, stack(0x0000000477600000,0x0000000477700000)]
  0x000001fa602ef800 JavaThread "Common-Cleaner" daemon [_thread_blocked, id=17104, stack(0x0000000477700000,0x0000000477800000)]
  0x000001fa625f5800 JavaThread "Daemon health stats" [_thread_blocked, id=8552, stack(0x0000000477e00000,0x0000000477f00000)]
  0x000001fa636fd000 JavaThread "Incoming local TCP Connector on port 1150" [_thread_in_native, id=7264, stack(0x0000000477900000,0x0000000477a00000)]
  0x000001fa603e7800 JavaThread "Daemon periodic checks" [_thread_blocked, id=7032, stack(0x0000000477f00000,0x0000000478000000)]
  0x000001fa61674800 JavaThread "Daemon" [_thread_blocked, id=2544, stack(0x0000000478000000,0x0000000478100000)]
  0x000001fa618a3000 JavaThread "Handler for socket connection from /127.0.0.1:1150 to /127.0.0.1:1151" [_thread_in_native, id=9892, stack(0x0000000478100000,0x0000000478200000)]
  0x000001fa62ce9000 JavaThread "Cancel handler" [_thread_blocked, id=8180, stack(0x0000000478200000,0x0000000478300000)]
  0x000001fa62870000 JavaThread "Daemon worker" [_thread_blocked, id=8588, stack(0x0000000478300000,0x0000000478400000)]
  0x000001fa6171f800 JavaThread "Asynchronous log dispatcher for DefaultDaemonConnection: socket connection from /127.0.0.1:1150 to /127.0.0.1:1151" [_thread_blocked, id=8276, stack(0x0000000478400000,0x0000000478500000)]
  0x000001fa623fe800 JavaThread "Daemon client event forwarder" [_thread_blocked, id=6092, stack(0x0000000478600000,0x0000000478700000)]
  0x000001fa623fd000 JavaThread "Cache worker for file hash cache (C:\Users\Smok\.gradle\caches\7.0.2\fileHashes)" [_thread_blocked, id=18300, stack(0x0000000478700000,0x0000000478800000)]
  0x000001fa62402800 JavaThread "File lock request listener" [_thread_in_native, id=6572, stack(0x0000000478800000,0x0000000478900000)]
  0x000001fa62403800 JavaThread "Cache worker for journal cache (C:\Users\Smok\.gradle\caches\journal-1)" [_thread_blocked, id=2148, stack(0x0000000478d00000,0x0000000478e00000)]
  0x000001fa62401800 JavaThread "Cache worker for file hash cache (C:\Users\Smok\AndroidStudioProjects\calculator\.gradle\7.0.2\fileHashes)" [_thread_blocked, id=14076, stack(0x0000000478f00000,0x0000000479000000)]
  0x000001fa623fd800 JavaThread "File watcher server" daemon [_thread_in_native, id=8812, stack(0x0000000479000000,0x0000000479100000)]
  0x000001fa623ff000 JavaThread "File watcher consumer" daemon [_thread_blocked, id=15112, stack(0x0000000479100000,0x0000000479200000)]
  0x000001fa62400000 JavaThread "Cache worker for checksums cache (C:\Users\Smok\AndroidStudioProjects\calculator\.gradle\checksums)" [_thread_blocked, id=18148, stack(0x0000000479200000,0x0000000479300000)]
  0x000001fa62401000 JavaThread "Cache worker for cache directory md-supplier (C:\Users\Smok\.gradle\caches\7.0.2\md-supplier)" [_thread_blocked, id=8736, stack(0x0000000479300000,0x0000000479400000)]
  0x000001fa63cc3000 JavaThread "Cache worker for cache directory md-rule (C:\Users\Smok\.gradle\caches\7.0.2\md-rule)" [_thread_blocked, id=16056, stack(0x0000000479500000,0x0000000479600000)]
  0x000001fa63cc4000 JavaThread "Cache worker for execution history cache (C:\Users\Smok\.gradle\caches\7.0.2\executionHistory)" [_thread_blocked, id=8392, stack(0x0000000479600000,0x0000000479700000)]
  0x000001fa63cc7000 JavaThread "jar transforms" [_thread_blocked, id=20140, stack(0x0000000479700000,0x0000000479800000)]
  0x000001fa63cc5800 JavaThread "jar transforms Thread 2" [_thread_blocked, id=17076, stack(0x0000000479800000,0x0000000479900000)]
  0x000001fa63cc9800 JavaThread "Cache worker for file content cache (C:\Users\Smok\.gradle\caches\7.0.2\fileContent)" [_thread_blocked, id=17152, stack(0x0000000479900000,0x0000000479a00000)]
  0x000001fa63cca800 JavaThread "Cache worker for dependencies-accessors (C:\Users\Smok\AndroidStudioProjects\calculator\.gradle\7.0.2\dependencies-accessors)" [_thread_blocked, id=8352, stack(0x0000000479a00000,0x0000000479b00000)]
  0x000001fa63cc6800 JavaThread "jar transforms Thread 3" [_thread_blocked, id=2156, stack(0x0000000479b00000,0x0000000479c00000)]
  0x000001fa63cc4800 JavaThread "Cache worker for Build Output Cleanup Cache (C:\Users\Smok\AndroidStudioProjects\calculator\.gradle\buildOutputCleanup)" [_thread_blocked, id=10812, stack(0x0000000479c00000,0x0000000479d00000)]
  0x000001fa63cd0000 JavaThread "Build operations" [_thread_blocked, id=14912, stack(0x0000000479d00000,0x0000000479e00000)]
  0x000001fa63ccb000 JavaThread "Build operations Thread 2" [_thread_blocked, id=7920, stack(0x0000000479e00000,0x0000000479f00000)]
  0x000001fa63ccf000 JavaThread "Build operations Thread 3" [_thread_blocked, id=7252, stack(0x0000000479f00000,0x000000047a000000)]
  0x000001fa63ccc000 JavaThread "Build operations Thread 4" [_thread_blocked, id=19344, stack(0x000000047a000000,0x000000047a100000)]
  0x000001fa63ccd000 JavaThread "Build operations Thread 5" [_thread_blocked, id=8196, stack(0x000000047a100000,0x000000047a200000)]
  0x000001fa63ccd800 JavaThread "Build operations Thread 6" [_thread_in_Java, id=5888, stack(0x000000047a200000,0x000000047a300000)]
  0x000001fa63cce800 JavaThread "Build operations Thread 7" [_thread_blocked, id=1384, stack(0x000000047a300000,0x000000047a400000)]
  0x000001fa655ea000 JavaThread "Build operations Thread 8" [_thread_blocked, id=8640, stack(0x000000047a400000,0x000000047a500000)]
  0x000001fa655ec800 JavaThread "jar transforms Thread 4" [_thread_blocked, id=17248, stack(0x000000047a500000,0x000000047a600000)]
  0x000001fa655ee000 JavaThread "jar transforms Thread 5" [_thread_blocked, id=16444, stack(0x000000047a600000,0x000000047a700000)]
  0x000001fa655e8800 JavaThread "jar transforms Thread 6" [_thread_blocked, id=16448, stack(0x000000047a700000,0x000000047a800000)]
  0x000001fa655eb000 JavaThread "jar transforms Thread 7" [_thread_blocked, id=16452, stack(0x000000047a800000,0x000000047a900000)]
  0x000001fa655e9000 JavaThread "jar transforms Thread 8" [_thread_blocked, id=16456, stack(0x000000047a900000,0x000000047aa00000)]
  0x000001fa655eb800 JavaThread "Memory manager" [_thread_blocked, id=2212, stack(0x000000047aa00000,0x000000047ab00000)]
  0x000001fa61431000 JavaThread "build event listener" [_thread_blocked, id=12068, stack(0x0000000478500000,0x0000000478600000)]
  0x000001fa61432000 JavaThread "Execution worker for ':'" [_thread_blocked, id=6032, stack(0x000000047ab00000,0x000000047ac00000)]
  0x000001fa6142c000 JavaThread "Execution worker for ':' Thread 2" [_thread_blocked, id=11956, stack(0x000000047ac00000,0x000000047ad00000)]
  0x000001fa61432800 JavaThread "Execution worker for ':' Thread 3" [_thread_blocked, id=10176, stack(0x000000047ad00000,0x000000047ae00000)]
  0x000001fa6142d000 JavaThread "Execution worker for ':' Thread 4" [_thread_blocked, id=16908, stack(0x000000047ae00000,0x000000047af00000)]
  0x000001fa61433800 JavaThread "Execution worker for ':' Thread 5" [_thread_blocked, id=19924, stack(0x000000047af00000,0x000000047b000000)]
  0x000001fa6142f800 JavaThread "Execution worker for ':' Thread 6" [_thread_blocked, id=8920, stack(0x000000047b000000,0x000000047b100000)]
  0x000001fa61434800 JavaThread "Execution worker for ':' Thread 7" [_thread_blocked, id=19808, stack(0x000000047b100000,0x000000047b200000)]
  0x000001fa6142e800 JavaThread "Cache worker for execution history cache (C:\Users\Smok\AndroidStudioProjects\calculator\.gradle\7.0.2\executionHistory)" [_thread_blocked, id=8480, stack(0x000000047b200000,0x000000047b300000)]
  0x000001fa61435000 JavaThread "WorkerExecutor Queue" [_thread_blocked, id=14952, stack(0x000000047b300000,0x000000047b400000)]
  0x000001fa6142e000 JavaThread "WorkerExecutor Queue Thread 2" [_thread_blocked, id=3152, stack(0x0000000476500000,0x0000000476600000)]
  0x000001fa61436000 JavaThread "WorkerExecutor Queue Thread 3" [_thread_blocked, id=15388, stack(0x000000047b600000,0x000000047b700000)]
  0x000001fa61430800 JavaThread "WorkerExecutor Queue Thread 4" [_thread_blocked, id=15016, stack(0x000000047b700000,0x000000047b800000)]
  0x000001fa61438800 JavaThread "WorkerExecutor Queue Thread 5" [_thread_blocked, id=15352, stack(0x000000047b800000,0x000000047b900000)]
  0x000001fa61437000 JavaThread "WorkerExecutor Queue Thread 6" [_thread_blocked, id=15936, stack(0x000000047b900000,0x000000047ba00000)]
  0x000001fa6143a000 JavaThread "WorkerExecutor Queue Thread 7" [_thread_blocked, id=20224, stack(0x000000047ba00000,0x000000047bb00000)]
  0x000001fa61437800 JavaThread "WorkerExecutor Queue Thread 8" [_thread_blocked, id=684, stack(0x000000047bb00000,0x000000047bc00000)]
  0x000001fa63686800 JavaThread "C2 CompilerThread1" daemon [_thread_in_native, id=4384, stack(0x0000000476600000,0x0000000476700000)]
  0x000001fa67292800 JavaThread "C2 CompilerThread2" daemon [_thread_in_native, id=12856, stack(0x0000000476700000,0x0000000476800000)]

Other Threads:
  0x000001fa5f8e5000 VMThread "VM Thread" [stack: 0x0000000476e00000,0x0000000476f00000] [id=13488]
  0x000001fa602f9000 WatcherThread [stack: 0x0000000477800000,0x0000000477900000] [id=3620]
  0x000001fa4545e000 GCTaskThread "GC Thread#0" [stack: 0x0000000476900000,0x0000000476a00000] [id=19000]
  0x000001fa60f1b000 GCTaskThread "GC Thread#1" [stack: 0x0000000477a00000,0x0000000477b00000] [id=6328]
  0x000001fa6101c800 GCTaskThread "GC Thread#2" [stack: 0x0000000477b00000,0x0000000477c00000] [id=11076]
  0x000001fa607cc800 GCTaskThread "GC Thread#3" [stack: 0x0000000477c00000,0x0000000477d00000] [id=19272]
  0x000001fa607cd800 GCTaskThread "GC Thread#4" [stack: 0x0000000477d00000,0x0000000477e00000] [id=13256]
  0x000001fa634ea800 GCTaskThread "GC Thread#5" [stack: 0x0000000478900000,0x0000000478a00000] [id=15696]
  0x000001fa63030800 GCTaskThread "GC Thread#6" [stack: 0x0000000478a00000,0x0000000478b00000] [id=1424]
  0x000001fa62c97800 GCTaskThread "GC Thread#7" [stack: 0x0000000478b00000,0x0000000478c00000] [id=15716]
  0x000001fa4548e000 ConcurrentGCThread "G1 Main Marker" [stack: 0x0000000476a00000,0x0000000476b00000] [id=15044]
  0x000001fa4548f000 ConcurrentGCThread "G1 Conc#0" [stack: 0x0000000476b00000,0x0000000476c00000] [id=14448]
  0x000001fa63a97800 ConcurrentGCThread "G1 Conc#1" [stack: 0x0000000478c00000,0x0000000478d00000] [id=19560]
  0x000001fa4551e800 ConcurrentGCThread "G1 Refine#0" [stack: 0x0000000476c00000,0x0000000476d00000] [id=17584]
  0x000001fa63e53800 ConcurrentGCThread "G1 Refine#1" [stack: 0x000000047b400000,0x000000047b500000] [id=17868]
  0x000001fa63e51800 ConcurrentGCThread "G1 Refine#2" [stack: 0x000000047b500000,0x000000047b600000] [id=9648]
  0x000001fa5f754800 ConcurrentGCThread "G1 Young RemSet Sampling" [stack: 0x0000000476d00000,0x0000000476e00000] [id=18388]

Threads with active compile tasks:
C2 CompilerThread0  88291 19923       4       com.android.tools.r8.internal.W4::a (1165 bytes)
C2 CompilerThread1  88291 19916 %     4       com.android.tools.r8.ir.regalloc.a::a @ 614 (3985 bytes)
C2 CompilerThread2  88291 19921 %     4       com.android.tools.r8.internal.Le::a @ 1981 (3140 bytes)

VM state:not at safepoint (normal execution)

VM Mutex/Monitor currently owned by a thread: None

Heap address: 0x0000000080000000, size: 2048 MB, Compressed Oops mode: 32-bit
Narrow klass base: 0x0000000000000000, Narrow klass shift: 3
Compressed class space size: 1073741824 Address: 0x0000000100000000

Heap:
 garbage-first heap   total 330752K, used 117166K [0x0000000080000000, 0x0000000100000000)
  region size 1024K, 15 young (15360K), 11 survivors (11264K)
 Metaspace       used 114478K, capacity 117293K, committed 118144K, reserved 1150976K
  class space    used 14323K, capacity 15370K, committed 15744K, reserved 1048576K
Heap Regions: E=young(eden), S=young(survivor), O=old, HS=humongous(starts), HC=humongous(continues), CS=collection set, F=free, A=archive, TAMS=top-at-mark-start (previous, next)
|   0|0x0000000080000000, 0x0000000080100000, 0x0000000080100000|100%| O|  |TAMS 0x0000000080100000, 0x0000000080000000| Untracked 
|   1|0x0000000080100000, 0x0000000080200000, 0x0000000080200000|100%| O|  |TAMS 0x0000000080200000, 0x0000000080100000| Untracked 
|   2|0x0000000080200000, 0x0000000080300000, 0x0000000080300000|100%| O|  |TAMS 0x0000000080300000, 0x0000000080200000| Untracked 
|   3|0x0000000080300000, 0x0000000080400000, 0x0000000080400000|100%|HS|  |TAMS 0x0000000080400000, 0x0000000080300000| Complete 
|   4|0x0000000080400000, 0x0000000080500000, 0x0000000080500000|100%|HC|  |TAMS 0x0000000080500000, 0x0000000080400000| Complete 
|   5|0x0000000080500000, 0x0000000080600000, 0x0000000080600000|100%|HC|  |TAMS 0x0000000080600000, 0x0000000080500000| Complete 
|   6|0x0000000080600000, 0x0000000080700000, 0x0000000080700000|100%| O|  |TAMS 0x0000000080700000, 0x0000000080600000| Untracked 
|   7|0x0000000080700000, 0x0000000080800000, 0x0000000080800000|100%| O|  |TAMS 0x0000000080800000, 0x0000000080700000| Untracked 
|   8|0x0000000080800000, 0x0000000080900000, 0x0000000080900000|100%| O|  |TAMS 0x0000000080900000, 0x0000000080800000| Untracked 
|   9|0x0000000080900000, 0x0000000080a00000, 0x0000000080a00000|100%| O|  |TAMS 0x0000000080a00000, 0x0000000080900000| Untracked 
|  10|0x0000000080a00000, 0x0000000080b00000, 0x0000000080b00000|100%| O|  |TAMS 0x0000000080b00000, 0x0000000080a00000| Untracked 
|  11|0x0000000080b00000, 0x0000000080c00000, 0x0000000080c00000|100%| O|  |TAMS 0x0000000080c00000, 0x0000000080b00000| Untracked 
|  12|0x0000000080c00000, 0x0000000080d00000, 0x0000000080d00000|100%| O|  |TAMS 0x0000000080d00000, 0x0000000080c00000| Untracked 
|  13|0x0000000080d00000, 0x0000000080e00000, 0x0000000080e00000|100%| O|  |TAMS 0x0000000080e00000, 0x0000000080d00000| Untracked 
|  14|0x0000000080e00000, 0x0000000080f00000, 0x0000000080f00000|100%| O|  |TAMS 0x0000000080f00000, 0x0000000080e00000| Untracked 
|  15|0x0000000080f00000, 0x0000000081000000, 0x0000000081000000|100%| O|  |TAMS 0x0000000081000000, 0x0000000080f00000| Untracked 
|  16|0x0000000081000000, 0x0000000081100000, 0x0000000081100000|100%| O|  |TAMS 0x0000000081100000, 0x0000000081000000| Untracked 
|  17|0x0000000081100000, 0x0000000081200000, 0x0000000081200000|100%|HS|  |TAMS 0x0000000081200000, 0x0000000081100000| Complete 
|  18|0x0000000081200000, 0x0000000081300000, 0x0000000081300000|100%|HS|  |TAMS 0x0000000081300000, 0x0000000081200000| Complete 
|  19|0x0000000081300000, 0x0000000081400000, 0x0000000081400000|100%|HS|  |TAMS 0x0000000081400000, 0x0000000081300000| Complete 
|  20|0x0000000081400000, 0x0000000081500000, 0x0000000081500000|100%|HC|  |TAMS 0x0000000081500000, 0x0000000081400000| Complete 
|  21|0x0000000081500000, 0x0000000081600000, 0x0000000081600000|100%| O|  |TAMS 0x0000000081600000, 0x0000000081500000| Untracked 
|  22|0x0000000081600000, 0x0000000081700000, 0x0000000081700000|100%| O|  |TAMS 0x0000000081700000, 0x0000000081600000| Untracked 
|  23|0x0000000081700000, 0x0000000081800000, 0x0000000081800000|100%| O|  |TAMS 0x0000000081800000, 0x0000000081700000| Untracked 
|  24|0x0000000081800000, 0x0000000081900000, 0x0000000081900000|100%| O|  |TAMS 0x0000000081900000, 0x0000000081800000| Untracked 
|  25|0x0000000081900000, 0x0000000081a00000, 0x0000000081a00000|100%| O|  |TAMS 0x0000000081a00000, 0x0000000081900000| Untracked 
|  26|0x0000000081a00000, 0x0000000081b00000, 0x0000000081b00000|100%| O|  |TAMS 0x0000000081b00000, 0x0000000081a00000| Untracked 
|  27|0x0000000081b00000, 0x0000000081c00000, 0x0000000081c00000|100%| O|  |TAMS 0x0000000081c00000, 0x0000000081b00000| Untracked 
|  28|0x0000000081c00000, 0x0000000081d00000, 0x0000000081d00000|100%| O|  |TAMS 0x0000000081d00000, 0x0000000081c00000| Untracked 
|  29|0x0000000081d00000, 0x0000000081e00000, 0x0000000081e00000|100%| O|  |TAMS 0x0000000081e00000, 0x0000000081d00000| Untracked 
|  30|0x0000000081e00000, 0x0000000081f00000, 0x0000000081f00000|100%| O|  |TAMS 0x0000000081f00000, 0x0000000081e00000| Untracked 
|  31|0x0000000081f00000, 0x0000000082000000, 0x0000000082000000|100%| O|  |TAMS 0x0000000082000000, 0x0000000081f00000| Untracked 
|  32|0x0000000082000000, 0x0000000082100000, 0x0000000082100000|100%| O|  |TAMS 0x0000000082100000, 0x0000000082000000| Untracked 
|  33|0x0000000082100000, 0x0000000082200000, 0x0000000082200000|100%| O|  |TAMS 0x0000000082200000, 0x0000000082100000| Untracked 
|  34|0x0000000082200000, 0x0000000082300000, 0x0000000082300000|100%| O|  |TAMS 0x0000000082300000, 0x0000000082200000| Untracked 
|  35|0x0000000082300000, 0x0000000082400000, 0x0000000082400000|100%| O|  |TAMS 0x0000000082400000, 0x0000000082300000| Untracked 
|  36|0x0000000082400000, 0x0000000082500000, 0x0000000082500000|100%| O|  |TAMS 0x0000000082500000, 0x0000000082400000| Untracked 
|  37|0x0000000082500000, 0x0000000082600000, 0x0000000082600000|100%| O|  |TAMS 0x0000000082600000, 0x0000000082500000| Untracked 
|  38|0x0000000082600000, 0x0000000082700000, 0x0000000082700000|100%| O|  |TAMS 0x0000000082700000, 0x0000000082600000| Untracked 
|  39|0x0000000082700000, 0x0000000082800000, 0x0000000082800000|100%| O|  |TAMS 0x0000000082800000, 0x0000000082700000| Untracked 
|  40|0x0000000082800000, 0x0000000082900000, 0x0000000082900000|100%| O|  |TAMS 0x0000000082900000, 0x0000000082800000| Untracked 
|  41|0x0000000082900000, 0x0000000082a00000, 0x0000000082a00000|100%| O|  |TAMS 0x0000000082a00000, 0x0000000082900000| Untracked 
|  42|0x0000000082a00000, 0x0000000082b00000, 0x0000000082b00000|100%| O|  |TAMS 0x0000000082b00000, 0x0000000082a00000| Untracked 
|  43|0x0000000082b00000, 0x0000000082c00000, 0x0000000082c00000|100%| O|  |TAMS 0x0000000082c00000, 0x0000000082b00000| Untracked 
|  44|0x0000000082c00000, 0x0000000082d00000, 0x0000000082d00000|100%| O|  |TAMS 0x0000000082d00000, 0x0000000082c00000| Untracked 
|  45|0x0000000082d00000, 0x0000000082e00000, 0x0000000082e00000|100%| O|  |TAMS 0x0000000082e00000, 0x0000000082d00000| Untracked 
|  46|0x0000000082e00000, 0x0000000082f00000, 0x0000000082f00000|100%| O|  |TAMS 0x0000000082f00000, 0x0000000082e00000| Untracked 
|  47|0x0000000082f00000, 0x0000000083000000, 0x0000000083000000|100%| O|  |TAMS 0x0000000083000000, 0x0000000082f00000| Untracked 
|  48|0x0000000083000000, 0x0000000083100000, 0x0000000083100000|100%| O|  |TAMS 0x0000000083100000, 0x0000000083000000| Untracked 
|  49|0x0000000083100000, 0x0000000083200000, 0x0000000083200000|100%| O|  |TAMS 0x0000000083200000, 0x0000000083100000| Untracked 
|  50|0x0000000083200000, 0x0000000083300000, 0x0000000083300000|100%| O|  |TAMS 0x0000000083300000, 0x0000000083200000| Untracked 
|  51|0x0000000083300000, 0x000000008337ca00, 0x0000000083400000| 48%| O|  |TAMS 0x0000000083300000, 0x0000000083300000| Untracked 
|  52|0x0000000083400000, 0x0000000083500000, 0x0000000083500000|100%| O|  |TAMS 0x0000000083400000, 0x0000000083400000| Untracked 
|  53|0x0000000083500000, 0x0000000083600000, 0x0000000083600000|100%| O|  |TAMS 0x0000000083500000, 0x0000000083500000| Untracked 
|  54|0x0000000083600000, 0x0000000083700000, 0x0000000083700000|100%| O|  |TAMS 0x0000000083700000, 0x0000000083600000| Untracked 
|  55|0x0000000083700000, 0x0000000083800000, 0x0000000083800000|100%| O|  |TAMS 0x0000000083800000, 0x0000000083700000| Untracked 
|  56|0x0000000083800000, 0x0000000083900000, 0x0000000083900000|100%| O|  |TAMS 0x0000000083900000, 0x0000000083800000| Untracked 
|  57|0x0000000083900000, 0x0000000083a00000, 0x0000000083a00000|100%| O|  |TAMS 0x0000000083a00000, 0x0000000083900000| Untracked 
|  58|0x0000000083a00000, 0x0000000083b00000, 0x0000000083b00000|100%| O|  |TAMS 0x0000000083b00000, 0x0000000083a00000| Untracked 
|  59|0x0000000083b00000, 0x0000000083c00000, 0x0000000083c00000|100%| O|  |TAMS 0x0000000083c00000, 0x0000000083b00000| Untracked 
|  60|0x0000000083c00000, 0x0000000083d00000, 0x0000000083d00000|100%| O|  |TAMS 0x0000000083d00000, 0x0000000083c00000| Untracked 
|  61|0x0000000083d00000, 0x0000000083e00000, 0x0000000083e00000|100%| O|  |TAMS 0x0000000083e00000, 0x0000000083d00000| Untracked 
|  62|0x0000000083e00000, 0x0000000083f00000, 0x0000000083f00000|100%| O|  |TAMS 0x0000000083f00000, 0x0000000083e00000| Untracked 
|  63|0x0000000083f00000, 0x0000000084000000, 0x0000000084000000|100%| O|  |TAMS 0x0000000084000000, 0x0000000083f00000| Untracked 
|  64|0x0000000084000000, 0x0000000084100000, 0x0000000084100000|100%| O|  |TAMS 0x0000000084100000, 0x0000000084000000| Untracked 
|  65|0x0000000084100000, 0x0000000084200000, 0x0000000084200000|100%| O|  |TAMS 0x0000000084200000, 0x0000000084100000| Untracked 
|  66|0x0000000084200000, 0x0000000084300000, 0x0000000084300000|100%| O|  |TAMS 0x0000000084300000, 0x0000000084200000| Untracked 
|  67|0x0000000084300000, 0x0000000084400000, 0x0000000084400000|100%| O|  |TAMS 0x0000000084400000, 0x0000000084300000| Untracked 
|  68|0x0000000084400000, 0x0000000084500000, 0x0000000084500000|100%| O|  |TAMS 0x0000000084500000, 0x0000000084400000| Untracked 
|  69|0x0000000084500000, 0x0000000084500000, 0x0000000084600000|  0%| F|  |TAMS 0x0000000084500000, 0x0000000084500000| Untracked 
|  70|0x0000000084600000, 0x0000000084700000, 0x0000000084700000|100%| O|  |TAMS 0x0000000084700000, 0x0000000084600000| Untracked 
|  71|0x0000000084700000, 0x0000000084800000, 0x0000000084800000|100%| O|  |TAMS 0x0000000084800000, 0x0000000084700000| Untracked 
|  72|0x0000000084800000, 0x0000000084900000, 0x0000000084900000|100%| O|  |TAMS 0x0000000084900000, 0x0000000084800000| Untracked 
|  73|0x0000000084900000, 0x0000000084a00000, 0x0000000084a00000|100%| O|  |TAMS 0x0000000084a00000, 0x0000000084900000| Untracked 
|  74|0x0000000084a00000, 0x0000000084b00000, 0x0000000084b00000|100%| O|  |TAMS 0x0000000084b00000, 0x0000000084a00000| Untracked 
|  75|0x0000000084b00000, 0x0000000084c00000, 0x0000000084c00000|100%| O|  |TAMS 0x0000000084c00000, 0x0000000084b00000| Untracked 
|  76|0x0000000084c00000, 0x0000000084d00000, 0x0000000084d00000|100%| O|  |TAMS 0x0000000084d00000, 0x0000000084c00000| Untracked 
|  77|0x0000000084d00000, 0x0000000084e00000, 0x0000000084e00000|100%| O|  |TAMS 0x0000000084e00000, 0x0000000084d00000| Untracked 
|  78|0x0000000084e00000, 0x0000000084f00000, 0x0000000084f00000|100%| O|  |TAMS 0x0000000084f00000, 0x0000000084e00000| Untracked 
|  79|0x0000000084f00000, 0x0000000085000000, 0x0000000085000000|100%| O|  |TAMS 0x0000000085000000, 0x0000000084f00000| Untracked 
|  80|0x0000000085000000, 0x0000000085100000, 0x0000000085100000|100%| O|  |TAMS 0x0000000085100000, 0x0000000085000000| Untracked 
|  81|0x0000000085100000, 0x0000000085200000, 0x0000000085200000|100%| O|  |TAMS 0x0000000085200000, 0x0000000085100000| Untracked 
|  82|0x0000000085200000, 0x0000000085300000, 0x0000000085300000|100%| O|  |TAMS 0x0000000085300000, 0x0000000085200000| Untracked 
|  83|0x0000000085300000, 0x0000000085400000, 0x0000000085400000|100%| O|  |TAMS 0x0000000085400000, 0x0000000085300000| Untracked 
|  84|0x0000000085400000, 0x0000000085500000, 0x0000000085500000|100%| O|  |TAMS 0x0000000085500000, 0x0000000085400000| Untracked 
|  85|0x0000000085500000, 0x0000000085600000, 0x0000000085600000|100%| O|  |TAMS 0x0000000085600000, 0x0000000085500000| Untracked 
|  86|0x0000000085600000, 0x0000000085700000, 0x0000000085700000|100%| O|  |TAMS 0x0000000085700000, 0x0000000085600000| Untracked 
|  87|0x0000000085700000, 0x0000000085800000, 0x0000000085800000|100%| O|  |TAMS 0x0000000085800000, 0x0000000085700000| Untracked 
|  88|0x0000000085800000, 0x0000000085900000, 0x0000000085900000|100%| O|  |TAMS 0x0000000085900000, 0x0000000085800000| Untracked 
|  89|0x0000000085900000, 0x0000000085a00000, 0x0000000085a00000|100%| O|  |TAMS 0x0000000085a00000, 0x0000000085900000| Untracked 
|  90|0x0000000085a00000, 0x0000000085a00000, 0x0000000085b00000|  0%| F|  |TAMS 0x0000000085a00000, 0x0000000085a00000| Untracked 
|  91|0x0000000085b00000, 0x0000000085c00000, 0x0000000085c00000|100%| O|  |TAMS 0x0000000085c00000, 0x0000000085b00000| Untracked 
|  92|0x0000000085c00000, 0x0000000085d00000, 0x0000000085d00000|100%| O|  |TAMS 0x0000000085d00000, 0x0000000085c00000| Untracked 
|  93|0x0000000085d00000, 0x0000000085d00000, 0x0000000085e00000|  0%| F|  |TAMS 0x0000000085d00000, 0x0000000085d00000| Untracked 
|  94|0x0000000085e00000, 0x0000000085e00000, 0x0000000085f00000|  0%| F|  |TAMS 0x0000000085e00000, 0x0000000085e00000| Untracked 
|  95|0x0000000085f00000, 0x0000000086000000, 0x0000000086000000|100%| O|  |TAMS 0x0000000086000000, 0x0000000085f00000| Untracked 
|  96|0x0000000086000000, 0x0000000086100000, 0x0000000086100000|100%| O|  |TAMS 0x0000000086100000, 0x0000000086000000| Untracked 
|  97|0x0000000086100000, 0x0000000086100000, 0x0000000086200000|  0%| F|  |TAMS 0x0000000086100000, 0x0000000086100000| Untracked 
|  98|0x0000000086200000, 0x0000000086200000, 0x0000000086300000|  0%| F|  |TAMS 0x0000000086200000, 0x0000000086200000| Untracked 
|  99|0x0000000086300000, 0x0000000086400000, 0x0000000086400000|100%| O|  |TAMS 0x0000000086400000, 0x0000000086300000| Untracked 
| 100|0x0000000086400000, 0x0000000086500000, 0x0000000086500000|100%| O|  |TAMS 0x0000000086500000, 0x0000000086400000| Untracked 
| 101|0x0000000086500000, 0x0000000086600000, 0x0000000086600000|100%| O|  |TAMS 0x0000000086600000, 0x0000000086500000| Untracked 
| 102|0x0000000086600000, 0x0000000086700000, 0x0000000086700000|100%| O|  |TAMS 0x0000000086700000, 0x0000000086600000| Untracked 
| 103|0x0000000086700000, 0x0000000086800000, 0x0000000086800000|100%| O|  |TAMS 0x00000000867f1000, 0x0000000086700000| Untracked 
| 104|0x0000000086800000, 0x0000000086900000, 0x0000000086900000|100%| O|  |TAMS 0x0000000086800000, 0x0000000086800000| Untracked 
| 105|0x0000000086900000, 0x0000000086a00000, 0x0000000086a00000|100%| O|  |TAMS 0x0000000086900000, 0x0000000086900000| Untracked 
| 106|0x0000000086a00000, 0x0000000086b00000, 0x0000000086b00000|100%| O|  |TAMS 0x0000000086a00000, 0x0000000086a00000| Untracked 
| 107|0x0000000086b00000, 0x0000000086b00000, 0x0000000086c00000|  0%| F|  |TAMS 0x0000000086b00000, 0x0000000086b00000| Untracked 
| 108|0x0000000086c00000, 0x0000000086c00000, 0x0000000086d00000|  0%| F|  |TAMS 0x0000000086c00000, 0x0000000086c00000| Untracked 
| 109|0x0000000086d00000, 0x0000000086d00000, 0x0000000086e00000|  0%| F|  |TAMS 0x0000000086d00000, 0x0000000086d00000| Untracked 
| 110|0x0000000086e00000, 0x0000000086e00000, 0x0000000086f00000|  0%| F|  |TAMS 0x0000000086e00000, 0x0000000086e00000| Untracked 
| 111|0x0000000086f00000, 0x0000000086f00000, 0x0000000087000000|  0%| F|  |TAMS 0x0000000086f00000, 0x0000000086f00000| Untracked 
| 112|0x0000000087000000, 0x0000000087000000, 0x0000000087100000|  0%| F|  |TAMS 0x0000000087000000, 0x0000000087000000| Untracked 
| 113|0x0000000087100000, 0x0000000087100000, 0x0000000087200000|  0%| F|  |TAMS 0x0000000087100000, 0x0000000087100000| Untracked 
| 114|0x0000000087200000, 0x0000000087200000, 0x0000000087300000|  0%| F|  |TAMS 0x0000000087200000, 0x0000000087200000| Untracked 
| 115|0x0000000087300000, 0x0000000087300000, 0x0000000087400000|  0%| F|  |TAMS 0x0000000087300000, 0x0000000087300000| Untracked 
| 116|0x0000000087400000, 0x0000000087400000, 0x0000000087500000|  0%| F|  |TAMS 0x0000000087400000, 0x0000000087400000| Untracked 
| 117|0x0000000087500000, 0x0000000087500000, 0x0000000087600000|  0%| F|  |TAMS 0x0000000087500000, 0x0000000087500000| Untracked 
| 118|0x0000000087600000, 0x0000000087600000, 0x0000000087700000|  0%| F|  |TAMS 0x0000000087600000, 0x0000000087600000| Untracked 
| 119|0x0000000087700000, 0x0000000087700000, 0x0000000087800000|  0%| F|  |TAMS 0x0000000087700000, 0x0000000087700000| Untracked 
| 120|0x0000000087800000, 0x0000000087800000, 0x0000000087900000|  0%| F|  |TAMS 0x0000000087800000, 0x0000000087800000| Untracked 
| 121|0x0000000087900000, 0x0000000087900000, 0x0000000087a00000|  0%| F|  |TAMS 0x0000000087900000, 0x0000000087900000| Untracked 
| 122|0x0000000087a00000, 0x0000000087a00000, 0x0000000087b00000|  0%| F|  |TAMS 0x0000000087a00000, 0x0000000087a00000| Untracked 
| 123|0x0000000087b00000, 0x0000000087b00000, 0x0000000087c00000|  0%| F|  |TAMS 0x0000000087b00000, 0x0000000087b00000| Untracked 
| 124|0x0000000087c00000, 0x0000000087c00000, 0x0000000087d00000|  0%| F|  |TAMS 0x0000000087c00000, 0x0000000087c00000| Untracked 
| 125|0x0000000087d00000, 0x0000000087d00000, 0x0000000087e00000|  0%| F|  |TAMS 0x0000000087d00000, 0x0000000087d00000| Untracked 
| 126|0x0000000087e00000, 0x0000000087e00000, 0x0000000087f00000|  0%| F|  |TAMS 0x0000000087e00000, 0x0000000087e00000| Untracked 
| 127|0x0000000087f00000, 0x0000000087f00000, 0x0000000088000000|  0%| F|  |TAMS 0x0000000087f00000, 0x0000000087f00000| Untracked 
| 128|0x0000000088000000, 0x0000000088000000, 0x0000000088100000|  0%| F|  |TAMS 0x0000000088000000, 0x0000000088000000| Untracked 
| 129|0x0000000088100000, 0x0000000088100000, 0x0000000088200000|  0%| F|  |TAMS 0x0000000088100000, 0x0000000088100000| Untracked 
| 130|0x0000000088200000, 0x0000000088200000, 0x0000000088300000|  0%| F|  |TAMS 0x0000000088200000, 0x0000000088200000| Untracked 
| 131|0x0000000088300000, 0x0000000088300000, 0x0000000088400000|  0%| F|  |TAMS 0x0000000088300000, 0x0000000088300000| Untracked 
| 132|0x0000000088400000, 0x0000000088400000, 0x0000000088500000|  0%| F|  |TAMS 0x0000000088400000, 0x0000000088400000| Untracked 
| 133|0x0000000088500000, 0x0000000088500000, 0x0000000088600000|  0%| F|  |TAMS 0x0000000088500000, 0x0000000088500000| Untracked 
| 134|0x0000000088600000, 0x0000000088600000, 0x0000000088700000|  0%| F|  |TAMS 0x0000000088600000, 0x0000000088600000| Untracked 
| 135|0x0000000088700000, 0x0000000088700000, 0x0000000088800000|  0%| F|  |TAMS 0x0000000088700000, 0x0000000088700000| Untracked 
| 136|0x0000000088800000, 0x0000000088800000, 0x0000000088900000|  0%| F|  |TAMS 0x0000000088800000, 0x0000000088800000| Untracked 
| 137|0x0000000088900000, 0x0000000088900000, 0x0000000088a00000|  0%| F|  |TAMS 0x0000000088900000, 0x0000000088900000| Untracked 
| 138|0x0000000088a00000, 0x0000000088a00000, 0x0000000088b00000|  0%| F|  |TAMS 0x0000000088a00000, 0x0000000088a00000| Untracked 
| 139|0x0000000088b00000, 0x0000000088b00000, 0x0000000088c00000|  0%| F|  |TAMS 0x0000000088b00000, 0x0000000088b00000| Untracked 
| 140|0x0000000088c00000, 0x0000000088c00000, 0x0000000088d00000|  0%| F|  |TAMS 0x0000000088c00000, 0x0000000088c00000| Untracked 
| 141|0x0000000088d00000, 0x0000000088d00000, 0x0000000088e00000|  0%| F|  |TAMS 0x0000000088d00000, 0x0000000088d00000| Untracked 
| 142|0x0000000088e00000, 0x0000000088e00000, 0x0000000088f00000|  0%| F|  |TAMS 0x0000000088e00000, 0x0000000088e00000| Untracked 
| 143|0x0000000088f00000, 0x0000000088f00000, 0x0000000089000000|  0%| F|  |TAMS 0x0000000088f00000, 0x0000000088f00000| Untracked 
| 144|0x0000000089000000, 0x0000000089000000, 0x0000000089100000|  0%| F|  |TAMS 0x0000000089000000, 0x0000000089000000| Untracked 
| 145|0x0000000089100000, 0x0000000089100000, 0x0000000089200000|  0%| F|  |TAMS 0x0000000089100000, 0x0000000089100000| Untracked 
| 146|0x0000000089200000, 0x0000000089200000, 0x0000000089300000|  0%| F|  |TAMS 0x0000000089200000, 0x0000000089200000| Untracked 
| 147|0x0000000089300000, 0x0000000089300000, 0x0000000089400000|  0%| F|  |TAMS 0x0000000089300000, 0x0000000089300000| Untracked 
| 148|0x0000000089400000, 0x0000000089400000, 0x0000000089500000|  0%| F|  |TAMS 0x0000000089400000, 0x0000000089400000| Untracked 
| 149|0x0000000089500000, 0x0000000089500000, 0x0000000089600000|  0%| F|  |TAMS 0x0000000089500000, 0x0000000089500000| Untracked 
| 150|0x0000000089600000, 0x0000000089600000, 0x0000000089700000|  0%| F|  |TAMS 0x0000000089600000, 0x0000000089600000| Untracked 
| 151|0x0000000089700000, 0x0000000089700000, 0x0000000089800000|  0%| F|  |TAMS 0x0000000089700000, 0x0000000089700000| Untracked 
| 152|0x0000000089800000, 0x0000000089800000, 0x0000000089900000|  0%| F|  |TAMS 0x0000000089800000, 0x0000000089800000| Untracked 
| 153|0x0000000089900000, 0x0000000089900000, 0x0000000089a00000|  0%| F|  |TAMS 0x0000000089900000, 0x0000000089900000| Untracked 
| 154|0x0000000089a00000, 0x0000000089a00000, 0x0000000089b00000|  0%| F|  |TAMS 0x0000000089a00000, 0x0000000089a00000| Untracked 
| 155|0x0000000089b00000, 0x0000000089b00000, 0x0000000089c00000|  0%| F|  |TAMS 0x0000000089b00000, 0x0000000089b00000| Untracked 
| 156|0x0000000089c00000, 0x0000000089c00000, 0x0000000089d00000|  0%| F|  |TAMS 0x0000000089c00000, 0x0000000089c00000| Untracked 
| 157|0x0000000089d00000, 0x0000000089d00000, 0x0000000089e00000|  0%| F|  |TAMS 0x0000000089d00000, 0x0000000089d00000| Untracked 
| 158|0x0000000089e00000, 0x0000000089e00000, 0x0000000089f00000|  0%| F|  |TAMS 0x0000000089e00000, 0x0000000089e00000| Untracked 
| 159|0x0000000089f00000, 0x0000000089f00000, 0x000000008a000000|  0%| F|  |TAMS 0x0000000089f00000, 0x0000000089f00000| Untracked 
| 160|0x000000008a000000, 0x000000008a000000, 0x000000008a100000|  0%| F|  |TAMS 0x000000008a000000, 0x000000008a000000| Untracked 
| 161|0x000000008a100000, 0x000000008a100000, 0x000000008a200000|  0%| F|  |TAMS 0x000000008a100000, 0x000000008a100000| Untracked 
| 162|0x000000008a200000, 0x000000008a200000, 0x000000008a300000|  0%| F|  |TAMS 0x000000008a200000, 0x000000008a200000| Untracked 
| 163|0x000000008a300000, 0x000000008a300000, 0x000000008a400000|  0%| F|  |TAMS 0x000000008a300000, 0x000000008a300000| Untracked 
| 164|0x000000008a400000, 0x000000008a4eef00, 0x000000008a500000| 93%| S|CS|TAMS 0x000000008a400000, 0x000000008a400000| Complete 
| 165|0x000000008a500000, 0x000000008a600000, 0x000000008a600000|100%| S|CS|TAMS 0x000000008a500000, 0x000000008a500000| Complete 
| 166|0x000000008a600000, 0x000000008a700000, 0x000000008a700000|100%| S|CS|TAMS 0x000000008a600000, 0x000000008a600000| Complete 
| 167|0x000000008a700000, 0x000000008a800000, 0x000000008a800000|100%| S|CS|TAMS 0x000000008a700000, 0x000000008a700000| Complete 
| 168|0x000000008a800000, 0x000000008a900000, 0x000000008a900000|100%| S|CS|TAMS 0x000000008a800000, 0x000000008a800000| Complete 
| 169|0x000000008a900000, 0x000000008aa00000, 0x000000008aa00000|100%| S|CS|TAMS 0x000000008a900000, 0x000000008a900000| Complete 
| 170|0x000000008aa00000, 0x000000008ab00000, 0x000000008ab00000|100%| S|CS|TAMS 0x000000008aa00000, 0x000000008aa00000| Complete 
| 171|0x000000008ab00000, 0x000000008ac00000, 0x000000008ac00000|100%| S|CS|TAMS 0x000000008ab00000, 0x000000008ab00000| Complete 
| 172|0x000000008ac00000, 0x000000008ad00000, 0x000000008ad00000|100%| S|CS|TAMS 0x000000008ac00000, 0x000000008ac00000| Complete 
| 173|0x000000008ad00000, 0x000000008ae00000, 0x000000008ae00000|100%| S|CS|TAMS 0x000000008ad00000, 0x000000008ad00000| Complete 
| 174|0x000000008ae00000, 0x000000008af00000, 0x000000008af00000|100%| S|CS|TAMS 0x000000008ae00000, 0x000000008ae00000| Complete 
| 175|0x000000008af00000, 0x000000008af00000, 0x000000008b000000|  0%| F|  |TAMS 0x000000008af00000, 0x000000008af00000| Untracked 
| 176|0x000000008b000000, 0x000000008b000000, 0x000000008b100000|  0%| F|  |TAMS 0x000000008b000000, 0x000000008b000000| Untracked 
| 177|0x000000008b100000, 0x000000008b100000, 0x000000008b200000|  0%| F|  |TAMS 0x000000008b100000, 0x000000008b100000| Untracked 
| 178|0x000000008b200000, 0x000000008b200000, 0x000000008b300000|  0%| F|  |TAMS 0x000000008b200000, 0x000000008b200000| Untracked 
| 179|0x000000008b300000, 0x000000008b300000, 0x000000008b400000|  0%| F|  |TAMS 0x000000008b300000, 0x000000008b300000| Untracked 
| 180|0x000000008b400000, 0x000000008b400000, 0x000000008b500000|  0%| F|  |TAMS 0x000000008b400000, 0x000000008b400000| Untracked 
| 181|0x000000008b500000, 0x000000008b500000, 0x000000008b600000|  0%| F|  |TAMS 0x000000008b500000, 0x000000008b500000| Untracked 
| 182|0x000000008b600000, 0x000000008b600000, 0x000000008b700000|  0%| F|  |TAMS 0x000000008b600000, 0x000000008b600000| Untracked 
| 183|0x000000008b700000, 0x000000008b700000, 0x000000008b800000|  0%| F|  |TAMS 0x000000008b700000, 0x000000008b700000| Untracked 
| 184|0x000000008b800000, 0x000000008b800000, 0x000000008b900000|  0%| F|  |TAMS 0x000000008b800000, 0x000000008b800000| Untracked 
| 185|0x000000008b900000, 0x000000008b900000, 0x000000008ba00000|  0%| F|  |TAMS 0x000000008b900000, 0x000000008b900000| Untracked 
| 186|0x000000008ba00000, 0x000000008ba00000, 0x000000008bb00000|  0%| F|  |TAMS 0x000000008ba00000, 0x000000008ba00000| Untracked 
| 187|0x000000008bb00000, 0x000000008bb00000, 0x000000008bc00000|  0%| F|  |TAMS 0x000000008bb00000, 0x000000008bb00000| Untracked 
| 188|0x000000008bc00000, 0x000000008bc00000, 0x000000008bd00000|  0%| F|  |TAMS 0x000000008bc00000, 0x000000008bc00000| Untracked 
| 189|0x000000008bd00000, 0x000000008bd00000, 0x000000008be00000|  0%| F|  |TAMS 0x000000008bd00000, 0x000000008bd00000| Untracked 
| 190|0x000000008be00000, 0x000000008be00000, 0x000000008bf00000|  0%| F|  |TAMS 0x000000008be00000, 0x000000008be00000| Untracked 
| 191|0x000000008bf00000, 0x000000008bf00000, 0x000000008c000000|  0%| F|  |TAMS 0x000000008bf00000, 0x000000008bf00000| Untracked 
| 192|0x000000008c000000, 0x000000008c000000, 0x000000008c100000|  0%| F|  |TAMS 0x000000008c000000, 0x000000008c000000| Untracked 
| 193|0x000000008c100000, 0x000000008c100000, 0x000000008c200000|  0%| F|  |TAMS 0x000000008c100000, 0x000000008c100000| Untracked 
| 194|0x000000008c200000, 0x000000008c200000, 0x000000008c300000|  0%| F|  |TAMS 0x000000008c200000, 0x000000008c200000| Untracked 
| 195|0x000000008c300000, 0x000000008c300000, 0x000000008c400000|  0%| F|  |TAMS 0x000000008c300000, 0x000000008c300000| Untracked 
| 196|0x000000008c400000, 0x000000008c400000, 0x000000008c500000|  0%| F|  |TAMS 0x000000008c400000, 0x000000008c400000| Untracked 
| 197|0x000000008c500000, 0x000000008c500000, 0x000000008c600000|  0%| F|  |TAMS 0x000000008c500000, 0x000000008c500000| Untracked 
| 198|0x000000008c600000, 0x000000008c600000, 0x000000008c700000|  0%| F|  |TAMS 0x000000008c600000, 0x000000008c600000| Untracked 
| 199|0x000000008c700000, 0x000000008c700000, 0x000000008c800000|  0%| F|  |TAMS 0x000000008c700000, 0x000000008c700000| Untracked 
| 200|0x000000008c800000, 0x000000008c800000, 0x000000008c900000|  0%| F|  |TAMS 0x000000008c800000, 0x000000008c800000| Untracked 
| 201|0x000000008c900000, 0x000000008c900000, 0x000000008ca00000|  0%| F|  |TAMS 0x000000008c900000, 0x000000008c900000| Untracked 
| 202|0x000000008ca00000, 0x000000008ca00000, 0x000000008cb00000|  0%| F|  |TAMS 0x000000008ca00000, 0x000000008ca00000| Untracked 
| 203|0x000000008cb00000, 0x000000008cb00000, 0x000000008cc00000|  0%| F|  |TAMS 0x000000008cb00000, 0x000000008cb00000| Untracked 
| 204|0x000000008cc00000, 0x000000008cc00000, 0x000000008cd00000|  0%| F|  |TAMS 0x000000008cc00000, 0x000000008cc00000| Untracked 
| 205|0x000000008cd00000, 0x000000008cd00000, 0x000000008ce00000|  0%| F|  |TAMS 0x000000008cd00000, 0x000000008cd00000| Untracked 
| 206|0x000000008ce00000, 0x000000008ce00000, 0x000000008cf00000|  0%| F|  |TAMS 0x000000008ce00000, 0x000000008ce00000| Untracked 
| 207|0x000000008cf00000, 0x000000008cf00000, 0x000000008d000000|  0%| F|  |TAMS 0x000000008cf00000, 0x000000008cf00000| Untracked 
| 208|0x000000008d000000, 0x000000008d000000, 0x000000008d100000|  0%| F|  |TAMS 0x000000008d000000, 0x000000008d000000| Untracked 
| 209|0x000000008d100000, 0x000000008d100000, 0x000000008d200000|  0%| F|  |TAMS 0x000000008d100000, 0x000000008d100000| Untracked 
| 210|0x000000008d200000, 0x000000008d200000, 0x000000008d300000|  0%| F|  |TAMS 0x000000008d200000, 0x000000008d200000| Untracked 
| 211|0x000000008d300000, 0x000000008d300000, 0x000000008d400000|  0%| F|  |TAMS 0x000000008d300000, 0x000000008d300000| Untracked 
| 212|0x000000008d400000, 0x000000008d400000, 0x000000008d500000|  0%| F|  |TAMS 0x000000008d400000, 0x000000008d400000| Untracked 
| 213|0x000000008d500000, 0x000000008d500000, 0x000000008d600000|  0%| F|  |TAMS 0x000000008d500000, 0x000000008d500000| Untracked 
| 214|0x000000008d600000, 0x000000008d600000, 0x000000008d700000|  0%| F|  |TAMS 0x000000008d600000, 0x000000008d600000| Untracked 
| 215|0x000000008d700000, 0x000000008d700000, 0x000000008d800000|  0%| F|  |TAMS 0x000000008d700000, 0x000000008d700000| Untracked 
| 216|0x000000008d800000, 0x000000008d800000, 0x000000008d900000|  0%| F|  |TAMS 0x000000008d800000, 0x000000008d800000| Untracked 
| 217|0x000000008d900000, 0x000000008d900000, 0x000000008da00000|  0%| F|  |TAMS 0x000000008d900000, 0x000000008d900000| Untracked 
| 218|0x000000008da00000, 0x000000008da00000, 0x000000008db00000|  0%| F|  |TAMS 0x000000008da00000, 0x000000008da00000| Untracked 
| 219|0x000000008db00000, 0x000000008db00000, 0x000000008dc00000|  0%| F|  |TAMS 0x000000008db00000, 0x000000008db00000| Untracked 
| 220|0x000000008dc00000, 0x000000008dc00000, 0x000000008dd00000|  0%| F|  |TAMS 0x000000008dc00000, 0x000000008dc00000| Untracked 
| 221|0x000000008dd00000, 0x000000008dd00000, 0x000000008de00000|  0%| F|  |TAMS 0x000000008dd00000, 0x000000008dd00000| Untracked 
| 222|0x000000008de00000, 0x000000008de00000, 0x000000008df00000|  0%| F|  |TAMS 0x000000008de00000, 0x000000008de00000| Untracked 
| 223|0x000000008df00000, 0x000000008df00000, 0x000000008e000000|  0%| F|  |TAMS 0x000000008df00000, 0x000000008df00000| Untracked 
| 224|0x000000008e000000, 0x000000008e000000, 0x000000008e100000|  0%| F|  |TAMS 0x000000008e000000, 0x000000008e000000| Untracked 
| 225|0x000000008e100000, 0x000000008e100000, 0x000000008e200000|  0%| F|  |TAMS 0x000000008e100000, 0x000000008e100000| Untracked 
| 226|0x000000008e200000, 0x000000008e200000, 0x000000008e300000|  0%| F|  |TAMS 0x000000008e200000, 0x000000008e200000| Untracked 
| 227|0x000000008e300000, 0x000000008e300000, 0x000000008e400000|  0%| F|  |TAMS 0x000000008e300000, 0x000000008e300000| Untracked 
| 228|0x000000008e400000, 0x000000008e400000, 0x000000008e500000|  0%| F|  |TAMS 0x000000008e400000, 0x000000008e400000| Untracked 
| 229|0x000000008e500000, 0x000000008e500000, 0x000000008e600000|  0%| F|  |TAMS 0x000000008e500000, 0x000000008e500000| Untracked 
| 230|0x000000008e600000, 0x000000008e600000, 0x000000008e700000|  0%| F|  |TAMS 0x000000008e600000, 0x000000008e600000| Untracked 
| 231|0x000000008e700000, 0x000000008e700000, 0x000000008e800000|  0%| F|  |TAMS 0x000000008e700000, 0x000000008e700000| Untracked 
| 232|0x000000008e800000, 0x000000008e800000, 0x000000008e900000|  0%| F|  |TAMS 0x000000008e800000, 0x000000008e800000| Untracked 
| 233|0x000000008e900000, 0x000000008e900000, 0x000000008ea00000|  0%| F|  |TAMS 0x000000008e900000, 0x000000008e900000| Untracked 
| 234|0x000000008ea00000, 0x000000008ea00000, 0x000000008eb00000|  0%| F|  |TAMS 0x000000008ea00000, 0x000000008ea00000| Untracked 
| 235|0x000000008eb00000, 0x000000008eb00000, 0x000000008ec00000|  0%| F|  |TAMS 0x000000008eb00000, 0x000000008eb00000| Untracked 
| 236|0x000000008ec00000, 0x000000008ec00000, 0x000000008ed00000|  0%| F|  |TAMS 0x000000008ec00000, 0x000000008ec00000| Untracked 
| 237|0x000000008ed00000, 0x000000008ed00000, 0x000000008ee00000|  0%| F|  |TAMS 0x000000008ed00000, 0x000000008ed00000| Untracked 
| 238|0x000000008ee00000, 0x000000008ee00000, 0x000000008ef00000|  0%| F|  |TAMS 0x000000008ee00000, 0x000000008ee00000| Untracked 
| 239|0x000000008ef00000, 0x000000008ef00000, 0x000000008f000000|  0%| F|  |TAMS 0x000000008ef00000, 0x000000008ef00000| Untracked 
| 240|0x000000008f000000, 0x000000008f000000, 0x000000008f100000|  0%| F|  |TAMS 0x000000008f000000, 0x000000008f000000| Untracked 
| 241|0x000000008f100000, 0x000000008f100000, 0x000000008f200000|  0%| F|  |TAMS 0x000000008f100000, 0x000000008f100000| Untracked 
| 242|0x000000008f200000, 0x000000008f200000, 0x000000008f300000|  0%| F|  |TAMS 0x000000008f200000, 0x000000008f200000| Untracked 
| 243|0x000000008f300000, 0x000000008f300000, 0x000000008f400000|  0%| F|  |TAMS 0x000000008f300000, 0x000000008f300000| Untracked 
| 244|0x000000008f400000, 0x000000008f400000, 0x000000008f500000|  0%| F|  |TAMS 0x000000008f400000, 0x000000008f400000| Untracked 
| 245|0x000000008f500000, 0x000000008f500000, 0x000000008f600000|  0%| F|  |TAMS 0x000000008f500000, 0x000000008f500000| Untracked 
| 246|0x000000008f600000, 0x000000008f600000, 0x000000008f700000|  0%| F|  |TAMS 0x000000008f600000, 0x000000008f600000| Untracked 
| 247|0x000000008f700000, 0x000000008f700000, 0x000000008f800000|  0%| F|  |TAMS 0x000000008f700000, 0x000000008f700000| Untracked 
| 248|0x000000008f800000, 0x000000008f800000, 0x000000008f900000|  0%| F|  |TAMS 0x000000008f800000, 0x000000008f800000| Untracked 
| 249|0x000000008f900000, 0x000000008f900000, 0x000000008fa00000|  0%| F|  |TAMS 0x000000008f900000, 0x000000008f900000| Untracked 
| 250|0x000000008fa00000, 0x000000008fa00000, 0x000000008fb00000|  0%| F|  |TAMS 0x000000008fa00000, 0x000000008fa00000| Untracked 
| 251|0x000000008fb00000, 0x000000008fb00000, 0x000000008fc00000|  0%| F|  |TAMS 0x000000008fb00000, 0x000000008fb00000| Untracked 
| 252|0x000000008fc00000, 0x000000008fc00000, 0x000000008fd00000|  0%| F|  |TAMS 0x000000008fc00000, 0x000000008fc00000| Untracked 
| 253|0x000000008fd00000, 0x000000008fd00000, 0x000000008fe00000|  0%| F|  |TAMS 0x000000008fd00000, 0x000000008fd00000| Untracked 
| 254|0x000000008fe00000, 0x000000008fe00000, 0x000000008ff00000|  0%| F|  |TAMS 0x000000008fe00000, 0x000000008fe00000| Untracked 
| 255|0x000000008ff00000, 0x000000008ff00000, 0x0000000090000000|  0%| F|  |TAMS 0x000000008ff00000, 0x000000008ff00000| Untracked 
| 256|0x0000000090000000, 0x0000000090000000, 0x0000000090100000|  0%| F|  |TAMS 0x0000000090000000, 0x0000000090000000| Untracked 
| 257|0x0000000090100000, 0x0000000090100000, 0x0000000090200000|  0%| F|  |TAMS 0x0000000090100000, 0x0000000090100000| Untracked 
| 258|0x0000000090200000, 0x0000000090200000, 0x0000000090300000|  0%| F|  |TAMS 0x0000000090200000, 0x0000000090200000| Untracked 
| 259|0x0000000090300000, 0x0000000090300000, 0x0000000090400000|  0%| F|  |TAMS 0x0000000090300000, 0x0000000090300000| Untracked 
| 260|0x0000000090400000, 0x0000000090400000, 0x0000000090500000|  0%| F|  |TAMS 0x0000000090400000, 0x0000000090400000| Untracked 
| 261|0x0000000090500000, 0x0000000090500000, 0x0000000090600000|  0%| F|  |TAMS 0x0000000090500000, 0x0000000090500000| Untracked 
| 262|0x0000000090600000, 0x0000000090600000, 0x0000000090700000|  0%| F|  |TAMS 0x0000000090600000, 0x0000000090600000| Untracked 
| 263|0x0000000090700000, 0x0000000090700000, 0x0000000090800000|  0%| F|  |TAMS 0x0000000090700000, 0x0000000090700000| Untracked 
| 264|0x0000000090800000, 0x0000000090800000, 0x0000000090900000|  0%| F|  |TAMS 0x0000000090800000, 0x0000000090800000| Untracked 
| 265|0x0000000090900000, 0x0000000090900000, 0x0000000090a00000|  0%| F|  |TAMS 0x0000000090900000, 0x0000000090900000| Untracked 
| 266|0x0000000090a00000, 0x0000000090a00000, 0x0000000090b00000|  0%| F|  |TAMS 0x0000000090a00000, 0x0000000090a00000| Untracked 
| 267|0x0000000090b00000, 0x0000000090b00000, 0x0000000090c00000|  0%| F|  |TAMS 0x0000000090b00000, 0x0000000090b00000| Untracked 
| 268|0x0000000090c00000, 0x0000000090c00000, 0x0000000090d00000|  0%| F|  |TAMS 0x0000000090c00000, 0x0000000090c00000| Untracked 
| 269|0x0000000090d00000, 0x0000000090d00000, 0x0000000090e00000|  0%| F|  |TAMS 0x0000000090d00000, 0x0000000090d00000| Untracked 
| 270|0x0000000090e00000, 0x0000000090e00000, 0x0000000090f00000|  0%| F|  |TAMS 0x0000000090e00000, 0x0000000090e00000| Untracked 
| 271|0x0000000090f00000, 0x0000000090f00000, 0x0000000091000000|  0%| F|  |TAMS 0x0000000090f00000, 0x0000000090f00000| Untracked 
| 272|0x0000000091000000, 0x0000000091000000, 0x0000000091100000|  0%| F|  |TAMS 0x0000000091000000, 0x0000000091000000| Untracked 
| 273|0x0000000091100000, 0x0000000091100000, 0x0000000091200000|  0%| F|  |TAMS 0x0000000091100000, 0x0000000091100000| Untracked 
| 274|0x0000000091200000, 0x0000000091200000, 0x0000000091300000|  0%| F|  |TAMS 0x0000000091200000, 0x0000000091200000| Untracked 
| 275|0x0000000091300000, 0x0000000091300000, 0x0000000091400000|  0%| F|  |TAMS 0x0000000091300000, 0x0000000091300000| Untracked 
| 276|0x0000000091400000, 0x0000000091400000, 0x0000000091500000|  0%| F|  |TAMS 0x0000000091400000, 0x0000000091400000| Untracked 
| 277|0x0000000091500000, 0x0000000091500000, 0x0000000091600000|  0%| F|  |TAMS 0x0000000091500000, 0x0000000091500000| Untracked 
| 278|0x0000000091600000, 0x0000000091600000, 0x0000000091700000|  0%| F|  |TAMS 0x0000000091600000, 0x0000000091600000| Untracked 
| 279|0x0000000091700000, 0x0000000091700000, 0x0000000091800000|  0%| F|  |TAMS 0x0000000091700000, 0x0000000091700000| Untracked 
| 280|0x0000000091800000, 0x0000000091800000, 0x0000000091900000|  0%| F|  |TAMS 0x0000000091800000, 0x0000000091800000| Untracked 
| 281|0x0000000091900000, 0x0000000091900000, 0x0000000091a00000|  0%| F|  |TAMS 0x0000000091900000, 0x0000000091900000| Untracked 
| 282|0x0000000091a00000, 0x0000000091a00000, 0x0000000091b00000|  0%| F|  |TAMS 0x0000000091a00000, 0x0000000091a00000| Untracked 
| 283|0x0000000091b00000, 0x0000000091b00000, 0x0000000091c00000|  0%| F|  |TAMS 0x0000000091b00000, 0x0000000091b00000| Untracked 
| 284|0x0000000091c00000, 0x0000000091c00000, 0x0000000091d00000|  0%| F|  |TAMS 0x0000000091c00000, 0x0000000091c00000| Untracked 
| 285|0x0000000091d00000, 0x0000000091d00000, 0x0000000091e00000|  0%| F|  |TAMS 0x0000000091d00000, 0x0000000091d00000| Untracked 
| 286|0x0000000091e00000, 0x0000000091e00000, 0x0000000091f00000|  0%| F|  |TAMS 0x0000000091e00000, 0x0000000091e00000| Untracked 
| 287|0x0000000091f00000, 0x0000000091f00000, 0x0000000092000000|  0%| F|  |TAMS 0x0000000091f00000, 0x0000000091f00000| Untracked 
| 288|0x0000000092000000, 0x0000000092000000, 0x0000000092100000|  0%| F|  |TAMS 0x0000000092000000, 0x0000000092000000| Untracked 
| 289|0x0000000092100000, 0x0000000092100000, 0x0000000092200000|  0%| F|  |TAMS 0x0000000092100000, 0x0000000092100000| Untracked 
| 290|0x0000000092200000, 0x0000000092200000, 0x0000000092300000|  0%| F|  |TAMS 0x0000000092200000, 0x0000000092200000| Untracked 
| 291|0x0000000092300000, 0x0000000092300000, 0x0000000092400000|  0%| F|  |TAMS 0x0000000092300000, 0x0000000092300000| Untracked 
| 292|0x0000000092400000, 0x0000000092400000, 0x0000000092500000|  0%| F|  |TAMS 0x0000000092400000, 0x0000000092400000| Untracked 
| 293|0x0000000092500000, 0x0000000092500000, 0x0000000092600000|  0%| F|  |TAMS 0x0000000092500000, 0x0000000092500000| Untracked 
| 294|0x0000000092600000, 0x0000000092600000, 0x0000000092700000|  0%| F|  |TAMS 0x0000000092600000, 0x0000000092600000| Untracked 
| 295|0x0000000092700000, 0x0000000092700000, 0x0000000092800000|  0%| F|  |TAMS 0x0000000092700000, 0x0000000092700000| Untracked 
| 296|0x0000000092800000, 0x0000000092800000, 0x0000000092900000|  0%| F|  |TAMS 0x0000000092800000, 0x0000000092800000| Untracked 
| 297|0x0000000092900000, 0x0000000092900000, 0x0000000092a00000|  0%| F|  |TAMS 0x0000000092900000, 0x0000000092900000| Untracked 
| 298|0x0000000092a00000, 0x0000000092a00000, 0x0000000092b00000|  0%| F|  |TAMS 0x0000000092a00000, 0x0000000092a00000| Untracked 
| 299|0x0000000092b00000, 0x0000000092b00000, 0x0000000092c00000|  0%| F|  |TAMS 0x0000000092b00000, 0x0000000092b00000| Untracked 
| 300|0x0000000092c00000, 0x0000000092c00000, 0x0000000092d00000|  0%| F|  |TAMS 0x0000000092c00000, 0x0000000092c00000| Untracked 
| 301|0x0000000092d00000, 0x0000000092d00000, 0x0000000092e00000|  0%| F|  |TAMS 0x0000000092d00000, 0x0000000092d00000| Untracked 
| 302|0x0000000092e00000, 0x0000000092e00000, 0x0000000092f00000|  0%| F|  |TAMS 0x0000000092e00000, 0x0000000092e00000| Untracked 
| 303|0x0000000092f00000, 0x0000000092f00000, 0x0000000093000000|  0%| F|  |TAMS 0x0000000092f00000, 0x0000000092f00000| Untracked 
| 304|0x0000000093000000, 0x0000000093000000, 0x0000000093100000|  0%| F|  |TAMS 0x0000000093000000, 0x0000000093000000| Untracked 
| 305|0x0000000093100000, 0x0000000093100000, 0x0000000093200000|  0%| F|  |TAMS 0x0000000093100000, 0x0000000093100000| Untracked 
| 306|0x0000000093200000, 0x0000000093200000, 0x0000000093300000|  0%| F|  |TAMS 0x0000000093200000, 0x0000000093200000| Untracked 
| 307|0x0000000093300000, 0x0000000093300000, 0x0000000093400000|  0%| F|  |TAMS 0x0000000093300000, 0x0000000093300000| Untracked 
| 308|0x0000000093400000, 0x0000000093400000, 0x0000000093500000|  0%| F|  |TAMS 0x0000000093400000, 0x0000000093400000| Untracked 
| 309|0x0000000093500000, 0x0000000093500000, 0x0000000093600000|  0%| F|  |TAMS 0x0000000093500000, 0x0000000093500000| Untracked 
| 310|0x0000000093600000, 0x0000000093600000, 0x0000000093700000|  0%| F|  |TAMS 0x0000000093600000, 0x0000000093600000| Untracked 
| 311|0x0000000093700000, 0x0000000093700000, 0x0000000093800000|  0%| F|  |TAMS 0x0000000093700000, 0x0000000093700000| Untracked 
| 312|0x0000000093800000, 0x0000000093800000, 0x0000000093900000|  0%| F|  |TAMS 0x0000000093800000, 0x0000000093800000| Untracked 
| 313|0x0000000093900000, 0x0000000093900000, 0x0000000093a00000|  0%| F|  |TAMS 0x0000000093900000, 0x0000000093900000| Untracked 
| 314|0x0000000093a00000, 0x0000000093a00000, 0x0000000093b00000|  0%| F|  |TAMS 0x0000000093a00000, 0x0000000093a00000| Untracked 
| 315|0x0000000093b00000, 0x0000000093b00000, 0x0000000093c00000|  0%| F|  |TAMS 0x0000000093b00000, 0x0000000093b00000| Untracked 
| 316|0x0000000093c00000, 0x0000000093c00000, 0x0000000093d00000|  0%| F|  |TAMS 0x0000000093c00000, 0x0000000093c00000| Untracked 
| 317|0x0000000093d00000, 0x0000000093d00000, 0x0000000093e00000|  0%| F|  |TAMS 0x0000000093d00000, 0x0000000093d00000| Untracked 
| 318|0x0000000093e00000, 0x0000000093f00000, 0x0000000093f00000|100%| E|  |TAMS 0x0000000093e00000, 0x0000000093e00000| Complete 
| 319|0x0000000093f00000, 0x0000000094000000, 0x0000000094000000|100%| E|CS|TAMS 0x0000000093f00000, 0x0000000093f00000| Complete 
| 320|0x0000000094000000, 0x0000000094100000, 0x0000000094100000|100%| E|CS|TAMS 0x0000000094000000, 0x0000000094000000| Complete 
| 321|0x0000000094100000, 0x0000000094200000, 0x0000000094200000|100%| E|CS|TAMS 0x0000000094100000, 0x0000000094100000| Complete 
| 322|0x0000000094200000, 0x0000000094300000, 0x0000000094300000|100%| E|CS|TAMS 0x0000000094200000, 0x0000000094200000| Complete 

Card table byte_map: [0x000001fa58660000,0x000001fa58a60000] _byte_map_base: 0x000001fa58260000

Marking Bits (Prev, Next): (CMBitMap*) 0x000001fa45484f60, (CMBitMap*) 0x000001fa45484f28
 Prev Bits: [0x000001fa5ae60000, 0x000001fa5ce60000)
 Next Bits: [0x000001fa58e60000, 0x000001fa5ae60000)

Polling page: 0x000001fa433b0000

Metaspace:

Usage:
  Non-class:     99.53 MB capacity,    97.81 MB ( 98%) used,     1.38 MB (  1%) free+waste,   357.50 KB ( <1%) overhead. 
      Class:     15.01 MB capacity,    13.99 MB ( 93%) used,   891.69 KB (  6%) free+waste,   154.88 KB (  1%) overhead. 
       Both:    114.54 MB capacity,   111.80 MB ( 98%) used,     2.25 MB (  2%) free+waste,   512.38 KB ( <1%) overhead. 

Virtual space:
  Non-class space:      100.00 MB reserved,     100.00 MB (100%) committed 
      Class space:        1.00 GB reserved,      15.38 MB (  2%) committed 
             Both:        1.10 GB reserved,     115.38 MB ( 10%) committed 

Chunk freelists:
   Non-Class:  477.00 KB
       Class:  304.00 KB
        Both:  781.00 KB

MaxMetaspaceSize: 17179869184.00 GB
CompressedClassSpaceSize: 1.00 GB

CodeHeap 'non-profiled nmethods': size=120000Kb used=12513Kb max_used=12513Kb free=107486Kb
 bounds [0x000001fa50a00000, 0x000001fa516a0000, 0x000001fa57f30000]
CodeHeap 'profiled nmethods': size=120000Kb used=42475Kb max_used=43690Kb free=77524Kb
 bounds [0x000001fa494d0000, 0x000001fa4bff0000, 0x000001fa50a00000]
CodeHeap 'non-nmethods': size=5760Kb used=2344Kb max_used=2429Kb free=3415Kb
 bounds [0x000001fa48f30000, 0x000001fa491a0000, 0x000001fa494d0000]
 total_blobs=18757 nmethods=17787 adapters=879
 compilation: enabled
              stopped_count=0, restarted_count=0
 full_count=0

Compilation events (20 events):
Event: 87.732 Thread 0x000001fa63686800 nmethod 18093 0x000001fa50bd6d90 code [0x000001fa50bd6f80, 0x000001fa50bd7ac8]
Event: 87.732 Thread 0x000001fa63686800 18127       4       java.util.LinkedList::poll (19 bytes)
Event: 87.736 Thread 0x000001fa63686800 nmethod 18127 0x000001fa50b64810 code [0x000001fa50b649a0, 0x000001fa50b64c38]
Event: 87.736 Thread 0x000001fa63686800 19908       4       com.android.tools.r8.internal.Kv::b (114 bytes)
Event: 87.744 Thread 0x000001fa67292800 nmethod 18293 0x000001fa50b9a190 code [0x000001fa50b9a340, 0x000001fa50b9aa78]
Event: 87.745 Thread 0x000001fa67292800 19910       4       com.android.tools.r8.internal.pf::forEach (37 bytes)
Event: 87.747 Thread 0x000001fa67292800 nmethod 19910 0x000001fa50b64310 code [0x000001fa50b644c0, 0x000001fa50b645b8]
Event: 87.747 Thread 0x000001fa67292800 19911       4       com.android.tools.r8.internal.s2::a (36 bytes)
Event: 87.749 Thread 0x000001fa67292800 nmethod 19911 0x000001fa50ba9e10 code [0x000001fa50ba9fa0, 0x000001fa50baa0b8]
Event: 87.749 Thread 0x000001fa67292800 19909       4       com.android.tools.r8.internal.Kv::a (583 bytes)
Event: 87.759 Thread 0x000001fa63686800 nmethod 19908 0x000001fa50bd5a10 code [0x000001fa50bd5c20, 0x000001fa50bd6528]
Event: 87.759 Thread 0x000001fa63686800 19916 %     4       com.android.tools.r8.ir.regalloc.a::a @ 614 (3985 bytes)
Event: 87.916 Thread 0x000001fa60176800 nmethod 18376 0x000001fa50eb7010 code [0x000001fa50eb7400, 0x000001fa50ebad90]
Event: 87.917 Thread 0x000001fa60176800 19923       4       com.android.tools.r8.internal.W4::a (1165 bytes)
Event: 88.020 Thread 0x000001fa60178000 19926       2       java.util.LinkedList::removeLast (23 bytes)
Event: 88.021 Thread 0x000001fa60178000 nmethod 19926 0x000001fa499c3710 code [0x000001fa499c38e0, 0x000001fa499c3ab8]
Event: 88.084 Thread 0x000001fa67292800 nmethod 19909 0x000001fa51695290 code [0x000001fa516958a0, 0x000001fa5169ab28]
Event: 88.085 Thread 0x000001fa67292800 19914       4       com.android.tools.r8.internal.h2::f (38 bytes)
Event: 88.099 Thread 0x000001fa67292800 nmethod 19914 0x000001fa50ba9590 code [0x000001fa50ba9740, 0x000001fa50ba9a98]
Event: 88.099 Thread 0x000001fa67292800 19921 %     4       com.android.tools.r8.internal.Le::a @ 1981 (3140 bytes)

GC Heap History (20 events):
Event: 81.608 GC heap before
{Heap before GC invocations=35 (full 0):
 garbage-first heap   total 275456K, used 116793K [0x0000000080000000, 0x0000000100000000)
  region size 1024K, 13 young (13312K), 5 survivors (5120K)
 Metaspace       used 114227K, capacity 117058K, committed 118144K, reserved 1150976K
  class space    used 14315K, capacity 15356K, committed 15744K, reserved 1048576K
}
Event: 81.615 GC heap after
{Heap after GC invocations=36 (full 0):
 garbage-first heap   total 275456K, used 103651K [0x0000000080000000, 0x0000000100000000)
  region size 1024K, 2 young (2048K), 2 survivors (2048K)
 Metaspace       used 114227K, capacity 117058K, committed 118144K, reserved 1150976K
  class space    used 14315K, capacity 15356K, committed 15744K, reserved 1048576K
}
Event: 82.066 GC heap before
{Heap before GC invocations=36 (full 0):
 garbage-first heap   total 275456K, used 218339K [0x0000000080000000, 0x0000000100000000)
  region size 1024K, 114 young (116736K), 2 survivors (2048K)
 Metaspace       used 114227K, capacity 117058K, committed 118144K, reserved 1150976K
  class space    used 14315K, capacity 15356K, committed 15744K, reserved 1048576K
}
Event: 82.071 GC heap after
{Heap after GC invocations=37 (full 0):
 garbage-first heap   total 275456K, used 105063K [0x0000000080000000, 0x0000000100000000)
  region size 1024K, 3 young (3072K), 3 survivors (3072K)
 Metaspace       used 114227K, capacity 117058K, committed 118144K, reserved 1150976K
  class space    used 14315K, capacity 15356K, committed 15744K, reserved 1048576K
}
Event: 82.458 GC heap before
{Heap before GC invocations=37 (full 0):
 garbage-first heap   total 275456K, used 221799K [0x0000000080000000, 0x0000000100000000)
  region size 1024K, 117 young (119808K), 3 survivors (3072K)
 Metaspace       used 114237K, capacity 117071K, committed 118144K, reserved 1150976K
  class space    used 14316K, capacity 15358K, committed 15744K, reserved 1048576K
}
Event: 82.464 GC heap after
{Heap after GC invocations=38 (full 0):
 garbage-first heap   total 275456K, used 105749K [0x0000000080000000, 0x0000000100000000)
  region size 1024K, 4 young (4096K), 4 survivors (4096K)
 Metaspace       used 114237K, capacity 117071K, committed 118144K, reserved 1150976K
  class space    used 14316K, capacity 15358K, committed 15744K, reserved 1048576K
}
Event: 82.923 GC heap before
{Heap before GC invocations=38 (full 0):
 garbage-first heap   total 275456K, used 224533K [0x0000000080000000, 0x0000000100000000)
  region size 1024K, 120 young (122880K), 4 survivors (4096K)
 Metaspace       used 114249K, capacity 117082K, committed 118144K, reserved 1150976K
  class space    used 14318K, capacity 15361K, committed 15744K, reserved 1048576K
}
Event: 82.929 GC heap after
{Heap after GC invocations=39 (full 0):
 garbage-first heap   total 275456K, used 107110K [0x0000000080000000, 0x0000000100000000)
  region size 1024K, 5 young (5120K), 5 survivors (5120K)
 Metaspace       used 114249K, capacity 117082K, committed 118144K, reserved 1150976K
  class space    used 14318K, capacity 15361K, committed 15744K, reserved 1048576K
}
Event: 83.457 GC heap before
{Heap before GC invocations=39 (full 0):
 garbage-first heap   total 275456K, used 226918K [0x0000000080000000, 0x0000000100000000)
  region size 1024K, 122 young (124928K), 5 survivors (5120K)
 Metaspace       used 114255K, capacity 117082K, committed 118144K, reserved 1150976K
  class space    used 14318K, capacity 15361K, committed 15744K, reserved 1048576K
}
Event: 83.464 GC heap after
{Heap after GC invocations=40 (full 0):
 garbage-first heap   total 275456K, used 109628K [0x0000000080000000, 0x0000000100000000)
  region size 1024K, 8 young (8192K), 8 survivors (8192K)
 Metaspace       used 114255K, capacity 117082K, committed 118144K, reserved 1150976K
  class space    used 14318K, capacity 15361K, committed 15744K, reserved 1048576K
}
Event: 83.857 GC heap before
{Heap before GC invocations=40 (full 0):
 garbage-first heap   total 275456K, used 229436K [0x0000000080000000, 0x0000000100000000)
  region size 1024K, 125 young (128000K), 8 survivors (8192K)
 Metaspace       used 114266K, capacity 117082K, committed 118144K, reserved 1150976K
  class space    used 14318K, capacity 15361K, committed 15744K, reserved 1048576K
}
Event: 83.864 GC heap after
{Heap after GC invocations=41 (full 0):
 garbage-first heap   total 275456K, used 110700K [0x0000000080000000, 0x0000000100000000)
  region size 1024K, 9 young (9216K), 9 survivors (9216K)
 Metaspace       used 114266K, capacity 117082K, committed 118144K, reserved 1150976K
  class space    used 14318K, capacity 15361K, committed 15744K, reserved 1048576K
}
Event: 84.371 GC heap before
{Heap before GC invocations=41 (full 0):
 garbage-first heap   total 275456K, used 232556K [0x0000000080000000, 0x0000000100000000)
  region size 1024K, 127 young (130048K), 9 survivors (9216K)
 Metaspace       used 114407K, capacity 117219K, committed 118144K, reserved 1150976K
  class space    used 14323K, capacity 15370K, committed 15744K, reserved 1048576K
}
Event: 84.380 GC heap after
{Heap after GC invocations=42 (full 0):
 garbage-first heap   total 275456K, used 111240K [0x0000000080000000, 0x0000000100000000)
  region size 1024K, 9 young (9216K), 9 survivors (9216K)
 Metaspace       used 114407K, capacity 117219K, committed 118144K, reserved 1150976K
  class space    used 14323K, capacity 15370K, committed 15744K, reserved 1048576K
}
Event: 85.058 GC heap before
{Heap before GC invocations=42 (full 0):
 garbage-first heap   total 275456K, used 233096K [0x0000000080000000, 0x0000000100000000)
  region size 1024K, 128 young (131072K), 9 survivors (9216K)
 Metaspace       used 114418K, capacity 117284K, committed 118144K, reserved 1150976K
  class space    used 14323K, capacity 15370K, committed 15744K, reserved 1048576K
}
Event: 85.067 GC heap after
{Heap after GC invocations=43 (full 0):
 garbage-first heap   total 275456K, used 112494K [0x0000000080000000, 0x0000000100000000)
  region size 1024K, 10 young (10240K), 10 survivors (10240K)
 Metaspace       used 114418K, capacity 117284K, committed 118144K, reserved 1150976K
  class space    used 14323K, capacity 15370K, committed 15744K, reserved 1048576K
}
Event: 85.932 GC heap before
{Heap before GC invocations=43 (full 0):
 garbage-first heap   total 275456K, used 234350K [0x0000000080000000, 0x0000000100000000)
  region size 1024K, 129 young (132096K), 10 survivors (10240K)
 Metaspace       used 114419K, capacity 117284K, committed 118144K, reserved 1150976K
  class space    used 14323K, capacity 15370K, committed 15744K, reserved 1048576K
}
Event: 85.942 GC heap after
{Heap after GC invocations=44 (full 0):
 garbage-first heap   total 330752K, used 113580K [0x0000000080000000, 0x0000000100000000)
  region size 1024K, 11 young (11264K), 11 survivors (11264K)
 Metaspace       used 114419K, capacity 117284K, committed 118144K, reserved 1150976K
  class space    used 14323K, capacity 15370K, committed 15744K, reserved 1048576K
}
Event: 88.216 GC heap before
{Heap before GC invocations=44 (full 0):
 garbage-first heap   total 330752K, used 266156K [0x0000000080000000, 0x0000000100000000)
  region size 1024K, 159 young (162816K), 11 survivors (11264K)
 Metaspace       used 114478K, capacity 117293K, committed 118144K, reserved 1150976K
  class space    used 14323K, capacity 15370K, committed 15744K, reserved 1048576K
}
Event: 88.225 GC heap after
{Heap after GC invocations=45 (full 0):
 garbage-first heap   total 330752K, used 114094K [0x0000000080000000, 0x0000000100000000)
  region size 1024K, 11 young (11264K), 11 survivors (11264K)
 Metaspace       used 114478K, capacity 117293K, committed 118144K, reserved 1150976K
  class space    used 14323K, capacity 15370K, committed 15744K, reserved 1048576K
}

Deoptimization events (20 events):
Event: 86.192 Thread 0x000001fa63ccc000 DEOPT PACKING pc=0x000001fa49ad0dd9 sp=0x000000047a0f91e0
Event: 86.192 Thread 0x000001fa63ccc000 DEOPT UNPACKING pc=0x000001fa48f576ce sp=0x000000047a0f8768 mode 0
Event: 86.587 Thread 0x000001fa63ccd800 DEOPT PACKING pc=0x000001fa4b9922c7 sp=0x000000047a2f9750
Event: 86.587 Thread 0x000001fa63ccd800 DEOPT UNPACKING pc=0x000001fa48f576ce sp=0x000000047a2f8ff8 mode 0
Event: 86.670 Thread 0x000001fa63ccc000 DEOPT PACKING pc=0x000001fa4bdf5905 sp=0x000000047a0fad50
Event: 86.670 Thread 0x000001fa63ccc000 DEOPT UNPACKING pc=0x000001fa48f576ce sp=0x000000047a0fa308 mode 0
Event: 86.790 Thread 0x000001fa63ccc000 DEOPT PACKING pc=0x000001fa4bdd0138 sp=0x000000047a0fac30
Event: 86.790 Thread 0x000001fa63ccc000 DEOPT UNPACKING pc=0x000001fa48f576ce sp=0x000000047a0fa150 mode 0
Event: 86.810 Thread 0x000001fa63ccd800 DEOPT PACKING pc=0x000001fa49ad0dd9 sp=0x000000047a2f95e0
Event: 86.810 Thread 0x000001fa63ccd800 DEOPT UNPACKING pc=0x000001fa48f576ce sp=0x000000047a2f8b68 mode 0
Event: 86.883 Thread 0x000001fa63ccd800 DEOPT PACKING pc=0x000001fa4b72f3c4 sp=0x000000047a2f9880
Event: 86.883 Thread 0x000001fa63ccd800 DEOPT UNPACKING pc=0x000001fa48f576ce sp=0x000000047a2f8de0 mode 0
Event: 86.905 Thread 0x000001fa63ccd800 DEOPT PACKING pc=0x000001fa4b8b82d1 sp=0x000000047a2f8f00
Event: 86.905 Thread 0x000001fa63ccd800 DEOPT UNPACKING pc=0x000001fa48f576ce sp=0x000000047a2f86c0 mode 0
Event: 87.139 Thread 0x000001fa63ccd800 DEOPT PACKING pc=0x000001fa4b9922c7 sp=0x000000047a2f9750
Event: 87.139 Thread 0x000001fa63ccd800 DEOPT UNPACKING pc=0x000001fa48f576ce sp=0x000000047a2f8ff8 mode 0
Event: 87.717 Thread 0x000001fa63ccd800 DEOPT PACKING pc=0x000001fa4bba9533 sp=0x000000047a2f9170
Event: 87.717 Thread 0x000001fa63ccd800 DEOPT UNPACKING pc=0x000001fa48f576ce sp=0x000000047a2f8900 mode 0
Event: 88.214 Thread 0x000001fa63ccd800 DEOPT PACKING pc=0x000001fa49ad0dd9 sp=0x000000047a2f95e0
Event: 88.214 Thread 0x000001fa63ccd800 DEOPT UNPACKING pc=0x000001fa48f576ce sp=0x000000047a2f8b68 mode 0

Classes redefined (0 events):
No events

Internal exceptions (20 events):
Event: 77.960 Thread 0x000001fa61432800 Exception <a 'sun/nio/fs/WindowsException'{0x0000000088e76818}> (0x0000000088e76818) thrown at [./src/hotspot/share/prims/jni.cpp, line 615]
Event: 77.994 Thread 0x000001fa63ccb000 Exception <a 'sun/nio/fs/WindowsException'{0x000000008def5e98}> (0x000000008def5e98) thrown at [./src/hotspot/share/prims/jni.cpp, line 615]
Event: 78.023 Thread 0x000001fa63ccd800 Exception <a 'sun/nio/fs/WindowsException'{0x000000008d7fdd68}> (0x000000008d7fdd68) thrown at [./src/hotspot/share/prims/jni.cpp, line 615]
Event: 78.242 Thread 0x000001fa63ccf000 Exception <a 'sun/nio/fs/WindowsException'{0x000000008a995228}> (0x000000008a995228) thrown at [./src/hotspot/share/prims/jni.cpp, line 615]
Event: 78.447 Thread 0x000001fa655ea000 Exception <a 'sun/nio/fs/WindowsException'{0x000000008ca84ef0}> (0x000000008ca84ef0) thrown at [./src/hotspot/share/prims/jni.cpp, line 615]
Event: 79.199 Thread 0x000001fa63ccf000 Exception <a 'sun/nio/fs/WindowsException'{0x000000008b1ada18}> (0x000000008b1ada18) thrown at [./src/hotspot/share/prims/jni.cpp, line 615]
Event: 79.247 Thread 0x000001fa63ccb000 Implicit null exception at 0x000001fa50bd9620 to 0x000001fa50bd9800
Event: 79.339 Thread 0x000001fa63ccd800 Exception <a 'sun/nio/fs/WindowsException'{0x000000008d8e3790}> (0x000000008d8e3790) thrown at [./src/hotspot/share/prims/jni.cpp, line 615]
Event: 79.568 Thread 0x000001fa61432800 Exception <a 'sun/nio/fs/WindowsException'{0x000000008de0a340}> (0x000000008de0a340) thrown at [./src/hotspot/share/prims/jni.cpp, line 615]
Event: 79.692 Thread 0x000001fa655ea000 Exception <a 'sun/nio/fs/WindowsException'{0x000000008c956c98}> (0x000000008c956c98) thrown at [./src/hotspot/share/prims/jni.cpp, line 615]
Event: 79.760 Thread 0x000001fa63ccb000 Exception <a 'sun/nio/fs/WindowsException'{0x000000008a8c81b0}> (0x000000008a8c81b0) thrown at [./src/hotspot/share/prims/jni.cpp, line 615]
Event: 79.780 Thread 0x000001fa63ccb000 Implicit null exception at 0x000001fa511b9339 to 0x000001fa511b9814
Event: 79.823 Thread 0x000001fa61432800 Exception <a 'sun/nio/fs/WindowsException'{0x00000000894a97f8}> (0x00000000894a97f8) thrown at [./src/hotspot/share/prims/jni.cpp, line 615]
Event: 79.865 Thread 0x000001fa655ea000 Exception <a 'sun/nio/fs/WindowsException'{0x000000008dfcc4d8}> (0x000000008dfcc4d8) thrown at [./src/hotspot/share/prims/jni.cpp, line 615]
Event: 79.899 Thread 0x000001fa63ccd800 Exception <a 'sun/nio/fs/WindowsException'{0x000000008cd16f08}> (0x000000008cd16f08) thrown at [./src/hotspot/share/prims/jni.cpp, line 615]
Event: 79.907 Thread 0x000001fa655ea000 Exception <a 'sun/nio/fs/WindowsException'{0x000000008d1c4590}> (0x000000008d1c4590) thrown at [./src/hotspot/share/prims/jni.cpp, line 615]
Event: 80.538 Thread 0x000001fa61432800 Exception <a 'sun/nio/fs/WindowsException'{0x000000008c51ea78}> (0x000000008c51ea78) thrown at [./src/hotspot/share/prims/jni.cpp, line 615]
Event: 80.599 Thread 0x000001fa63ccd000 Exception <a 'sun/nio/fs/WindowsException'{0x000000008c3a1210}> (0x000000008c3a1210) thrown at [./src/hotspot/share/prims/jni.cpp, line 615]
Event: 84.120 Thread 0x000001fa63cd0000 Exception <a 'sun/nio/fs/WindowsException'{0x000000008cff40a8}> (0x000000008cff40a8) thrown at [./src/hotspot/share/prims/jni.cpp, line 615]
Event: 87.143 Thread 0x000001fa63ccc000 Exception <a 'sun/nio/fs/WindowsException'{0x000000008d423c18}> (0x000000008d423c18) thrown at [./src/hotspot/share/prims/jni.cpp, line 615]

Events (20 events):
Event: 84.229 loading class com/android/tools/r8/internal/DE
Event: 84.229 loading class com/android/tools/r8/internal/DE done
Event: 84.229 loading class com/android/tools/r8/internal/CE
Event: 84.229 loading class com/android/tools/r8/internal/CE done
Event: 84.230 loading class com/android/tools/r8/code/K0
Event: 84.230 loading class com/android/tools/r8/code/K0 done
Event: 84.230 loading class com/android/tools/r8/code/K0
Event: 84.230 loading class com/android/tools/r8/code/K0 done
Event: 84.230 loading class com/android/tools/r8/code/K0
Event: 84.230 loading class com/android/tools/r8/code/K0 done
Event: 84.231 loading class com/android/tools/r8/code/K0
Event: 84.231 loading class com/android/tools/r8/code/K0 done
Event: 84.371 Executing VM operation: G1CollectForAllocation
Event: 84.380 Executing VM operation: G1CollectForAllocation done
Event: 85.058 Executing VM operation: G1CollectForAllocation
Event: 85.067 Executing VM operation: G1CollectForAllocation done
Event: 85.929 Executing VM operation: G1CollectForAllocation
Event: 85.942 Executing VM operation: G1CollectForAllocation done
Event: 88.216 Executing VM operation: G1CollectForAllocation
Event: 88.225 Executing VM operation: G1CollectForAllocation done


Dynamic libraries:
0x00007ff7083d0000 - 0x00007ff7083da000 	C:\Program Files\Android\Android Studio\jre\bin\java.exe
0x00007ff9f2130000 - 0x00007ff9f2325000 	C:\windows\SYSTEM32\ntdll.dll
0x00007ff9c2960000 - 0x00007ff9c2975000 	C:\Program Files\Avast Software\Avast\aswhook.dll
0x00007ff9f09b0000 - 0x00007ff9f0a6d000 	C:\windows\System32\KERNEL32.DLL
0x00007ff9ef9d0000 - 0x00007ff9efc99000 	C:\windows\System32\KERNELBASE.dll
0x00007ff9efed0000 - 0x00007ff9effd0000 	C:\windows\System32\ucrtbase.dll
0x00007ff9d2840000 - 0x00007ff9d2859000 	C:\Program Files\Android\Android Studio\jre\bin\jli.dll
0x00007ff9d2480000 - 0x00007ff9d2497000 	C:\Program Files\Android\Android Studio\jre\bin\VCRUNTIME140.dll
0x00007ff9f1550000 - 0x00007ff9f16f0000 	C:\windows\System32\USER32.dll
0x00007ff9efea0000 - 0x00007ff9efec2000 	C:\windows\System32\win32u.dll
0x00007ff9dda60000 - 0x00007ff9ddcfa000 	C:\windows\WinSxS\amd64_microsoft.windows.common-controls_6595b64144ccf1df_6.0.19041.1110_none_60b5254171f9507e\COMCTL32.dll
0x00007ff9f2030000 - 0x00007ff9f205a000 	C:\windows\System32\GDI32.dll
0x00007ff9f07c0000 - 0x00007ff9f085e000 	C:\windows\System32\msvcrt.dll
0x00007ff9efca0000 - 0x00007ff9efdab000 	C:\windows\System32\gdi32full.dll
0x00007ff9efe00000 - 0x00007ff9efe9d000 	C:\windows\System32\msvcp_win.dll
0x00007ff9f2060000 - 0x00007ff9f2090000 	C:\windows\System32\IMM32.DLL
0x00007ff9b07e0000 - 0x00007ff9b087d000 	C:\Program Files\Android\Android Studio\jre\bin\msvcp140.dll
0x00007ff96d5d0000 - 0x00007ff96e09f000 	C:\Program Files\Android\Android Studio\jre\bin\server\jvm.dll
0x00007ff9f1370000 - 0x00007ff9f141c000 	C:\windows\System32\ADVAPI32.dll
0x00007ff9f02c0000 - 0x00007ff9f035b000 	C:\windows\System32\sechost.dll
0x00007ff9f0360000 - 0x00007ff9f048a000 	C:\windows\System32\RPCRT4.dll
0x00007ff9f0490000 - 0x00007ff9f0498000 	C:\windows\System32\PSAPI.DLL
0x00007ff9d6000000 - 0x00007ff9d6009000 	C:\windows\SYSTEM32\WSOCK32.dll
0x00007ff9e6440000 - 0x00007ff9e6467000 	C:\windows\SYSTEM32\WINMM.dll
0x00007ff9e6750000 - 0x00007ff9e675a000 	C:\windows\SYSTEM32\VERSION.dll
0x00007ff9f1420000 - 0x00007ff9f148b000 	C:\windows\System32\ws2_32.DLL
0x00007ff9ee0f0000 - 0x00007ff9ee102000 	C:\windows\SYSTEM32\kernel.appcore.dll
0x00007ff9dc700000 - 0x00007ff9dc711000 	C:\Program Files\Android\Android Studio\jre\bin\verify.dll
0x00007ff9eded0000 - 0x00007ff9ee0b4000 	C:\windows\SYSTEM32\DBGHELP.DLL
0x00007ff9dc040000 - 0x00007ff9dc06c000 	C:\windows\SYSTEM32\dbgcore.DLL
0x00007ff9ef940000 - 0x00007ff9ef9c3000 	C:\windows\System32\bcryptPrimitives.dll
0x00007ff9dc570000 - 0x00007ff9dc599000 	C:\Program Files\Android\Android Studio\jre\bin\java.dll
0x00007ff9e7630000 - 0x00007ff9e763b000 	C:\Program Files\Android\Android Studio\jre\bin\jimage.dll
0x00007ff9dbf80000 - 0x00007ff9dbf98000 	C:\Program Files\Android\Android Studio\jre\bin\zip.dll
0x00007ff9f0a70000 - 0x00007ff9f11af000 	C:\windows\System32\SHELL32.dll
0x00007ff9ed740000 - 0x00007ff9eded0000 	C:\windows\SYSTEM32\windows.storage.dll
0x00007ff9f1bf0000 - 0x00007ff9f1f45000 	C:\windows\System32\combase.dll
0x00007ff9ef1f0000 - 0x00007ff9ef21c000 	C:\windows\SYSTEM32\Wldp.dll
0x00007ff9f0680000 - 0x00007ff9f072e000 	C:\windows\System32\SHCORE.dll
0x00007ff9f0620000 - 0x00007ff9f0675000 	C:\windows\System32\shlwapi.dll
0x00007ff9ef7a0000 - 0x00007ff9ef7bf000 	C:\windows\SYSTEM32\profapi.dll
0x00007ff9dbf60000 - 0x00007ff9dbf7a000 	C:\Program Files\Android\Android Studio\jre\bin\net.dll
0x00007ff9e49a0000 - 0x00007ff9e4aa8000 	C:\windows\SYSTEM32\WINHTTP.dll
0x00007ff9eef50000 - 0x00007ff9eefba000 	C:\windows\system32\mswsock.dll
0x00007ff9dbf40000 - 0x00007ff9dbf54000 	C:\Program Files\Android\Android Studio\jre\bin\nio.dll
0x00007ff9bf0c0000 - 0x00007ff9bf0e7000 	C:\Users\Smok\.gradle\native\8bec1ad78214c89d9ad589b4d07fe93259594b29d510b10fafb7a158f7737e5d\windows-amd64\native-platform.dll
0x00007ff975880000 - 0x00007ff9759bd000 	C:\Users\Smok\.gradle\native\53dbd7edfb1c66fb8903c78663c9afc45aea4f116125fa6feffd364cf09443e8\windows-amd64\native-platform-file-events.dll
0x00007ff9e71a0000 - 0x00007ff9e71aa000 	C:\Program Files\Android\Android Studio\jre\bin\management.dll
0x00007ff9dda10000 - 0x00007ff9dda1c000 	C:\Program Files\Android\Android Studio\jre\bin\management_ext.dll
0x00007ff9ef140000 - 0x00007ff9ef158000 	C:\windows\SYSTEM32\CRYPTSP.dll
0x00007ff9ee8d0000 - 0x00007ff9ee904000 	C:\windows\system32\rsaenh.dll
0x00007ff9ef910000 - 0x00007ff9ef937000 	C:\windows\System32\bcrypt.dll
0x00007ff9ef760000 - 0x00007ff9ef78e000 	C:\windows\SYSTEM32\USERENV.dll
0x00007ff9ef160000 - 0x00007ff9ef16c000 	C:\windows\SYSTEM32\CRYPTBASE.dll
0x00007ff9eec40000 - 0x00007ff9eec7b000 	C:\windows\SYSTEM32\IPHLPAPI.DLL
0x00007ff9f1490000 - 0x00007ff9f1498000 	C:\windows\System32\NSI.dll
0x00007ff9ed660000 - 0x00007ff9ed677000 	C:\windows\SYSTEM32\dhcpcsvc6.DLL
0x00007ff9ed640000 - 0x00007ff9ed65d000 	C:\windows\SYSTEM32\dhcpcsvc.DLL
0x00007ff9eec80000 - 0x00007ff9eed4c000 	C:\windows\SYSTEM32\DNSAPI.dll
0x00007ff9dbcf0000 - 0x00007ff9dbd17000 	C:\Program Files\Android\Android Studio\jre\bin\sunec.dll
0x000000006bbf0000 - 0x000000006bc16000 	C:\Program Files\Bonjour\mdnsNSP.dll
0x00007ff9e7220000 - 0x00007ff9e722a000 	C:\Windows\System32\rasadhlp.dll
0x00007ff9de2a0000 - 0x00007ff9de31f000 	C:\windows\System32\fwpuclnt.dll

dbghelp: loaded successfully - version: 4.0.5 - missing functions: none
symbol engine: initialized successfully - sym options: 0x614 - pdb path: .;C:\Program Files\Android\Android Studio\jre\bin;C:\windows\SYSTEM32;C:\Program Files\Avast Software\Avast;C:\windows\WinSxS\amd64_microsoft.windows.common-controls_6595b64144ccf1df_6.0.19041.1110_none_60b5254171f9507e;C:\Program Files\Android\Android Studio\jre\bin\server;C:\Users\Smok\.gradle\native\8bec1ad78214c89d9ad589b4d07fe93259594b29d510b10fafb7a158f7737e5d\windows-amd64;C:\Users\Smok\.gradle\native\53dbd7edfb1c66fb8903c78663c9afc45aea4f116125fa6feffd364cf09443e8\windows-amd64;C:\Program Files\Bonjour

VM Arguments:
jvm_args: --add-opens=java.base/java.util=ALL-UNNAMED --add-opens=java.base/java.lang=ALL-UNNAMED --add-opens=java.base/java.lang.invoke=ALL-UNNAMED --add-opens=java.base/java.util=ALL-UNNAMED --add-opens=java.prefs/java.util.prefs=ALL-UNNAMED --add-opens=java.prefs/java.util.prefs=ALL-UNNAMED --add-opens=java.base/java.nio.charset=ALL-UNNAMED --add-opens=java.base/java.net=ALL-UNNAMED --add-opens=java.base/java.util.concurrent.atomic=ALL-UNNAMED -Xmx2048m -Dfile.encoding=UTF-8 -Duser.country=PL -Duser.language=pl -Duser.variant 
java_command: org.gradle.launcher.daemon.bootstrap.GradleDaemon 7.0.2
java_class_path (initial): C:\Users\Smok\.gradle\wrapper\dists\gradle-7.0.2-bin\857tjihv64xamwrf0h14cai3r\gradle-7.0.2\lib\gradle-launcher-7.0.2.jar
Launcher Type: SUN_STANDARD

[Global flags]
     intx CICompilerCount                          = 4                                         {product} {ergonomic}
     uint ConcGCThreads                            = 2                                         {product} {ergonomic}
     uint G1ConcRefinementThreads                  = 8                                         {product} {ergonomic}
   size_t G1HeapRegionSize                         = 1048576                                   {product} {ergonomic}
    uintx GCDrainStackTargetSize                   = 64                                        {product} {ergonomic}
   size_t InitialHeapSize                          = 234881024                                 {product} {ergonomic}
   size_t MarkStackSize                            = 4194304                                   {product} {ergonomic}
   size_t MaxHeapSize                              = 2147483648                                {product} {command line}
   size_t MaxNewSize                               = 1287651328                                {product} {ergonomic}
   size_t MinHeapDeltaBytes                        = 1048576                                   {product} {ergonomic}
    uintx NonNMethodCodeHeapSize                   = 5836300                                {pd product} {ergonomic}
    uintx NonProfiledCodeHeapSize                  = 122910970                              {pd product} {ergonomic}
    uintx ProfiledCodeHeapSize                     = 122910970                              {pd product} {ergonomic}
    uintx ReservedCodeCacheSize                    = 251658240                              {pd product} {ergonomic}
     bool SegmentedCodeCache                       = true                                      {product} {ergonomic}
     bool UseCompressedClassPointers               = true                                 {lp64_product} {ergonomic}
     bool UseCompressedOops                        = true                                 {lp64_product} {ergonomic}
     bool UseG1GC                                  = true                                      {product} {ergonomic}
     bool UseLargePagesIndividualAllocation        = false                                  {pd product} {ergonomic}

Logging:
Log output configuration:
 #0: stdout all=warning uptime,level,tags
 #1: stderr all=off uptime,level,tags

Environment Variables:
PATH=C:\db_home\bin;C:\Program Files (x86)\Common Files\Oracle\Java\javapath;C:\Program Files (x86)\PC Connectivity Solution\;C:\windows\system32;C:\windows;C:\windows\System32\Wbem;C:\windows\System32\WindowsPowerShell\v1.0\;C:\windows\System32\OpenSSH\;C:\Program Files\Git\cmd;C:\Program Files\MATLAB\R2021a\bin;C:\adb;C:\Users\Smok\AppData\Local\Microsoft\WindowsApps;C:\Program Files (x86)\Nmap;C:\Program Files\JetBrains\IntelliJ IDEA Community Edition 2021.1.1\bin;;C:\adb;
USERNAME=Smok
OS=Windows_NT
PROCESSOR_IDENTIFIER=AMD64 Family 23 Model 24 Stepping 1, AuthenticAMD



---------------  S Y S T E M  ---------------

OS: Windows 10 , 64 bit Build 19041 (10.0.19041.1151)
OS uptime: 3 days 2:55 hours

CPU:total 8 (initial active 8) (8 cores per cpu, 2 threads per core) family 23 model 24 stepping 1 microcode 0x0, cmov, cx8, fxsr, mmx, sse, sse2, sse3, ssse3, sse4.1, sse4.2, popcnt, avx, avx2, aes, clmul, mmxext, 3dnowpref, lzcnt, sse4a, ht, tsc, tscinvbit, tscinv, bmi1, bmi2, adx, s

Memory: 4k page, system-wide physical 14249M (1858M free)
TotalPageFile size 16926M (AvailPageFile size 6M)
current process WorkingSet (physical memory assigned to process): 724M, peak: 738M
current process commit charge ("private bytes"): 762M, peak: 779M

vm_info: OpenJDK 64-Bit Server VM (11.0.10+0-b96-7249189) for windows-amd64 JRE (11.0.10+0-b96-7249189), built on Mar 31 2021 21:44:00 by "builder" with MS VC++ 14.0 (VS2015)

END.
