#
# There is insufficient memory for the Java Runtime Environment to continue.
# Native memory allocation (malloc) failed to allocate 363376 bytes for Chunk::new
# Possible reasons:
#   The system is out of physical RAM or swap space
#   The process is running with CompressedOops enabled, and the Java Heap may be blocking the growth of the native heap
# Possible solutions:
#   Reduce memory load on the system
#   Increase physical memory or swap space
#   Check if swap backing store is full
#   Decrease Java heap size (-Xmx/-Xms)
#   Decrease number of Java threads
#   Decrease Java thread stack sizes (-Xss)
#   Set larger code cache with -XX:ReservedCodeCacheSize=
#   JVM is running with Unscaled Compressed Oops mode in which the Java heap is
#     placed in the first 4GB address space. The Java Heap base address is the
#     maximum limit for the native heap growth. Please use -XX:HeapBaseMinAddress
#     to set the Java Heap base and to place the Java Heap above 4GB virtual address.
# This output file may be truncated or incomplete.
#
#  Out of Memory Error (./src/hotspot/share/memory/arena.cpp:197), pid=20412, tid=19756
#
# JRE version: OpenJDK Runtime Environment (11.0.10) (build 11.0.10+0-b96-7249189)
# Java VM: OpenJDK 64-Bit Server VM (11.0.10+0-b96-7249189, mixed mode, tiered, compressed oops, g1 gc, windows-amd64)
# No core dump will be written. Minidumps are not enabled by default on client versions of Windows
#

---------------  S U M M A R Y ------------

Command Line: --add-opens=java.base/java.util=ALL-UNNAMED --add-opens=java.base/java.lang=ALL-UNNAMED --add-opens=java.base/java.lang.invoke=ALL-UNNAMED --add-opens=java.base/java.util=ALL-UNNAMED --add-opens=java.prefs/java.util.prefs=ALL-UNNAMED --add-opens=java.prefs/java.util.prefs=ALL-UNNAMED --add-opens=java.base/java.nio.charset=ALL-UNNAMED --add-opens=java.base/java.net=ALL-UNNAMED --add-opens=java.base/java.util.concurrent.atomic=ALL-UNNAMED -Xmx2048m -Dfile.encoding=UTF-8 -Duser.country=PL -Duser.language=pl -Duser.variant org.gradle.launcher.daemon.bootstrap.GradleDaemon 7.0.2

Host: AMD Ryzen 5 3500U with Radeon Vega Mobile Gfx  , 8 cores, 13G,  Windows 10 , 64 bit Build 19041 (10.0.19041.1151)
Time: Wed Oct 13 16:53:08 2021 Œrodkowoeuropejski czas letni elapsed time: 72.671825 seconds (0d 0h 1m 12s)

---------------  T H R E A D  ---------------

Current thread (0x0000023279db8800):  JavaThread "C2 CompilerThread0" daemon [_thread_in_native, id=19756, stack(0x0000004166b00000,0x0000004166c00000)]


Current CompileTask:
C2:  72672 15641   !   4       jdk.internal.loader.Resource::getBytes (242 bytes)

Stack: [0x0000004166b00000,0x0000004166c00000]
Native frames: (J=compiled Java code, j=interpreted, Vv=VM code, C=native code)
V  [jvm.dll+0x5ecfaa]
V  [jvm.dll+0x722bd5]
V  [jvm.dll+0x72412d]
V  [jvm.dll+0x7247e3]
V  [jvm.dll+0x242928]
V  [jvm.dll+0xbc4fc]
V  [jvm.dll+0xbca0c]
V  [jvm.dll+0x2b4fd4]
V  [jvm.dll+0x506028]
V  [jvm.dll+0x203253]
V  [jvm.dll+0x1fd07c]
V  [jvm.dll+0x1fa77f]
V  [jvm.dll+0x18354c]
V  [jvm.dll+0x208ee7]
V  [jvm.dll+0x207731]
V  [jvm.dll+0x6eb1cf]
V  [jvm.dll+0x6e3d45]
V  [jvm.dll+0x5ebe96]
C  [ucrtbase.dll+0x21bb2]
C  [KERNEL32.DLL+0x17034]
C  [ntdll.dll+0x52651]


---------------  P R O C E S S  ---------------

Threads class SMR info:
_java_thread_list=0x000002320b677e80, length=66, elements={
0x000002325f0c2800, 0x0000023279d92800, 0x0000023279d97000, 0x0000023279db2800,
0x0000023279db4000, 0x0000023279db7000, 0x0000023279db8800, 0x0000023279e09800,
0x0000023279e67000, 0x0000023279f76800, 0x0000023279f77800, 0x0000023279f72800,
0x0000023279f74800, 0x0000023279f75000, 0x0000023279f78800, 0x0000023279f79000,
0x0000023279f73800, 0x0000023279f76000, 0x000002327b2fc800, 0x000002327b2f9800,
0x000002327b2ff000, 0x000002327b300000, 0x000002327b2fd800, 0x000002327b2fa800,
0x000002327b301000, 0x000002327b2fb000, 0x000002327b303800, 0x000002327b306800,
0x000002327b301800, 0x000002327b308000, 0x000002327b307800, 0x000002327b302800,
0x000002327c53d800, 0x000002327c538800, 0x000002327c539000, 0x000002327c540800,
0x000002327c53f000, 0x000002327c53b000, 0x000002327c545800, 0x000002327c543000,
0x000002327c542000, 0x000002327c544000, 0x000002327c544800, 0x000002327c53f800,
0x000002327c546000, 0x000002327c547000, 0x000002327c541800, 0x000002327b304000,
0x0000023200022800, 0x0000023200021000, 0x0000023200020800, 0x0000023200022000,
0x0000023200027800, 0x0000023200029800, 0x000002320002b000, 0x000002320002b800,
0x000002320002a000, 0x0000023200028800, 0x0000023200026000, 0x0000023200027000,
0x000002320002d800, 0x000002320002e000, 0x000002320002c800, 0x000002327b2fe800,
0x000002327b2fc000, 0x000002327c53e000
}

Java Threads: ( => current thread )
  0x000002325f0c2800 JavaThread "main" [_thread_blocked, id=19072, stack(0x0000004165f00000,0x0000004166000000)]
  0x0000023279d92800 JavaThread "Reference Handler" daemon [_thread_blocked, id=15932, stack(0x0000004166600000,0x0000004166700000)]
  0x0000023279d97000 JavaThread "Finalizer" daemon [_thread_blocked, id=11792, stack(0x0000004166700000,0x0000004166800000)]
  0x0000023279db2800 JavaThread "Signal Dispatcher" daemon [_thread_blocked, id=252, stack(0x0000004166800000,0x0000004166900000)]
  0x0000023279db4000 JavaThread "Attach Listener" daemon [_thread_blocked, id=13532, stack(0x0000004166900000,0x0000004166a00000)]
  0x0000023279db7000 JavaThread "Service Thread" daemon [_thread_blocked, id=15792, stack(0x0000004166a00000,0x0000004166b00000)]
=>0x0000023279db8800 JavaThread "C2 CompilerThread0" daemon [_thread_in_native, id=19756, stack(0x0000004166b00000,0x0000004166c00000)]
  0x0000023279e09800 JavaThread "C1 CompilerThread0" daemon [_thread_blocked, id=14224, stack(0x0000004166c00000,0x0000004166d00000)]
  0x0000023279e67000 JavaThread "Sweeper thread" daemon [_thread_blocked, id=13620, stack(0x0000004166d00000,0x0000004166e00000)]
  0x0000023279f76800 JavaThread "Common-Cleaner" daemon [_thread_blocked, id=5004, stack(0x0000004166e00000,0x0000004166f00000)]
  0x0000023279f77800 JavaThread "Daemon health stats" [_thread_blocked, id=9628, stack(0x0000004167600000,0x0000004167700000)]
  0x0000023279f72800 JavaThread "Incoming local TCP Connector on port 17676" [_thread_in_native, id=10500, stack(0x0000004167000000,0x0000004167100000)]
  0x0000023279f74800 JavaThread "Daemon periodic checks" [_thread_blocked, id=9352, stack(0x0000004167500000,0x0000004167600000)]
  0x0000023279f75000 JavaThread "Daemon" [_thread_blocked, id=13520, stack(0x0000004167700000,0x0000004167800000)]
  0x0000023279f78800 JavaThread "Handler for socket connection from /127.0.0.1:17676 to /127.0.0.1:17677" [_thread_in_native, id=15032, stack(0x0000004167800000,0x0000004167900000)]
  0x0000023279f79000 JavaThread "Cancel handler" [_thread_blocked, id=17180, stack(0x0000004167900000,0x0000004167a00000)]
  0x0000023279f73800 JavaThread "Daemon worker" [_thread_blocked, id=3412, stack(0x0000004167a00000,0x0000004167b00000)]
  0x0000023279f76000 JavaThread "Asynchronous log dispatcher for DefaultDaemonConnection: socket connection from /127.0.0.1:17676 to /127.0.0.1:17677" [_thread_blocked, id=8128, stack(0x0000004167b00000,0x0000004167c00000)]
  0x000002327b2fc800 JavaThread "Daemon client event forwarder" [_thread_blocked, id=4704, stack(0x0000004167d00000,0x0000004167e00000)]
  0x000002327b2f9800 JavaThread "Cache worker for file hash cache (C:\Users\Smok\.gradle\caches\7.0.2\fileHashes)" [_thread_blocked, id=7584, stack(0x0000004168100000,0x0000004168200000)]
  0x000002327b2ff000 JavaThread "File lock request listener" [_thread_in_native, id=18292, stack(0x0000004168200000,0x0000004168300000)]
  0x000002327b300000 JavaThread "Cache worker for journal cache (C:\Users\Smok\.gradle\caches\journal-1)" [_thread_blocked, id=5916, stack(0x0000004168400000,0x0000004168500000)]
  0x000002327b2fd800 JavaThread "Cache worker for file hash cache (C:\Users\Smok\AndroidStudioProjects\calculator\.gradle\7.0.2\fileHashes)" [_thread_blocked, id=16872, stack(0x0000004168500000,0x0000004168600000)]
  0x000002327b2fa800 JavaThread "File watcher server" daemon [_thread_in_native, id=19948, stack(0x0000004168700000,0x0000004168800000)]
  0x000002327b301000 JavaThread "File watcher consumer" daemon [_thread_blocked, id=17752, stack(0x0000004168800000,0x0000004168900000)]
  0x000002327b2fb000 JavaThread "Cache worker for checksums cache (C:\Users\Smok\AndroidStudioProjects\calculator\.gradle\checksums)" [_thread_blocked, id=2648, stack(0x0000004168900000,0x0000004168a00000)]
  0x000002327b303800 JavaThread "Cache worker for cache directory md-supplier (C:\Users\Smok\.gradle\caches\7.0.2\md-supplier)" [_thread_blocked, id=16728, stack(0x0000004168a00000,0x0000004168b00000)]
  0x000002327b306800 JavaThread "Cache worker for cache directory md-rule (C:\Users\Smok\.gradle\caches\7.0.2\md-rule)" [_thread_blocked, id=20052, stack(0x0000004168b00000,0x0000004168c00000)]
  0x000002327b301800 JavaThread "Cache worker for execution history cache (C:\Users\Smok\.gradle\caches\7.0.2\executionHistory)" [_thread_blocked, id=15536, stack(0x0000004168600000,0x0000004168700000)]
  0x000002327b308000 JavaThread "jar transforms" [_thread_blocked, id=16476, stack(0x0000004168e00000,0x0000004168f00000)]
  0x000002327b307800 JavaThread "jar transforms Thread 2" [_thread_blocked, id=10736, stack(0x0000004168f00000,0x0000004169000000)]
  0x000002327b302800 JavaThread "Cache worker for file content cache (C:\Users\Smok\.gradle\caches\7.0.2\fileContent)" [_thread_blocked, id=5228, stack(0x0000004169000000,0x0000004169100000)]
  0x000002327c53d800 JavaThread "Cache worker for dependencies-accessors (C:\Users\Smok\AndroidStudioProjects\calculator\.gradle\7.0.2\dependencies-accessors)" [_thread_blocked, id=2296, stack(0x0000004169100000,0x0000004169200000)]
  0x000002327c538800 JavaThread "jar transforms Thread 3" [_thread_blocked, id=3140, stack(0x0000004168d00000,0x0000004168e00000)]
  0x000002327c539000 JavaThread "Cache worker for Build Output Cleanup Cache (C:\Users\Smok\AndroidStudioProjects\calculator\.gradle\buildOutputCleanup)" [_thread_blocked, id=11976, stack(0x0000004169200000,0x0000004169300000)]
  0x000002327c540800 JavaThread "Build operations" [_thread_blocked, id=2104, stack(0x0000004169300000,0x0000004169400000)]
  0x000002327c53f000 JavaThread "Build operations Thread 2" [_thread_blocked, id=17052, stack(0x0000004169400000,0x0000004169500000)]
  0x000002327c53b000 JavaThread "Build operations Thread 3" [_thread_blocked, id=7924, stack(0x0000004169500000,0x0000004169600000)]
  0x000002327c545800 JavaThread "Build operations Thread 4" [_thread_blocked, id=19888, stack(0x0000004169600000,0x0000004169700000)]
  0x000002327c543000 JavaThread "Build operations Thread 5" [_thread_blocked, id=3596, stack(0x0000004169700000,0x0000004169800000)]
  0x000002327c542000 JavaThread "Build operations Thread 6" [_thread_blocked, id=7960, stack(0x0000004169800000,0x0000004169900000)]
  0x000002327c544000 JavaThread "Build operations Thread 7" [_thread_blocked, id=8552, stack(0x0000004169900000,0x0000004169a00000)]
  0x000002327c544800 JavaThread "Build operations Thread 8" [_thread_blocked, id=15900, stack(0x0000004169a00000,0x0000004169b00000)]
  0x000002327c53f800 JavaThread "jar transforms Thread 4" [_thread_blocked, id=18296, stack(0x0000004169b00000,0x0000004169c00000)]
  0x000002327c546000 JavaThread "jar transforms Thread 5" [_thread_blocked, id=5836, stack(0x0000004169c00000,0x0000004169d00000)]
  0x000002327c547000 JavaThread "jar transforms Thread 6" [_thread_blocked, id=11080, stack(0x0000004169d00000,0x0000004169e00000)]
  0x000002327c541800 JavaThread "jar transforms Thread 7" [_thread_blocked, id=6200, stack(0x0000004169e00000,0x0000004169f00000)]
  0x000002327b304000 JavaThread "jar transforms Thread 8" [_thread_blocked, id=19932, stack(0x0000004169f00000,0x000000416a000000)]
  0x0000023200022800 JavaThread "Memory manager" [_thread_blocked, id=808, stack(0x000000416a100000,0x000000416a200000)]
  0x0000023200021000 JavaThread "build event listener" [_thread_blocked, id=14204, stack(0x000000416a200000,0x000000416a300000)]
  0x0000023200020800 JavaThread "Execution worker for ':'" [_thread_blocked, id=2692, stack(0x000000416a300000,0x000000416a400000)]
  0x0000023200022000 JavaThread "Execution worker for ':' Thread 2" [_thread_in_vm, id=17340, stack(0x000000416a400000,0x000000416a500000)]
  0x0000023200027800 JavaThread "Execution worker for ':' Thread 3" [_thread_blocked, id=7616, stack(0x000000416a500000,0x000000416a600000)]
  0x0000023200029800 JavaThread "Execution worker for ':' Thread 4" [_thread_blocked, id=20260, stack(0x000000416a600000,0x000000416a700000)]
  0x000002320002b000 JavaThread "Execution worker for ':' Thread 5" [_thread_blocked, id=17820, stack(0x000000416a700000,0x000000416a800000)]
  0x000002320002b800 JavaThread "Execution worker for ':' Thread 6" [_thread_blocked, id=15700, stack(0x000000416a800000,0x000000416a900000)]
  0x000002320002a000 JavaThread "Execution worker for ':' Thread 7" [_thread_blocked, id=15612, stack(0x000000416a900000,0x000000416aa00000)]
  0x0000023200028800 JavaThread "Cache worker for execution history cache (C:\Users\Smok\AndroidStudioProjects\calculator\.gradle\7.0.2\executionHistory)" [_thread_blocked, id=3564, stack(0x000000416aa00000,0x000000416ab00000)]
  0x0000023200026000 JavaThread "WorkerExecutor Queue" [_thread_blocked, id=2156, stack(0x000000416ac00000,0x000000416ad00000)]
  0x0000023200027000 JavaThread "C2 CompilerThread1" daemon [_thread_blocked, id=6092, stack(0x000000416ab00000,0x000000416ac00000)]
  0x000002320002d800 JavaThread "WorkerExecutor Queue Thread 2" [_thread_blocked, id=8448, stack(0x0000004165c00000,0x0000004165d00000)]
  0x000002320002e000 JavaThread "WorkerExecutor Queue Thread 3" [_thread_blocked, id=9996, stack(0x0000004165d00000,0x0000004165e00000)]
  0x000002320002c800 JavaThread "WorkerExecutor Queue Thread 4" [_thread_blocked, id=19368, stack(0x0000004165e00000,0x0000004165f00000)]
  0x000002327b2fe800 JavaThread "WorkerExecutor Queue Thread 5" [_thread_blocked, id=17096, stack(0x0000004167c00000,0x0000004167d00000)]
  0x000002327b2fc000 JavaThread "WorkerExecutor Queue Thread 6" [_thread_blocked, id=5548, stack(0x000000416ae00000,0x000000416af00000)]
  0x000002327c53e000 JavaThread "WorkerExecutor Queue Thread 7" [_thread_blocked, id=17100, stack(0x000000416af00000,0x000000416b000000)]

Other Threads:
  0x0000023279565000 VMThread "VM Thread" [stack: 0x0000004166500000,0x0000004166600000] [id=13360]
  0x0000023279f9f000 WatcherThread [stack: 0x0000004166f00000,0x0000004167000000] [id=12008]
  0x000002325f0dc800 GCTaskThread "GC Thread#0" [stack: 0x0000004166000000,0x0000004166100000] [id=9720]
  0x000002327a320800 GCTaskThread "GC Thread#1" [stack: 0x0000004167100000,0x0000004167200000] [id=18504]
  0x000002327ad85800 GCTaskThread "GC Thread#2" [stack: 0x0000004167200000,0x0000004167300000] [id=18508]
  0x000002327ac7f000 GCTaskThread "GC Thread#3" [stack: 0x0000004167300000,0x0000004167400000] [id=16232]
  0x000002327ac80000 GCTaskThread "GC Thread#4" [stack: 0x0000004167400000,0x0000004167500000] [id=9024]
  0x0000023279f88800 GCTaskThread "GC Thread#5" [stack: 0x0000004167e00000,0x0000004167f00000] [id=5796]
  0x0000023279f93800 GCTaskThread "GC Thread#6" [stack: 0x0000004167f00000,0x0000004168000000] [id=10916]
  0x000002327bf9a000 GCTaskThread "GC Thread#7" [stack: 0x0000004168000000,0x0000004168100000] [id=19152]
  0x000002325f10e800 ConcurrentGCThread "G1 Main Marker" [stack: 0x0000004166100000,0x0000004166200000] [id=16752]
  0x000002325f10f800 ConcurrentGCThread "G1 Conc#0" [stack: 0x0000004166200000,0x0000004166300000] [id=13436]
  0x000002327a09b800 ConcurrentGCThread "G1 Conc#1" [stack: 0x0000004168300000,0x0000004168400000] [id=13288]
  0x00000232793d8800 ConcurrentGCThread "G1 Refine#0" [stack: 0x0000004166300000,0x0000004166400000] [id=780]
  0x00000232793d9000 ConcurrentGCThread "G1 Young RemSet Sampling" [stack: 0x0000004166400000,0x0000004166500000] [id=7268]

Threads with active compile tasks:
C2 CompilerThread0  72739 15641   !   4       jdk.internal.loader.Resource::getBytes (242 bytes)

VM state:not at safepoint (normal execution)

VM Mutex/Monitor currently owned by a thread: None

Heap address: 0x0000000080000000, size: 2048 MB, Compressed Oops mode: 32-bit
Narrow klass base: 0x0000000000000000, Narrow klass shift: 3
Compressed class space size: 1073741824 Address: 0x0000000100000000

Heap:
 garbage-first heap   total 229376K, used 102560K [0x0000000080000000, 0x0000000100000000)
  region size 1024K, 3 young (3072K), 2 survivors (2048K)
 Metaspace       used 102809K, capacity 105481K, committed 105856K, reserved 1146880K
  class space    used 13290K, capacity 14298K, committed 14464K, reserved 1048576K
Heap Regions: E=young(eden), S=young(survivor), O=old, HS=humongous(starts), HC=humongous(continues), CS=collection set, F=free, A=archive, TAMS=top-at-mark-start (previous, next)
|   0|0x0000000080000000, 0x0000000080100000, 0x0000000080100000|100%| O|  |TAMS 0x0000000080100000, 0x0000000080100000| Untracked 
|   1|0x0000000080100000, 0x0000000080200000, 0x0000000080200000|100%| O|  |TAMS 0x0000000080200000, 0x0000000080200000| Untracked 
|   2|0x0000000080200000, 0x0000000080300000, 0x0000000080300000|100%| O|  |TAMS 0x0000000080300000, 0x0000000080300000| Untracked 
|   3|0x0000000080300000, 0x0000000080400000, 0x0000000080400000|100%|HS|  |TAMS 0x0000000080400000, 0x0000000080400000| Complete 
|   4|0x0000000080400000, 0x0000000080500000, 0x0000000080500000|100%|HC|  |TAMS 0x0000000080500000, 0x0000000080500000| Complete 
|   5|0x0000000080500000, 0x0000000080600000, 0x0000000080600000|100%|HC|  |TAMS 0x0000000080600000, 0x0000000080600000| Complete 
|   6|0x0000000080600000, 0x0000000080700000, 0x0000000080700000|100%| O|  |TAMS 0x0000000080700000, 0x0000000080700000| Untracked 
|   7|0x0000000080700000, 0x0000000080800000, 0x0000000080800000|100%| O|  |TAMS 0x0000000080800000, 0x0000000080800000| Untracked 
|   8|0x0000000080800000, 0x0000000080900000, 0x0000000080900000|100%| O|  |TAMS 0x0000000080900000, 0x0000000080900000| Untracked 
|   9|0x0000000080900000, 0x0000000080a00000, 0x0000000080a00000|100%| O|  |TAMS 0x0000000080a00000, 0x0000000080a00000| Untracked 
|  10|0x0000000080a00000, 0x0000000080b00000, 0x0000000080b00000|100%| O|  |TAMS 0x0000000080b00000, 0x0000000080b00000| Untracked 
|  11|0x0000000080b00000, 0x0000000080c00000, 0x0000000080c00000|100%| O|  |TAMS 0x0000000080c00000, 0x0000000080c00000| Untracked 
|  12|0x0000000080c00000, 0x0000000080d00000, 0x0000000080d00000|100%|HS|  |TAMS 0x0000000080d00000, 0x0000000080d00000| Complete 
|  13|0x0000000080d00000, 0x0000000080e00000, 0x0000000080e00000|100%|HS|  |TAMS 0x0000000080e00000, 0x0000000080e00000| Complete 
|  14|0x0000000080e00000, 0x0000000080f00000, 0x0000000080f00000|100%|HS|  |TAMS 0x0000000080f00000, 0x0000000080f00000| Complete 
|  15|0x0000000080f00000, 0x0000000081000000, 0x0000000081000000|100%|HC|  |TAMS 0x0000000081000000, 0x0000000081000000| Complete 
|  16|0x0000000081000000, 0x0000000081100000, 0x0000000081100000|100%| O|  |TAMS 0x0000000081100000, 0x0000000081100000| Untracked 
|  17|0x0000000081100000, 0x0000000081200000, 0x0000000081200000|100%| O|  |TAMS 0x0000000081200000, 0x0000000081200000| Untracked 
|  18|0x0000000081200000, 0x0000000081300000, 0x0000000081300000|100%| O|  |TAMS 0x0000000081300000, 0x0000000081300000| Untracked 
|  19|0x0000000081300000, 0x0000000081400000, 0x0000000081400000|100%| O|  |TAMS 0x0000000081400000, 0x0000000081400000| Untracked 
|  20|0x0000000081400000, 0x0000000081500000, 0x0000000081500000|100%| O|  |TAMS 0x0000000081500000, 0x0000000081500000| Untracked 
|  21|0x0000000081500000, 0x0000000081600000, 0x0000000081600000|100%| O|  |TAMS 0x0000000081600000, 0x0000000081600000| Untracked 
|  22|0x0000000081600000, 0x0000000081700000, 0x0000000081700000|100%| O|  |TAMS 0x0000000081700000, 0x0000000081700000| Untracked 
|  23|0x0000000081700000, 0x0000000081800000, 0x0000000081800000|100%| O|  |TAMS 0x0000000081800000, 0x0000000081800000| Untracked 
|  24|0x0000000081800000, 0x0000000081900000, 0x0000000081900000|100%| O|  |TAMS 0x0000000081900000, 0x0000000081900000| Untracked 
|  25|0x0000000081900000, 0x0000000081a00000, 0x0000000081a00000|100%| O|  |TAMS 0x0000000081a00000, 0x0000000081a00000| Untracked 
|  26|0x0000000081a00000, 0x0000000081b00000, 0x0000000081b00000|100%| O|  |TAMS 0x0000000081b00000, 0x0000000081b00000| Untracked 
|  27|0x0000000081b00000, 0x0000000081c00000, 0x0000000081c00000|100%| O|  |TAMS 0x0000000081c00000, 0x0000000081c00000| Untracked 
|  28|0x0000000081c00000, 0x0000000081d00000, 0x0000000081d00000|100%| O|  |TAMS 0x0000000081d00000, 0x0000000081d00000| Untracked 
|  29|0x0000000081d00000, 0x0000000081e00000, 0x0000000081e00000|100%| O|  |TAMS 0x0000000081e00000, 0x0000000081e00000| Untracked 
|  30|0x0000000081e00000, 0x0000000081f00000, 0x0000000081f00000|100%| O|  |TAMS 0x0000000081f00000, 0x0000000081f00000| Untracked 
|  31|0x0000000081f00000, 0x0000000082000000, 0x0000000082000000|100%| O|  |TAMS 0x0000000082000000, 0x0000000082000000| Untracked 
|  32|0x0000000082000000, 0x0000000082100000, 0x0000000082100000|100%| O|  |TAMS 0x0000000082100000, 0x0000000082100000| Untracked 
|  33|0x0000000082100000, 0x0000000082200000, 0x0000000082200000|100%| O|  |TAMS 0x0000000082200000, 0x0000000082200000| Untracked 
|  34|0x0000000082200000, 0x0000000082300000, 0x0000000082300000|100%| O|  |TAMS 0x0000000082300000, 0x0000000082300000| Untracked 
|  35|0x0000000082300000, 0x0000000082400000, 0x0000000082400000|100%| O|  |TAMS 0x0000000082400000, 0x0000000082400000| Untracked 
|  36|0x0000000082400000, 0x0000000082500000, 0x0000000082500000|100%| O|  |TAMS 0x0000000082500000, 0x0000000082500000| Untracked 
|  37|0x0000000082500000, 0x0000000082600000, 0x0000000082600000|100%| O|  |TAMS 0x0000000082600000, 0x0000000082600000| Untracked 
|  38|0x0000000082600000, 0x0000000082700000, 0x0000000082700000|100%| O|  |TAMS 0x0000000082700000, 0x0000000082700000| Untracked 
|  39|0x0000000082700000, 0x0000000082800000, 0x0000000082800000|100%| O|  |TAMS 0x0000000082800000, 0x0000000082800000| Untracked 
|  40|0x0000000082800000, 0x0000000082900000, 0x0000000082900000|100%| O|  |TAMS 0x0000000082900000, 0x0000000082900000| Untracked 
|  41|0x0000000082900000, 0x0000000082a00000, 0x0000000082a00000|100%| O|  |TAMS 0x0000000082a00000, 0x0000000082a00000| Untracked 
|  42|0x0000000082a00000, 0x0000000082b00000, 0x0000000082b00000|100%| O|  |TAMS 0x0000000082b00000, 0x0000000082b00000| Untracked 
|  43|0x0000000082b00000, 0x0000000082c00000, 0x0000000082c00000|100%| O|  |TAMS 0x0000000082c00000, 0x0000000082c00000| Untracked 
|  44|0x0000000082c00000, 0x0000000082d00000, 0x0000000082d00000|100%| O|  |TAMS 0x0000000082d00000, 0x0000000082d00000| Untracked 
|  45|0x0000000082d00000, 0x0000000082e00000, 0x0000000082e00000|100%| O|  |TAMS 0x0000000082e00000, 0x0000000082e00000| Untracked 
|  46|0x0000000082e00000, 0x0000000082f00000, 0x0000000082f00000|100%| O|  |TAMS 0x0000000082f00000, 0x0000000082f00000| Untracked 
|  47|0x0000000082f00000, 0x0000000083000000, 0x0000000083000000|100%| O|  |TAMS 0x0000000083000000, 0x0000000083000000| Untracked 
|  48|0x0000000083000000, 0x0000000083100000, 0x0000000083100000|100%| O|  |TAMS 0x0000000083100000, 0x0000000083100000| Untracked 
|  49|0x0000000083100000, 0x0000000083200000, 0x0000000083200000|100%| O|  |TAMS 0x0000000083200000, 0x0000000083200000| Untracked 
|  50|0x0000000083200000, 0x0000000083300000, 0x0000000083300000|100%| O|  |TAMS 0x0000000083300000, 0x0000000083300000| Untracked 
|  51|0x0000000083300000, 0x0000000083400000, 0x0000000083400000|100%| O|  |TAMS 0x0000000083400000, 0x0000000083400000| Untracked 
|  52|0x0000000083400000, 0x0000000083500000, 0x0000000083500000|100%| O|  |TAMS 0x0000000083500000, 0x0000000083500000| Untracked 
|  53|0x0000000083500000, 0x0000000083600000, 0x0000000083600000|100%| O|  |TAMS 0x0000000083600000, 0x0000000083600000| Untracked 
|  54|0x0000000083600000, 0x0000000083700000, 0x0000000083700000|100%| O|  |TAMS 0x0000000083700000, 0x0000000083700000| Untracked 
|  55|0x0000000083700000, 0x0000000083800000, 0x0000000083800000|100%| O|  |TAMS 0x0000000083800000, 0x0000000083800000| Untracked 
|  56|0x0000000083800000, 0x0000000083900000, 0x0000000083900000|100%| O|  |TAMS 0x0000000083900000, 0x0000000083900000| Untracked 
|  57|0x0000000083900000, 0x0000000083a00000, 0x0000000083a00000|100%| O|  |TAMS 0x0000000083a00000, 0x0000000083a00000| Untracked 
|  58|0x0000000083a00000, 0x0000000083b00000, 0x0000000083b00000|100%| O|  |TAMS 0x0000000083b00000, 0x0000000083b00000| Untracked 
|  59|0x0000000083b00000, 0x0000000083c00000, 0x0000000083c00000|100%| O|  |TAMS 0x0000000083c00000, 0x0000000083c00000| Untracked 
|  60|0x0000000083c00000, 0x0000000083d00000, 0x0000000083d00000|100%| O|  |TAMS 0x0000000083d00000, 0x0000000083d00000| Untracked 
|  61|0x0000000083d00000, 0x0000000083e00000, 0x0000000083e00000|100%| O|  |TAMS 0x0000000083e00000, 0x0000000083e00000| Untracked 
|  62|0x0000000083e00000, 0x0000000083f00000, 0x0000000083f00000|100%| O|  |TAMS 0x0000000083f00000, 0x0000000083f00000| Untracked 
|  63|0x0000000083f00000, 0x0000000084000000, 0x0000000084000000|100%| O|  |TAMS 0x0000000084000000, 0x0000000084000000| Untracked 
|  64|0x0000000084000000, 0x0000000084100000, 0x0000000084100000|100%| O|  |TAMS 0x0000000084100000, 0x0000000084100000| Untracked 
|  65|0x0000000084100000, 0x0000000084200000, 0x0000000084200000|100%| O|  |TAMS 0x0000000084200000, 0x0000000084200000| Untracked 
|  66|0x0000000084200000, 0x0000000084300000, 0x0000000084300000|100%| O|  |TAMS 0x0000000084300000, 0x0000000084300000| Untracked 
|  67|0x0000000084300000, 0x0000000084400000, 0x0000000084400000|100%| O|  |TAMS 0x0000000084400000, 0x0000000084400000| Untracked 
|  68|0x0000000084400000, 0x0000000084500000, 0x0000000084500000|100%| O|  |TAMS 0x0000000084500000, 0x0000000084500000| Untracked 
|  69|0x0000000084500000, 0x0000000084600000, 0x0000000084600000|100%| O|  |TAMS 0x0000000084600000, 0x0000000084600000| Untracked 
|  70|0x0000000084600000, 0x0000000084700000, 0x0000000084700000|100%| O|  |TAMS 0x0000000084620c00, 0x0000000084700000| Untracked 
|  71|0x0000000084700000, 0x0000000084800000, 0x0000000084800000|100%|HS|  |TAMS 0x0000000084700000, 0x0000000084800000| Complete 
|  72|0x0000000084800000, 0x0000000084900000, 0x0000000084900000|100%|HS|  |TAMS 0x0000000084800000, 0x0000000084900000| Complete 
|  73|0x0000000084900000, 0x0000000084a00000, 0x0000000084a00000|100%|HS|  |TAMS 0x0000000084900000, 0x0000000084a00000| Complete 
|  74|0x0000000084a00000, 0x0000000084b00000, 0x0000000084b00000|100%| O|  |TAMS 0x0000000084a00000, 0x0000000084b00000| Untracked 
|  75|0x0000000084b00000, 0x0000000084c00000, 0x0000000084c00000|100%| O|  |TAMS 0x0000000084b00000, 0x0000000084c00000| Untracked 
|  76|0x0000000084c00000, 0x0000000084d00000, 0x0000000084d00000|100%| O|  |TAMS 0x0000000084c00000, 0x0000000084d00000| Untracked 
|  77|0x0000000084d00000, 0x0000000084d00000, 0x0000000084e00000|  0%| F|  |TAMS 0x0000000084d00000, 0x0000000084d00000| Untracked 
|  78|0x0000000084e00000, 0x0000000084e00000, 0x0000000084f00000|  0%| F|  |TAMS 0x0000000084e00000, 0x0000000084e00000| Untracked 
|  79|0x0000000084f00000, 0x0000000084f00000, 0x0000000085000000|  0%| F|  |TAMS 0x0000000084f00000, 0x0000000084f00000| Untracked 
|  80|0x0000000085000000, 0x0000000085100000, 0x0000000085100000|100%| O|  |TAMS 0x0000000085000000, 0x0000000085100000| Untracked 
|  81|0x0000000085100000, 0x0000000085200000, 0x0000000085200000|100%| O|  |TAMS 0x0000000085100000, 0x0000000085200000| Untracked 
|  82|0x0000000085200000, 0x0000000085300000, 0x0000000085300000|100%| O|  |TAMS 0x0000000085200000, 0x0000000085300000| Untracked 
|  83|0x0000000085300000, 0x0000000085400000, 0x0000000085400000|100%| O|  |TAMS 0x0000000085300000, 0x0000000085400000| Untracked 
|  84|0x0000000085400000, 0x0000000085500000, 0x0000000085500000|100%| O|  |TAMS 0x0000000085400000, 0x0000000085500000| Untracked 
|  85|0x0000000085500000, 0x0000000085600000, 0x0000000085600000|100%| O|  |TAMS 0x0000000085500000, 0x0000000085600000| Untracked 
|  86|0x0000000085600000, 0x0000000085700000, 0x0000000085700000|100%| O|  |TAMS 0x0000000085600000, 0x0000000085700000| Untracked 
|  87|0x0000000085700000, 0x0000000085800000, 0x0000000085800000|100%| O|  |TAMS 0x0000000085700000, 0x0000000085800000| Untracked 
|  88|0x0000000085800000, 0x0000000085900000, 0x0000000085900000|100%| O|  |TAMS 0x0000000085800000, 0x0000000085900000| Untracked 
|  89|0x0000000085900000, 0x0000000085a00000, 0x0000000085a00000|100%| O|  |TAMS 0x0000000085900000, 0x0000000085a00000| Untracked 
|  90|0x0000000085a00000, 0x0000000085b00000, 0x0000000085b00000|100%| O|  |TAMS 0x0000000085a00000, 0x0000000085b00000| Untracked 
|  91|0x0000000085b00000, 0x0000000085c00000, 0x0000000085c00000|100%| O|  |TAMS 0x0000000085b00000, 0x0000000085c00000| Untracked 
|  92|0x0000000085c00000, 0x0000000085d00000, 0x0000000085d00000|100%| O|  |TAMS 0x0000000085c00000, 0x0000000085d00000| Untracked 
|  93|0x0000000085d00000, 0x0000000085e00000, 0x0000000085e00000|100%| O|  |TAMS 0x0000000085d00000, 0x0000000085e00000| Untracked 
|  94|0x0000000085e00000, 0x0000000085f00000, 0x0000000085f00000|100%| O|  |TAMS 0x0000000085e00000, 0x0000000085f00000| Untracked 
|  95|0x0000000085f00000, 0x0000000086000000, 0x0000000086000000|100%| O|  |TAMS 0x0000000085f00000, 0x0000000086000000| Untracked 
|  96|0x0000000086000000, 0x0000000086100000, 0x0000000086100000|100%| O|  |TAMS 0x0000000086000000, 0x0000000086100000| Untracked 
|  97|0x0000000086100000, 0x0000000086200000, 0x0000000086200000|100%| O|  |TAMS 0x0000000086100000, 0x0000000086200000| Untracked 
|  98|0x0000000086200000, 0x0000000086300000, 0x0000000086300000|100%| O|  |TAMS 0x0000000086200000, 0x0000000086300000| Untracked 
|  99|0x0000000086300000, 0x0000000086400000, 0x0000000086400000|100%| O|  |TAMS 0x0000000086300000, 0x0000000086400000| Untracked 
| 100|0x0000000086400000, 0x000000008648c000, 0x0000000086500000| 54%| O|  |TAMS 0x0000000086400000, 0x000000008648c000| Untracked 
| 101|0x0000000086500000, 0x0000000086500000, 0x0000000086600000|  0%| F|  |TAMS 0x0000000086500000, 0x0000000086500000| Untracked 
| 102|0x0000000086600000, 0x0000000086600000, 0x0000000086700000|  0%| F|  |TAMS 0x0000000086600000, 0x0000000086600000| Untracked 
| 103|0x0000000086700000, 0x0000000086800000, 0x0000000086800000|100%| O|  |TAMS 0x0000000086700000, 0x0000000086800000| Untracked 
| 104|0x0000000086800000, 0x0000000086800000, 0x0000000086900000|  0%| F|  |TAMS 0x0000000086800000, 0x0000000086800000| Untracked 
| 105|0x0000000086900000, 0x0000000086900000, 0x0000000086a00000|  0%| F|  |TAMS 0x0000000086900000, 0x0000000086900000| Untracked 
| 106|0x0000000086a00000, 0x0000000086a00000, 0x0000000086b00000|  0%| F|  |TAMS 0x0000000086a00000, 0x0000000086a00000| Untracked 
| 107|0x0000000086b00000, 0x0000000086b00000, 0x0000000086c00000|  0%| F|  |TAMS 0x0000000086b00000, 0x0000000086b00000| Untracked 
| 108|0x0000000086c00000, 0x0000000086c00000, 0x0000000086d00000|  0%| F|  |TAMS 0x0000000086c00000, 0x0000000086c00000| Untracked 
| 109|0x0000000086d00000, 0x0000000086d00000, 0x0000000086e00000|  0%| F|  |TAMS 0x0000000086d00000, 0x0000000086d00000| Untracked 
| 110|0x0000000086e00000, 0x0000000086e00000, 0x0000000086f00000|  0%| F|  |TAMS 0x0000000086e00000, 0x0000000086e00000| Untracked 
| 111|0x0000000086f00000, 0x0000000086f00000, 0x0000000087000000|  0%| F|  |TAMS 0x0000000086f00000, 0x0000000086f00000| Untracked 
| 112|0x0000000087000000, 0x0000000087000000, 0x0000000087100000|  0%| F|  |TAMS 0x0000000087000000, 0x0000000087000000| Untracked 
| 113|0x0000000087100000, 0x0000000087100000, 0x0000000087200000|  0%| F|  |TAMS 0x0000000087100000, 0x0000000087100000| Untracked 
| 114|0x0000000087200000, 0x0000000087200000, 0x0000000087300000|  0%| F|  |TAMS 0x0000000087200000, 0x0000000087200000| Untracked 
| 115|0x0000000087300000, 0x0000000087300000, 0x0000000087400000|  0%| F|  |TAMS 0x0000000087300000, 0x0000000087300000| Untracked 
| 116|0x0000000087400000, 0x0000000087400000, 0x0000000087500000|  0%| F|  |TAMS 0x0000000087400000, 0x0000000087400000| Untracked 
| 117|0x0000000087500000, 0x0000000087500000, 0x0000000087600000|  0%| F|  |TAMS 0x0000000087500000, 0x0000000087500000| Untracked 
| 118|0x0000000087600000, 0x0000000087600000, 0x0000000087700000|  0%| F|  |TAMS 0x0000000087600000, 0x0000000087600000| Untracked 
| 119|0x0000000087700000, 0x0000000087700000, 0x0000000087800000|  0%| F|  |TAMS 0x0000000087700000, 0x0000000087700000| Untracked 
| 120|0x0000000087800000, 0x0000000087800000, 0x0000000087900000|  0%| F|  |TAMS 0x0000000087800000, 0x0000000087800000| Untracked 
| 121|0x0000000087900000, 0x0000000087900000, 0x0000000087a00000|  0%| F|  |TAMS 0x0000000087900000, 0x0000000087900000| Untracked 
| 122|0x0000000087a00000, 0x0000000087a00000, 0x0000000087b00000|  0%| F|  |TAMS 0x0000000087a00000, 0x0000000087a00000| Untracked 
| 123|0x0000000087b00000, 0x0000000087b00000, 0x0000000087c00000|  0%| F|  |TAMS 0x0000000087b00000, 0x0000000087b00000| Untracked 
| 124|0x0000000087c00000, 0x0000000087c00000, 0x0000000087d00000|  0%| F|  |TAMS 0x0000000087c00000, 0x0000000087c00000| Untracked 
| 125|0x0000000087d00000, 0x0000000087d00000, 0x0000000087e00000|  0%| F|  |TAMS 0x0000000087d00000, 0x0000000087d00000| Untracked 
| 126|0x0000000087e00000, 0x0000000087e00000, 0x0000000087f00000|  0%| F|  |TAMS 0x0000000087e00000, 0x0000000087e00000| Untracked 
| 127|0x0000000087f00000, 0x0000000087f00000, 0x0000000088000000|  0%| F|  |TAMS 0x0000000087f00000, 0x0000000087f00000| Untracked 
| 128|0x0000000088000000, 0x0000000088000000, 0x0000000088100000|  0%| F|  |TAMS 0x0000000088000000, 0x0000000088000000| Untracked 
| 129|0x0000000088100000, 0x0000000088100000, 0x0000000088200000|  0%| F|  |TAMS 0x0000000088100000, 0x0000000088100000| Untracked 
| 130|0x0000000088200000, 0x0000000088200000, 0x0000000088300000|  0%| F|  |TAMS 0x0000000088200000, 0x0000000088200000| Untracked 
| 131|0x0000000088300000, 0x0000000088300000, 0x0000000088400000|  0%| F|  |TAMS 0x0000000088300000, 0x0000000088300000| Untracked 
| 132|0x0000000088400000, 0x0000000088400000, 0x0000000088500000|  0%| F|  |TAMS 0x0000000088400000, 0x0000000088400000| Untracked 
| 133|0x0000000088500000, 0x0000000088500000, 0x0000000088600000|  0%| F|  |TAMS 0x0000000088500000, 0x0000000088500000| Untracked 
| 134|0x0000000088600000, 0x0000000088600000, 0x0000000088700000|  0%| F|  |TAMS 0x0000000088600000, 0x0000000088600000| Untracked 
| 135|0x0000000088700000, 0x0000000088700000, 0x0000000088800000|  0%| F|  |TAMS 0x0000000088700000, 0x0000000088700000| Untracked 
| 136|0x0000000088800000, 0x0000000088800000, 0x0000000088900000|  0%| F|  |TAMS 0x0000000088800000, 0x0000000088800000| Untracked 
| 137|0x0000000088900000, 0x0000000088900000, 0x0000000088a00000|  0%| F|  |TAMS 0x0000000088900000, 0x0000000088900000| Untracked 
| 138|0x0000000088a00000, 0x0000000088a00000, 0x0000000088b00000|  0%| F|  |TAMS 0x0000000088a00000, 0x0000000088a00000| Untracked 
| 139|0x0000000088b00000, 0x0000000088b00000, 0x0000000088c00000|  0%| F|  |TAMS 0x0000000088b00000, 0x0000000088b00000| Untracked 
| 140|0x0000000088c00000, 0x0000000088c00000, 0x0000000088d00000|  0%| F|  |TAMS 0x0000000088c00000, 0x0000000088c00000| Untracked 
| 141|0x0000000088d00000, 0x0000000088d00000, 0x0000000088e00000|  0%| F|  |TAMS 0x0000000088d00000, 0x0000000088d00000| Untracked 
| 142|0x0000000088e00000, 0x0000000088e00000, 0x0000000088f00000|  0%| F|  |TAMS 0x0000000088e00000, 0x0000000088e00000| Untracked 
| 143|0x0000000088f00000, 0x0000000088f00000, 0x0000000089000000|  0%| F|  |TAMS 0x0000000088f00000, 0x0000000088f00000| Untracked 
| 144|0x0000000089000000, 0x0000000089000000, 0x0000000089100000|  0%| F|  |TAMS 0x0000000089000000, 0x0000000089000000| Untracked 
| 145|0x0000000089100000, 0x0000000089100000, 0x0000000089200000|  0%| F|  |TAMS 0x0000000089100000, 0x0000000089100000| Untracked 
| 146|0x0000000089200000, 0x0000000089200000, 0x0000000089300000|  0%| F|  |TAMS 0x0000000089200000, 0x0000000089200000| Untracked 
| 147|0x0000000089300000, 0x0000000089300000, 0x0000000089400000|  0%| F|  |TAMS 0x0000000089300000, 0x0000000089300000| Untracked 
| 148|0x0000000089400000, 0x0000000089400000, 0x0000000089500000|  0%| F|  |TAMS 0x0000000089400000, 0x0000000089400000| Untracked 
| 149|0x0000000089500000, 0x0000000089500000, 0x0000000089600000|  0%| F|  |TAMS 0x0000000089500000, 0x0000000089500000| Untracked 
| 150|0x0000000089600000, 0x0000000089600000, 0x0000000089700000|  0%| F|  |TAMS 0x0000000089600000, 0x0000000089600000| Untracked 
| 151|0x0000000089700000, 0x0000000089700000, 0x0000000089800000|  0%| F|  |TAMS 0x0000000089700000, 0x0000000089700000| Untracked 
| 152|0x0000000089800000, 0x0000000089800000, 0x0000000089900000|  0%| F|  |TAMS 0x0000000089800000, 0x0000000089800000| Untracked 
| 153|0x0000000089900000, 0x0000000089900000, 0x0000000089a00000|  0%| F|  |TAMS 0x0000000089900000, 0x0000000089900000| Untracked 
| 154|0x0000000089a00000, 0x0000000089a00000, 0x0000000089b00000|  0%| F|  |TAMS 0x0000000089a00000, 0x0000000089a00000| Untracked 
| 155|0x0000000089b00000, 0x0000000089b00000, 0x0000000089c00000|  0%| F|  |TAMS 0x0000000089b00000, 0x0000000089b00000| Untracked 
| 156|0x0000000089c00000, 0x0000000089c00000, 0x0000000089d00000|  0%| F|  |TAMS 0x0000000089c00000, 0x0000000089c00000| Untracked 
| 157|0x0000000089d00000, 0x0000000089d00000, 0x0000000089e00000|  0%| F|  |TAMS 0x0000000089d00000, 0x0000000089d00000| Untracked 
| 158|0x0000000089e00000, 0x0000000089e00000, 0x0000000089f00000|  0%| F|  |TAMS 0x0000000089e00000, 0x0000000089e00000| Untracked 
| 159|0x0000000089f00000, 0x0000000089f00000, 0x000000008a000000|  0%| F|  |TAMS 0x0000000089f00000, 0x0000000089f00000| Untracked 
| 160|0x000000008a000000, 0x000000008a000000, 0x000000008a100000|  0%| F|  |TAMS 0x000000008a000000, 0x000000008a000000| Untracked 
| 161|0x000000008a100000, 0x000000008a100000, 0x000000008a200000|  0%| F|  |TAMS 0x000000008a100000, 0x000000008a100000| Untracked 
| 162|0x000000008a200000, 0x000000008a200000, 0x000000008a300000|  0%| F|  |TAMS 0x000000008a200000, 0x000000008a200000| Untracked 
| 163|0x000000008a300000, 0x000000008a300000, 0x000000008a400000|  0%| F|  |TAMS 0x000000008a300000, 0x000000008a300000| Untracked 
| 164|0x000000008a400000, 0x000000008a400000, 0x000000008a500000|  0%| F|  |TAMS 0x000000008a400000, 0x000000008a400000| Untracked 
| 165|0x000000008a500000, 0x000000008a500000, 0x000000008a600000|  0%| F|  |TAMS 0x000000008a500000, 0x000000008a500000| Untracked 
| 166|0x000000008a600000, 0x000000008a600000, 0x000000008a700000|  0%| F|  |TAMS 0x000000008a600000, 0x000000008a600000| Untracked 
| 167|0x000000008a700000, 0x000000008a700000, 0x000000008a800000|  0%| F|  |TAMS 0x000000008a700000, 0x000000008a700000| Untracked 
| 168|0x000000008a800000, 0x000000008a800000, 0x000000008a900000|  0%| F|  |TAMS 0x000000008a800000, 0x000000008a800000| Untracked 
| 169|0x000000008a900000, 0x000000008a900000, 0x000000008aa00000|  0%| F|  |TAMS 0x000000008a900000, 0x000000008a900000| Untracked 
| 170|0x000000008aa00000, 0x000000008aa00000, 0x000000008ab00000|  0%| F|  |TAMS 0x000000008aa00000, 0x000000008aa00000| Untracked 
| 171|0x000000008ab00000, 0x000000008ab00000, 0x000000008ac00000|  0%| F|  |TAMS 0x000000008ab00000, 0x000000008ab00000| Untracked 
| 172|0x000000008ac00000, 0x000000008ac00000, 0x000000008ad00000|  0%| F|  |TAMS 0x000000008ac00000, 0x000000008ac00000| Untracked 
| 173|0x000000008ad00000, 0x000000008ad00000, 0x000000008ae00000|  0%| F|  |TAMS 0x000000008ad00000, 0x000000008ad00000| Untracked 
| 174|0x000000008ae00000, 0x000000008ae00000, 0x000000008af00000|  0%| F|  |TAMS 0x000000008ae00000, 0x000000008ae00000| Untracked 
| 175|0x000000008af00000, 0x000000008af00000, 0x000000008b000000|  0%| F|  |TAMS 0x000000008af00000, 0x000000008af00000| Untracked 
| 176|0x000000008b000000, 0x000000008b000000, 0x000000008b100000|  0%| F|  |TAMS 0x000000008b000000, 0x000000008b000000| Untracked 
| 177|0x000000008b100000, 0x000000008b100000, 0x000000008b200000|  0%| F|  |TAMS 0x000000008b100000, 0x000000008b100000| Untracked 
| 178|0x000000008b200000, 0x000000008b200000, 0x000000008b300000|  0%| F|  |TAMS 0x000000008b200000, 0x000000008b200000| Untracked 
| 179|0x000000008b300000, 0x000000008b300000, 0x000000008b400000|  0%| F|  |TAMS 0x000000008b300000, 0x000000008b300000| Untracked 
| 180|0x000000008b400000, 0x000000008b400000, 0x000000008b500000|  0%| F|  |TAMS 0x000000008b400000, 0x000000008b400000| Untracked 
| 181|0x000000008b500000, 0x000000008b500000, 0x000000008b600000|  0%| F|  |TAMS 0x000000008b500000, 0x000000008b500000| Untracked 
| 182|0x000000008b600000, 0x000000008b600000, 0x000000008b700000|  0%| F|  |TAMS 0x000000008b600000, 0x000000008b600000| Untracked 
| 183|0x000000008b700000, 0x000000008b700000, 0x000000008b800000|  0%| F|  |TAMS 0x000000008b700000, 0x000000008b700000| Untracked 
| 184|0x000000008b800000, 0x000000008b800000, 0x000000008b900000|  0%| F|  |TAMS 0x000000008b800000, 0x000000008b800000| Untracked 
| 185|0x000000008b900000, 0x000000008b900000, 0x000000008ba00000|  0%| F|  |TAMS 0x000000008b900000, 0x000000008b900000| Untracked 
| 186|0x000000008ba00000, 0x000000008ba00000, 0x000000008bb00000|  0%| F|  |TAMS 0x000000008ba00000, 0x000000008ba00000| Untracked 
| 187|0x000000008bb00000, 0x000000008bb00000, 0x000000008bc00000|  0%| F|  |TAMS 0x000000008bb00000, 0x000000008bb00000| Untracked 
| 188|0x000000008bc00000, 0x000000008bc00000, 0x000000008bd00000|  0%| F|  |TAMS 0x000000008bc00000, 0x000000008bc00000| Untracked 
| 189|0x000000008bd00000, 0x000000008bd00000, 0x000000008be00000|  0%| F|  |TAMS 0x000000008bd00000, 0x000000008bd00000| Untracked 
| 190|0x000000008be00000, 0x000000008be00000, 0x000000008bf00000|  0%| F|  |TAMS 0x000000008be00000, 0x000000008be00000| Untracked 
| 191|0x000000008bf00000, 0x000000008bf00000, 0x000000008c000000|  0%| F|  |TAMS 0x000000008bf00000, 0x000000008bf00000| Untracked 
| 192|0x000000008c000000, 0x000000008c000000, 0x000000008c100000|  0%| F|  |TAMS 0x000000008c000000, 0x000000008c000000| Untracked 
| 193|0x000000008c100000, 0x000000008c100000, 0x000000008c200000|  0%| F|  |TAMS 0x000000008c100000, 0x000000008c100000| Untracked 
| 194|0x000000008c200000, 0x000000008c200000, 0x000000008c300000|  0%| F|  |TAMS 0x000000008c200000, 0x000000008c200000| Untracked 
| 195|0x000000008c300000, 0x000000008c39c2b0, 0x000000008c400000| 61%| S|CS|TAMS 0x000000008c300000, 0x000000008c300000| Complete 
| 196|0x000000008c400000, 0x000000008c500000, 0x000000008c500000|100%| S|CS|TAMS 0x000000008c400000, 0x000000008c400000| Complete 
| 197|0x000000008c500000, 0x000000008c500000, 0x000000008c600000|  0%| F|  |TAMS 0x000000008c500000, 0x000000008c500000| Untracked 
| 198|0x000000008c600000, 0x000000008c600000, 0x000000008c700000|  0%| F|  |TAMS 0x000000008c600000, 0x000000008c600000| Untracked 
| 199|0x000000008c700000, 0x000000008c700000, 0x000000008c800000|  0%| F|  |TAMS 0x000000008c700000, 0x000000008c700000| Untracked 
| 200|0x000000008c800000, 0x000000008c800000, 0x000000008c900000|  0%| F|  |TAMS 0x000000008c800000, 0x000000008c800000| Untracked 
| 201|0x000000008c900000, 0x000000008c900000, 0x000000008ca00000|  0%| F|  |TAMS 0x000000008c900000, 0x000000008c900000| Untracked 
| 202|0x000000008ca00000, 0x000000008ca00000, 0x000000008cb00000|  0%| F|  |TAMS 0x000000008ca00000, 0x000000008ca00000| Untracked 
| 203|0x000000008cb00000, 0x000000008cb00000, 0x000000008cc00000|  0%| F|  |TAMS 0x000000008cb00000, 0x000000008cb00000| Untracked 
| 204|0x000000008cc00000, 0x000000008cc00000, 0x000000008cd00000|  0%| F|  |TAMS 0x000000008cc00000, 0x000000008cc00000| Untracked 
| 205|0x000000008cd00000, 0x000000008cd00000, 0x000000008ce00000|  0%| F|  |TAMS 0x000000008cd00000, 0x000000008cd00000| Untracked 
| 206|0x000000008ce00000, 0x000000008ce00000, 0x000000008cf00000|  0%| F|  |TAMS 0x000000008ce00000, 0x000000008ce00000| Untracked 
| 207|0x000000008cf00000, 0x000000008cf00000, 0x000000008d000000|  0%| F|  |TAMS 0x000000008cf00000, 0x000000008cf00000| Untracked 
| 208|0x000000008d000000, 0x000000008d000000, 0x000000008d100000|  0%| F|  |TAMS 0x000000008d000000, 0x000000008d000000| Untracked 
| 209|0x000000008d100000, 0x000000008d100000, 0x000000008d200000|  0%| F|  |TAMS 0x000000008d100000, 0x000000008d100000| Untracked 
| 210|0x000000008d200000, 0x000000008d200000, 0x000000008d300000|  0%| F|  |TAMS 0x000000008d200000, 0x000000008d200000| Untracked 
| 211|0x000000008d300000, 0x000000008d300000, 0x000000008d400000|  0%| F|  |TAMS 0x000000008d300000, 0x000000008d300000| Untracked 
| 212|0x000000008d400000, 0x000000008d400000, 0x000000008d500000|  0%| F|  |TAMS 0x000000008d400000, 0x000000008d400000| Untracked 
| 213|0x000000008d500000, 0x000000008d500000, 0x000000008d600000|  0%| F|  |TAMS 0x000000008d500000, 0x000000008d500000| Untracked 
| 214|0x000000008d600000, 0x000000008d600000, 0x000000008d700000|  0%| F|  |TAMS 0x000000008d600000, 0x000000008d600000| Untracked 
| 215|0x000000008d700000, 0x000000008d700000, 0x000000008d800000|  0%| F|  |TAMS 0x000000008d700000, 0x000000008d700000| Untracked 
| 216|0x000000008d800000, 0x000000008d800000, 0x000000008d900000|  0%| F|  |TAMS 0x000000008d800000, 0x000000008d800000| Untracked 
| 217|0x000000008d900000, 0x000000008d900000, 0x000000008da00000|  0%| F|  |TAMS 0x000000008d900000, 0x000000008d900000| Untracked 
| 218|0x000000008da00000, 0x000000008da00000, 0x000000008db00000|  0%| F|  |TAMS 0x000000008da00000, 0x000000008da00000| Untracked 
| 219|0x000000008db00000, 0x000000008db00000, 0x000000008dc00000|  0%| F|  |TAMS 0x000000008db00000, 0x000000008db00000| Untracked 
| 220|0x000000008dc00000, 0x000000008dc00000, 0x000000008dd00000|  0%| F|  |TAMS 0x000000008dc00000, 0x000000008dc00000| Untracked 
| 221|0x000000008dd00000, 0x000000008dd00000, 0x000000008de00000|  0%| F|  |TAMS 0x000000008dd00000, 0x000000008dd00000| Untracked 
| 222|0x000000008de00000, 0x000000008de00000, 0x000000008df00000|  0%| F|  |TAMS 0x000000008de00000, 0x000000008de00000| Untracked 
| 223|0x000000008df00000, 0x000000008dfcd020, 0x000000008e000000| 80%| E|  |TAMS 0x000000008df00000, 0x000000008df00000| Complete 

Card table byte_map: [0x00000232722e0000,0x00000232726e0000] _byte_map_base: 0x0000023271ee0000

Marking Bits (Prev, Next): (CMBitMap*) 0x000002325f105b88, (CMBitMap*) 0x000002325f105bc0
 Prev Bits: [0x0000023272ae0000, 0x0000023274ae0000)
 Next Bits: [0x0000023274ae0000, 0x0000023276ae0000)

Polling page: 0x000002325d0b0000

Metaspace:

Usage:
  Non-class:     89.05 MB capacity,    87.45 MB ( 98%) used,     1.28 MB (  1%) free+waste,   324.63 KB ( <1%) overhead. 
      Class:     13.96 MB capacity,    12.99 MB ( 93%) used,   859.08 KB (  6%) free+waste,   142.13 KB ( <1%) overhead. 
       Both:    103.01 MB capacity,   100.44 MB ( 98%) used,     2.12 MB (  2%) free+waste,   466.75 KB ( <1%) overhead. 

Virtual space:
  Non-class space:       96.00 MB reserved,      89.25 MB ( 93%) committed 
      Class space:        1.00 GB reserved,      14.13 MB (  1%) committed 
             Both:        1.09 GB reserved,     103.38 MB (  9%) committed 

Chunk freelists:
   Non-Class:  17.00 KB
       Class:  70.00 KB
        Both:  87.00 KB

MaxMetaspaceSize: 17179869184.00 GB
CompressedClassSpaceSize: 1.00 GB

CodeHeap 'non-profiled nmethods': size=120000Kb used=10979Kb max_used=10979Kb free=109020Kb
 bounds [0x000002326a680000, 0x000002326b140000, 0x0000023271bb0000]
CodeHeap 'profiled nmethods': size=120000Kb used=35496Kb max_used=35496Kb free=84503Kb
 bounds [0x0000023263150000, 0x0000023265400000, 0x000002326a680000]
CodeHeap 'non-nmethods': size=5760Kb used=2315Kb max_used=2396Kb free=3444Kb
 bounds [0x0000023262bb0000, 0x0000023262e20000, 0x0000023263150000]
 total_blobs=16132 nmethods=15205 adapters=836
 compilation: enabled
              stopped_count=0, restarted_count=0
 full_count=0

Compilation events (20 events):
Event: 72.368 Thread 0x000002320002f000 nmethod 15617 0x000002326b12d790 code [0x000002326b12d920, 0x000002326b12d998]
Event: 72.368 Thread 0x000002320002f000 15631       4       com.android.tools.r8.graph.N::hashCode (8 bytes)
Event: 72.369 Thread 0x000002320002f000 nmethod 15631 0x000002326b12da90 code [0x000002326b12dc20, 0x000002326b12dca8]
Event: 72.380 Thread 0x0000023279db8800 nmethod 15629 0x000002326b12dd90 code [0x000002326b12df40, 0x000002326b12e2d8]
Event: 72.381 Thread 0x0000023200027000 nmethod 15494 0x000002326b12e590 code [0x000002326b12ea80, 0x000002326b1343c0]
Event: 72.391 Thread 0x0000023279e09800 15634       3       com.google.common.io.ByteStreams$1::write (6 bytes)
Event: 72.391 Thread 0x0000023279e09800 nmethod 15634 0x00000232653f7310 code [0x00000232653f74e0, 0x00000232653f7728]
Event: 72.391 Thread 0x0000023279e09800 15635       3       org.gradle.internal.hash.Hashing$MessageDigestHasher::putBytes (11 bytes)
Event: 72.392 Thread 0x0000023279e09800 nmethod 15635 0x00000232653f7810 code [0x00000232653f79e0, 0x00000232653f7d18]
Event: 72.406 Thread 0x0000023279db8800 15636       4       com.google.common.collect.AbstractMapEntry::<init> (5 bytes)
Event: 72.407 Thread 0x0000023279db8800 nmethod 15636 0x000002326b137090 code [0x000002326b137220, 0x000002326b137278]
Event: 72.408 Thread 0x0000023200027000 15637       4       java.io.ObjectOutputStream$HandleTable::insert (39 bytes)
Event: 72.408 Thread 0x0000023279e09800 15638   !   3       java.io.ObjectStreamClass::invokeWriteObject (79 bytes)
Event: 72.409 Thread 0x0000023279e09800 nmethod 15638 0x00000232653f7e90 code [0x00000232653f8140, 0x00000232653f8ee8]
Event: 72.410 Thread 0x000002320002f000 15639       4       sun.net.util.IPAddressUtil::checkHostString (53 bytes)
Event: 72.414 Thread 0x0000023200027000 nmethod 15637 0x000002326b137310 code [0x000002326b1374c0, 0x000002326b1377a8]
Event: 72.416 Thread 0x000002320002f000 nmethod 15639 0x000002326b137990 code [0x000002326b137b60, 0x000002326b137db8]
Event: 72.465 Thread 0x0000023279e09800 15640       3       java.lang.String::regionMatches (150 bytes)
Event: 72.467 Thread 0x0000023279e09800 nmethod 15640 0x00000232653f9410 code [0x00000232653f9680, 0x00000232653fa048]
Event: 72.576 Thread 0x0000023279db8800 15641   !   4       jdk.internal.loader.Resource::getBytes (242 bytes)

GC Heap History (20 events):
Event: 53.210 GC heap before
{Heap before GC invocations=20 (full 0):
 garbage-first heap   total 229376K, used 185430K [0x0000000080000000, 0x0000000100000000)
  region size 1024K, 111 young (113664K), 4 survivors (4096K)
 Metaspace       used 96314K, capacity 98864K, committed 99072K, reserved 1134592K
  class space    used 12566K, capacity 13487K, committed 13568K, reserved 1048576K
}
Event: 53.220 GC heap after
{Heap after GC invocations=21 (full 0):
 garbage-first heap   total 229376K, used 77367K [0x0000000080000000, 0x0000000100000000)
  region size 1024K, 6 young (6144K), 6 survivors (6144K)
 Metaspace       used 96314K, capacity 98864K, committed 99072K, reserved 1134592K
  class space    used 12566K, capacity 13487K, committed 13568K, reserved 1048576K
}
Event: 55.827 GC heap before
{Heap before GC invocations=21 (full 0):
 garbage-first heap   total 229376K, used 106039K [0x0000000080000000, 0x0000000100000000)
  region size 1024K, 34 young (34816K), 6 survivors (6144K)
 Metaspace       used 97906K, capacity 100494K, committed 100608K, reserved 1136640K
  class space    used 12755K, capacity 13731K, committed 13824K, reserved 1048576K
}
Event: 55.843 GC heap after
{Heap after GC invocations=22 (full 0):
 garbage-first heap   total 229376K, used 80722K [0x0000000080000000, 0x0000000100000000)
  region size 1024K, 8 young (8192K), 8 survivors (8192K)
 Metaspace       used 97906K, capacity 100494K, committed 100608K, reserved 1136640K
  class space    used 12755K, capacity 13731K, committed 13824K, reserved 1048576K
}
Event: 57.408 GC heap before
{Heap before GC invocations=23 (full 0):
 garbage-first heap   total 229376K, used 182098K [0x0000000080000000, 0x0000000100000000)
  region size 1024K, 108 young (110592K), 8 survivors (8192K)
 Metaspace       used 97756K, capacity 100240K, committed 100864K, reserved 1136640K
  class space    used 12701K, capacity 13597K, committed 13824K, reserved 1048576K
}
Event: 57.421 GC heap after
{Heap after GC invocations=24 (full 0):
 garbage-first heap   total 229376K, used 76614K [0x0000000080000000, 0x0000000100000000)
  region size 1024K, 5 young (5120K), 5 survivors (5120K)
 Metaspace       used 97756K, capacity 100240K, committed 100864K, reserved 1136640K
  class space    used 12701K, capacity 13597K, committed 13824K, reserved 1048576K
}
Event: 58.305 GC heap before
{Heap before GC invocations=24 (full 0):
 garbage-first heap   total 229376K, used 183110K [0x0000000080000000, 0x0000000100000000)
  region size 1024K, 110 young (112640K), 5 survivors (5120K)
 Metaspace       used 97883K, capacity 100355K, committed 100864K, reserved 1136640K
  class space    used 12706K, capacity 13605K, committed 13824K, reserved 1048576K
}
Event: 58.315 GC heap after
{Heap after GC invocations=25 (full 0):
 garbage-first heap   total 229376K, used 76048K [0x0000000080000000, 0x0000000100000000)
  region size 1024K, 4 young (4096K), 4 survivors (4096K)
 Metaspace       used 97883K, capacity 100355K, committed 100864K, reserved 1136640K
  class space    used 12706K, capacity 13605K, committed 13824K, reserved 1048576K
}
Event: 60.339 GC heap before
{Heap before GC invocations=25 (full 0):
 garbage-first heap   total 229376K, used 186640K [0x0000000080000000, 0x0000000100000000)
  region size 1024K, 112 young (114688K), 4 survivors (4096K)
 Metaspace       used 97958K, capacity 100431K, committed 100864K, reserved 1136640K
  class space    used 12706K, capacity 13605K, committed 13824K, reserved 1048576K
}
Event: 60.350 GC heap after
{Heap after GC invocations=26 (full 0):
 garbage-first heap   total 229376K, used 78022K [0x0000000080000000, 0x0000000100000000)
  region size 1024K, 6 young (6144K), 6 survivors (6144K)
 Metaspace       used 97958K, capacity 100431K, committed 100864K, reserved 1136640K
  class space    used 12706K, capacity 13605K, committed 13824K, reserved 1048576K
}
Event: 62.906 GC heap before
{Heap before GC invocations=26 (full 0):
 garbage-first heap   total 229376K, used 187590K [0x0000000080000000, 0x0000000100000000)
  region size 1024K, 113 young (115712K), 6 survivors (6144K)
 Metaspace       used 97992K, capacity 100471K, committed 100864K, reserved 1136640K
  class space    used 12708K, capacity 13639K, committed 13824K, reserved 1048576K
}
Event: 62.918 GC heap after
{Heap after GC invocations=27 (full 0):
 garbage-first heap   total 229376K, used 78034K [0x0000000080000000, 0x0000000100000000)
  region size 1024K, 6 young (6144K), 6 survivors (6144K)
 Metaspace       used 97992K, capacity 100471K, committed 100864K, reserved 1136640K
  class space    used 12708K, capacity 13639K, committed 13824K, reserved 1048576K
}
Event: 65.914 GC heap before
{Heap before GC invocations=27 (full 0):
 garbage-first heap   total 229376K, used 188626K [0x0000000080000000, 0x0000000100000000)
  region size 1024K, 114 young (116736K), 6 survivors (6144K)
 Metaspace       used 98019K, capacity 100494K, committed 100864K, reserved 1136640K
  class space    used 12712K, capacity 13646K, committed 13824K, reserved 1048576K
}
Event: 65.930 GC heap after
{Heap after GC invocations=28 (full 0):
 garbage-first heap   total 229376K, used 76685K [0x0000000080000000, 0x0000000100000000)
  region size 1024K, 5 young (5120K), 5 survivors (5120K)
 Metaspace       used 98019K, capacity 100494K, committed 100864K, reserved 1136640K
  class space    used 12712K, capacity 13646K, committed 13824K, reserved 1048576K
}
Event: 67.263 GC heap before
{Heap before GC invocations=28 (full 0):
 garbage-first heap   total 229376K, used 189325K [0x0000000080000000, 0x0000000100000000)
  region size 1024K, 115 young (117760K), 5 survivors (5120K)
 Metaspace       used 98029K, capacity 100494K, committed 100864K, reserved 1136640K
  class space    used 12712K, capacity 13646K, committed 13824K, reserved 1048576K
}
Event: 67.271 GC heap after
{Heap after GC invocations=29 (full 0):
 garbage-first heap   total 229376K, used 77404K [0x0000000080000000, 0x0000000100000000)
  region size 1024K, 6 young (6144K), 6 survivors (6144K)
 Metaspace       used 98029K, capacity 100494K, committed 100864K, reserved 1136640K
  class space    used 12712K, capacity 13646K, committed 13824K, reserved 1048576K
}
Event: 69.814 GC heap before
{Heap before GC invocations=29 (full 0):
 garbage-first heap   total 229376K, used 196188K [0x0000000080000000, 0x0000000100000000)
  region size 1024K, 117 young (119808K), 6 survivors (6144K)
 Metaspace       used 99681K, capacity 102355K, committed 102656K, reserved 1138688K
  class space    used 12908K, capacity 13903K, committed 14080K, reserved 1048576K
}
Event: 69.837 GC heap after
{Heap after GC invocations=30 (full 0):
 garbage-first heap   total 229376K, used 90053K [0x0000000080000000, 0x0000000100000000)
  region size 1024K, 14 young (14336K), 14 survivors (14336K)
 Metaspace       used 99681K, capacity 102355K, committed 102656K, reserved 1138688K
  class space    used 12908K, capacity 13903K, committed 14080K, reserved 1048576K
}
Event: 71.681 GC heap before
{Heap before GC invocations=30 (full 0):
 garbage-first heap   total 229376K, used 189381K [0x0000000080000000, 0x0000000100000000)
  region size 1024K, 108 young (110592K), 14 survivors (14336K)
 Metaspace       used 102070K, capacity 104711K, committed 104960K, reserved 1140736K
  class space    used 13181K, capacity 14170K, committed 14336K, reserved 1048576K
}
Event: 71.733 GC heap after
{Heap after GC invocations=31 (full 0):
 garbage-first heap   total 229376K, used 108094K [0x0000000080000000, 0x0000000100000000)
  region size 1024K, 14 young (14336K), 14 survivors (14336K)
 Metaspace       used 102070K, capacity 104711K, committed 104960K, reserved 1140736K
  class space    used 13181K, capacity 14170K, committed 14336K, reserved 1048576K
}

Deoptimization events (20 events):
Event: 71.653 Thread 0x0000023200d53800 DEOPT PACKING pc=0x000002326b0e7e50 sp=0x000000416b8fdc90
Event: 71.653 Thread 0x0000023200d53800 DEOPT UNPACKING pc=0x0000023262bd78af sp=0x000000416b8fdbf0 mode 2
Event: 71.654 Thread 0x0000023200d53800 Uncommon trap: trap_request=0xffffffc6 fr.pc=0x000002326b0e7e50 relative=0x0000000000000a90
Event: 71.654 Thread 0x0000023200d53800 Uncommon trap: reason=bimorphic_or_optimized_type_check action=maybe_recompile pc=0x000002326b0e7e50 method=com.android.tools.r8.internal.DE$$Lambda$1209/0x0000000100c94c40.a(Ljava/lang/Object;Ljava/lang/Object;Lcom/android/tools/r8/internal/e8;)I @ 9 c2
Event: 71.654 Thread 0x0000023200d53800 DEOPT PACKING pc=0x000002326b0e7e50 sp=0x000000416b8fdc90
Event: 71.654 Thread 0x0000023200d53800 DEOPT UNPACKING pc=0x0000023262bd78af sp=0x000000416b8fdbf0 mode 2
Event: 71.737 Thread 0x0000023200d53800 Uncommon trap: trap_request=0xffffffc6 fr.pc=0x000002326b0e7e50 relative=0x0000000000000a90
Event: 71.737 Thread 0x0000023200d53800 Uncommon trap: reason=bimorphic_or_optimized_type_check action=maybe_recompile pc=0x000002326b0e7e50 method=com.android.tools.r8.internal.DE$$Lambda$1209/0x0000000100c94c40.a(Ljava/lang/Object;Ljava/lang/Object;Lcom/android/tools/r8/internal/e8;)I @ 9 c2
Event: 71.737 Thread 0x0000023200d53800 DEOPT PACKING pc=0x000002326b0e7e50 sp=0x000000416b8fdc90
Event: 71.737 Thread 0x0000023200d53800 DEOPT UNPACKING pc=0x0000023262bd78af sp=0x000000416b8fdbf0 mode 2
Event: 71.737 Thread 0x0000023200d53800 Uncommon trap: trap_request=0xffffffc6 fr.pc=0x000002326b0e7e50 relative=0x0000000000000a90
Event: 71.737 Thread 0x0000023200d53800 Uncommon trap: reason=bimorphic_or_optimized_type_check action=maybe_recompile pc=0x000002326b0e7e50 method=com.android.tools.r8.internal.DE$$Lambda$1209/0x0000000100c94c40.a(Ljava/lang/Object;Ljava/lang/Object;Lcom/android/tools/r8/internal/e8;)I @ 9 c2
Event: 71.737 Thread 0x0000023200d53800 DEOPT PACKING pc=0x000002326b0e7e50 sp=0x000000416b8fdc90
Event: 71.737 Thread 0x0000023200d53800 DEOPT UNPACKING pc=0x0000023262bd78af sp=0x000000416b8fdbf0 mode 2
Event: 72.172 Thread 0x0000023200d53800 DEOPT PACKING pc=0x0000023264f69f06 sp=0x000000416b8fdd80
Event: 72.172 Thread 0x0000023200d53800 DEOPT UNPACKING pc=0x0000023262bd76ce sp=0x000000416b8fd260 mode 0
Event: 72.293 Thread 0x0000023200d53800 DEOPT PACKING pc=0x000002326505be7b sp=0x000000416b8fe0a0
Event: 72.293 Thread 0x0000023200d53800 DEOPT UNPACKING pc=0x0000023262bd76ce sp=0x000000416b8fd538 mode 0
Event: 72.574 Thread 0x0000023200022000 DEOPT PACKING pc=0x0000023263b1d271 sp=0x000000416a4f6d20
Event: 72.574 Thread 0x0000023200022000 DEOPT UNPACKING pc=0x0000023262bd76ce sp=0x000000416a4f6238 mode 0

Classes redefined (0 events):
No events

Internal exceptions (20 events):
Event: 58.291 Thread 0x000002327c53b000 Exception <a 'sun/nio/fs/WindowsException'{0x00000000878efce0}> (0x00000000878efce0) thrown at [./src/hotspot/share/prims/jni.cpp, line 615]
Event: 58.320 Thread 0x000002327c543000 Exception <a 'sun/nio/fs/WindowsException'{0x000000008de09b58}> (0x000000008de09b58) thrown at [./src/hotspot/share/prims/jni.cpp, line 615]
Event: 58.382 Thread 0x000002327c544000 Exception <a 'sun/nio/fs/WindowsException'{0x000000008dbed6b0}> (0x000000008dbed6b0) thrown at [./src/hotspot/share/prims/jni.cpp, line 615]
Event: 58.554 Thread 0x000002327c540800 Exception <a 'sun/nio/fs/WindowsException'{0x000000008d044618}> (0x000000008d044618) thrown at [./src/hotspot/share/prims/jni.cpp, line 615]
Event: 58.614 Thread 0x000002327c53f000 Exception <a 'sun/nio/fs/WindowsException'{0x000000008cfdcc58}> (0x000000008cfdcc58) thrown at [./src/hotspot/share/prims/jni.cpp, line 615]
Event: 68.389 Thread 0x000002327c540800 Exception <a 'sun/nio/fs/WindowsException'{0x0000000089b48c38}> (0x0000000089b48c38) thrown at [./src/hotspot/share/prims/jni.cpp, line 615]
Event: 69.012 Thread 0x000002327b2fe800 Exception <a 'sun/nio/fs/WindowsException'{0x0000000088fb05c0}> (0x0000000088fb05c0) thrown at [./src/hotspot/share/prims/jni.cpp, line 615]
Event: 69.604 Thread 0x0000023279f73800 Exception <a 'sun/nio/fs/WindowsException'{0x00000000876bbb58}> (0x00000000876bbb58) thrown at [./src/hotspot/share/prims/jni.cpp, line 615]
Event: 69.604 Thread 0x0000023279f73800 Exception <a 'sun/nio/fs/WindowsException'{0x00000000876bbbd8}> (0x00000000876bbbd8) thrown at [./src/hotspot/share/prims/jni.cpp, line 615]
Event: 69.609 Thread 0x0000023279f73800 Exception <a 'sun/nio/fs/WindowsException'{0x00000000876d1700}> (0x00000000876d1700) thrown at [./src/hotspot/share/prims/jni.cpp, line 615]
Event: 69.837 Thread 0x0000023279f73800 Implicit null exception at 0x000002326a8bea54 to 0x000002326a8bfd00
Event: 69.937 Thread 0x0000023279f73800 Exception <a 'sun/nio/fs/WindowsException'{0x000000008df55cf0}> (0x000000008df55cf0) thrown at [./src/hotspot/share/prims/jni.cpp, line 615]
Event: 69.937 Thread 0x0000023279f73800 Exception <a 'sun/nio/fs/WindowsException'{0x000000008df57388}> (0x000000008df57388) thrown at [./src/hotspot/share/prims/jni.cpp, line 615]
Event: 69.938 Thread 0x0000023279f73800 Exception <a 'sun/nio/fs/WindowsException'{0x000000008df57680}> (0x000000008df57680) thrown at [./src/hotspot/share/prims/jni.cpp, line 615]
Event: 70.027 Thread 0x0000023279f73800 Exception <a 'sun/nio/fs/WindowsException'{0x000000008d3d0fd8}> (0x000000008d3d0fd8) thrown at [./src/hotspot/share/prims/jni.cpp, line 615]
Event: 70.028 Thread 0x0000023279f73800 Exception <a 'sun/nio/fs/WindowsException'{0x000000008d3d2690}> (0x000000008d3d2690) thrown at [./src/hotspot/share/prims/jni.cpp, line 615]
Event: 70.304 Thread 0x0000023200022000 Implicit null exception at 0x000002326aa31414 to 0x000002326aa31a50
Event: 70.606 Thread 0x0000023200022000 Exception <a 'sun/nio/fs/WindowsException'{0x000000008afb93c8}> (0x000000008afb93c8) thrown at [./src/hotspot/share/prims/jni.cpp, line 615]
Event: 70.627 Thread 0x0000023200022000 Implicit null exception at 0x000002326a7c0750 to 0x000002326a7c4b74
Event: 72.365 Thread 0x0000023200d53800 Exception <a 'sun/nio/fs/WindowsException'{0x000000008cbe53e0}> (0x000000008cbe53e0) thrown at [./src/hotspot/share/prims/jni.cpp, line 615]

Events (20 events):
Event: 72.641 loading class org/apache/http/impl/cookie/RFC2965DiscardAttributeHandler
Event: 72.641 loading class org/apache/http/impl/cookie/RFC2965DiscardAttributeHandler done
Event: 72.643 loading class org/apache/http/impl/cookie/RFC2109VersionHandler
Event: 72.643 loading class org/apache/http/impl/cookie/RFC2109VersionHandler done
Event: 72.645 loading class org/apache/http/impl/cookie/RFC2109DomainHandler
Event: 72.645 loading class org/apache/http/impl/cookie/RFC2109DomainHandler done
Event: 72.647 loading class org/apache/http/impl/cookie/NetscapeDraftSpec
Event: 72.647 loading class org/apache/http/impl/cookie/NetscapeDraftSpec done
Event: 72.652 loading class org/apache/http/impl/cookie/BasicDomainHandler
Event: 72.652 loading class org/apache/http/impl/cookie/BasicDomainHandler done
Event: 72.655 loading class org/apache/http/impl/cookie/BasicExpiresHandler
Event: 72.655 loading class org/apache/http/impl/cookie/BasicExpiresHandler done
Event: 72.657 loading class org/apache/http/impl/cookie/DefaultCookieSpec
Event: 72.657 loading class org/apache/http/impl/cookie/DefaultCookieSpec done
Event: 72.659 Executing VM operation: CollectForMetadataAllocation
Event: 72.659 Executing VM operation: CollectForMetadataAllocation done
Event: 72.663 loading class org/apache/http/util/Asserts
Event: 72.663 loading class org/apache/http/util/Asserts done
Event: 72.667 loading class org/apache/http/pool/AbstractConnPool$2
Event: 72.667 loading class org/apache/http/pool/AbstractConnPool$2 done


Dynamic libraries:
0x00007ff6b8000000 - 0x00007ff6b800a000 	C:\Program Files\Android\Android Studio\jre\bin\java.exe
0x00007ff9f2130000 - 0x00007ff9f2325000 	C:\windows\SYSTEM32\ntdll.dll
0x00007ff9c2960000 - 0x00007ff9c2975000 	C:\Program Files\Avast Software\Avast\aswhook.dll
0x00007ff9f09b0000 - 0x00007ff9f0a6d000 	C:\windows\System32\KERNEL32.DLL
0x00007ff9ef9d0000 - 0x00007ff9efc99000 	C:\windows\System32\KERNELBASE.dll
0x00007ff9efed0000 - 0x00007ff9effd0000 	C:\windows\System32\ucrtbase.dll
0x00007ff9ec3f0000 - 0x00007ff9ec407000 	C:\Program Files\Android\Android Studio\jre\bin\VCRUNTIME140.dll
0x00007ff9eb280000 - 0x00007ff9eb299000 	C:\Program Files\Android\Android Studio\jre\bin\jli.dll
0x00007ff9f1550000 - 0x00007ff9f16f0000 	C:\windows\System32\USER32.dll
0x00007ff9efea0000 - 0x00007ff9efec2000 	C:\windows\System32\win32u.dll
0x00007ff9dda60000 - 0x00007ff9ddcfa000 	C:\windows\WinSxS\amd64_microsoft.windows.common-controls_6595b64144ccf1df_6.0.19041.1110_none_60b5254171f9507e\COMCTL32.dll
0x00007ff9f2030000 - 0x00007ff9f205a000 	C:\windows\System32\GDI32.dll
0x00007ff9f07c0000 - 0x00007ff9f085e000 	C:\windows\System32\msvcrt.dll
0x00007ff9efca0000 - 0x00007ff9efdab000 	C:\windows\System32\gdi32full.dll
0x00007ff9efe00000 - 0x00007ff9efe9d000 	C:\windows\System32\msvcp_win.dll
0x00007ff9f2060000 - 0x00007ff9f2090000 	C:\windows\System32\IMM32.DLL
0x00007ff9bc5e0000 - 0x00007ff9bc67d000 	C:\Program Files\Android\Android Studio\jre\bin\msvcp140.dll
0x00007ff96d5d0000 - 0x00007ff96e09f000 	C:\Program Files\Android\Android Studio\jre\bin\server\jvm.dll
0x00007ff9f1370000 - 0x00007ff9f141c000 	C:\windows\System32\ADVAPI32.dll
0x00007ff9f02c0000 - 0x00007ff9f035b000 	C:\windows\System32\sechost.dll
0x00007ff9f0360000 - 0x00007ff9f048a000 	C:\windows\System32\RPCRT4.dll
0x00007ff9f0490000 - 0x00007ff9f0498000 	C:\windows\System32\PSAPI.DLL
0x00007ff9e6440000 - 0x00007ff9e6467000 	C:\windows\SYSTEM32\WINMM.dll
0x00007ff9d6000000 - 0x00007ff9d6009000 	C:\windows\SYSTEM32\WSOCK32.dll
0x00007ff9e6750000 - 0x00007ff9e675a000 	C:\windows\SYSTEM32\VERSION.dll
0x00007ff9f1420000 - 0x00007ff9f148b000 	C:\windows\System32\WS2_32.dll
0x00007ff9ee0f0000 - 0x00007ff9ee102000 	C:\windows\SYSTEM32\kernel.appcore.dll
0x00007ff9dc700000 - 0x00007ff9dc711000 	C:\Program Files\Android\Android Studio\jre\bin\verify.dll
0x00007ff9eded0000 - 0x00007ff9ee0b4000 	C:\windows\SYSTEM32\DBGHELP.DLL
0x00007ff9dc040000 - 0x00007ff9dc06c000 	C:\windows\SYSTEM32\dbgcore.DLL
0x00007ff9ef940000 - 0x00007ff9ef9c3000 	C:\windows\System32\bcryptPrimitives.dll
0x00007ff9dc570000 - 0x00007ff9dc599000 	C:\Program Files\Android\Android Studio\jre\bin\java.dll
0x00007ff9e7630000 - 0x00007ff9e763b000 	C:\Program Files\Android\Android Studio\jre\bin\jimage.dll
0x00007ff9dbf80000 - 0x00007ff9dbf98000 	C:\Program Files\Android\Android Studio\jre\bin\zip.dll
0x00007ff9f0a70000 - 0x00007ff9f11af000 	C:\windows\System32\SHELL32.dll
0x00007ff9ed740000 - 0x00007ff9eded0000 	C:\windows\SYSTEM32\windows.storage.dll
0x00007ff9f1bf0000 - 0x00007ff9f1f45000 	C:\windows\System32\combase.dll
0x00007ff9ef1f0000 - 0x00007ff9ef21c000 	C:\windows\SYSTEM32\Wldp.dll
0x00007ff9f0680000 - 0x00007ff9f072e000 	C:\windows\System32\SHCORE.dll
0x00007ff9f0620000 - 0x00007ff9f0675000 	C:\windows\System32\shlwapi.dll
0x00007ff9ef7a0000 - 0x00007ff9ef7bf000 	C:\windows\SYSTEM32\profapi.dll
0x00007ff9dbf60000 - 0x00007ff9dbf7a000 	C:\Program Files\Android\Android Studio\jre\bin\net.dll
0x00007ff9e49a0000 - 0x00007ff9e4aa8000 	C:\windows\SYSTEM32\WINHTTP.dll
0x00007ff9eef50000 - 0x00007ff9eefba000 	C:\windows\system32\mswsock.dll
0x00007ff9dbf40000 - 0x00007ff9dbf54000 	C:\Program Files\Android\Android Studio\jre\bin\nio.dll
0x00007ff9bf0c0000 - 0x00007ff9bf0e7000 	C:\Users\Smok\.gradle\native\8bec1ad78214c89d9ad589b4d07fe93259594b29d510b10fafb7a158f7737e5d\windows-amd64\native-platform.dll
0x00007ff975880000 - 0x00007ff9759bd000 	C:\Users\Smok\.gradle\native\53dbd7edfb1c66fb8903c78663c9afc45aea4f116125fa6feffd364cf09443e8\windows-amd64\native-platform-file-events.dll
0x00007ff9e71a0000 - 0x00007ff9e71aa000 	C:\Program Files\Android\Android Studio\jre\bin\management.dll
0x00007ff9dda10000 - 0x00007ff9dda1c000 	C:\Program Files\Android\Android Studio\jre\bin\management_ext.dll
0x00007ff9ef140000 - 0x00007ff9ef158000 	C:\windows\SYSTEM32\CRYPTSP.dll
0x00007ff9ee8d0000 - 0x00007ff9ee904000 	C:\windows\system32\rsaenh.dll
0x00007ff9ef910000 - 0x00007ff9ef937000 	C:\windows\System32\bcrypt.dll
0x00007ff9ef760000 - 0x00007ff9ef78e000 	C:\windows\SYSTEM32\USERENV.dll
0x00007ff9ef160000 - 0x00007ff9ef16c000 	C:\windows\SYSTEM32\CRYPTBASE.dll
0x00007ff9eec40000 - 0x00007ff9eec7b000 	C:\windows\SYSTEM32\IPHLPAPI.DLL
0x00007ff9f1490000 - 0x00007ff9f1498000 	C:\windows\System32\NSI.dll
0x00007ff9ed660000 - 0x00007ff9ed677000 	C:\windows\SYSTEM32\dhcpcsvc6.DLL
0x00007ff9ed640000 - 0x00007ff9ed65d000 	C:\windows\SYSTEM32\dhcpcsvc.DLL
0x00007ff9eec80000 - 0x00007ff9eed4c000 	C:\windows\SYSTEM32\DNSAPI.dll
0x00007ff9dbcf0000 - 0x00007ff9dbd17000 	C:\Program Files\Android\Android Studio\jre\bin\sunec.dll

dbghelp: loaded successfully - version: 4.0.5 - missing functions: none
symbol engine: initialized successfully - sym options: 0x614 - pdb path: .;C:\Program Files\Android\Android Studio\jre\bin;C:\windows\SYSTEM32;C:\Program Files\Avast Software\Avast;C:\windows\WinSxS\amd64_microsoft.windows.common-controls_6595b64144ccf1df_6.0.19041.1110_none_60b5254171f9507e;C:\Program Files\Android\Android Studio\jre\bin\server;C:\Users\Smok\.gradle\native\8bec1ad78214c89d9ad589b4d07fe93259594b29d510b10fafb7a158f7737e5d\windows-amd64;C:\Users\Smok\.gradle\native\53dbd7edfb1c66fb8903c78663c9afc45aea4f116125fa6feffd364cf09443e8\windows-amd64

VM Arguments:
jvm_args: --add-opens=java.base/java.util=ALL-UNNAMED --add-opens=java.base/java.lang=ALL-UNNAMED --add-opens=java.base/java.lang.invoke=ALL-UNNAMED --add-opens=java.base/java.util=ALL-UNNAMED --add-opens=java.prefs/java.util.prefs=ALL-UNNAMED --add-opens=java.prefs/java.util.prefs=ALL-UNNAMED --add-opens=java.base/java.nio.charset=ALL-UNNAMED --add-opens=java.base/java.net=ALL-UNNAMED --add-opens=java.base/java.util.concurrent.atomic=ALL-UNNAMED -Xmx2048m -Dfile.encoding=UTF-8 -Duser.country=PL -Duser.language=pl -Duser.variant 
java_command: org.gradle.launcher.daemon.bootstrap.GradleDaemon 7.0.2
java_class_path (initial): C:\Users\Smok\.gradle\wrapper\dists\gradle-7.0.2-bin\857tjihv64xamwrf0h14cai3r\gradle-7.0.2\lib\gradle-launcher-7.0.2.jar
Launcher Type: SUN_STANDARD

[Global flags]
     intx CICompilerCount                          = 4                                         {product} {ergonomic}
     uint ConcGCThreads                            = 2                                         {product} {ergonomic}
     uint G1ConcRefinementThreads                  = 8                                         {product} {ergonomic}
   size_t G1HeapRegionSize                         = 1048576                                   {product} {ergonomic}
    uintx GCDrainStackTargetSize                   = 64                                        {product} {ergonomic}
   size_t InitialHeapSize                          = 234881024                                 {product} {ergonomic}
   size_t MarkStackSize                            = 4194304                                   {product} {ergonomic}
   size_t MaxHeapSize                              = 2147483648                                {product} {command line}
   size_t MaxNewSize                               = 1287651328                                {product} {ergonomic}
   size_t MinHeapDeltaBytes                        = 1048576                                   {product} {ergonomic}
    uintx NonNMethodCodeHeapSize                   = 5836300                                {pd product} {ergonomic}
    uintx NonProfiledCodeHeapSize                  = 122910970                              {pd product} {ergonomic}
    uintx ProfiledCodeHeapSize                     = 122910970                              {pd product} {ergonomic}
    uintx ReservedCodeCacheSize                    = 251658240                              {pd product} {ergonomic}
     bool SegmentedCodeCache                       = true                                      {product} {ergonomic}
     bool UseCompressedClassPointers               = true                                 {lp64_product} {ergonomic}
     bool UseCompressedOops                        = true                                 {lp64_product} {ergonomic}
     bool UseG1GC                                  = true                                      {product} {ergonomic}
     bool UseLargePagesIndividualAllocation        = false                                  {pd product} {ergonomic}

Logging:
Log output configuration:
 #0: stdout all=warning uptime,level,tags
 #1: stderr all=off uptime,level,tags

Environment Variables:
PATH=C:\db_home\bin;C:\Program Files (x86)\Common Files\Oracle\Java\javapath;C:\Program Files (x86)\PC Connectivity Solution\;C:\windows\system32;C:\windows;C:\windows\System32\Wbem;C:\windows\System32\WindowsPowerShell\v1.0\;C:\windows\System32\OpenSSH\;C:\Program Files\Git\cmd;C:\Program Files\MATLAB\R2021a\bin;C:\adb;C:\Users\Smok\AppData\Local\Microsoft\WindowsApps;C:\Program Files (x86)\Nmap;C:\Program Files\JetBrains\IntelliJ IDEA Community Edition 2021.1.1\bin;;C:\adb;
USERNAME=Smok
OS=Windows_NT
PROCESSOR_IDENTIFIER=AMD64 Family 23 Model 24 Stepping 1, AuthenticAMD



---------------  S Y S T E M  ---------------

OS: Windows 10 , 64 bit Build 19041 (10.0.19041.1151)
OS uptime: 3 days 7:17 hours

CPU:total 8 (initial active 8) (8 cores per cpu, 2 threads per core) family 23 model 24 stepping 1 microcode 0x0, cmov, cx8, fxsr, mmx, sse, sse2, sse3, ssse3, sse4.1, sse4.2, popcnt, avx, avx2, aes, clmul, mmxext, 3dnowpref, lzcnt, sse4a, ht, tsc, tscinvbit, tscinv, bmi1, bmi2, adx, s

Memory: 4k page, system-wide physical 14249M (2616M free)
TotalPageFile size 16926M (AvailPageFile size 3M)
current process WorkingSet (physical memory assigned to process): 562M, peak: 585M
current process commit charge ("private bytes"): 605M, peak: 632M

vm_info: OpenJDK 64-Bit Server VM (11.0.10+0-b96-7249189) for windows-amd64 JRE (11.0.10+0-b96-7249189), built on Mar 31 2021 21:44:00 by "builder" with MS VC++ 14.0 (VS2015)

END.
