#
# There is insufficient memory for the Java Runtime Environment to continue.
# Native memory allocation (malloc) failed to allocate 1167536 bytes for Chunk::new
# Possible reasons:
#   The system is out of physical RAM or swap space
#   The process is running with CompressedOops enabled, and the Java Heap may be blocking the growth of the native heap
# Possible solutions:
#   Reduce memory load on the system
#   Increase physical memory or swap space
#   Check if swap backing store is full
#   Decrease Java heap size (-Xmx/-Xms)
#   Decrease number of Java threads
#   Decrease Java thread stack sizes (-Xss)
#   Set larger code cache with -XX:ReservedCodeCacheSize=
#   JVM is running with Unscaled Compressed Oops mode in which the Java heap is
#     placed in the first 4GB address space. The Java Heap base address is the
#     maximum limit for the native heap growth. Please use -XX:HeapBaseMinAddress
#     to set the Java Heap base and to place the Java Heap above 4GB virtual address.
# This output file may be truncated or incomplete.
#
#  Out of Memory Error (./src/hotspot/share/memory/arena.cpp:197), pid=19976, tid=12296
#
# JRE version: OpenJDK Runtime Environment (11.0.10) (build 11.0.10+0-b96-7249189)
# Java VM: OpenJDK 64-Bit Server VM (11.0.10+0-b96-7249189, mixed mode, tiered, compressed oops, g1 gc, windows-amd64)
# No core dump will be written. Minidumps are not enabled by default on client versions of Windows
#

---------------  S U M M A R Y ------------

Command Line: --add-opens=java.base/java.util=ALL-UNNAMED --add-opens=java.base/java.lang=ALL-UNNAMED --add-opens=java.base/java.lang.invoke=ALL-UNNAMED --add-opens=java.base/java.util=ALL-UNNAMED --add-opens=java.prefs/java.util.prefs=ALL-UNNAMED --add-opens=java.prefs/java.util.prefs=ALL-UNNAMED --add-opens=java.base/java.nio.charset=ALL-UNNAMED --add-opens=java.base/java.net=ALL-UNNAMED --add-opens=java.base/java.util.concurrent.atomic=ALL-UNNAMED -Xmx2048m -Dfile.encoding=UTF-8 -Duser.country=PL -Duser.language=pl -Duser.variant org.gradle.launcher.daemon.bootstrap.GradleDaemon 7.0.2

Host: AMD Ryzen 5 3500U with Radeon Vega Mobile Gfx  , 8 cores, 13G,  Windows 10 , 64 bit Build 19041 (10.0.19041.1151)
Time: Wed Oct 13 16:51:55 2021 Œrodkowoeuropejski czas letni elapsed time: 31.952733 seconds (0d 0h 0m 31s)

---------------  T H R E A D  ---------------

Current thread (0x00000270d4a91800):  JavaThread "C2 CompilerThread2" daemon [_thread_in_native, id=12296, stack(0x000000b5bfc00000,0x000000b5bfd00000)]


Current CompileTask:
C2:  31952 13576       4       com.android.tools.r8.ir.regalloc.a::a (261 bytes)

Stack: [0x000000b5bfc00000,0x000000b5bfd00000]
Native frames: (J=compiled Java code, j=interpreted, Vv=VM code, C=native code)
V  [jvm.dll+0x5ecfaa]
V  [jvm.dll+0x722bd5]
V  [jvm.dll+0x72412d]
V  [jvm.dll+0x7247e3]
V  [jvm.dll+0x242928]
V  [jvm.dll+0xbc4fc]
V  [jvm.dll+0xbca0c]
V  [jvm.dll+0x352d3b]
V  [jvm.dll+0x19800c]
V  [jvm.dll+0x1fb70e]
V  [jvm.dll+0x1fa7f4]
V  [jvm.dll+0x18354c]
V  [jvm.dll+0x208ee7]
V  [jvm.dll+0x207731]
V  [jvm.dll+0x6eb1cf]
V  [jvm.dll+0x6e3d45]
V  [jvm.dll+0x5ebe96]
C  [ucrtbase.dll+0x21bb2]
C  [KERNEL32.DLL+0x17034]
C  [ntdll.dll+0x52651]


---------------  P R O C E S S  ---------------

Threads class SMR info:
_java_thread_list=0x00000270da479040, length=63, elements={
0x00000270b69f2800, 0x00000270d16c3800, 0x00000270d16cf000, 0x00000270d16dd800,
0x00000270d16de800, 0x00000270d16e0000, 0x00000270d16e7000, 0x00000270d173a800,
0x00000270d1774000, 0x00000270d18b9800, 0x00000270d2516800, 0x00000270d1a3d000,
0x00000270d4086800, 0x00000270d4d38000, 0x00000270d3b71000, 0x00000270d2dbe800,
0x00000270d2dbf800, 0x00000270d3d18800, 0x00000270d3f19800, 0x00000270d3f1b000,
0x00000270d3f1a000, 0x00000270d3f18800, 0x00000270d409f800, 0x00000270d40a3800,
0x00000270d40a0800, 0x00000270d40a3000, 0x00000270d40a4800, 0x00000270d40a6000,
0x00000270d40a1000, 0x00000270d40a2000, 0x00000270d52d4000, 0x00000270d52d8000,
0x00000270d52d4800, 0x00000270d52d5800, 0x00000270d52d7000, 0x00000270d52d9000,
0x00000270d52d3000, 0x00000270d52d9800, 0x00000270d52dc000, 0x00000270d52dd000,
0x00000270d52dd800, 0x00000270d52da800, 0x00000270d52de800, 0x00000270d52df800,
0x00000270d52e1000, 0x00000270d52e0000, 0x00000270d52db800, 0x00000270d52e2000,
0x00000270d8918000, 0x00000270d8917000, 0x00000270d8913000, 0x00000270d8915000,
0x00000270d8914000, 0x00000270d8919800, 0x00000270d891a800, 0x00000270d8916800,
0x00000270d8915800, 0x00000270d891e800, 0x00000270d891d000, 0x00000270d891b800,
0x00000270d8920000, 0x00000270daafe000, 0x00000270d4a91800
}

Java Threads: ( => current thread )
  0x00000270b69f2800 JavaThread "main" [_thread_blocked, id=1384, stack(0x000000b5baf00000,0x000000b5bb000000)]
  0x00000270d16c3800 JavaThread "Reference Handler" daemon [_thread_blocked, id=3636, stack(0x000000b5bb600000,0x000000b5bb700000)]
  0x00000270d16cf000 JavaThread "Finalizer" daemon [_thread_blocked, id=20216, stack(0x000000b5bb700000,0x000000b5bb800000)]
  0x00000270d16dd800 JavaThread "Signal Dispatcher" daemon [_thread_blocked, id=15516, stack(0x000000b5bb800000,0x000000b5bb900000)]
  0x00000270d16de800 JavaThread "Attach Listener" daemon [_thread_blocked, id=11056, stack(0x000000b5bb900000,0x000000b5bba00000)]
  0x00000270d16e0000 JavaThread "Service Thread" daemon [_thread_blocked, id=14068, stack(0x000000b5bba00000,0x000000b5bbb00000)]
  0x00000270d16e7000 JavaThread "C2 CompilerThread0" daemon [_thread_blocked, id=4996, stack(0x000000b5bbb00000,0x000000b5bbc00000)]
  0x00000270d173a800 JavaThread "C1 CompilerThread0" daemon [_thread_blocked, id=17308, stack(0x000000b5bbc00000,0x000000b5bbd00000)]
  0x00000270d1774000 JavaThread "Sweeper thread" daemon [_thread_blocked, id=7432, stack(0x000000b5bbd00000,0x000000b5bbe00000)]
  0x00000270d18b9800 JavaThread "Common-Cleaner" daemon [_thread_blocked, id=20148, stack(0x000000b5bbe00000,0x000000b5bbf00000)]
  0x00000270d2516800 JavaThread "Daemon health stats" [_thread_blocked, id=7248, stack(0x000000b5bc600000,0x000000b5bc700000)]
  0x00000270d1a3d000 JavaThread "Incoming local TCP Connector on port 17505" [_thread_in_native, id=9388, stack(0x000000b5bc000000,0x000000b5bc100000)]
  0x00000270d4086800 JavaThread "Daemon periodic checks" [_thread_blocked, id=19692, stack(0x000000b5bc500000,0x000000b5bc600000)]
  0x00000270d4d38000 JavaThread "Daemon" [_thread_blocked, id=4180, stack(0x000000b5bc700000,0x000000b5bc800000)]
  0x00000270d3b71000 JavaThread "Handler for socket connection from /127.0.0.1:17505 to /127.0.0.1:17506" [_thread_in_native, id=17588, stack(0x000000b5bc800000,0x000000b5bc900000)]
  0x00000270d2dbe800 JavaThread "Cancel handler" [_thread_blocked, id=3360, stack(0x000000b5bc900000,0x000000b5bca00000)]
  0x00000270d2dbf800 JavaThread "Daemon worker" [_thread_blocked, id=4156, stack(0x000000b5bca00000,0x000000b5bcb00000)]
  0x00000270d3d18800 JavaThread "Asynchronous log dispatcher for DefaultDaemonConnection: socket connection from /127.0.0.1:17505 to /127.0.0.1:17506" [_thread_blocked, id=5192, stack(0x000000b5bcb00000,0x000000b5bcc00000)]
  0x00000270d3f19800 JavaThread "Stdin handler" [_thread_blocked, id=17372, stack(0x000000b5bcc00000,0x000000b5bcd00000)]
  0x00000270d3f1b000 JavaThread "Daemon client event forwarder" [_thread_blocked, id=6700, stack(0x000000b5bcd00000,0x000000b5bce00000)]
  0x00000270d3f1a000 JavaThread "Cache worker for file hash cache (C:\Users\Smok\.gradle\caches\7.0.2\fileHashes)" [_thread_blocked, id=3600, stack(0x000000b5bce00000,0x000000b5bcf00000)]
  0x00000270d3f18800 JavaThread "File lock request listener" [_thread_in_native, id=2544, stack(0x000000b5bcf00000,0x000000b5bd000000)]
  0x00000270d409f800 JavaThread "Cache worker for journal cache (C:\Users\Smok\.gradle\caches\journal-1)" [_thread_blocked, id=15916, stack(0x000000b5bd400000,0x000000b5bd500000)]
  0x00000270d40a3800 JavaThread "Cache worker for file hash cache (C:\Users\Smok\AndroidStudioProjects\calculator\.gradle\7.0.2\fileHashes)" [_thread_blocked, id=17348, stack(0x000000b5bd600000,0x000000b5bd700000)]
  0x00000270d40a0800 JavaThread "File watcher server" daemon [_thread_in_native, id=15840, stack(0x000000b5bd700000,0x000000b5bd800000)]
  0x00000270d40a3000 JavaThread "File watcher consumer" daemon [_thread_blocked, id=5732, stack(0x000000b5bd800000,0x000000b5bd900000)]
  0x00000270d40a4800 JavaThread "Cache worker for checksums cache (C:\Users\Smok\AndroidStudioProjects\calculator\.gradle\checksums)" [_thread_blocked, id=20064, stack(0x000000b5bd900000,0x000000b5bda00000)]
  0x00000270d40a6000 JavaThread "Cache worker for cache directory md-supplier (C:\Users\Smok\.gradle\caches\7.0.2\md-supplier)" [_thread_blocked, id=18144, stack(0x000000b5bda00000,0x000000b5bdb00000)]
  0x00000270d40a1000 JavaThread "Cache worker for cache directory md-rule (C:\Users\Smok\.gradle\caches\7.0.2\md-rule)" [_thread_blocked, id=14952, stack(0x000000b5bdc00000,0x000000b5bdd00000)]
  0x00000270d40a2000 JavaThread "Cache worker for execution history cache (C:\Users\Smok\.gradle\caches\7.0.2\executionHistory)" [_thread_blocked, id=2516, stack(0x000000b5bdd00000,0x000000b5bde00000)]
  0x00000270d52d4000 JavaThread "jar transforms" [_thread_blocked, id=16260, stack(0x000000b5bde00000,0x000000b5bdf00000)]
  0x00000270d52d8000 JavaThread "jar transforms Thread 2" [_thread_blocked, id=6536, stack(0x000000b5bdf00000,0x000000b5be000000)]
  0x00000270d52d4800 JavaThread "Cache worker for file content cache (C:\Users\Smok\.gradle\caches\7.0.2\fileContent)" [_thread_blocked, id=9080, stack(0x000000b5be000000,0x000000b5be100000)]
  0x00000270d52d5800 JavaThread "Cache worker for dependencies-accessors (C:\Users\Smok\AndroidStudioProjects\calculator\.gradle\7.0.2\dependencies-accessors)" [_thread_blocked, id=13800, stack(0x000000b5be100000,0x000000b5be200000)]
  0x00000270d52d7000 JavaThread "jar transforms Thread 3" [_thread_blocked, id=6828, stack(0x000000b5be200000,0x000000b5be300000)]
  0x00000270d52d9000 JavaThread "Cache worker for Build Output Cleanup Cache (C:\Users\Smok\AndroidStudioProjects\calculator\.gradle\buildOutputCleanup)" [_thread_blocked, id=20124, stack(0x000000b5be300000,0x000000b5be400000)]
  0x00000270d52d3000 JavaThread "Build operations" [_thread_blocked, id=11468, stack(0x000000b5be400000,0x000000b5be500000)]
  0x00000270d52d9800 JavaThread "Build operations Thread 2" [_thread_in_Java, id=3956, stack(0x000000b5be500000,0x000000b5be600000)]
  0x00000270d52dc000 JavaThread "Build operations Thread 3" [_thread_in_native, id=17036, stack(0x000000b5be600000,0x000000b5be700000)]
  0x00000270d52dd000 JavaThread "Build operations Thread 4" [_thread_blocked, id=9124, stack(0x000000b5be700000,0x000000b5be800000)]
  0x00000270d52dd800 JavaThread "Build operations Thread 5" [_thread_blocked, id=15576, stack(0x000000b5be800000,0x000000b5be900000)]
  0x00000270d52da800 JavaThread "Build operations Thread 6" [_thread_in_Java, id=10532, stack(0x000000b5be900000,0x000000b5bea00000)]
  0x00000270d52de800 JavaThread "Build operations Thread 7" [_thread_in_Java, id=9288, stack(0x000000b5bea00000,0x000000b5beb00000)]
  0x00000270d52df800 JavaThread "Build operations Thread 8" [_thread_blocked, id=8744, stack(0x000000b5beb00000,0x000000b5bec00000)]
  0x00000270d52e1000 JavaThread "jar transforms Thread 4" [_thread_blocked, id=13892, stack(0x000000b5bec00000,0x000000b5bed00000)]
  0x00000270d52e0000 JavaThread "jar transforms Thread 5" [_thread_blocked, id=9972, stack(0x000000b5bed00000,0x000000b5bee00000)]
  0x00000270d52db800 JavaThread "jar transforms Thread 6" [_thread_blocked, id=9248, stack(0x000000b5bee00000,0x000000b5bef00000)]
  0x00000270d52e2000 JavaThread "jar transforms Thread 7" [_thread_blocked, id=11568, stack(0x000000b5bef00000,0x000000b5bf000000)]
  0x00000270d8918000 JavaThread "jar transforms Thread 8" [_thread_blocked, id=11364, stack(0x000000b5bf000000,0x000000b5bf100000)]
  0x00000270d8917000 JavaThread "Memory manager" [_thread_blocked, id=9368, stack(0x000000b5bf100000,0x000000b5bf200000)]
  0x00000270d8913000 JavaThread "build event listener" [_thread_blocked, id=9088, stack(0x000000b5bf200000,0x000000b5bf300000)]
  0x00000270d8915000 JavaThread "Execution worker for ':'" [_thread_blocked, id=18788, stack(0x000000b5bf300000,0x000000b5bf400000)]
  0x00000270d8914000 JavaThread "Execution worker for ':' Thread 2" [_thread_blocked, id=4376, stack(0x000000b5bf400000,0x000000b5bf500000)]
  0x00000270d8919800 JavaThread "Execution worker for ':' Thread 3" [_thread_blocked, id=10180, stack(0x000000b5bf500000,0x000000b5bf600000)]
  0x00000270d891a800 JavaThread "Execution worker for ':' Thread 4" [_thread_blocked, id=1952, stack(0x000000b5bf600000,0x000000b5bf700000)]
  0x00000270d8916800 JavaThread "Execution worker for ':' Thread 5" [_thread_blocked, id=8264, stack(0x000000b5bf700000,0x000000b5bf800000)]
  0x00000270d8915800 JavaThread "Execution worker for ':' Thread 6" [_thread_blocked, id=16368, stack(0x000000b5bf800000,0x000000b5bf900000)]
  0x00000270d891e800 JavaThread "Execution worker for ':' Thread 7" [_thread_in_Java, id=14748, stack(0x000000b5bf900000,0x000000b5bfa00000)]
  0x00000270d891d000 JavaThread "Cache worker for execution history cache (C:\Users\Smok\AndroidStudioProjects\calculator\.gradle\7.0.2\executionHistory)" [_thread_blocked, id=12516, stack(0x000000b5bfa00000,0x000000b5bfb00000)]
  0x00000270d891b800 JavaThread "WorkerExecutor Queue" [_thread_blocked, id=3380, stack(0x000000b5bfb00000,0x000000b5bfc00000)]
  0x00000270d8920000 JavaThread "WorkerExecutor Queue Thread 2" [_thread_blocked, id=18716, stack(0x000000b5bdb00000,0x000000b5bdc00000)]
  0x00000270daafe000 JavaThread "C2 CompilerThread1" daemon [_thread_in_native, id=14564, stack(0x000000b5bd500000,0x000000b5bd600000)]
=>0x00000270d4a91800 JavaThread "C2 CompilerThread2" daemon [_thread_in_native, id=12296, stack(0x000000b5bfc00000,0x000000b5bfd00000)]

Other Threads:
  0x00000270d0e95000 VMThread "VM Thread" [stack: 0x000000b5bb500000,0x000000b5bb600000] [id=5576]
  0x00000270d18d8800 WatcherThread [stack: 0x000000b5bbf00000,0x000000b5bc000000] [id=8116]
  0x00000270b6a0b800 GCTaskThread "GC Thread#0" [stack: 0x000000b5bb000000,0x000000b5bb100000] [id=7052]
  0x00000270d25d6800 GCTaskThread "GC Thread#1" [stack: 0x000000b5bc100000,0x000000b5bc200000] [id=13888]
  0x00000270d21fa800 GCTaskThread "GC Thread#2" [stack: 0x000000b5bc200000,0x000000b5bc300000] [id=10816]
  0x00000270d1d35800 GCTaskThread "GC Thread#3" [stack: 0x000000b5bc300000,0x000000b5bc400000] [id=8324]
  0x00000270d1f15800 GCTaskThread "GC Thread#4" [stack: 0x000000b5bc400000,0x000000b5bc500000] [id=14936]
  0x00000270d49a8800 GCTaskThread "GC Thread#5" [stack: 0x000000b5bd000000,0x000000b5bd100000] [id=16968]
  0x00000270d49a7800 GCTaskThread "GC Thread#6" [stack: 0x000000b5bd100000,0x000000b5bd200000] [id=17828]
  0x00000270d49a9800 GCTaskThread "GC Thread#7" [stack: 0x000000b5bd200000,0x000000b5bd300000] [id=16952]
  0x00000270b6a3c000 ConcurrentGCThread "G1 Main Marker" [stack: 0x000000b5bb100000,0x000000b5bb200000] [id=8480]
  0x00000270b6a3d800 ConcurrentGCThread "G1 Conc#0" [stack: 0x000000b5bb200000,0x000000b5bb300000] [id=9284]
  0x00000270d49aa000 ConcurrentGCThread "G1 Conc#1" [stack: 0x000000b5bd300000,0x000000b5bd400000] [id=17504]
  0x00000270b6ace000 ConcurrentGCThread "G1 Refine#0" [stack: 0x000000b5bb300000,0x000000b5bb400000] [id=12888]
  0x00000270d4c40000 ConcurrentGCThread "G1 Refine#1" [stack: 0x000000b5bfd00000,0x000000b5bfe00000] [id=17416]
  0x00000270d4c3b800 ConcurrentGCThread "G1 Refine#2" [stack: 0x000000b5bfe00000,0x000000b5bff00000] [id=5184]
  0x00000270d4c3c000 ConcurrentGCThread "G1 Refine#3" [stack: 0x000000b5bff00000,0x000000b5c0000000] [id=3572]
  0x00000270d4c3a000 ConcurrentGCThread "G1 Refine#4" [stack: 0x000000b5c0000000,0x000000b5c0100000] [id=16904]
  0x00000270d0d08800 ConcurrentGCThread "G1 Young RemSet Sampling" [stack: 0x000000b5bb400000,0x000000b5bb500000] [id=11500]

Threads with active compile tasks:
C2 CompilerThread0  32020 13960 %     4       com.android.tools.r8.ir.regalloc.a::a @ 2157 (3985 bytes)
C2 CompilerThread1  32021 13438       4       com.android.tools.r8.internal.W4::a (1165 bytes)
C2 CompilerThread2  32021 13576       4       com.android.tools.r8.ir.regalloc.a::a (261 bytes)

VM state:not at safepoint (normal execution)

VM Mutex/Monitor currently owned by a thread: None

Heap address: 0x0000000080000000, size: 2048 MB, Compressed Oops mode: 32-bit
Narrow klass base: 0x0000000000000000, Narrow klass shift: 3
Compressed class space size: 1073741824 Address: 0x0000000100000000

Heap:
 garbage-first heap   total 229376K, used 171744K [0x0000000080000000, 0x0000000100000000)
  region size 1024K, 91 young (93184K), 7 survivors (7168K)
 Metaspace       used 101005K, capacity 104049K, committed 104192K, reserved 1138688K
  class space    used 13208K, capacity 14381K, committed 14412K, reserved 1048576K
Heap Regions: E=young(eden), S=young(survivor), O=old, HS=humongous(starts), HC=humongous(continues), CS=collection set, F=free, A=archive, TAMS=top-at-mark-start (previous, next)
|   0|0x0000000080000000, 0x0000000080100000, 0x0000000080100000|100%| O|  |TAMS 0x0000000080100000, 0x0000000080000000| Untracked 
|   1|0x0000000080100000, 0x0000000080200000, 0x0000000080200000|100%| O|  |TAMS 0x0000000080200000, 0x0000000080100000| Untracked 
|   2|0x0000000080200000, 0x0000000080300000, 0x0000000080300000|100%| O|  |TAMS 0x0000000080300000, 0x0000000080200000| Untracked 
|   3|0x0000000080300000, 0x0000000080400000, 0x0000000080400000|100%|HS|  |TAMS 0x0000000080400000, 0x0000000080300000| Complete 
|   4|0x0000000080400000, 0x0000000080500000, 0x0000000080500000|100%|HC|  |TAMS 0x0000000080500000, 0x0000000080400000| Complete 
|   5|0x0000000080500000, 0x0000000080600000, 0x0000000080600000|100%|HC|  |TAMS 0x0000000080600000, 0x0000000080500000| Complete 
|   6|0x0000000080600000, 0x0000000080700000, 0x0000000080700000|100%| O|  |TAMS 0x0000000080700000, 0x0000000080600000| Untracked 
|   7|0x0000000080700000, 0x0000000080800000, 0x0000000080800000|100%| O|  |TAMS 0x0000000080800000, 0x0000000080700000| Untracked 
|   8|0x0000000080800000, 0x0000000080900000, 0x0000000080900000|100%| O|  |TAMS 0x0000000080900000, 0x0000000080800000| Untracked 
|   9|0x0000000080900000, 0x0000000080a00000, 0x0000000080a00000|100%| O|  |TAMS 0x0000000080a00000, 0x0000000080900000| Untracked 
|  10|0x0000000080a00000, 0x0000000080b00000, 0x0000000080b00000|100%| O|  |TAMS 0x0000000080b00000, 0x0000000080a00000| Untracked 
|  11|0x0000000080b00000, 0x0000000080c00000, 0x0000000080c00000|100%| O|  |TAMS 0x0000000080c00000, 0x0000000080b00000| Untracked 
|  12|0x0000000080c00000, 0x0000000080d00000, 0x0000000080d00000|100%| O|  |TAMS 0x0000000080d00000, 0x0000000080c00000| Untracked 
|  13|0x0000000080d00000, 0x0000000080e00000, 0x0000000080e00000|100%| O|  |TAMS 0x0000000080e00000, 0x0000000080d00000| Untracked 
|  14|0x0000000080e00000, 0x0000000080f00000, 0x0000000080f00000|100%| O|  |TAMS 0x0000000080f00000, 0x0000000080e00000| Untracked 
|  15|0x0000000080f00000, 0x0000000081000000, 0x0000000081000000|100%| O|  |TAMS 0x0000000081000000, 0x0000000080f00000| Untracked 
|  16|0x0000000081000000, 0x0000000081100000, 0x0000000081100000|100%| O|  |TAMS 0x0000000081100000, 0x0000000081000000| Untracked 
|  17|0x0000000081100000, 0x0000000081200000, 0x0000000081200000|100%|HS|  |TAMS 0x0000000081200000, 0x0000000081100000| Complete 
|  18|0x0000000081200000, 0x0000000081300000, 0x0000000081300000|100%|HS|  |TAMS 0x0000000081300000, 0x0000000081200000| Complete 
|  19|0x0000000081300000, 0x0000000081400000, 0x0000000081400000|100%|HS|  |TAMS 0x0000000081400000, 0x0000000081300000| Complete 
|  20|0x0000000081400000, 0x0000000081500000, 0x0000000081500000|100%|HC|  |TAMS 0x0000000081500000, 0x0000000081400000| Complete 
|  21|0x0000000081500000, 0x0000000081600000, 0x0000000081600000|100%| O|  |TAMS 0x0000000081600000, 0x0000000081500000| Untracked 
|  22|0x0000000081600000, 0x0000000081700000, 0x0000000081700000|100%| O|  |TAMS 0x0000000081700000, 0x0000000081600000| Untracked 
|  23|0x0000000081700000, 0x0000000081800000, 0x0000000081800000|100%| O|  |TAMS 0x0000000081800000, 0x0000000081700000| Untracked 
|  24|0x0000000081800000, 0x0000000081900000, 0x0000000081900000|100%| O|  |TAMS 0x0000000081900000, 0x0000000081800000| Untracked 
|  25|0x0000000081900000, 0x0000000081a00000, 0x0000000081a00000|100%| O|  |TAMS 0x0000000081a00000, 0x0000000081900000| Untracked 
|  26|0x0000000081a00000, 0x0000000081b00000, 0x0000000081b00000|100%| O|  |TAMS 0x0000000081b00000, 0x0000000081a00000| Untracked 
|  27|0x0000000081b00000, 0x0000000081c00000, 0x0000000081c00000|100%| O|  |TAMS 0x0000000081c00000, 0x0000000081b00000| Untracked 
|  28|0x0000000081c00000, 0x0000000081d00000, 0x0000000081d00000|100%| O|  |TAMS 0x0000000081d00000, 0x0000000081c00000| Untracked 
|  29|0x0000000081d00000, 0x0000000081e00000, 0x0000000081e00000|100%| O|  |TAMS 0x0000000081e00000, 0x0000000081d00000| Untracked 
|  30|0x0000000081e00000, 0x0000000081f00000, 0x0000000081f00000|100%| O|  |TAMS 0x0000000081f00000, 0x0000000081e00000| Untracked 
|  31|0x0000000081f00000, 0x0000000082000000, 0x0000000082000000|100%| O|  |TAMS 0x0000000082000000, 0x0000000081f00000| Untracked 
|  32|0x0000000082000000, 0x0000000082100000, 0x0000000082100000|100%| O|  |TAMS 0x0000000082100000, 0x0000000082000000| Untracked 
|  33|0x0000000082100000, 0x0000000082200000, 0x0000000082200000|100%| O|  |TAMS 0x0000000082200000, 0x0000000082100000| Untracked 
|  34|0x0000000082200000, 0x0000000082300000, 0x0000000082300000|100%| O|  |TAMS 0x0000000082300000, 0x0000000082200000| Untracked 
|  35|0x0000000082300000, 0x0000000082400000, 0x0000000082400000|100%| O|  |TAMS 0x0000000082400000, 0x0000000082300000| Untracked 
|  36|0x0000000082400000, 0x0000000082500000, 0x0000000082500000|100%| O|  |TAMS 0x0000000082500000, 0x0000000082400000| Untracked 
|  37|0x0000000082500000, 0x0000000082600000, 0x0000000082600000|100%| O|  |TAMS 0x0000000082600000, 0x0000000082500000| Untracked 
|  38|0x0000000082600000, 0x0000000082700000, 0x0000000082700000|100%| O|  |TAMS 0x0000000082700000, 0x0000000082600000| Untracked 
|  39|0x0000000082700000, 0x0000000082800000, 0x0000000082800000|100%| O|  |TAMS 0x0000000082800000, 0x0000000082700000| Untracked 
|  40|0x0000000082800000, 0x0000000082900000, 0x0000000082900000|100%| O|  |TAMS 0x000000008282e800, 0x0000000082800000| Untracked 
|  41|0x0000000082900000, 0x0000000082a00000, 0x0000000082a00000|100%| O|  |TAMS 0x0000000082900000, 0x0000000082900000| Untracked 
|  42|0x0000000082a00000, 0x0000000082b00000, 0x0000000082b00000|100%| O|  |TAMS 0x0000000082a00000, 0x0000000082a00000| Untracked 
|  43|0x0000000082b00000, 0x0000000082c00000, 0x0000000082c00000|100%| O|  |TAMS 0x0000000082b00000, 0x0000000082b00000| Untracked 
|  44|0x0000000082c00000, 0x0000000082d00000, 0x0000000082d00000|100%| O|  |TAMS 0x0000000082c00000, 0x0000000082c00000| Untracked 
|  45|0x0000000082d00000, 0x0000000082e00000, 0x0000000082e00000|100%| O|  |TAMS 0x0000000082d00000, 0x0000000082d00000| Untracked 
|  46|0x0000000082e00000, 0x0000000082f00000, 0x0000000082f00000|100%| O|  |TAMS 0x0000000082e00000, 0x0000000082e00000| Untracked 
|  47|0x0000000082f00000, 0x0000000083000000, 0x0000000083000000|100%| O|  |TAMS 0x0000000082f00000, 0x0000000082f00000| Untracked 
|  48|0x0000000083000000, 0x0000000083100000, 0x0000000083100000|100%| O|  |TAMS 0x0000000083000000, 0x0000000083000000| Untracked 
|  49|0x0000000083100000, 0x0000000083200000, 0x0000000083200000|100%| O|  |TAMS 0x0000000083100000, 0x0000000083100000| Untracked 
|  50|0x0000000083200000, 0x0000000083300000, 0x0000000083300000|100%| O|  |TAMS 0x0000000083200000, 0x0000000083200000| Untracked 
|  51|0x0000000083300000, 0x0000000083400000, 0x0000000083400000|100%| O|  |TAMS 0x0000000083300000, 0x0000000083300000| Untracked 
|  52|0x0000000083400000, 0x0000000083500000, 0x0000000083500000|100%| O|  |TAMS 0x0000000083400000, 0x0000000083400000| Untracked 
|  53|0x0000000083500000, 0x0000000083600000, 0x0000000083600000|100%| O|  |TAMS 0x0000000083500000, 0x0000000083500000| Untracked 
|  54|0x0000000083600000, 0x0000000083700000, 0x0000000083700000|100%| O|  |TAMS 0x0000000083600000, 0x0000000083600000| Untracked 
|  55|0x0000000083700000, 0x0000000083800000, 0x0000000083800000|100%| O|  |TAMS 0x0000000083700000, 0x0000000083700000| Untracked 
|  56|0x0000000083800000, 0x0000000083900000, 0x0000000083900000|100%| O|  |TAMS 0x0000000083800000, 0x0000000083800000| Untracked 
|  57|0x0000000083900000, 0x0000000083a00000, 0x0000000083a00000|100%| O|  |TAMS 0x0000000083900000, 0x0000000083900000| Untracked 
|  58|0x0000000083a00000, 0x0000000083b00000, 0x0000000083b00000|100%| O|  |TAMS 0x0000000083a00000, 0x0000000083a00000| Untracked 
|  59|0x0000000083b00000, 0x0000000083c00000, 0x0000000083c00000|100%| O|  |TAMS 0x0000000083b00000, 0x0000000083b00000| Untracked 
|  60|0x0000000083c00000, 0x0000000083d00000, 0x0000000083d00000|100%| O|  |TAMS 0x0000000083c00000, 0x0000000083c00000| Untracked 
|  61|0x0000000083d00000, 0x0000000083e00000, 0x0000000083e00000|100%| O|  |TAMS 0x0000000083d00000, 0x0000000083d00000| Untracked 
|  62|0x0000000083e00000, 0x0000000083f00000, 0x0000000083f00000|100%| O|  |TAMS 0x0000000083e00000, 0x0000000083e00000| Untracked 
|  63|0x0000000083f00000, 0x0000000084000000, 0x0000000084000000|100%| O|  |TAMS 0x0000000083f00000, 0x0000000083f00000| Untracked 
|  64|0x0000000084000000, 0x0000000084100000, 0x0000000084100000|100%| O|  |TAMS 0x0000000084000000, 0x0000000084000000| Untracked 
|  65|0x0000000084100000, 0x0000000084200000, 0x0000000084200000|100%| O|  |TAMS 0x0000000084100000, 0x0000000084100000| Untracked 
|  66|0x0000000084200000, 0x0000000084300000, 0x0000000084300000|100%| O|  |TAMS 0x0000000084200000, 0x0000000084200000| Untracked 
|  67|0x0000000084300000, 0x0000000084400000, 0x0000000084400000|100%| O|  |TAMS 0x0000000084300000, 0x0000000084300000| Untracked 
|  68|0x0000000084400000, 0x0000000084500000, 0x0000000084500000|100%| O|  |TAMS 0x0000000084400000, 0x0000000084400000| Untracked 
|  69|0x0000000084500000, 0x0000000084600000, 0x0000000084600000|100%| O|  |TAMS 0x0000000084500000, 0x0000000084500000| Untracked 
|  70|0x0000000084600000, 0x0000000084700000, 0x0000000084700000|100%| O|  |TAMS 0x0000000084600000, 0x0000000084600000| Untracked 
|  71|0x0000000084700000, 0x0000000084800000, 0x0000000084800000|100%| O|  |TAMS 0x0000000084700000, 0x0000000084700000| Untracked 
|  72|0x0000000084800000, 0x0000000084900000, 0x0000000084900000|100%| O|  |TAMS 0x0000000084800000, 0x0000000084800000| Untracked 
|  73|0x0000000084900000, 0x0000000084a00000, 0x0000000084a00000|100%| O|  |TAMS 0x0000000084900000, 0x0000000084900000| Untracked 
|  74|0x0000000084a00000, 0x0000000084b00000, 0x0000000084b00000|100%| O|  |TAMS 0x0000000084a00000, 0x0000000084a00000| Untracked 
|  75|0x0000000084b00000, 0x0000000084c00000, 0x0000000084c00000|100%| O|  |TAMS 0x0000000084b00000, 0x0000000084b00000| Untracked 
|  76|0x0000000084c00000, 0x0000000084d00000, 0x0000000084d00000|100%| O|  |TAMS 0x0000000084c00000, 0x0000000084c00000| Untracked 
|  77|0x0000000084d00000, 0x0000000084e00000, 0x0000000084e00000|100%| O|  |TAMS 0x0000000084d00000, 0x0000000084d00000| Untracked 
|  78|0x0000000084e00000, 0x0000000084f00000, 0x0000000084f00000|100%| O|  |TAMS 0x0000000084e00000, 0x0000000084e00000| Untracked 
|  79|0x0000000084f00000, 0x0000000084f3ac00, 0x0000000085000000| 22%| O|  |TAMS 0x0000000084f00000, 0x0000000084f00000| Untracked 
|  80|0x0000000085000000, 0x0000000085000000, 0x0000000085100000|  0%| F|  |TAMS 0x0000000085000000, 0x0000000085000000| Untracked 
|  81|0x0000000085100000, 0x0000000085100000, 0x0000000085200000|  0%| F|  |TAMS 0x0000000085100000, 0x0000000085100000| Untracked 
|  82|0x0000000085200000, 0x0000000085200000, 0x0000000085300000|  0%| F|  |TAMS 0x0000000085200000, 0x0000000085200000| Untracked 
|  83|0x0000000085300000, 0x0000000085300000, 0x0000000085400000|  0%| F|  |TAMS 0x0000000085300000, 0x0000000085300000| Untracked 
|  84|0x0000000085400000, 0x0000000085400000, 0x0000000085500000|  0%| F|  |TAMS 0x0000000085400000, 0x0000000085400000| Untracked 
|  85|0x0000000085500000, 0x0000000085500000, 0x0000000085600000|  0%| F|  |TAMS 0x0000000085500000, 0x0000000085500000| Untracked 
|  86|0x0000000085600000, 0x0000000085600000, 0x0000000085700000|  0%| F|  |TAMS 0x0000000085600000, 0x0000000085600000| Untracked 
|  87|0x0000000085700000, 0x0000000085700000, 0x0000000085800000|  0%| F|  |TAMS 0x0000000085700000, 0x0000000085700000| Untracked 
|  88|0x0000000085800000, 0x0000000085800000, 0x0000000085900000|  0%| F|  |TAMS 0x0000000085800000, 0x0000000085800000| Untracked 
|  89|0x0000000085900000, 0x0000000085900000, 0x0000000085a00000|  0%| F|  |TAMS 0x0000000085900000, 0x0000000085900000| Untracked 
|  90|0x0000000085a00000, 0x0000000085a00000, 0x0000000085b00000|  0%| F|  |TAMS 0x0000000085a00000, 0x0000000085a00000| Untracked 
|  91|0x0000000085b00000, 0x0000000085b00000, 0x0000000085c00000|  0%| F|  |TAMS 0x0000000085b00000, 0x0000000085b00000| Untracked 
|  92|0x0000000085c00000, 0x0000000085c00000, 0x0000000085d00000|  0%| F|  |TAMS 0x0000000085c00000, 0x0000000085c00000| Untracked 
|  93|0x0000000085d00000, 0x0000000085d00000, 0x0000000085e00000|  0%| F|  |TAMS 0x0000000085d00000, 0x0000000085d00000| Untracked 
|  94|0x0000000085e00000, 0x0000000085e00000, 0x0000000085f00000|  0%| F|  |TAMS 0x0000000085e00000, 0x0000000085e00000| Untracked 
|  95|0x0000000085f00000, 0x0000000085f00000, 0x0000000086000000|  0%| F|  |TAMS 0x0000000085f00000, 0x0000000085f00000| Untracked 
|  96|0x0000000086000000, 0x0000000086000000, 0x0000000086100000|  0%| F|  |TAMS 0x0000000086000000, 0x0000000086000000| Untracked 
|  97|0x0000000086100000, 0x0000000086100000, 0x0000000086200000|  0%| F|  |TAMS 0x0000000086100000, 0x0000000086100000| Untracked 
|  98|0x0000000086200000, 0x0000000086200000, 0x0000000086300000|  0%| F|  |TAMS 0x0000000086200000, 0x0000000086200000| Untracked 
|  99|0x0000000086300000, 0x0000000086300000, 0x0000000086400000|  0%| F|  |TAMS 0x0000000086300000, 0x0000000086300000| Untracked 
| 100|0x0000000086400000, 0x0000000086400000, 0x0000000086500000|  0%| F|  |TAMS 0x0000000086400000, 0x0000000086400000| Untracked 
| 101|0x0000000086500000, 0x0000000086500000, 0x0000000086600000|  0%| F|  |TAMS 0x0000000086500000, 0x0000000086500000| Untracked 
| 102|0x0000000086600000, 0x0000000086600000, 0x0000000086700000|  0%| F|  |TAMS 0x0000000086600000, 0x0000000086600000| Untracked 
| 103|0x0000000086700000, 0x0000000086700000, 0x0000000086800000|  0%| F|  |TAMS 0x0000000086700000, 0x0000000086700000| Untracked 
| 104|0x0000000086800000, 0x0000000086800000, 0x0000000086900000|  0%| F|  |TAMS 0x0000000086800000, 0x0000000086800000| Untracked 
| 105|0x0000000086900000, 0x0000000086900000, 0x0000000086a00000|  0%| F|  |TAMS 0x0000000086900000, 0x0000000086900000| Untracked 
| 106|0x0000000086a00000, 0x0000000086a00000, 0x0000000086b00000|  0%| F|  |TAMS 0x0000000086a00000, 0x0000000086a00000| Untracked 
| 107|0x0000000086b00000, 0x0000000086b00000, 0x0000000086c00000|  0%| F|  |TAMS 0x0000000086b00000, 0x0000000086b00000| Untracked 
| 108|0x0000000086c00000, 0x0000000086c00000, 0x0000000086d00000|  0%| F|  |TAMS 0x0000000086c00000, 0x0000000086c00000| Untracked 
| 109|0x0000000086d00000, 0x0000000086d00000, 0x0000000086e00000|  0%| F|  |TAMS 0x0000000086d00000, 0x0000000086d00000| Untracked 
| 110|0x0000000086e00000, 0x0000000086e00000, 0x0000000086f00000|  0%| F|  |TAMS 0x0000000086e00000, 0x0000000086e00000| Untracked 
| 111|0x0000000086f00000, 0x0000000086f00000, 0x0000000087000000|  0%| F|  |TAMS 0x0000000086f00000, 0x0000000086f00000| Untracked 
| 112|0x0000000087000000, 0x0000000087000000, 0x0000000087100000|  0%| F|  |TAMS 0x0000000087000000, 0x0000000087000000| Untracked 
| 113|0x0000000087100000, 0x000000008717d538, 0x0000000087200000| 48%| S|CS|TAMS 0x0000000087100000, 0x0000000087100000| Complete 
| 114|0x0000000087200000, 0x0000000087200000, 0x0000000087300000|  0%| F|  |TAMS 0x0000000087200000, 0x0000000087200000| Untracked 
| 115|0x0000000087300000, 0x0000000087300000, 0x0000000087400000|  0%| F|  |TAMS 0x0000000087300000, 0x0000000087300000| Untracked 
| 116|0x0000000087400000, 0x0000000087400000, 0x0000000087500000|  0%| F|  |TAMS 0x0000000087400000, 0x0000000087400000| Untracked 
| 117|0x0000000087500000, 0x0000000087500000, 0x0000000087600000|  0%| F|  |TAMS 0x0000000087500000, 0x0000000087500000| Untracked 
| 118|0x0000000087600000, 0x0000000087600000, 0x0000000087700000|  0%| F|  |TAMS 0x0000000087600000, 0x0000000087600000| Untracked 
| 119|0x0000000087700000, 0x0000000087700000, 0x0000000087800000|  0%| F|  |TAMS 0x0000000087700000, 0x0000000087700000| Untracked 
| 120|0x0000000087800000, 0x0000000087900000, 0x0000000087900000|100%| S|CS|TAMS 0x0000000087800000, 0x0000000087800000| Complete 
| 121|0x0000000087900000, 0x0000000087a00000, 0x0000000087a00000|100%| S|CS|TAMS 0x0000000087900000, 0x0000000087900000| Complete 
| 122|0x0000000087a00000, 0x0000000087a00000, 0x0000000087b00000|  0%| F|  |TAMS 0x0000000087a00000, 0x0000000087a00000| Untracked 
| 123|0x0000000087b00000, 0x0000000087b00000, 0x0000000087c00000|  0%| F|  |TAMS 0x0000000087b00000, 0x0000000087b00000| Untracked 
| 124|0x0000000087c00000, 0x0000000087d00000, 0x0000000087d00000|100%| S|CS|TAMS 0x0000000087c00000, 0x0000000087c00000| Complete 
| 125|0x0000000087d00000, 0x0000000087e00000, 0x0000000087e00000|100%| S|CS|TAMS 0x0000000087d00000, 0x0000000087d00000| Complete 
| 126|0x0000000087e00000, 0x0000000087f00000, 0x0000000087f00000|100%| S|CS|TAMS 0x0000000087e00000, 0x0000000087e00000| Complete 
| 127|0x0000000087f00000, 0x0000000088000000, 0x0000000088000000|100%| S|CS|TAMS 0x0000000087f00000, 0x0000000087f00000| Complete 
| 128|0x0000000088000000, 0x0000000088000000, 0x0000000088100000|  0%| F|  |TAMS 0x0000000088000000, 0x0000000088000000| Untracked 
| 129|0x0000000088100000, 0x0000000088100000, 0x0000000088200000|  0%| F|  |TAMS 0x0000000088100000, 0x0000000088100000| Untracked 
| 130|0x0000000088200000, 0x0000000088200000, 0x0000000088300000|  0%| F|  |TAMS 0x0000000088200000, 0x0000000088200000| Untracked 
| 131|0x0000000088300000, 0x0000000088300000, 0x0000000088400000|  0%| F|  |TAMS 0x0000000088300000, 0x0000000088300000| Untracked 
| 132|0x0000000088400000, 0x0000000088400000, 0x0000000088500000|  0%| F|  |TAMS 0x0000000088400000, 0x0000000088400000| Untracked 
| 133|0x0000000088500000, 0x0000000088500000, 0x0000000088600000|  0%| F|  |TAMS 0x0000000088500000, 0x0000000088500000| Untracked 
| 134|0x0000000088600000, 0x0000000088600000, 0x0000000088700000|  0%| F|  |TAMS 0x0000000088600000, 0x0000000088600000| Untracked 
| 135|0x0000000088700000, 0x0000000088700000, 0x0000000088800000|  0%| F|  |TAMS 0x0000000088700000, 0x0000000088700000| Untracked 
| 136|0x0000000088800000, 0x0000000088900000, 0x0000000088900000|100%| E|  |TAMS 0x0000000088800000, 0x0000000088800000| Complete 
| 137|0x0000000088900000, 0x0000000088a00000, 0x0000000088a00000|100%| E|CS|TAMS 0x0000000088900000, 0x0000000088900000| Complete 
| 138|0x0000000088a00000, 0x0000000088b00000, 0x0000000088b00000|100%| E|CS|TAMS 0x0000000088a00000, 0x0000000088a00000| Complete 
| 139|0x0000000088b00000, 0x0000000088c00000, 0x0000000088c00000|100%| E|CS|TAMS 0x0000000088b00000, 0x0000000088b00000| Complete 
| 140|0x0000000088c00000, 0x0000000088d00000, 0x0000000088d00000|100%| E|CS|TAMS 0x0000000088c00000, 0x0000000088c00000| Complete 
| 141|0x0000000088d00000, 0x0000000088e00000, 0x0000000088e00000|100%| E|CS|TAMS 0x0000000088d00000, 0x0000000088d00000| Complete 
| 142|0x0000000088e00000, 0x0000000088f00000, 0x0000000088f00000|100%| E|CS|TAMS 0x0000000088e00000, 0x0000000088e00000| Complete 
| 143|0x0000000088f00000, 0x0000000089000000, 0x0000000089000000|100%| E|CS|TAMS 0x0000000088f00000, 0x0000000088f00000| Complete 
| 144|0x0000000089000000, 0x0000000089100000, 0x0000000089100000|100%| E|CS|TAMS 0x0000000089000000, 0x0000000089000000| Complete 
| 145|0x0000000089100000, 0x0000000089200000, 0x0000000089200000|100%| E|CS|TAMS 0x0000000089100000, 0x0000000089100000| Complete 
| 146|0x0000000089200000, 0x0000000089300000, 0x0000000089300000|100%| E|CS|TAMS 0x0000000089200000, 0x0000000089200000| Complete 
| 147|0x0000000089300000, 0x0000000089400000, 0x0000000089400000|100%| E|CS|TAMS 0x0000000089300000, 0x0000000089300000| Complete 
| 148|0x0000000089400000, 0x0000000089500000, 0x0000000089500000|100%| E|CS|TAMS 0x0000000089400000, 0x0000000089400000| Complete 
| 149|0x0000000089500000, 0x0000000089600000, 0x0000000089600000|100%| E|CS|TAMS 0x0000000089500000, 0x0000000089500000| Complete 
| 150|0x0000000089600000, 0x0000000089700000, 0x0000000089700000|100%| E|CS|TAMS 0x0000000089600000, 0x0000000089600000| Complete 
| 151|0x0000000089700000, 0x0000000089800000, 0x0000000089800000|100%| E|CS|TAMS 0x0000000089700000, 0x0000000089700000| Complete 
| 152|0x0000000089800000, 0x0000000089900000, 0x0000000089900000|100%| E|CS|TAMS 0x0000000089800000, 0x0000000089800000| Complete 
| 153|0x0000000089900000, 0x0000000089a00000, 0x0000000089a00000|100%| E|CS|TAMS 0x0000000089900000, 0x0000000089900000| Complete 
| 154|0x0000000089a00000, 0x0000000089b00000, 0x0000000089b00000|100%| E|CS|TAMS 0x0000000089a00000, 0x0000000089a00000| Complete 
| 155|0x0000000089b00000, 0x0000000089c00000, 0x0000000089c00000|100%| E|CS|TAMS 0x0000000089b00000, 0x0000000089b00000| Complete 
| 156|0x0000000089c00000, 0x0000000089d00000, 0x0000000089d00000|100%| E|CS|TAMS 0x0000000089c00000, 0x0000000089c00000| Complete 
| 157|0x0000000089d00000, 0x0000000089e00000, 0x0000000089e00000|100%| E|CS|TAMS 0x0000000089d00000, 0x0000000089d00000| Complete 
| 158|0x0000000089e00000, 0x0000000089f00000, 0x0000000089f00000|100%| E|CS|TAMS 0x0000000089e00000, 0x0000000089e00000| Complete 
| 159|0x0000000089f00000, 0x000000008a000000, 0x000000008a000000|100%| E|CS|TAMS 0x0000000089f00000, 0x0000000089f00000| Complete 
| 160|0x000000008a000000, 0x000000008a100000, 0x000000008a100000|100%| E|CS|TAMS 0x000000008a000000, 0x000000008a000000| Complete 
| 161|0x000000008a100000, 0x000000008a200000, 0x000000008a200000|100%| E|CS|TAMS 0x000000008a100000, 0x000000008a100000| Complete 
| 162|0x000000008a200000, 0x000000008a300000, 0x000000008a300000|100%| E|CS|TAMS 0x000000008a200000, 0x000000008a200000| Complete 
| 163|0x000000008a300000, 0x000000008a400000, 0x000000008a400000|100%| E|CS|TAMS 0x000000008a300000, 0x000000008a300000| Complete 
| 164|0x000000008a400000, 0x000000008a500000, 0x000000008a500000|100%| E|CS|TAMS 0x000000008a400000, 0x000000008a400000| Complete 
| 165|0x000000008a500000, 0x000000008a600000, 0x000000008a600000|100%| E|CS|TAMS 0x000000008a500000, 0x000000008a500000| Complete 
| 166|0x000000008a600000, 0x000000008a700000, 0x000000008a700000|100%| E|CS|TAMS 0x000000008a600000, 0x000000008a600000| Complete 
| 167|0x000000008a700000, 0x000000008a800000, 0x000000008a800000|100%| E|CS|TAMS 0x000000008a700000, 0x000000008a700000| Complete 
| 168|0x000000008a800000, 0x000000008a900000, 0x000000008a900000|100%| E|CS|TAMS 0x000000008a800000, 0x000000008a800000| Complete 
| 169|0x000000008a900000, 0x000000008aa00000, 0x000000008aa00000|100%| E|CS|TAMS 0x000000008a900000, 0x000000008a900000| Complete 
| 170|0x000000008aa00000, 0x000000008ab00000, 0x000000008ab00000|100%| E|CS|TAMS 0x000000008aa00000, 0x000000008aa00000| Complete 
| 171|0x000000008ab00000, 0x000000008ac00000, 0x000000008ac00000|100%| E|CS|TAMS 0x000000008ab00000, 0x000000008ab00000| Complete 
| 172|0x000000008ac00000, 0x000000008ad00000, 0x000000008ad00000|100%| E|CS|TAMS 0x000000008ac00000, 0x000000008ac00000| Complete 
| 173|0x000000008ad00000, 0x000000008ae00000, 0x000000008ae00000|100%| E|  |TAMS 0x000000008ad00000, 0x000000008ad00000| Complete 
| 174|0x000000008ae00000, 0x000000008af00000, 0x000000008af00000|100%| E|CS|TAMS 0x000000008ae00000, 0x000000008ae00000| Complete 
| 175|0x000000008af00000, 0x000000008b000000, 0x000000008b000000|100%| E|CS|TAMS 0x000000008af00000, 0x000000008af00000| Complete 
| 176|0x000000008b000000, 0x000000008b100000, 0x000000008b100000|100%| E|CS|TAMS 0x000000008b000000, 0x000000008b000000| Complete 
| 177|0x000000008b100000, 0x000000008b200000, 0x000000008b200000|100%| E|CS|TAMS 0x000000008b100000, 0x000000008b100000| Complete 
| 178|0x000000008b200000, 0x000000008b300000, 0x000000008b300000|100%| E|CS|TAMS 0x000000008b200000, 0x000000008b200000| Complete 
| 179|0x000000008b300000, 0x000000008b400000, 0x000000008b400000|100%| E|CS|TAMS 0x000000008b300000, 0x000000008b300000| Complete 
| 180|0x000000008b400000, 0x000000008b500000, 0x000000008b500000|100%| E|CS|TAMS 0x000000008b400000, 0x000000008b400000| Complete 
| 181|0x000000008b500000, 0x000000008b600000, 0x000000008b600000|100%| E|CS|TAMS 0x000000008b500000, 0x000000008b500000| Complete 
| 182|0x000000008b600000, 0x000000008b700000, 0x000000008b700000|100%| E|CS|TAMS 0x000000008b600000, 0x000000008b600000| Complete 
| 183|0x000000008b700000, 0x000000008b800000, 0x000000008b800000|100%| E|CS|TAMS 0x000000008b700000, 0x000000008b700000| Complete 
| 184|0x000000008b800000, 0x000000008b900000, 0x000000008b900000|100%| E|CS|TAMS 0x000000008b800000, 0x000000008b800000| Complete 
| 185|0x000000008b900000, 0x000000008ba00000, 0x000000008ba00000|100%| E|CS|TAMS 0x000000008b900000, 0x000000008b900000| Complete 
| 186|0x000000008ba00000, 0x000000008bb00000, 0x000000008bb00000|100%| E|CS|TAMS 0x000000008ba00000, 0x000000008ba00000| Complete 
| 187|0x000000008bb00000, 0x000000008bc00000, 0x000000008bc00000|100%| E|CS|TAMS 0x000000008bb00000, 0x000000008bb00000| Complete 
| 188|0x000000008bc00000, 0x000000008bd00000, 0x000000008bd00000|100%| E|CS|TAMS 0x000000008bc00000, 0x000000008bc00000| Complete 
| 189|0x000000008bd00000, 0x000000008be00000, 0x000000008be00000|100%| E|CS|TAMS 0x000000008bd00000, 0x000000008bd00000| Complete 
| 190|0x000000008be00000, 0x000000008bf00000, 0x000000008bf00000|100%| E|CS|TAMS 0x000000008be00000, 0x000000008be00000| Complete 
| 191|0x000000008bf00000, 0x000000008c000000, 0x000000008c000000|100%| E|CS|TAMS 0x000000008bf00000, 0x000000008bf00000| Complete 
| 192|0x000000008c000000, 0x000000008c100000, 0x000000008c100000|100%| E|CS|TAMS 0x000000008c000000, 0x000000008c000000| Complete 
| 193|0x000000008c100000, 0x000000008c200000, 0x000000008c200000|100%| E|CS|TAMS 0x000000008c100000, 0x000000008c100000| Complete 
| 194|0x000000008c200000, 0x000000008c300000, 0x000000008c300000|100%| E|CS|TAMS 0x000000008c200000, 0x000000008c200000| Complete 
| 195|0x000000008c300000, 0x000000008c400000, 0x000000008c400000|100%| E|CS|TAMS 0x000000008c300000, 0x000000008c300000| Complete 
| 196|0x000000008c400000, 0x000000008c500000, 0x000000008c500000|100%| E|CS|TAMS 0x000000008c400000, 0x000000008c400000| Complete 
| 197|0x000000008c500000, 0x000000008c600000, 0x000000008c600000|100%| E|CS|TAMS 0x000000008c500000, 0x000000008c500000| Complete 
| 198|0x000000008c600000, 0x000000008c700000, 0x000000008c700000|100%| E|CS|TAMS 0x000000008c600000, 0x000000008c600000| Complete 
| 199|0x000000008c700000, 0x000000008c800000, 0x000000008c800000|100%| E|CS|TAMS 0x000000008c700000, 0x000000008c700000| Complete 
| 200|0x000000008c800000, 0x000000008c900000, 0x000000008c900000|100%| E|CS|TAMS 0x000000008c800000, 0x000000008c800000| Complete 
| 201|0x000000008c900000, 0x000000008ca00000, 0x000000008ca00000|100%| E|CS|TAMS 0x000000008c900000, 0x000000008c900000| Complete 
| 202|0x000000008ca00000, 0x000000008cb00000, 0x000000008cb00000|100%| E|CS|TAMS 0x000000008ca00000, 0x000000008ca00000| Complete 
| 203|0x000000008cb00000, 0x000000008cc00000, 0x000000008cc00000|100%| E|CS|TAMS 0x000000008cb00000, 0x000000008cb00000| Complete 
| 204|0x000000008cc00000, 0x000000008cd00000, 0x000000008cd00000|100%| E|CS|TAMS 0x000000008cc00000, 0x000000008cc00000| Complete 
| 205|0x000000008cd00000, 0x000000008ce00000, 0x000000008ce00000|100%| E|CS|TAMS 0x000000008cd00000, 0x000000008cd00000| Complete 
| 206|0x000000008ce00000, 0x000000008cf00000, 0x000000008cf00000|100%| E|CS|TAMS 0x000000008ce00000, 0x000000008ce00000| Complete 
| 207|0x000000008cf00000, 0x000000008d000000, 0x000000008d000000|100%| E|CS|TAMS 0x000000008cf00000, 0x000000008cf00000| Complete 
| 208|0x000000008d000000, 0x000000008d100000, 0x000000008d100000|100%| E|CS|TAMS 0x000000008d000000, 0x000000008d000000| Complete 
| 209|0x000000008d100000, 0x000000008d200000, 0x000000008d200000|100%| E|CS|TAMS 0x000000008d100000, 0x000000008d100000| Complete 
| 210|0x000000008d200000, 0x000000008d300000, 0x000000008d300000|100%| E|CS|TAMS 0x000000008d200000, 0x000000008d200000| Complete 
| 211|0x000000008d300000, 0x000000008d400000, 0x000000008d400000|100%| E|CS|TAMS 0x000000008d300000, 0x000000008d300000| Complete 
| 212|0x000000008d400000, 0x000000008d500000, 0x000000008d500000|100%| E|CS|TAMS 0x000000008d400000, 0x000000008d400000| Complete 
| 213|0x000000008d500000, 0x000000008d600000, 0x000000008d600000|100%| E|CS|TAMS 0x000000008d500000, 0x000000008d500000| Complete 
| 214|0x000000008d600000, 0x000000008d700000, 0x000000008d700000|100%| E|CS|TAMS 0x000000008d600000, 0x000000008d600000| Complete 
| 215|0x000000008d700000, 0x000000008d800000, 0x000000008d800000|100%| E|CS|TAMS 0x000000008d700000, 0x000000008d700000| Complete 
| 216|0x000000008d800000, 0x000000008d900000, 0x000000008d900000|100%| E|CS|TAMS 0x000000008d800000, 0x000000008d800000| Complete 
| 217|0x000000008d900000, 0x000000008da00000, 0x000000008da00000|100%| E|CS|TAMS 0x000000008d900000, 0x000000008d900000| Complete 
| 218|0x000000008da00000, 0x000000008db00000, 0x000000008db00000|100%| E|CS|TAMS 0x000000008da00000, 0x000000008da00000| Complete 
| 219|0x000000008db00000, 0x000000008dc00000, 0x000000008dc00000|100%| E|CS|TAMS 0x000000008db00000, 0x000000008db00000| Complete 
| 220|0x000000008dc00000, 0x000000008dd00000, 0x000000008dd00000|100%| E|CS|TAMS 0x000000008dc00000, 0x000000008dc00000| Complete 
| 221|0x000000008dd00000, 0x000000008de00000, 0x000000008de00000|100%| E|CS|TAMS 0x000000008dd00000, 0x000000008dd00000| Complete 
| 222|0x000000008de00000, 0x000000008df00000, 0x000000008df00000|100%| E|CS|TAMS 0x000000008de00000, 0x000000008de00000| Complete 
| 223|0x000000008df00000, 0x000000008e000000, 0x000000008e000000|100%| E|CS|TAMS 0x000000008df00000, 0x000000008df00000| Complete 

Card table byte_map: [0x00000270c9c10000,0x00000270ca010000] _byte_map_base: 0x00000270c9810000

Marking Bits (Prev, Next): (CMBitMap*) 0x00000270b6a33638, (CMBitMap*) 0x00000270b6a33670
 Prev Bits: [0x00000270ca410000, 0x00000270cc410000)
 Next Bits: [0x00000270cc410000, 0x00000270ce410000)

Polling page: 0x00000270b49f0000

Metaspace:

Usage:
  Non-class:     87.57 MB capacity,    85.75 MB ( 98%) used,     1.48 MB (  2%) free+waste,   351.25 KB ( <1%) overhead. 
      Class:     14.04 MB capacity,    12.90 MB ( 92%) used,  1005.30 KB (  7%) free+waste,   164.75 KB (  1%) overhead. 
       Both:    101.61 MB capacity,    98.65 MB ( 97%) used,     2.46 MB (  2%) free+waste,   516.00 KB ( <1%) overhead. 

Virtual space:
  Non-class space:       88.00 MB reserved,      87.68 MB (>99%) committed 
      Class space:        1.00 GB reserved,      14.07 MB (  1%) committed 
             Both:        1.09 GB reserved,     101.75 MB (  9%) committed 

Chunk freelists:
   Non-Class:  48.00 KB
       Class:  0 bytes
        Both:  48.00 KB

MaxMetaspaceSize: 17179869184.00 GB
CompressedClassSpaceSize: 1.00 GB

CodeHeap 'non-profiled nmethods': size=120000Kb used=8231Kb max_used=8231Kb free=111768Kb
 bounds [0x00000270c1fb0000, 0x00000270c27c0000, 0x00000270c94e0000]
CodeHeap 'profiled nmethods': size=120000Kb used=32623Kb max_used=32623Kb free=87376Kb
 bounds [0x00000270baa80000, 0x00000270bca60000, 0x00000270c1fb0000]
CodeHeap 'non-nmethods': size=5760Kb used=2316Kb max_used=2387Kb free=3443Kb
 bounds [0x00000270ba4e0000, 0x00000270ba750000, 0x00000270baa80000]
 total_blobs=14577 nmethods=13651 adapters=834
 compilation: enabled
              stopped_count=0, restarted_count=0
 full_count=0

Compilation events (20 events):
Event: 31.947 Thread 0x00000270d173a800 13894       1       com.android.tools.r8.code.Z::u (3 bytes)
Event: 31.947 Thread 0x00000270d173a800 nmethod 13894 0x00000270c27b4210 code [0x00000270c27b43c0, 0x00000270c27b4478]
Event: 31.947 Thread 0x00000270d173a800 13900       1       com.android.tools.r8.internal.u8::V0 (2 bytes)
Event: 31.947 Thread 0x00000270d173a800 nmethod 13900 0x00000270c27b4510 code [0x00000270c27b46c0, 0x00000270c27b4778]
Event: 31.947 Thread 0x00000270d173a800 13883       1       com.android.tools.r8.graph.J::b (5 bytes)
Event: 31.947 Thread 0x00000270d173a800 nmethod 13883 0x00000270c27b4810 code [0x00000270c27b49c0, 0x00000270c27b4a58]
Event: 31.947 Thread 0x00000270d173a800 13884       1       com.android.tools.r8.graph.J::c (5 bytes)
Event: 31.947 Thread 0x00000270d173a800 nmethod 13884 0x00000270c27b4b10 code [0x00000270c27b4cc0, 0x00000270c27b4d58]
Event: 31.947 Thread 0x00000270d173a800 13885       1       com.android.tools.r8.graph.G$c::G (3 bytes)
Event: 31.947 Thread 0x00000270d173a800 nmethod 13885 0x00000270c27b4e10 code [0x00000270c27b4fc0, 0x00000270c27b5078]
Event: 31.947 Thread 0x00000270d173a800 13872       1       com.android.tools.r8.code.I2::hashCode (3 bytes)
Event: 31.947 Thread 0x00000270d173a800 nmethod 13872 0x00000270c27b5110 code [0x00000270c27b52c0, 0x00000270c27b5378]
Event: 31.947 Thread 0x00000270d173a800 13862       1       com.android.tools.r8.code.Z::B (2 bytes)
Event: 31.947 Thread 0x00000270d173a800 nmethod 13862 0x00000270c27b5410 code [0x00000270c27b55c0, 0x00000270c27b5678]
Event: 31.947 Thread 0x00000270d173a800 13867       1       com.android.tools.r8.internal.np::getKey (5 bytes)
Event: 31.948 Thread 0x00000270d173a800 nmethod 13867 0x00000270c27b5710 code [0x00000270c27b58c0, 0x00000270c27b5978]
Event: 31.948 Thread 0x00000270d16e7000 nmethod 13783 0x00000270c27b5a10 code [0x00000270c27b5be0, 0x00000270c27b5e58]
Event: 31.948 Thread 0x00000270d16e7000 12654       4       com.android.tools.r8.graph.h::<init> (10 bytes)
Event: 31.949 Thread 0x00000270d16e7000 nmethod 12654 0x00000270c27b6110 code [0x00000270c27b62a0, 0x00000270c27b6318]
Event: 31.949 Thread 0x00000270d16e7000 12640       4       com.android.tools.r8.internal.Xv::a (7 bytes)

GC Heap History (20 events):
Event: 12.890 GC heap before
{Heap before GC invocations=8 (full 0):
 garbage-first heap   total 229376K, used 72396K [0x0000000080000000, 0x0000000100000000)
  region size 1024K, 47 young (48128K), 16 survivors (16384K)
 Metaspace       used 58534K, capacity 60062K, committed 60288K, reserved 1101824K
  class space    used 7435K, capacity 8025K, committed 8140K, reserved 1048576K
}
Event: 12.924 GC heap after
{Heap after GC invocations=9 (full 0):
 garbage-first heap   total 229376K, used 44514K [0x0000000080000000, 0x0000000100000000)
  region size 1024K, 4 young (4096K), 4 survivors (4096K)
 Metaspace       used 58534K, capacity 60062K, committed 60288K, reserved 1101824K
  class space    used 7435K, capacity 8025K, committed 8140K, reserved 1048576K
}
Event: 15.874 GC heap before
{Heap before GC invocations=10 (full 0):
 garbage-first heap   total 229376K, used 162274K [0x0000000080000000, 0x0000000100000000)
  region size 1024K, 119 young (121856K), 4 survivors (4096K)
 Metaspace       used 68703K, capacity 70260K, committed 70400K, reserved 1110016K
  class space    used 8905K, capacity 9502K, committed 9548K, reserved 1048576K
}
Event: 15.894 GC heap after
{Heap after GC invocations=11 (full 0):
 garbage-first heap   total 229376K, used 52001K [0x0000000080000000, 0x0000000100000000)
  region size 1024K, 11 young (11264K), 11 survivors (11264K)
 Metaspace       used 68703K, capacity 70260K, committed 70400K, reserved 1110016K
  class space    used 8905K, capacity 9502K, committed 9548K, reserved 1048576K
}
Event: 20.321 GC heap before
{Heap before GC invocations=12 (full 0):
 garbage-first heap   total 229376K, used 166689K [0x0000000080000000, 0x0000000100000000)
  region size 1024K, 124 young (126976K), 11 survivors (11264K)
 Metaspace       used 78322K, capacity 80393K, committed 80640K, reserved 1118208K
  class space    used 10263K, capacity 11002K, committed 11084K, reserved 1048576K
}
Event: 20.344 GC heap after
{Heap after GC invocations=13 (full 0):
 garbage-first heap   total 229376K, used 59680K [0x0000000080000000, 0x0000000100000000)
  region size 1024K, 8 young (8192K), 8 survivors (8192K)
 Metaspace       used 78322K, capacity 80393K, committed 80640K, reserved 1118208K
  class space    used 10263K, capacity 11002K, committed 11084K, reserved 1048576K
}
Event: 25.100 GC heap before
{Heap before GC invocations=13 (full 0):
 garbage-first heap   total 229376K, used 180512K [0x0000000080000000, 0x0000000100000000)
  region size 1024K, 118 young (120832K), 8 survivors (8192K)
 Metaspace       used 87083K, capacity 89145K, committed 89344K, reserved 1126400K
  class space    used 11249K, capacity 12018K, committed 12108K, reserved 1048576K
}
Event: 25.118 GC heap after
{Heap after GC invocations=14 (full 0):
 garbage-first heap   total 229376K, used 63272K [0x0000000080000000, 0x0000000100000000)
  region size 1024K, 12 young (12288K), 12 survivors (12288K)
 Metaspace       used 87083K, capacity 89145K, committed 89344K, reserved 1126400K
  class space    used 11249K, capacity 12018K, committed 12108K, reserved 1048576K
}
Event: 27.166 GC heap before
{Heap before GC invocations=14 (full 0):
 garbage-first heap   total 229376K, used 174888K [0x0000000080000000, 0x0000000100000000)
  region size 1024K, 122 young (124928K), 12 survivors (12288K)
 Metaspace       used 93101K, capacity 95331K, committed 95616K, reserved 1132544K
  class space    used 12076K, capacity 12948K, committed 13004K, reserved 1048576K
}
Event: 27.198 GC heap after
{Heap after GC invocations=15 (full 0):
 garbage-first heap   total 229376K, used 80798K [0x0000000080000000, 0x0000000100000000)
  region size 1024K, 16 young (16384K), 16 survivors (16384K)
 Metaspace       used 93101K, capacity 95331K, committed 95616K, reserved 1132544K
  class space    used 12076K, capacity 12948K, committed 13004K, reserved 1048576K
}
Event: 28.873 GC heap before
{Heap before GC invocations=15 (full 0):
 garbage-first heap   total 229376K, used 173981K [0x0000000080000000, 0x0000000100000000)
  region size 1024K, 108 young (110592K), 16 survivors (16384K)
 Metaspace       used 99883K, capacity 102841K, committed 103168K, reserved 1138688K
  class space    used 13153K, capacity 14298K, committed 14412K, reserved 1048576K
}
Event: 28.896 GC heap after
{Heap after GC invocations=16 (full 0):
 garbage-first heap   total 229376K, used 82901K [0x0000000080000000, 0x0000000100000000)
  region size 1024K, 4 young (4096K), 4 survivors (4096K)
 Metaspace       used 99883K, capacity 102841K, committed 103168K, reserved 1138688K
  class space    used 13153K, capacity 14298K, committed 14412K, reserved 1048576K
}
Event: 29.958 GC heap before
{Heap before GC invocations=16 (full 0):
 garbage-first heap   total 229376K, used 178133K [0x0000000080000000, 0x0000000100000000)
  region size 1024K, 97 young (99328K), 4 survivors (4096K)
 Metaspace       used 100160K, capacity 103173K, committed 103424K, reserved 1138688K
  class space    used 13195K, capacity 14364K, committed 14412K, reserved 1048576K
}
Event: 29.969 GC heap after
{Heap after GC invocations=17 (full 0):
 garbage-first heap   total 229376K, used 83618K [0x0000000080000000, 0x0000000100000000)
  region size 1024K, 5 young (5120K), 5 survivors (5120K)
 Metaspace       used 100160K, capacity 103173K, committed 103424K, reserved 1138688K
  class space    used 13195K, capacity 14364K, committed 14412K, reserved 1048576K
}
Event: 30.833 GC heap before
{Heap before GC invocations=17 (full 0):
 garbage-first heap   total 229376K, used 178850K [0x0000000080000000, 0x0000000100000000)
  region size 1024K, 99 young (101376K), 5 survivors (5120K)
 Metaspace       used 100469K, capacity 103487K, committed 103680K, reserved 1138688K
  class space    used 13204K, capacity 14375K, committed 14412K, reserved 1048576K
}
Event: 30.842 GC heap after
{Heap after GC invocations=18 (full 0):
 garbage-first heap   total 229376K, used 83496K [0x0000000080000000, 0x0000000100000000)
  region size 1024K, 5 young (5120K), 5 survivors (5120K)
 Metaspace       used 100469K, capacity 103487K, committed 103680K, reserved 1138688K
  class space    used 13204K, capacity 14375K, committed 14412K, reserved 1048576K
}
Event: 31.382 GC heap before
{Heap before GC invocations=18 (full 0):
 garbage-first heap   total 229376K, used 182824K [0x0000000080000000, 0x0000000100000000)
  region size 1024K, 102 young (104448K), 5 survivors (5120K)
 Metaspace       used 100789K, capacity 103817K, committed 103936K, reserved 1138688K
  class space    used 13204K, capacity 14375K, committed 14412K, reserved 1048576K
}
Event: 31.394 GC heap after
{Heap after GC invocations=19 (full 0):
 garbage-first heap   total 229376K, used 86925K [0x0000000080000000, 0x0000000100000000)
  region size 1024K, 8 young (8192K), 8 survivors (8192K)
 Metaspace       used 100789K, capacity 103817K, committed 103936K, reserved 1138688K
  class space    used 13204K, capacity 14375K, committed 14412K, reserved 1048576K
}
Event: 31.711 GC heap before
{Heap before GC invocations=19 (full 0):
 garbage-first heap   total 229376K, used 185229K [0x0000000080000000, 0x0000000100000000)
  region size 1024K, 104 young (106496K), 8 survivors (8192K)
 Metaspace       used 100888K, capacity 103957K, committed 104192K, reserved 1138688K
  class space    used 13205K, capacity 14376K, committed 14412K, reserved 1048576K
}
Event: 31.723 GC heap after
{Heap after GC invocations=20 (full 0):
 garbage-first heap   total 229376K, used 87776K [0x0000000080000000, 0x0000000100000000)
  region size 1024K, 7 young (7168K), 7 survivors (7168K)
 Metaspace       used 100888K, capacity 103957K, committed 104192K, reserved 1138688K
  class space    used 13205K, capacity 14376K, committed 14412K, reserved 1048576K
}

Deoptimization events (20 events):
Event: 31.897 Thread 0x00000270d52dc000 DEOPT PACKING pc=0x00000270bca2b046 sp=0x000000b5be6fabb0
Event: 31.897 Thread 0x00000270d52dc000 DEOPT UNPACKING pc=0x00000270ba5076ce sp=0x000000b5be6fa028 mode 0
Event: 31.898 Thread 0x00000270d52dc000 Uncommon trap: trap_request=0xffffffd6 fr.pc=0x00000270c276e0e8 relative=0x00000000000007a8
Event: 31.898 Thread 0x00000270d52dc000 Uncommon trap: reason=array_check action=maybe_recompile pc=0x00000270c276e0e8 method=java.util.TimSort.binarySort([Ljava/lang/Object;IIILjava/util/Comparator;)V @ 193 c2
Event: 31.898 Thread 0x00000270d52dc000 DEOPT PACKING pc=0x00000270c276e0e8 sp=0x000000b5be6fa8c0
Event: 31.898 Thread 0x00000270d52dc000 DEOPT UNPACKING pc=0x00000270ba5078af sp=0x000000b5be6fa868 mode 2
Event: 31.899 Thread 0x00000270d52dc000 Uncommon trap: trap_request=0xffffffd6 fr.pc=0x00000270c276dfd8 relative=0x0000000000000698
Event: 31.899 Thread 0x00000270d52dc000 Uncommon trap: reason=array_check action=maybe_recompile pc=0x00000270c276dfd8 method=java.util.TimSort.binarySort([Ljava/lang/Object;IIILjava/util/Comparator;)V @ 215 c2
Event: 31.899 Thread 0x00000270d52dc000 DEOPT PACKING pc=0x00000270c276dfd8 sp=0x000000b5be6fa8c0
Event: 31.899 Thread 0x00000270d52dc000 DEOPT UNPACKING pc=0x00000270ba5078af sp=0x000000b5be6fa868 mode 2
Event: 31.908 Thread 0x00000270d52dc000 Uncommon trap: trap_request=0xffffffd6 fr.pc=0x00000270c276e19c relative=0x000000000000085c
Event: 31.908 Thread 0x00000270d52dc000 Uncommon trap: reason=array_check action=maybe_recompile pc=0x00000270c276e19c method=java.util.TimSort.binarySort([Ljava/lang/Object;IIILjava/util/Comparator;)V @ 183 c2
Event: 31.908 Thread 0x00000270d52dc000 DEOPT PACKING pc=0x00000270c276e19c sp=0x000000b5be6f9f40
Event: 31.908 Thread 0x00000270d52dc000 DEOPT UNPACKING pc=0x00000270ba5078af sp=0x000000b5be6f9ee8 mode 2
Event: 31.909 Thread 0x00000270d52dc000 Uncommon trap: trap_request=0xffffffd6 fr.pc=0x00000270c276dfd8 relative=0x0000000000000698
Event: 31.909 Thread 0x00000270d52dc000 Uncommon trap: reason=array_check action=maybe_recompile pc=0x00000270c276dfd8 method=java.util.TimSort.binarySort([Ljava/lang/Object;IIILjava/util/Comparator;)V @ 215 c2
Event: 31.909 Thread 0x00000270d52dc000 DEOPT PACKING pc=0x00000270c276dfd8 sp=0x000000b5be6f9f40
Event: 31.909 Thread 0x00000270d52dc000 DEOPT UNPACKING pc=0x00000270ba5078af sp=0x000000b5be6f9ee8 mode 2
Event: 31.910 Thread 0x00000270d52da800 DEOPT PACKING pc=0x00000270bc5f2967 sp=0x000000b5be9f95f0
Event: 31.910 Thread 0x00000270d52da800 DEOPT UNPACKING pc=0x00000270ba5076ce sp=0x000000b5be9f8c00 mode 0

Classes redefined (0 events):
No events

Internal exceptions (20 events):
Event: 27.622 Thread 0x00000270d891e800 Exception <a 'java/lang/NoSuchMethodError'{0x000000008ce5c450}: 'java.lang.Object java.lang.invoke.DirectMethodHandle$Holder.newInvokeSpecial(java.lang.Object, int)'> (0x000000008ce5c450) thrown at [./src/hotspot/share/interpreter/linkResolver.cpp, line 773]
Event: 27.623 Thread 0x00000270d52de800 Exception <a 'java/lang/NoSuchMethodError'{0x000000008cdaa8b0}: 'java.lang.Object java.lang.invoke.DirectMethodHandle$Holder.newInvokeSpecial(java.lang.Object, int)'> (0x000000008cdaa8b0) thrown at [./src/hotspot/share/interpreter/linkResolver.cpp, line 773]
Event: 27.625 Thread 0x00000270d52da800 Exception <a 'java/lang/NoSuchMethodError'{0x000000008cc0d228}: 'java.lang.Object java.lang.invoke.DirectMethodHandle$Holder.newInvokeSpecial(java.lang.Object, int)'> (0x000000008cc0d228) thrown at [./src/hotspot/share/interpreter/linkResolver.cpp, line 773]
Event: 27.639 Thread 0x00000270d52dc000 Exception <a 'java/lang/NoSuchMethodError'{0x000000008cb25a88}: 'java.lang.Object java.lang.invoke.DirectMethodHandle$Holder.invokeInterface(java.lang.Object, java.lang.Object, int)'> (0x000000008cb25a88) thrown at [./src/hotspot/share/interpreter/linkResolver.cpp, line 773]
Event: 28.402 Thread 0x00000270d52d3000 Exception <a 'java/lang/NoSuchMethodError'{0x000000008a15a688}: 'void java.lang.invoke.DirectMethodHandle$Holder.invokeSpecial(java.lang.Object, java.lang.Object, int, java.lang.Object, java.lang.Object, java.lang.Object, java.lang.Object)'> (0x000000008a15a688) thrown at [./src/hotspot/share/interpreter/linkResolver.cpp, line 773]
Event: 28.403 Thread 0x00000270d52de800 Exception <a 'java/lang/NoSuchMethodError'{0x000000008b0656f8}: 'void java.lang.invoke.DirectMethodHandle$Holder.invokeSpecial(java.lang.Object, java.lang.Object, int, java.lang.Object, java.lang.Object, java.lang.Object, java.lang.Object)'> (0x000000008b0656f8) thrown at [./src/hotspot/share/interpreter/linkResolver.cpp, line 773]
Event: 28.404 Thread 0x00000270d52d3000 Exception <a 'java/lang/NoSuchMethodError'{0x000000008a184318}: 'java.lang.Object java.lang.invoke.Invokers$Holder.linkToTargetMethod(java.lang.Object, int, java.lang.Object, java.lang.Object, java.lang.Object, java.lang.Object)'> (0x000000008a184318) thrown at [./src/hotspot/share/interpreter/linkResolver.cpp, line 773]
Event: 28.405 Thread 0x00000270d52d3000 Exception <a 'java/lang/NoSuchMethodError'{0x000000008a1887c8}: 'void java.lang.invoke.DirectMethodHandle$Holder.invokeSpecial(java.lang.Object, java.lang.Object, java.lang.Object, java.lang.Object, java.lang.Object, java.lang.Object, java.lang.Object, java.lang.Object, java.lang.Object)'> (0x000000008a1887c8) thrown at [./src/hotspot/share/interpreter/linkResolver.cpp, line 773]
Event: 28.410 Thread 0x00000270d52d3000 Exception <a 'java/lang/NoSuchMethodError'{0x000000008a1ffb08}: 'void java.lang.invoke.DirectMethodHandle$Holder.invokeStatic(java.lang.Object, java.lang.Object, java.lang.Object, java.lang.Object, java.lang.Object, java.lang.Object, java.lang.Object, java.lang.Object)'> (0x000000008a1ffb08) thrown at [./src/hotspot/share/interpreter/linkResolver.cpp, line 773]
Event: 28.535 Thread 0x00000270d52d3000 Exception <a 'java/lang/IncompatibleClassChangeError'{0x000000008983f6c8}: Found class java.lang.Object, but interface was expected> (0x000000008983f6c8) thrown at [./src/hotspot/share/interpreter/linkResolver.cpp, line 839]
Event: 28.679 Thread 0x00000270d52d3000 Exception <a 'java/lang/NoSuchMethodError'{0x00000000892813a0}: 'void java.lang.invoke.DirectMethodHandle$Holder.invokeVirtual(java.lang.Object, java.lang.Object, int)'> (0x00000000892813a0) thrown at [./src/hotspot/share/interpreter/linkResolver.cpp, line 773]
Event: 28.742 Thread 0x00000270d52d3000 Exception <a 'sun/nio/fs/WindowsException'{0x0000000088ec2130}> (0x0000000088ec2130) thrown at [./src/hotspot/share/prims/jni.cpp, line 615]
Event: 28.747 Thread 0x00000270d52de800 Exception <a 'sun/nio/fs/WindowsException'{0x0000000089146c10}> (0x0000000089146c10) thrown at [./src/hotspot/share/prims/jni.cpp, line 615]
Event: 28.756 Thread 0x00000270d52da800 Implicit null exception at 0x00000270c26f730d to 0x00000270c26f7408
Event: 29.515 Thread 0x00000270d52d9800 Exception <a 'sun/nio/fs/WindowsException'{0x000000008b47ebe0}> (0x000000008b47ebe0) thrown at [./src/hotspot/share/prims/jni.cpp, line 615]
Event: 30.546 Thread 0x00000270d891e800 Exception <a 'java/lang/NoSuchMethodError'{0x000000008a55cf68}: 'int java.lang.invoke.DirectMethodHandle$Holder.invokeInterface(java.lang.Object, java.lang.Object, int)'> (0x000000008a55cf68) thrown at [./src/hotspot/share/interpreter/linkResolver.cpp, line 773]
Event: 30.808 Thread 0x00000270d52d9800 Exception <a 'sun/nio/fs/WindowsException'{0x0000000088305120}> (0x0000000088305120) thrown at [./src/hotspot/share/prims/jni.cpp, line 615]
Event: 31.222 Thread 0x00000270d52d9800 Exception <a 'sun/nio/fs/WindowsException'{0x0000000089986018}> (0x0000000089986018) thrown at [./src/hotspot/share/prims/jni.cpp, line 615]
Event: 31.257 Thread 0x00000270d52d3000 Exception <a 'sun/nio/fs/WindowsException'{0x000000008931efd8}> (0x000000008931efd8) thrown at [./src/hotspot/share/prims/jni.cpp, line 615]
Event: 31.321 Thread 0x00000270d52de800 Exception <a 'sun/nio/fs/WindowsException'{0x0000000088a8a2d8}> (0x0000000088a8a2d8) thrown at [./src/hotspot/share/prims/jni.cpp, line 615]

Events (20 events):
Event: 30.832 Executing VM operation: G1CollectForAllocation
Event: 30.842 Executing VM operation: G1CollectForAllocation done
Event: 31.380 Executing VM operation: G1CollectForAllocation
Event: 31.394 Executing VM operation: G1CollectForAllocation done
Event: 31.695 loading class com/android/tools/r8/internal/Fg
Event: 31.695 loading class com/android/tools/r8/internal/Fg done
Event: 31.695 loading class com/android/tools/r8/internal/Fg
Event: 31.695 loading class com/android/tools/r8/internal/Fg done
Event: 31.699 loading class com/android/tools/r8/internal/zh$g
Event: 31.699 loading class com/android/tools/r8/internal/zh$g done
Event: 31.708 Executing VM operation: ICBufferFull
Event: 31.709 Executing VM operation: ICBufferFull done
Event: 31.710 Executing VM operation: G1CollectForAllocation
Event: 31.723 Executing VM operation: G1CollectForAllocation done
Event: 31.816 loading class com/android/tools/r8/graph/j0$e
Event: 31.816 loading class com/android/tools/r8/graph/j0$e done
Event: 31.816 loading class com/android/tools/r8/graph/j0$e
Event: 31.816 loading class com/android/tools/r8/graph/j0$e done
Event: 31.816 loading class com/android/tools/r8/graph/o0
Event: 31.816 loading class com/android/tools/r8/graph/o0 done


Dynamic libraries:
0x00007ff6b8000000 - 0x00007ff6b800a000 	C:\Program Files\Android\Android Studio\jre\bin\java.exe
0x00007ff9f2130000 - 0x00007ff9f2325000 	C:\windows\SYSTEM32\ntdll.dll
0x00007ff9c2960000 - 0x00007ff9c2975000 	C:\Program Files\Avast Software\Avast\aswhook.dll
0x00007ff9f09b0000 - 0x00007ff9f0a6d000 	C:\windows\System32\KERNEL32.DLL
0x00007ff9ef9d0000 - 0x00007ff9efc99000 	C:\windows\System32\KERNELBASE.dll
0x00007ff9efed0000 - 0x00007ff9effd0000 	C:\windows\System32\ucrtbase.dll
0x00007ff9d8030000 - 0x00007ff9d8049000 	C:\Program Files\Android\Android Studio\jre\bin\jli.dll
0x00007ff9d8010000 - 0x00007ff9d8027000 	C:\Program Files\Android\Android Studio\jre\bin\VCRUNTIME140.dll
0x00007ff9f1550000 - 0x00007ff9f16f0000 	C:\windows\System32\USER32.dll
0x00007ff9efea0000 - 0x00007ff9efec2000 	C:\windows\System32\win32u.dll
0x00007ff9dda60000 - 0x00007ff9ddcfa000 	C:\windows\WinSxS\amd64_microsoft.windows.common-controls_6595b64144ccf1df_6.0.19041.1110_none_60b5254171f9507e\COMCTL32.dll
0x00007ff9f2030000 - 0x00007ff9f205a000 	C:\windows\System32\GDI32.dll
0x00007ff9f07c0000 - 0x00007ff9f085e000 	C:\windows\System32\msvcrt.dll
0x00007ff9efca0000 - 0x00007ff9efdab000 	C:\windows\System32\gdi32full.dll
0x00007ff9efe00000 - 0x00007ff9efe9d000 	C:\windows\System32\msvcp_win.dll
0x00007ff9f2060000 - 0x00007ff9f2090000 	C:\windows\System32\IMM32.DLL
0x00007ff9ab1e0000 - 0x00007ff9ab27d000 	C:\Program Files\Android\Android Studio\jre\bin\msvcp140.dll
0x00007ff96d5d0000 - 0x00007ff96e09f000 	C:\Program Files\Android\Android Studio\jre\bin\server\jvm.dll
0x00007ff9f1370000 - 0x00007ff9f141c000 	C:\windows\System32\ADVAPI32.dll
0x00007ff9f02c0000 - 0x00007ff9f035b000 	C:\windows\System32\sechost.dll
0x00007ff9f0360000 - 0x00007ff9f048a000 	C:\windows\System32\RPCRT4.dll
0x00007ff9f0490000 - 0x00007ff9f0498000 	C:\windows\System32\PSAPI.DLL
0x00007ff9e6440000 - 0x00007ff9e6467000 	C:\windows\SYSTEM32\WINMM.dll
0x00007ff9d6000000 - 0x00007ff9d6009000 	C:\windows\SYSTEM32\WSOCK32.dll
0x00007ff9e6750000 - 0x00007ff9e675a000 	C:\windows\SYSTEM32\VERSION.dll
0x00007ff9f1420000 - 0x00007ff9f148b000 	C:\windows\System32\ws2_32.DLL
0x00007ff9ee0f0000 - 0x00007ff9ee102000 	C:\windows\SYSTEM32\kernel.appcore.dll
0x00007ff9dc700000 - 0x00007ff9dc711000 	C:\Program Files\Android\Android Studio\jre\bin\verify.dll
0x00007ff9eded0000 - 0x00007ff9ee0b4000 	C:\windows\SYSTEM32\DBGHELP.DLL
0x00007ff9dc040000 - 0x00007ff9dc06c000 	C:\windows\SYSTEM32\dbgcore.DLL
0x00007ff9ef940000 - 0x00007ff9ef9c3000 	C:\windows\System32\bcryptPrimitives.dll
0x00007ff9dc570000 - 0x00007ff9dc599000 	C:\Program Files\Android\Android Studio\jre\bin\java.dll
0x00007ff9e7630000 - 0x00007ff9e763b000 	C:\Program Files\Android\Android Studio\jre\bin\jimage.dll
0x00007ff9dbf80000 - 0x00007ff9dbf98000 	C:\Program Files\Android\Android Studio\jre\bin\zip.dll
0x00007ff9f0a70000 - 0x00007ff9f11af000 	C:\windows\System32\SHELL32.dll
0x00007ff9ed740000 - 0x00007ff9eded0000 	C:\windows\SYSTEM32\windows.storage.dll
0x00007ff9f1bf0000 - 0x00007ff9f1f45000 	C:\windows\System32\combase.dll
0x00007ff9ef1f0000 - 0x00007ff9ef21c000 	C:\windows\SYSTEM32\Wldp.dll
0x00007ff9f0680000 - 0x00007ff9f072e000 	C:\windows\System32\SHCORE.dll
0x00007ff9f0620000 - 0x00007ff9f0675000 	C:\windows\System32\shlwapi.dll
0x00007ff9ef7a0000 - 0x00007ff9ef7bf000 	C:\windows\SYSTEM32\profapi.dll
0x00007ff9dbf60000 - 0x00007ff9dbf7a000 	C:\Program Files\Android\Android Studio\jre\bin\net.dll
0x00007ff9e49a0000 - 0x00007ff9e4aa8000 	C:\windows\SYSTEM32\WINHTTP.dll
0x00007ff9eef50000 - 0x00007ff9eefba000 	C:\windows\system32\mswsock.dll
0x00007ff9dbf40000 - 0x00007ff9dbf54000 	C:\Program Files\Android\Android Studio\jre\bin\nio.dll
0x00007ff9bf0c0000 - 0x00007ff9bf0e7000 	C:\Users\Smok\.gradle\native\8bec1ad78214c89d9ad589b4d07fe93259594b29d510b10fafb7a158f7737e5d\windows-amd64\native-platform.dll
0x00007ff975880000 - 0x00007ff9759bd000 	C:\Users\Smok\.gradle\native\53dbd7edfb1c66fb8903c78663c9afc45aea4f116125fa6feffd364cf09443e8\windows-amd64\native-platform-file-events.dll
0x00007ff9e71a0000 - 0x00007ff9e71aa000 	C:\Program Files\Android\Android Studio\jre\bin\management.dll
0x00007ff9dda10000 - 0x00007ff9dda1c000 	C:\Program Files\Android\Android Studio\jre\bin\management_ext.dll
0x00007ff9ef140000 - 0x00007ff9ef158000 	C:\windows\SYSTEM32\CRYPTSP.dll
0x00007ff9ee8d0000 - 0x00007ff9ee904000 	C:\windows\system32\rsaenh.dll
0x00007ff9ef910000 - 0x00007ff9ef937000 	C:\windows\System32\bcrypt.dll
0x00007ff9ef760000 - 0x00007ff9ef78e000 	C:\windows\SYSTEM32\USERENV.dll
0x00007ff9ef160000 - 0x00007ff9ef16c000 	C:\windows\SYSTEM32\CRYPTBASE.dll
0x00007ff9eec40000 - 0x00007ff9eec7b000 	C:\windows\SYSTEM32\IPHLPAPI.DLL
0x00007ff9f1490000 - 0x00007ff9f1498000 	C:\windows\System32\NSI.dll
0x00007ff9ed660000 - 0x00007ff9ed677000 	C:\windows\SYSTEM32\dhcpcsvc6.DLL
0x00007ff9ed640000 - 0x00007ff9ed65d000 	C:\windows\SYSTEM32\dhcpcsvc.DLL
0x00007ff9eec80000 - 0x00007ff9eed4c000 	C:\windows\SYSTEM32\DNSAPI.dll

dbghelp: loaded successfully - version: 4.0.5 - missing functions: none
symbol engine: initialized successfully - sym options: 0x614 - pdb path: .;C:\Program Files\Android\Android Studio\jre\bin;C:\windows\SYSTEM32;C:\Program Files\Avast Software\Avast;C:\windows\WinSxS\amd64_microsoft.windows.common-controls_6595b64144ccf1df_6.0.19041.1110_none_60b5254171f9507e;C:\Program Files\Android\Android Studio\jre\bin\server;C:\Users\Smok\.gradle\native\8bec1ad78214c89d9ad589b4d07fe93259594b29d510b10fafb7a158f7737e5d\windows-amd64;C:\Users\Smok\.gradle\native\53dbd7edfb1c66fb8903c78663c9afc45aea4f116125fa6feffd364cf09443e8\windows-amd64

VM Arguments:
jvm_args: --add-opens=java.base/java.util=ALL-UNNAMED --add-opens=java.base/java.lang=ALL-UNNAMED --add-opens=java.base/java.lang.invoke=ALL-UNNAMED --add-opens=java.base/java.util=ALL-UNNAMED --add-opens=java.prefs/java.util.prefs=ALL-UNNAMED --add-opens=java.prefs/java.util.prefs=ALL-UNNAMED --add-opens=java.base/java.nio.charset=ALL-UNNAMED --add-opens=java.base/java.net=ALL-UNNAMED --add-opens=java.base/java.util.concurrent.atomic=ALL-UNNAMED -Xmx2048m -Dfile.encoding=UTF-8 -Duser.country=PL -Duser.language=pl -Duser.variant 
java_command: org.gradle.launcher.daemon.bootstrap.GradleDaemon 7.0.2
java_class_path (initial): C:\Users\Smok\.gradle\wrapper\dists\gradle-7.0.2-bin\857tjihv64xamwrf0h14cai3r\gradle-7.0.2\lib\gradle-launcher-7.0.2.jar
Launcher Type: SUN_STANDARD

[Global flags]
     intx CICompilerCount                          = 4                                         {product} {ergonomic}
     uint ConcGCThreads                            = 2                                         {product} {ergonomic}
     uint G1ConcRefinementThreads                  = 8                                         {product} {ergonomic}
   size_t G1HeapRegionSize                         = 1048576                                   {product} {ergonomic}
    uintx GCDrainStackTargetSize                   = 64                                        {product} {ergonomic}
   size_t InitialHeapSize                          = 234881024                                 {product} {ergonomic}
   size_t MarkStackSize                            = 4194304                                   {product} {ergonomic}
   size_t MaxHeapSize                              = 2147483648                                {product} {command line}
   size_t MaxNewSize                               = 1287651328                                {product} {ergonomic}
   size_t MinHeapDeltaBytes                        = 1048576                                   {product} {ergonomic}
    uintx NonNMethodCodeHeapSize                   = 5836300                                {pd product} {ergonomic}
    uintx NonProfiledCodeHeapSize                  = 122910970                              {pd product} {ergonomic}
    uintx ProfiledCodeHeapSize                     = 122910970                              {pd product} {ergonomic}
    uintx ReservedCodeCacheSize                    = 251658240                              {pd product} {ergonomic}
     bool SegmentedCodeCache                       = true                                      {product} {ergonomic}
     bool UseCompressedClassPointers               = true                                 {lp64_product} {ergonomic}
     bool UseCompressedOops                        = true                                 {lp64_product} {ergonomic}
     bool UseG1GC                                  = true                                      {product} {ergonomic}
     bool UseLargePagesIndividualAllocation        = false                                  {pd product} {ergonomic}

Logging:
Log output configuration:
 #0: stdout all=warning uptime,level,tags
 #1: stderr all=off uptime,level,tags

Environment Variables:
PATH=C:\db_home\bin;C:\Program Files (x86)\Common Files\Oracle\Java\javapath;C:\Program Files (x86)\PC Connectivity Solution\;C:\windows\system32;C:\windows;C:\windows\System32\Wbem;C:\windows\System32\WindowsPowerShell\v1.0\;C:\windows\System32\OpenSSH\;C:\Program Files\Git\cmd;C:\Program Files\MATLAB\R2021a\bin;C:\adb;C:\Users\Smok\AppData\Local\Microsoft\WindowsApps;C:\Program Files (x86)\Nmap;C:\Program Files\JetBrains\IntelliJ IDEA Community Edition 2021.1.1\bin;;C:\adb;
USERNAME=Smok
OS=Windows_NT
PROCESSOR_IDENTIFIER=AMD64 Family 23 Model 24 Stepping 1, AuthenticAMD



---------------  S Y S T E M  ---------------

OS: Windows 10 , 64 bit Build 19041 (10.0.19041.1151)
OS uptime: 3 days 7:15 hours

CPU:total 8 (initial active 8) (8 cores per cpu, 2 threads per core) family 23 model 24 stepping 1 microcode 0x0, cmov, cx8, fxsr, mmx, sse, sse2, sse3, ssse3, sse4.1, sse4.2, popcnt, avx, avx2, aes, clmul, mmxext, 3dnowpref, lzcnt, sse4a, ht, tsc, tscinvbit, tscinv, bmi1, bmi2, adx, s

Memory: 4k page, system-wide physical 14249M (3012M free)
TotalPageFile size 16926M (AvailPageFile size 5M)
current process WorkingSet (physical memory assigned to process): 545M, peak: 548M
current process commit charge ("private bytes"): 591M, peak: 595M

vm_info: OpenJDK 64-Bit Server VM (11.0.10+0-b96-7249189) for windows-amd64 JRE (11.0.10+0-b96-7249189), built on Mar 31 2021 21:44:00 by "builder" with MS VC++ 14.0 (VS2015)

END.
