#
# There is insufficient memory for the Java Runtime Environment to continue.
# Native memory allocation (malloc) failed to allocate 1022256 bytes for Chunk::new
# Possible reasons:
#   The system is out of physical RAM or swap space
#   The process is running with CompressedOops enabled, and the Java Heap may be blocking the growth of the native heap
# Possible solutions:
#   Reduce memory load on the system
#   Increase physical memory or swap space
#   Check if swap backing store is full
#   Decrease Java heap size (-Xmx/-Xms)
#   Decrease number of Java threads
#   Decrease Java thread stack sizes (-Xss)
#   Set larger code cache with -XX:ReservedCodeCacheSize=
#   JVM is running with Unscaled Compressed Oops mode in which the Java heap is
#     placed in the first 4GB address space. The Java Heap base address is the
#     maximum limit for the native heap growth. Please use -XX:HeapBaseMinAddress
#     to set the Java Heap base and to place the Java Heap above 4GB virtual address.
# This output file may be truncated or incomplete.
#
#  Out of Memory Error (./src/hotspot/share/memory/arena.cpp:197), pid=15484, tid=6004
#
# JRE version: OpenJDK Runtime Environment (11.0.10) (build 11.0.10+0-b96-7249189)
# Java VM: OpenJDK 64-Bit Server VM (11.0.10+0-b96-7249189, mixed mode, tiered, compressed oops, g1 gc, windows-amd64)
# No core dump will be written. Minidumps are not enabled by default on client versions of Windows
#

---------------  S U M M A R Y ------------

Command Line: --add-opens=java.base/java.util=ALL-UNNAMED --add-opens=java.base/java.lang=ALL-UNNAMED --add-opens=java.base/java.lang.invoke=ALL-UNNAMED --add-opens=java.base/java.util=ALL-UNNAMED --add-opens=java.prefs/java.util.prefs=ALL-UNNAMED --add-opens=java.prefs/java.util.prefs=ALL-UNNAMED --add-opens=java.base/java.nio.charset=ALL-UNNAMED --add-opens=java.base/java.net=ALL-UNNAMED --add-opens=java.base/java.util.concurrent.atomic=ALL-UNNAMED -Xmx2048m -Dfile.encoding=UTF-8 -Duser.country=PL -Duser.language=pl -Duser.variant org.gradle.launcher.daemon.bootstrap.GradleDaemon 7.0.2

Host: AMD Ryzen 5 3500U with Radeon Vega Mobile Gfx  , 8 cores, 13G,  Windows 10 , 64 bit Build 19041 (10.0.19041.1151)
Time: Wed Oct 13 17:00:16 2021 Œrodkowoeuropejski czas letni elapsed time: 18.534059 seconds (0d 0h 0m 18s)

---------------  T H R E A D  ---------------

Current thread (0x00000233bd0f8800):  JavaThread "C2 CompilerThread0" daemon [_thread_in_native, id=6004, stack(0x000000fa7da00000,0x000000fa7db00000)]


Current CompileTask:
C2:  18534 4516       4       java.lang.invoke.MethodType::makeImpl (108 bytes)

Stack: [0x000000fa7da00000,0x000000fa7db00000]
Native frames: (J=compiled Java code, j=interpreted, Vv=VM code, C=native code)
V  [jvm.dll+0x5ecfaa]
V  [jvm.dll+0x722bd5]
V  [jvm.dll+0x72412d]
V  [jvm.dll+0x7247e3]
V  [jvm.dll+0x242928]
V  [jvm.dll+0xbc4fc]
V  [jvm.dll+0xbca0c]
V  [jvm.dll+0x352d7d]
V  [jvm.dll+0x320ad3]
V  [jvm.dll+0x31ffca]
V  [jvm.dll+0x1fb602]
V  [jvm.dll+0x1fa7f4]
V  [jvm.dll+0x18354c]
V  [jvm.dll+0x208ee7]
V  [jvm.dll+0x207731]
V  [jvm.dll+0x6eb1cf]
V  [jvm.dll+0x6e3d45]
V  [jvm.dll+0x5ebe96]
C  [ucrtbase.dll+0x21bb2]
C  [KERNEL32.DLL+0x17034]
C  [ntdll.dll+0x52651]


---------------  P R O C E S S  ---------------

Threads class SMR info:
_java_thread_list=0x00000233c17e0230, length=45, elements={
0x00000233a0433800, 0x00000233bc86b000, 0x00000233bd09c800, 0x00000233bd0af000,
0x00000233bd0b0000, 0x00000233bd0b3000, 0x00000233bd0f8800, 0x00000233bd0fd000,
0x00000233bd109000, 0x00000233bd269800, 0x00000233bd267800, 0x00000233bd266000,
0x00000233bd26a000, 0x00000233bd265000, 0x00000233bd268800, 0x00000233bd264800,
0x00000233bd26b000, 0x00000233bd267000, 0x00000233bd3bf800, 0x00000233bd3ba800,
0x00000233bd3be000, 0x00000233bd3bf000, 0x00000233bd3ba000, 0x00000233bd3bb800,
0x00000233bd3bc800, 0x00000233bd3c0800, 0x00000233bd3c1800, 0x00000233bd3c2000,
0x00000233bd3bd000, 0x00000233bd3c5800, 0x00000233bd3c6000, 0x00000233bd3c7000,
0x00000233bd3c8000, 0x00000233bd3c3000, 0x00000233bd3c3800, 0x00000233c19bc800,
0x00000233c19be800, 0x00000233c19bb000, 0x00000233c19bc000, 0x00000233c19bd800,
0x00000233c19bf000, 0x00000233c19c0000, 0x00000233c19ba800, 0x00000233c19c4000,
0x00000233bffdc000
}

Java Threads: ( => current thread )
  0x00000233a0433800 JavaThread "main" [_thread_blocked, id=3164, stack(0x000000fa7ce00000,0x000000fa7cf00000)]
  0x00000233bc86b000 JavaThread "Reference Handler" daemon [_thread_blocked, id=5524, stack(0x000000fa7d500000,0x000000fa7d600000)]
  0x00000233bd09c800 JavaThread "Finalizer" daemon [_thread_blocked, id=8964, stack(0x000000fa7d600000,0x000000fa7d700000)]
  0x00000233bd0af000 JavaThread "Signal Dispatcher" daemon [_thread_blocked, id=18132, stack(0x000000fa7d700000,0x000000fa7d800000)]
  0x00000233bd0b0000 JavaThread "Attach Listener" daemon [_thread_blocked, id=7252, stack(0x000000fa7d800000,0x000000fa7d900000)]
  0x00000233bd0b3000 JavaThread "Service Thread" daemon [_thread_blocked, id=17044, stack(0x000000fa7d900000,0x000000fa7da00000)]
=>0x00000233bd0f8800 JavaThread "C2 CompilerThread0" daemon [_thread_in_native, id=6004, stack(0x000000fa7da00000,0x000000fa7db00000)]
  0x00000233bd0fd000 JavaThread "C1 CompilerThread0" daemon [_thread_in_vm, id=2772, stack(0x000000fa7db00000,0x000000fa7dc00000)]
  0x00000233bd109000 JavaThread "Sweeper thread" daemon [_thread_blocked, id=16248, stack(0x000000fa7dc00000,0x000000fa7dd00000)]
  0x00000233bd269800 JavaThread "Common-Cleaner" daemon [_thread_blocked, id=13584, stack(0x000000fa7dd00000,0x000000fa7de00000)]
  0x00000233bd267800 JavaThread "Daemon health stats" [_thread_blocked, id=12152, stack(0x000000fa7e400000,0x000000fa7e500000)]
  0x00000233bd266000 JavaThread "Incoming local TCP Connector on port 21213" [_thread_in_native, id=8224, stack(0x000000fa7df00000,0x000000fa7e000000)]
  0x00000233bd26a000 JavaThread "Daemon periodic checks" [_thread_blocked, id=17276, stack(0x000000fa7e500000,0x000000fa7e600000)]
  0x00000233bd265000 JavaThread "Daemon" [_thread_blocked, id=19488, stack(0x000000fa7e600000,0x000000fa7e700000)]
  0x00000233bd268800 JavaThread "Handler for socket connection from /127.0.0.1:21213 to /127.0.0.1:21214" [_thread_in_native, id=2544, stack(0x000000fa7e700000,0x000000fa7e800000)]
  0x00000233bd264800 JavaThread "Cancel handler" [_thread_blocked, id=3052, stack(0x000000fa7e800000,0x000000fa7e900000)]
  0x00000233bd26b000 JavaThread "Daemon worker" [_thread_in_Java, id=5540, stack(0x000000fa7e900000,0x000000fa7ea00000)]
  0x00000233bd267000 JavaThread "Asynchronous log dispatcher for DefaultDaemonConnection: socket connection from /127.0.0.1:21213 to /127.0.0.1:21214" [_thread_blocked, id=10500, stack(0x000000fa7ea00000,0x000000fa7eb00000)]
  0x00000233bd3bf800 JavaThread "Stdin handler" [_thread_blocked, id=19072, stack(0x000000fa7eb00000,0x000000fa7ec00000)]
  0x00000233bd3ba800 JavaThread "Daemon client event forwarder" [_thread_blocked, id=18152, stack(0x000000fa7ec00000,0x000000fa7ed00000)]
  0x00000233bd3be000 JavaThread "Cache worker for file hash cache (C:\Users\Smok\.gradle\caches\7.0.2\fileHashes)" [_thread_blocked, id=15864, stack(0x000000fa7ed00000,0x000000fa7ee00000)]
  0x00000233bd3bf000 JavaThread "File lock request listener" [_thread_in_native, id=4824, stack(0x000000fa7ee00000,0x000000fa7ef00000)]
  0x00000233bd3ba000 JavaThread "Cache worker for journal cache (C:\Users\Smok\.gradle\caches\journal-1)" [_thread_blocked, id=16172, stack(0x000000fa7f300000,0x000000fa7f400000)]
  0x00000233bd3bb800 JavaThread "Cache worker for file hash cache (C:\Users\Smok\AndroidStudioProjects\calculator\.gradle\7.0.2\fileHashes)" [_thread_blocked, id=5992, stack(0x000000fa7f500000,0x000000fa7f600000)]
  0x00000233bd3bc800 JavaThread "File watcher server" daemon [_thread_in_native, id=20052, stack(0x000000fa7f600000,0x000000fa7f700000)]
  0x00000233bd3c0800 JavaThread "File watcher consumer" daemon [_thread_blocked, id=19732, stack(0x000000fa7f700000,0x000000fa7f800000)]
  0x00000233bd3c1800 JavaThread "Cache worker for checksums cache (C:\Users\Smok\AndroidStudioProjects\calculator\.gradle\checksums)" [_thread_blocked, id=16728, stack(0x000000fa7f800000,0x000000fa7f900000)]
  0x00000233bd3c2000 JavaThread "Cache worker for cache directory md-supplier (C:\Users\Smok\.gradle\caches\7.0.2\md-supplier)" [_thread_blocked, id=19716, stack(0x000000fa7f900000,0x000000fa7fa00000)]
  0x00000233bd3bd000 JavaThread "Cache worker for cache directory md-rule (C:\Users\Smok\.gradle\caches\7.0.2\md-rule)" [_thread_blocked, id=2964, stack(0x000000fa7fb00000,0x000000fa7fc00000)]
  0x00000233bd3c5800 JavaThread "Cache worker for execution history cache (C:\Users\Smok\.gradle\caches\7.0.2\executionHistory)" [_thread_blocked, id=3604, stack(0x000000fa7fc00000,0x000000fa7fd00000)]
  0x00000233bd3c6000 JavaThread "jar transforms" [_thread_blocked, id=18920, stack(0x000000fa7fa00000,0x000000fa7fb00000)]
  0x00000233bd3c7000 JavaThread "jar transforms Thread 2" [_thread_blocked, id=15504, stack(0x000000fa7fd00000,0x000000fa7fe00000)]
  0x00000233bd3c8000 JavaThread "Cache worker for file content cache (C:\Users\Smok\.gradle\caches\7.0.2\fileContent)" [_thread_blocked, id=9636, stack(0x000000fa7fe00000,0x000000fa7ff00000)]
  0x00000233bd3c3000 JavaThread "Cache worker for dependencies-accessors (C:\Users\Smok\AndroidStudioProjects\calculator\.gradle\7.0.2\dependencies-accessors)" [_thread_blocked, id=8448, stack(0x000000fa7ff00000,0x000000fa80000000)]
  0x00000233bd3c3800 JavaThread "jar transforms Thread 3" [_thread_blocked, id=19424, stack(0x000000fa00000000,0x000000fa00100000)]
  0x00000233c19bc800 JavaThread "Cache worker for Build Output Cleanup Cache (C:\Users\Smok\AndroidStudioProjects\calculator\.gradle\buildOutputCleanup)" [_thread_blocked, id=12584, stack(0x000000fa00100000,0x000000fa00200000)]
  0x00000233c19be800 JavaThread "Build operations" [_thread_blocked, id=16716, stack(0x000000fa00200000,0x000000fa00300000)]
  0x00000233c19bb000 JavaThread "Build operations Thread 2" [_thread_blocked, id=11008, stack(0x000000fa00300000,0x000000fa00400000)]
  0x00000233c19bc000 JavaThread "Build operations Thread 3" [_thread_blocked, id=16304, stack(0x000000fa00400000,0x000000fa00500000)]
  0x00000233c19bd800 JavaThread "Build operations Thread 4" [_thread_blocked, id=10568, stack(0x000000fa00500000,0x000000fa00600000)]
  0x00000233c19bf000 JavaThread "Build operations Thread 5" [_thread_blocked, id=18788, stack(0x000000fa00600000,0x000000fa00700000)]
  0x00000233c19c0000 JavaThread "Build operations Thread 6" [_thread_blocked, id=2400, stack(0x000000fa00700000,0x000000fa00800000)]
  0x00000233c19ba800 JavaThread "Build operations Thread 7" [_thread_blocked, id=3284, stack(0x000000fa00800000,0x000000fa00900000)]
  0x00000233c19c4000 JavaThread "Build operations Thread 8" [_thread_blocked, id=19144, stack(0x000000fa00900000,0x000000fa00a00000)]
  0x00000233bffdc000 JavaThread "C2 CompilerThread1" daemon [_thread_in_vm, id=17212, stack(0x000000fa00a00000,0x000000fa00b00000)]

Other Threads:
  0x00000233bc867000 VMThread "VM Thread" [stack: 0x000000fa7d400000,0x000000fa7d500000] [id=18156]
  0x00000233bd28a800 WatcherThread [stack: 0x000000fa7de00000,0x000000fa7df00000] [id=20280]
  0x00000233a044c000 GCTaskThread "GC Thread#0" [stack: 0x000000fa7cf00000,0x000000fa7d000000] [id=428]
  0x00000233bd304800 GCTaskThread "GC Thread#1" [stack: 0x000000fa7e000000,0x000000fa7e100000] [id=20436]
  0x00000233bd304000 GCTaskThread "GC Thread#2" [stack: 0x000000fa7e100000,0x000000fa7e200000] [id=19724]
  0x00000233bd305800 GCTaskThread "GC Thread#3" [stack: 0x000000fa7e200000,0x000000fa7e300000] [id=12988]
  0x00000233bd300800 GCTaskThread "GC Thread#4" [stack: 0x000000fa7e300000,0x000000fa7e400000] [id=16928]
  0x00000233bd307000 GCTaskThread "GC Thread#5" [stack: 0x000000fa7ef00000,0x000000fa7f000000] [id=18236]
  0x00000233bd302800 GCTaskThread "GC Thread#6" [stack: 0x000000fa7f000000,0x000000fa7f100000] [id=19948]
  0x00000233bd301800 GCTaskThread "GC Thread#7" [stack: 0x000000fa7f100000,0x000000fa7f200000] [id=7856]
  0x00000233a047e800 ConcurrentGCThread "G1 Main Marker" [stack: 0x000000fa7d000000,0x000000fa7d100000] [id=11316]
  0x00000233a047f800 ConcurrentGCThread "G1 Conc#0" [stack: 0x000000fa7d100000,0x000000fa7d200000] [id=8508]
  0x00000233bd306000 ConcurrentGCThread "G1 Conc#1" [stack: 0x000000fa7f200000,0x000000fa7f300000] [id=13284]
  0x00000233bc6d6800 ConcurrentGCThread "G1 Refine#0" [stack: 0x000000fa7d200000,0x000000fa7d300000] [id=18112]
  0x00000233bc6d7000 ConcurrentGCThread "G1 Young RemSet Sampling" [stack: 0x000000fa7d300000,0x000000fa7d400000] [id=15492]

Threads with active compile tasks:
C2 CompilerThread0  18599 4516       4       java.lang.invoke.MethodType::makeImpl (108 bytes)

VM state:not at safepoint (normal execution)

VM Mutex/Monitor currently owned by a thread: None

Heap address: 0x0000000080000000, size: 2048 MB, Compressed Oops mode: 32-bit
Narrow klass base: 0x0000000000000000, Narrow klass shift: 3
Compressed class space size: 1073741824 Address: 0x0000000100000000

Heap:
 garbage-first heap   total 229376K, used 71307K [0x0000000080000000, 0x0000000100000000)
  region size 1024K, 56 young (57344K), 12 survivors (12288K)
 Metaspace       used 46810K, capacity 48020K, committed 48204K, reserved 1091584K
  class space    used 6000K, capacity 6441K, committed 6476K, reserved 1048576K
Heap Regions: E=young(eden), S=young(survivor), O=old, HS=humongous(starts), HC=humongous(continues), CS=collection set, F=free, A=archive, TAMS=top-at-mark-start (previous, next)
|   0|0x0000000080000000, 0x0000000080100000, 0x0000000080100000|100%| O|  |TAMS 0x0000000080100000, 0x0000000080000000| Untracked 
|   1|0x0000000080100000, 0x0000000080200000, 0x0000000080200000|100%| O|  |TAMS 0x0000000080200000, 0x0000000080100000| Untracked 
|   2|0x0000000080200000, 0x0000000080300000, 0x0000000080300000|100%| O|  |TAMS 0x0000000080300000, 0x0000000080200000| Untracked 
|   3|0x0000000080300000, 0x0000000080400000, 0x0000000080400000|100%|HS|  |TAMS 0x0000000080400000, 0x0000000080300000| Complete 
|   4|0x0000000080400000, 0x0000000080500000, 0x0000000080500000|100%|HC|  |TAMS 0x0000000080500000, 0x0000000080400000| Complete 
|   5|0x0000000080500000, 0x0000000080600000, 0x0000000080600000|100%|HC|  |TAMS 0x0000000080600000, 0x0000000080500000| Complete 
|   6|0x0000000080600000, 0x0000000080700000, 0x0000000080700000|100%| O|  |TAMS 0x0000000080700000, 0x0000000080600000| Untracked 
|   7|0x0000000080700000, 0x0000000080800000, 0x0000000080800000|100%| O|  |TAMS 0x0000000080800000, 0x0000000080700000| Untracked 
|   8|0x0000000080800000, 0x0000000080900000, 0x0000000080900000|100%| O|  |TAMS 0x0000000080900000, 0x0000000080800000| Untracked 
|   9|0x0000000080900000, 0x0000000080a00000, 0x0000000080a00000|100%| O|  |TAMS 0x0000000080a00000, 0x0000000080900000| Untracked 
|  10|0x0000000080a00000, 0x0000000080b00000, 0x0000000080b00000|100%| O|  |TAMS 0x0000000080b00000, 0x0000000080a00000| Untracked 
|  11|0x0000000080b00000, 0x0000000080c00000, 0x0000000080c00000|100%| O|  |TAMS 0x0000000080c00000, 0x0000000080b00000| Untracked 
|  12|0x0000000080c00000, 0x0000000080d00000, 0x0000000080d00000|100%| O|  |TAMS 0x0000000080d00000, 0x0000000080c00000| Untracked 
|  13|0x0000000080d00000, 0x0000000080e00000, 0x0000000080e00000|100%| O|  |TAMS 0x0000000080e00000, 0x0000000080d00000| Untracked 
|  14|0x0000000080e00000, 0x0000000080f00000, 0x0000000080f00000|100%| O|  |TAMS 0x0000000080f00000, 0x0000000080e00000| Untracked 
|  15|0x0000000080f00000, 0x0000000080ff5000, 0x0000000081000000| 95%| O|  |TAMS 0x0000000080ff5000, 0x0000000080f00000| Untracked 
|  16|0x0000000081000000, 0x0000000081000000, 0x0000000081100000|  0%| F|  |TAMS 0x0000000081000000, 0x0000000081000000| Untracked 
|  17|0x0000000081100000, 0x0000000081100000, 0x0000000081200000|  0%| F|  |TAMS 0x0000000081100000, 0x0000000081100000| Untracked 
|  18|0x0000000081200000, 0x0000000081200000, 0x0000000081300000|  0%| F|  |TAMS 0x0000000081200000, 0x0000000081200000| Untracked 
|  19|0x0000000081300000, 0x0000000081300000, 0x0000000081400000|  0%| F|  |TAMS 0x0000000081300000, 0x0000000081300000| Untracked 
|  20|0x0000000081400000, 0x0000000081400000, 0x0000000081500000|  0%| F|  |TAMS 0x0000000081400000, 0x0000000081400000| Untracked 
|  21|0x0000000081500000, 0x0000000081500000, 0x0000000081600000|  0%| F|  |TAMS 0x0000000081500000, 0x0000000081500000| Untracked 
|  22|0x0000000081600000, 0x0000000081600000, 0x0000000081700000|  0%| F|  |TAMS 0x0000000081600000, 0x0000000081600000| Untracked 
|  23|0x0000000081700000, 0x0000000081700000, 0x0000000081800000|  0%| F|  |TAMS 0x0000000081700000, 0x0000000081700000| Untracked 
|  24|0x0000000081800000, 0x0000000081800000, 0x0000000081900000|  0%| F|  |TAMS 0x0000000081800000, 0x0000000081800000| Untracked 
|  25|0x0000000081900000, 0x0000000081900000, 0x0000000081a00000|  0%| F|  |TAMS 0x0000000081900000, 0x0000000081900000| Untracked 
|  26|0x0000000081a00000, 0x0000000081a00000, 0x0000000081b00000|  0%| F|  |TAMS 0x0000000081a00000, 0x0000000081a00000| Untracked 
|  27|0x0000000081b00000, 0x0000000081b00000, 0x0000000081c00000|  0%| F|  |TAMS 0x0000000081b00000, 0x0000000081b00000| Untracked 
|  28|0x0000000081c00000, 0x0000000081c00000, 0x0000000081d00000|  0%| F|  |TAMS 0x0000000081c00000, 0x0000000081c00000| Untracked 
|  29|0x0000000081d00000, 0x0000000081d00000, 0x0000000081e00000|  0%| F|  |TAMS 0x0000000081d00000, 0x0000000081d00000| Untracked 
|  30|0x0000000081e00000, 0x0000000081e00000, 0x0000000081f00000|  0%| F|  |TAMS 0x0000000081e00000, 0x0000000081e00000| Untracked 
|  31|0x0000000081f00000, 0x0000000081f00000, 0x0000000082000000|  0%| F|  |TAMS 0x0000000081f00000, 0x0000000081f00000| Untracked 
|  32|0x0000000082000000, 0x0000000082000000, 0x0000000082100000|  0%| F|  |TAMS 0x0000000082000000, 0x0000000082000000| Untracked 
|  33|0x0000000082100000, 0x0000000082100000, 0x0000000082200000|  0%| F|  |TAMS 0x0000000082100000, 0x0000000082100000| Untracked 
|  34|0x0000000082200000, 0x0000000082200000, 0x0000000082300000|  0%| F|  |TAMS 0x0000000082200000, 0x0000000082200000| Untracked 
|  35|0x0000000082300000, 0x0000000082300000, 0x0000000082400000|  0%| F|  |TAMS 0x0000000082300000, 0x0000000082300000| Untracked 
|  36|0x0000000082400000, 0x0000000082400000, 0x0000000082500000|  0%| F|  |TAMS 0x0000000082400000, 0x0000000082400000| Untracked 
|  37|0x0000000082500000, 0x0000000082500000, 0x0000000082600000|  0%| F|  |TAMS 0x0000000082500000, 0x0000000082500000| Untracked 
|  38|0x0000000082600000, 0x0000000082600000, 0x0000000082700000|  0%| F|  |TAMS 0x0000000082600000, 0x0000000082600000| Untracked 
|  39|0x0000000082700000, 0x0000000082700000, 0x0000000082800000|  0%| F|  |TAMS 0x0000000082700000, 0x0000000082700000| Untracked 
|  40|0x0000000082800000, 0x0000000082800000, 0x0000000082900000|  0%| F|  |TAMS 0x0000000082800000, 0x0000000082800000| Untracked 
|  41|0x0000000082900000, 0x0000000082900000, 0x0000000082a00000|  0%| F|  |TAMS 0x0000000082900000, 0x0000000082900000| Untracked 
|  42|0x0000000082a00000, 0x0000000082a00000, 0x0000000082b00000|  0%| F|  |TAMS 0x0000000082a00000, 0x0000000082a00000| Untracked 
|  43|0x0000000082b00000, 0x0000000082b00000, 0x0000000082c00000|  0%| F|  |TAMS 0x0000000082b00000, 0x0000000082b00000| Untracked 
|  44|0x0000000082c00000, 0x0000000082c00000, 0x0000000082d00000|  0%| F|  |TAMS 0x0000000082c00000, 0x0000000082c00000| Untracked 
|  45|0x0000000082d00000, 0x0000000082d00000, 0x0000000082e00000|  0%| F|  |TAMS 0x0000000082d00000, 0x0000000082d00000| Untracked 
|  46|0x0000000082e00000, 0x0000000082e00000, 0x0000000082f00000|  0%| F|  |TAMS 0x0000000082e00000, 0x0000000082e00000| Untracked 
|  47|0x0000000082f00000, 0x0000000082f00000, 0x0000000083000000|  0%| F|  |TAMS 0x0000000082f00000, 0x0000000082f00000| Untracked 
|  48|0x0000000083000000, 0x0000000083000000, 0x0000000083100000|  0%| F|  |TAMS 0x0000000083000000, 0x0000000083000000| Untracked 
|  49|0x0000000083100000, 0x0000000083100000, 0x0000000083200000|  0%| F|  |TAMS 0x0000000083100000, 0x0000000083100000| Untracked 
|  50|0x0000000083200000, 0x0000000083200000, 0x0000000083300000|  0%| F|  |TAMS 0x0000000083200000, 0x0000000083200000| Untracked 
|  51|0x0000000083300000, 0x0000000083300000, 0x0000000083400000|  0%| F|  |TAMS 0x0000000083300000, 0x0000000083300000| Untracked 
|  52|0x0000000083400000, 0x0000000083400000, 0x0000000083500000|  0%| F|  |TAMS 0x0000000083400000, 0x0000000083400000| Untracked 
|  53|0x0000000083500000, 0x0000000083500000, 0x0000000083600000|  0%| F|  |TAMS 0x0000000083500000, 0x0000000083500000| Untracked 
|  54|0x0000000083600000, 0x0000000083600000, 0x0000000083700000|  0%| F|  |TAMS 0x0000000083600000, 0x0000000083600000| Untracked 
|  55|0x0000000083700000, 0x0000000083700000, 0x0000000083800000|  0%| F|  |TAMS 0x0000000083700000, 0x0000000083700000| Untracked 
|  56|0x0000000083800000, 0x0000000083800000, 0x0000000083900000|  0%| F|  |TAMS 0x0000000083800000, 0x0000000083800000| Untracked 
|  57|0x0000000083900000, 0x0000000083900000, 0x0000000083a00000|  0%| F|  |TAMS 0x0000000083900000, 0x0000000083900000| Untracked 
|  58|0x0000000083a00000, 0x0000000083a00000, 0x0000000083b00000|  0%| F|  |TAMS 0x0000000083a00000, 0x0000000083a00000| Untracked 
|  59|0x0000000083b00000, 0x0000000083b00000, 0x0000000083c00000|  0%| F|  |TAMS 0x0000000083b00000, 0x0000000083b00000| Untracked 
|  60|0x0000000083c00000, 0x0000000083c00000, 0x0000000083d00000|  0%| F|  |TAMS 0x0000000083c00000, 0x0000000083c00000| Untracked 
|  61|0x0000000083d00000, 0x0000000083d00000, 0x0000000083e00000|  0%| F|  |TAMS 0x0000000083d00000, 0x0000000083d00000| Untracked 
|  62|0x0000000083e00000, 0x0000000083e00000, 0x0000000083f00000|  0%| F|  |TAMS 0x0000000083e00000, 0x0000000083e00000| Untracked 
|  63|0x0000000083f00000, 0x0000000083f00000, 0x0000000084000000|  0%| F|  |TAMS 0x0000000083f00000, 0x0000000083f00000| Untracked 
|  64|0x0000000084000000, 0x0000000084000000, 0x0000000084100000|  0%| F|  |TAMS 0x0000000084000000, 0x0000000084000000| Untracked 
|  65|0x0000000084100000, 0x0000000084100000, 0x0000000084200000|  0%| F|  |TAMS 0x0000000084100000, 0x0000000084100000| Untracked 
|  66|0x0000000084200000, 0x0000000084200000, 0x0000000084300000|  0%| F|  |TAMS 0x0000000084200000, 0x0000000084200000| Untracked 
|  67|0x0000000084300000, 0x0000000084300000, 0x0000000084400000|  0%| F|  |TAMS 0x0000000084300000, 0x0000000084300000| Untracked 
|  68|0x0000000084400000, 0x0000000084400000, 0x0000000084500000|  0%| F|  |TAMS 0x0000000084400000, 0x0000000084400000| Untracked 
|  69|0x0000000084500000, 0x0000000084500000, 0x0000000084600000|  0%| F|  |TAMS 0x0000000084500000, 0x0000000084500000| Untracked 
|  70|0x0000000084600000, 0x0000000084600000, 0x0000000084700000|  0%| F|  |TAMS 0x0000000084600000, 0x0000000084600000| Untracked 
|  71|0x0000000084700000, 0x0000000084700000, 0x0000000084800000|  0%| F|  |TAMS 0x0000000084700000, 0x0000000084700000| Untracked 
|  72|0x0000000084800000, 0x0000000084800000, 0x0000000084900000|  0%| F|  |TAMS 0x0000000084800000, 0x0000000084800000| Untracked 
|  73|0x0000000084900000, 0x0000000084900000, 0x0000000084a00000|  0%| F|  |TAMS 0x0000000084900000, 0x0000000084900000| Untracked 
|  74|0x0000000084a00000, 0x0000000084a00000, 0x0000000084b00000|  0%| F|  |TAMS 0x0000000084a00000, 0x0000000084a00000| Untracked 
|  75|0x0000000084b00000, 0x0000000084b00000, 0x0000000084c00000|  0%| F|  |TAMS 0x0000000084b00000, 0x0000000084b00000| Untracked 
|  76|0x0000000084c00000, 0x0000000084c00000, 0x0000000084d00000|  0%| F|  |TAMS 0x0000000084c00000, 0x0000000084c00000| Untracked 
|  77|0x0000000084d00000, 0x0000000084d00000, 0x0000000084e00000|  0%| F|  |TAMS 0x0000000084d00000, 0x0000000084d00000| Untracked 
|  78|0x0000000084e00000, 0x0000000084e00000, 0x0000000084f00000|  0%| F|  |TAMS 0x0000000084e00000, 0x0000000084e00000| Untracked 
|  79|0x0000000084f00000, 0x0000000084f00000, 0x0000000085000000|  0%| F|  |TAMS 0x0000000084f00000, 0x0000000084f00000| Untracked 
|  80|0x0000000085000000, 0x0000000085000000, 0x0000000085100000|  0%| F|  |TAMS 0x0000000085000000, 0x0000000085000000| Untracked 
|  81|0x0000000085100000, 0x0000000085100000, 0x0000000085200000|  0%| F|  |TAMS 0x0000000085100000, 0x0000000085100000| Untracked 
|  82|0x0000000085200000, 0x0000000085200000, 0x0000000085300000|  0%| F|  |TAMS 0x0000000085200000, 0x0000000085200000| Untracked 
|  83|0x0000000085300000, 0x0000000085300000, 0x0000000085400000|  0%| F|  |TAMS 0x0000000085300000, 0x0000000085300000| Untracked 
|  84|0x0000000085400000, 0x0000000085400000, 0x0000000085500000|  0%| F|  |TAMS 0x0000000085400000, 0x0000000085400000| Untracked 
|  85|0x0000000085500000, 0x0000000085500000, 0x0000000085600000|  0%| F|  |TAMS 0x0000000085500000, 0x0000000085500000| Untracked 
|  86|0x0000000085600000, 0x0000000085600000, 0x0000000085700000|  0%| F|  |TAMS 0x0000000085600000, 0x0000000085600000| Untracked 
|  87|0x0000000085700000, 0x0000000085700000, 0x0000000085800000|  0%| F|  |TAMS 0x0000000085700000, 0x0000000085700000| Untracked 
|  88|0x0000000085800000, 0x0000000085800000, 0x0000000085900000|  0%| F|  |TAMS 0x0000000085800000, 0x0000000085800000| Untracked 
|  89|0x0000000085900000, 0x0000000085900000, 0x0000000085a00000|  0%| F|  |TAMS 0x0000000085900000, 0x0000000085900000| Untracked 
|  90|0x0000000085a00000, 0x0000000085a00000, 0x0000000085b00000|  0%| F|  |TAMS 0x0000000085a00000, 0x0000000085a00000| Untracked 
|  91|0x0000000085b00000, 0x0000000085b00000, 0x0000000085c00000|  0%| F|  |TAMS 0x0000000085b00000, 0x0000000085b00000| Untracked 
|  92|0x0000000085c00000, 0x0000000085c00000, 0x0000000085d00000|  0%| F|  |TAMS 0x0000000085c00000, 0x0000000085c00000| Untracked 
|  93|0x0000000085d00000, 0x0000000085d00000, 0x0000000085e00000|  0%| F|  |TAMS 0x0000000085d00000, 0x0000000085d00000| Untracked 
|  94|0x0000000085e00000, 0x0000000085e00000, 0x0000000085f00000|  0%| F|  |TAMS 0x0000000085e00000, 0x0000000085e00000| Untracked 
|  95|0x0000000085f00000, 0x0000000085f00000, 0x0000000086000000|  0%| F|  |TAMS 0x0000000085f00000, 0x0000000085f00000| Untracked 
|  96|0x0000000086000000, 0x0000000086000000, 0x0000000086100000|  0%| F|  |TAMS 0x0000000086000000, 0x0000000086000000| Untracked 
|  97|0x0000000086100000, 0x0000000086100000, 0x0000000086200000|  0%| F|  |TAMS 0x0000000086100000, 0x0000000086100000| Untracked 
|  98|0x0000000086200000, 0x0000000086200000, 0x0000000086300000|  0%| F|  |TAMS 0x0000000086200000, 0x0000000086200000| Untracked 
|  99|0x0000000086300000, 0x0000000086300000, 0x0000000086400000|  0%| F|  |TAMS 0x0000000086300000, 0x0000000086300000| Untracked 
| 100|0x0000000086400000, 0x00000000864adea8, 0x0000000086500000| 67%| S|CS|TAMS 0x0000000086400000, 0x0000000086400000| Complete 
| 101|0x0000000086500000, 0x0000000086600000, 0x0000000086600000|100%| S|CS|TAMS 0x0000000086500000, 0x0000000086500000| Complete 
| 102|0x0000000086600000, 0x0000000086700000, 0x0000000086700000|100%| S|CS|TAMS 0x0000000086600000, 0x0000000086600000| Complete 
| 103|0x0000000086700000, 0x0000000086800000, 0x0000000086800000|100%| S|CS|TAMS 0x0000000086700000, 0x0000000086700000| Complete 
| 104|0x0000000086800000, 0x0000000086900000, 0x0000000086900000|100%| S|CS|TAMS 0x0000000086800000, 0x0000000086800000| Complete 
| 105|0x0000000086900000, 0x0000000086a00000, 0x0000000086a00000|100%| S|CS|TAMS 0x0000000086900000, 0x0000000086900000| Complete 
| 106|0x0000000086a00000, 0x0000000086b00000, 0x0000000086b00000|100%| S|CS|TAMS 0x0000000086a00000, 0x0000000086a00000| Complete 
| 107|0x0000000086b00000, 0x0000000086c00000, 0x0000000086c00000|100%| S|CS|TAMS 0x0000000086b00000, 0x0000000086b00000| Complete 
| 108|0x0000000086c00000, 0x0000000086d00000, 0x0000000086d00000|100%| S|CS|TAMS 0x0000000086c00000, 0x0000000086c00000| Complete 
| 109|0x0000000086d00000, 0x0000000086e00000, 0x0000000086e00000|100%| S|CS|TAMS 0x0000000086d00000, 0x0000000086d00000| Complete 
| 110|0x0000000086e00000, 0x0000000086f00000, 0x0000000086f00000|100%| S|CS|TAMS 0x0000000086e00000, 0x0000000086e00000| Complete 
| 111|0x0000000086f00000, 0x0000000087000000, 0x0000000087000000|100%| S|CS|TAMS 0x0000000086f00000, 0x0000000086f00000| Complete 
| 112|0x0000000087000000, 0x0000000087000000, 0x0000000087100000|  0%| F|  |TAMS 0x0000000087000000, 0x0000000087000000| Untracked 
| 113|0x0000000087100000, 0x0000000087100000, 0x0000000087200000|  0%| F|  |TAMS 0x0000000087100000, 0x0000000087100000| Untracked 
| 114|0x0000000087200000, 0x0000000087200000, 0x0000000087300000|  0%| F|  |TAMS 0x0000000087200000, 0x0000000087200000| Untracked 
| 115|0x0000000087300000, 0x0000000087300000, 0x0000000087400000|  0%| F|  |TAMS 0x0000000087300000, 0x0000000087300000| Untracked 
| 116|0x0000000087400000, 0x0000000087400000, 0x0000000087500000|  0%| F|  |TAMS 0x0000000087400000, 0x0000000087400000| Untracked 
| 117|0x0000000087500000, 0x0000000087500000, 0x0000000087600000|  0%| F|  |TAMS 0x0000000087500000, 0x0000000087500000| Untracked 
| 118|0x0000000087600000, 0x0000000087600000, 0x0000000087700000|  0%| F|  |TAMS 0x0000000087600000, 0x0000000087600000| Untracked 
| 119|0x0000000087700000, 0x0000000087700000, 0x0000000087800000|  0%| F|  |TAMS 0x0000000087700000, 0x0000000087700000| Untracked 
| 120|0x0000000087800000, 0x0000000087800000, 0x0000000087900000|  0%| F|  |TAMS 0x0000000087800000, 0x0000000087800000| Untracked 
| 121|0x0000000087900000, 0x0000000087900000, 0x0000000087a00000|  0%| F|  |TAMS 0x0000000087900000, 0x0000000087900000| Untracked 
| 122|0x0000000087a00000, 0x0000000087a00000, 0x0000000087b00000|  0%| F|  |TAMS 0x0000000087a00000, 0x0000000087a00000| Untracked 
| 123|0x0000000087b00000, 0x0000000087b00000, 0x0000000087c00000|  0%| F|  |TAMS 0x0000000087b00000, 0x0000000087b00000| Untracked 
| 124|0x0000000087c00000, 0x0000000087c00000, 0x0000000087d00000|  0%| F|  |TAMS 0x0000000087c00000, 0x0000000087c00000| Untracked 
| 125|0x0000000087d00000, 0x0000000087d00000, 0x0000000087e00000|  0%| F|  |TAMS 0x0000000087d00000, 0x0000000087d00000| Untracked 
| 126|0x0000000087e00000, 0x0000000087e00000, 0x0000000087f00000|  0%| F|  |TAMS 0x0000000087e00000, 0x0000000087e00000| Untracked 
| 127|0x0000000087f00000, 0x0000000087f00000, 0x0000000088000000|  0%| F|  |TAMS 0x0000000087f00000, 0x0000000087f00000| Untracked 
| 128|0x0000000088000000, 0x0000000088000000, 0x0000000088100000|  0%| F|  |TAMS 0x0000000088000000, 0x0000000088000000| Untracked 
| 129|0x0000000088100000, 0x0000000088100000, 0x0000000088200000|  0%| F|  |TAMS 0x0000000088100000, 0x0000000088100000| Untracked 
| 130|0x0000000088200000, 0x0000000088200000, 0x0000000088300000|  0%| F|  |TAMS 0x0000000088200000, 0x0000000088200000| Untracked 
| 131|0x0000000088300000, 0x0000000088300000, 0x0000000088400000|  0%| F|  |TAMS 0x0000000088300000, 0x0000000088300000| Untracked 
| 132|0x0000000088400000, 0x0000000088400000, 0x0000000088500000|  0%| F|  |TAMS 0x0000000088400000, 0x0000000088400000| Untracked 
| 133|0x0000000088500000, 0x0000000088500000, 0x0000000088600000|  0%| F|  |TAMS 0x0000000088500000, 0x0000000088500000| Untracked 
| 134|0x0000000088600000, 0x0000000088600000, 0x0000000088700000|  0%| F|  |TAMS 0x0000000088600000, 0x0000000088600000| Untracked 
| 135|0x0000000088700000, 0x0000000088700000, 0x0000000088800000|  0%| F|  |TAMS 0x0000000088700000, 0x0000000088700000| Untracked 
| 136|0x0000000088800000, 0x0000000088800000, 0x0000000088900000|  0%| F|  |TAMS 0x0000000088800000, 0x0000000088800000| Untracked 
| 137|0x0000000088900000, 0x0000000088900000, 0x0000000088a00000|  0%| F|  |TAMS 0x0000000088900000, 0x0000000088900000| Untracked 
| 138|0x0000000088a00000, 0x0000000088a00000, 0x0000000088b00000|  0%| F|  |TAMS 0x0000000088a00000, 0x0000000088a00000| Untracked 
| 139|0x0000000088b00000, 0x0000000088b00000, 0x0000000088c00000|  0%| F|  |TAMS 0x0000000088b00000, 0x0000000088b00000| Untracked 
| 140|0x0000000088c00000, 0x0000000088c00000, 0x0000000088d00000|  0%| F|  |TAMS 0x0000000088c00000, 0x0000000088c00000| Untracked 
| 141|0x0000000088d00000, 0x0000000088d00000, 0x0000000088e00000|  0%| F|  |TAMS 0x0000000088d00000, 0x0000000088d00000| Untracked 
| 142|0x0000000088e00000, 0x0000000088e00000, 0x0000000088f00000|  0%| F|  |TAMS 0x0000000088e00000, 0x0000000088e00000| Untracked 
| 143|0x0000000088f00000, 0x0000000088f00000, 0x0000000089000000|  0%| F|  |TAMS 0x0000000088f00000, 0x0000000088f00000| Untracked 
| 144|0x0000000089000000, 0x0000000089000000, 0x0000000089100000|  0%| F|  |TAMS 0x0000000089000000, 0x0000000089000000| Untracked 
| 145|0x0000000089100000, 0x0000000089100000, 0x0000000089200000|  0%| F|  |TAMS 0x0000000089100000, 0x0000000089100000| Untracked 
| 146|0x0000000089200000, 0x0000000089200000, 0x0000000089300000|  0%| F|  |TAMS 0x0000000089200000, 0x0000000089200000| Untracked 
| 147|0x0000000089300000, 0x0000000089300000, 0x0000000089400000|  0%| F|  |TAMS 0x0000000089300000, 0x0000000089300000| Untracked 
| 148|0x0000000089400000, 0x0000000089400000, 0x0000000089500000|  0%| F|  |TAMS 0x0000000089400000, 0x0000000089400000| Untracked 
| 149|0x0000000089500000, 0x0000000089500000, 0x0000000089600000|  0%| F|  |TAMS 0x0000000089500000, 0x0000000089500000| Untracked 
| 150|0x0000000089600000, 0x0000000089600000, 0x0000000089700000|  0%| F|  |TAMS 0x0000000089600000, 0x0000000089600000| Untracked 
| 151|0x0000000089700000, 0x0000000089700000, 0x0000000089800000|  0%| F|  |TAMS 0x0000000089700000, 0x0000000089700000| Untracked 
| 152|0x0000000089800000, 0x0000000089800000, 0x0000000089900000|  0%| F|  |TAMS 0x0000000089800000, 0x0000000089800000| Untracked 
| 153|0x0000000089900000, 0x0000000089900000, 0x0000000089a00000|  0%| F|  |TAMS 0x0000000089900000, 0x0000000089900000| Untracked 
| 154|0x0000000089a00000, 0x0000000089a00000, 0x0000000089b00000|  0%| F|  |TAMS 0x0000000089a00000, 0x0000000089a00000| Untracked 
| 155|0x0000000089b00000, 0x0000000089b00000, 0x0000000089c00000|  0%| F|  |TAMS 0x0000000089b00000, 0x0000000089b00000| Untracked 
| 156|0x0000000089c00000, 0x0000000089c00000, 0x0000000089d00000|  0%| F|  |TAMS 0x0000000089c00000, 0x0000000089c00000| Untracked 
| 157|0x0000000089d00000, 0x0000000089d00000, 0x0000000089e00000|  0%| F|  |TAMS 0x0000000089d00000, 0x0000000089d00000| Untracked 
| 158|0x0000000089e00000, 0x0000000089e00000, 0x0000000089f00000|  0%| F|  |TAMS 0x0000000089e00000, 0x0000000089e00000| Untracked 
| 159|0x0000000089f00000, 0x0000000089f00000, 0x000000008a000000|  0%| F|  |TAMS 0x0000000089f00000, 0x0000000089f00000| Untracked 
| 160|0x000000008a000000, 0x000000008a000000, 0x000000008a100000|  0%| F|  |TAMS 0x000000008a000000, 0x000000008a000000| Untracked 
| 161|0x000000008a100000, 0x000000008a100000, 0x000000008a200000|  0%| F|  |TAMS 0x000000008a100000, 0x000000008a100000| Untracked 
| 162|0x000000008a200000, 0x000000008a200000, 0x000000008a300000|  0%| F|  |TAMS 0x000000008a200000, 0x000000008a200000| Untracked 
| 163|0x000000008a300000, 0x000000008a300000, 0x000000008a400000|  0%| F|  |TAMS 0x000000008a300000, 0x000000008a300000| Untracked 
| 164|0x000000008a400000, 0x000000008a400000, 0x000000008a500000|  0%| F|  |TAMS 0x000000008a400000, 0x000000008a400000| Untracked 
| 165|0x000000008a500000, 0x000000008a500000, 0x000000008a600000|  0%| F|  |TAMS 0x000000008a500000, 0x000000008a500000| Untracked 
| 166|0x000000008a600000, 0x000000008a600000, 0x000000008a700000|  0%| F|  |TAMS 0x000000008a600000, 0x000000008a600000| Untracked 
| 167|0x000000008a700000, 0x000000008a700000, 0x000000008a800000|  0%| F|  |TAMS 0x000000008a700000, 0x000000008a700000| Untracked 
| 168|0x000000008a800000, 0x000000008a800000, 0x000000008a900000|  0%| F|  |TAMS 0x000000008a800000, 0x000000008a800000| Untracked 
| 169|0x000000008a900000, 0x000000008a900000, 0x000000008aa00000|  0%| F|  |TAMS 0x000000008a900000, 0x000000008a900000| Untracked 
| 170|0x000000008aa00000, 0x000000008aa00000, 0x000000008ab00000|  0%| F|  |TAMS 0x000000008aa00000, 0x000000008aa00000| Untracked 
| 171|0x000000008ab00000, 0x000000008ab00000, 0x000000008ac00000|  0%| F|  |TAMS 0x000000008ab00000, 0x000000008ab00000| Untracked 
| 172|0x000000008ac00000, 0x000000008ac00000, 0x000000008ad00000|  0%| F|  |TAMS 0x000000008ac00000, 0x000000008ac00000| Untracked 
| 173|0x000000008ad00000, 0x000000008ad00000, 0x000000008ae00000|  0%| F|  |TAMS 0x000000008ad00000, 0x000000008ad00000| Untracked 
| 174|0x000000008ae00000, 0x000000008ae00000, 0x000000008af00000|  0%| F|  |TAMS 0x000000008ae00000, 0x000000008ae00000| Untracked 
| 175|0x000000008af00000, 0x000000008af00000, 0x000000008b000000|  0%| F|  |TAMS 0x000000008af00000, 0x000000008af00000| Untracked 
| 176|0x000000008b000000, 0x000000008b000000, 0x000000008b100000|  0%| F|  |TAMS 0x000000008b000000, 0x000000008b000000| Untracked 
| 177|0x000000008b100000, 0x000000008b100000, 0x000000008b200000|  0%| F|  |TAMS 0x000000008b100000, 0x000000008b100000| Untracked 
| 178|0x000000008b200000, 0x000000008b200000, 0x000000008b300000|  0%| F|  |TAMS 0x000000008b200000, 0x000000008b200000| Untracked 
| 179|0x000000008b300000, 0x000000008b3a60f0, 0x000000008b400000| 64%| E|  |TAMS 0x000000008b300000, 0x000000008b300000| Complete 
| 180|0x000000008b400000, 0x000000008b500000, 0x000000008b500000|100%| E|CS|TAMS 0x000000008b400000, 0x000000008b400000| Complete 
| 181|0x000000008b500000, 0x000000008b600000, 0x000000008b600000|100%| E|CS|TAMS 0x000000008b500000, 0x000000008b500000| Complete 
| 182|0x000000008b600000, 0x000000008b700000, 0x000000008b700000|100%| E|CS|TAMS 0x000000008b600000, 0x000000008b600000| Complete 
| 183|0x000000008b700000, 0x000000008b800000, 0x000000008b800000|100%| E|  |TAMS 0x000000008b700000, 0x000000008b700000| Complete 
| 184|0x000000008b800000, 0x000000008b900000, 0x000000008b900000|100%| E|CS|TAMS 0x000000008b800000, 0x000000008b800000| Complete 
| 185|0x000000008b900000, 0x000000008ba00000, 0x000000008ba00000|100%| E|CS|TAMS 0x000000008b900000, 0x000000008b900000| Complete 
| 186|0x000000008ba00000, 0x000000008bb00000, 0x000000008bb00000|100%| E|CS|TAMS 0x000000008ba00000, 0x000000008ba00000| Complete 
| 187|0x000000008bb00000, 0x000000008bc00000, 0x000000008bc00000|100%| E|CS|TAMS 0x000000008bb00000, 0x000000008bb00000| Complete 
| 188|0x000000008bc00000, 0x000000008bd00000, 0x000000008bd00000|100%| E|CS|TAMS 0x000000008bc00000, 0x000000008bc00000| Complete 
| 189|0x000000008bd00000, 0x000000008be00000, 0x000000008be00000|100%| E|CS|TAMS 0x000000008bd00000, 0x000000008bd00000| Complete 
| 190|0x000000008be00000, 0x000000008bf00000, 0x000000008bf00000|100%| E|CS|TAMS 0x000000008be00000, 0x000000008be00000| Complete 
| 191|0x000000008bf00000, 0x000000008c000000, 0x000000008c000000|100%| E|CS|TAMS 0x000000008bf00000, 0x000000008bf00000| Complete 
| 192|0x000000008c000000, 0x000000008c100000, 0x000000008c100000|100%| E|CS|TAMS 0x000000008c000000, 0x000000008c000000| Complete 
| 193|0x000000008c100000, 0x000000008c200000, 0x000000008c200000|100%| E|CS|TAMS 0x000000008c100000, 0x000000008c100000| Complete 
| 194|0x000000008c200000, 0x000000008c300000, 0x000000008c300000|100%| E|CS|TAMS 0x000000008c200000, 0x000000008c200000| Complete 
| 195|0x000000008c300000, 0x000000008c400000, 0x000000008c400000|100%| E|CS|TAMS 0x000000008c300000, 0x000000008c300000| Complete 
| 196|0x000000008c400000, 0x000000008c500000, 0x000000008c500000|100%| E|CS|TAMS 0x000000008c400000, 0x000000008c400000| Complete 
| 197|0x000000008c500000, 0x000000008c600000, 0x000000008c600000|100%| E|CS|TAMS 0x000000008c500000, 0x000000008c500000| Complete 
| 198|0x000000008c600000, 0x000000008c700000, 0x000000008c700000|100%| E|CS|TAMS 0x000000008c600000, 0x000000008c600000| Complete 
| 199|0x000000008c700000, 0x000000008c800000, 0x000000008c800000|100%| E|CS|TAMS 0x000000008c700000, 0x000000008c700000| Complete 
| 200|0x000000008c800000, 0x000000008c900000, 0x000000008c900000|100%| E|CS|TAMS 0x000000008c800000, 0x000000008c800000| Complete 
| 201|0x000000008c900000, 0x000000008ca00000, 0x000000008ca00000|100%| E|CS|TAMS 0x000000008c900000, 0x000000008c900000| Complete 
| 202|0x000000008ca00000, 0x000000008cb00000, 0x000000008cb00000|100%| E|CS|TAMS 0x000000008ca00000, 0x000000008ca00000| Complete 
| 203|0x000000008cb00000, 0x000000008cc00000, 0x000000008cc00000|100%| E|CS|TAMS 0x000000008cb00000, 0x000000008cb00000| Complete 
| 204|0x000000008cc00000, 0x000000008cd00000, 0x000000008cd00000|100%| E|CS|TAMS 0x000000008cc00000, 0x000000008cc00000| Complete 
| 205|0x000000008cd00000, 0x000000008ce00000, 0x000000008ce00000|100%| E|CS|TAMS 0x000000008cd00000, 0x000000008cd00000| Complete 
| 206|0x000000008ce00000, 0x000000008cf00000, 0x000000008cf00000|100%| E|CS|TAMS 0x000000008ce00000, 0x000000008ce00000| Complete 
| 207|0x000000008cf00000, 0x000000008d000000, 0x000000008d000000|100%| E|CS|TAMS 0x000000008cf00000, 0x000000008cf00000| Complete 
| 208|0x000000008d000000, 0x000000008d100000, 0x000000008d100000|100%| E|CS|TAMS 0x000000008d000000, 0x000000008d000000| Complete 
| 209|0x000000008d100000, 0x000000008d200000, 0x000000008d200000|100%| E|CS|TAMS 0x000000008d100000, 0x000000008d100000| Complete 
| 210|0x000000008d200000, 0x000000008d300000, 0x000000008d300000|100%| E|CS|TAMS 0x000000008d200000, 0x000000008d200000| Complete 
| 211|0x000000008d300000, 0x000000008d400000, 0x000000008d400000|100%| E|CS|TAMS 0x000000008d300000, 0x000000008d300000| Complete 
| 212|0x000000008d400000, 0x000000008d500000, 0x000000008d500000|100%| E|CS|TAMS 0x000000008d400000, 0x000000008d400000| Complete 
| 213|0x000000008d500000, 0x000000008d600000, 0x000000008d600000|100%| E|CS|TAMS 0x000000008d500000, 0x000000008d500000| Complete 
| 214|0x000000008d600000, 0x000000008d700000, 0x000000008d700000|100%| E|CS|TAMS 0x000000008d600000, 0x000000008d600000| Complete 
| 215|0x000000008d700000, 0x000000008d800000, 0x000000008d800000|100%| E|CS|TAMS 0x000000008d700000, 0x000000008d700000| Complete 
| 216|0x000000008d800000, 0x000000008d900000, 0x000000008d900000|100%| E|CS|TAMS 0x000000008d800000, 0x000000008d800000| Complete 
| 217|0x000000008d900000, 0x000000008da00000, 0x000000008da00000|100%| E|CS|TAMS 0x000000008d900000, 0x000000008d900000| Complete 
| 218|0x000000008da00000, 0x000000008db00000, 0x000000008db00000|100%| E|CS|TAMS 0x000000008da00000, 0x000000008da00000| Complete 
| 219|0x000000008db00000, 0x000000008dc00000, 0x000000008dc00000|100%| E|CS|TAMS 0x000000008db00000, 0x000000008db00000| Complete 
| 220|0x000000008dc00000, 0x000000008dd00000, 0x000000008dd00000|100%| E|CS|TAMS 0x000000008dc00000, 0x000000008dc00000| Complete 
| 221|0x000000008dd00000, 0x000000008de00000, 0x000000008de00000|100%| E|CS|TAMS 0x000000008dd00000, 0x000000008dd00000| Complete 
| 222|0x000000008de00000, 0x000000008df00000, 0x000000008df00000|100%| E|CS|TAMS 0x000000008de00000, 0x000000008de00000| Complete 
| 223|0x000000008df00000, 0x000000008e000000, 0x000000008e000000|100%| E|CS|TAMS 0x000000008df00000, 0x000000008df00000| Complete 

Card table byte_map: [0x00000233b5550000,0x00000233b5950000] _byte_map_base: 0x00000233b5150000

Marking Bits (Prev, Next): (CMBitMap*) 0x00000233a04757b8, (CMBitMap*) 0x00000233a04757f0
 Prev Bits: [0x00000233b5d50000, 0x00000233b7d50000)
 Next Bits: [0x00000233b7d50000, 0x00000233b9d50000)

Polling page: 0x00000233a0300000

Metaspace:

Usage:
  Non-class:     40.61 MB capacity,    39.90 MB ( 98%) used,   604.84 KB (  1%) free+waste,   122.94 KB ( <1%) overhead. 
      Class:      6.29 MB capacity,     5.87 MB ( 93%) used,   376.01 KB (  6%) free+waste,    58.88 KB ( <1%) overhead. 
       Both:     46.90 MB capacity,    45.76 MB ( 98%) used,   980.84 KB (  2%) free+waste,   181.81 KB ( <1%) overhead. 

Virtual space:
  Non-class space:       42.00 MB reserved,      40.75 MB ( 97%) committed 
      Class space:        1.00 GB reserved,       6.32 MB ( <1%) committed 
             Both:        1.04 GB reserved,      47.07 MB (  4%) committed 

Chunk freelists:
   Non-Class:  18.00 KB
       Class:  0 bytes
        Both:  18.00 KB

MaxMetaspaceSize: 17179869184.00 GB
CompressedClassSpaceSize: 1.00 GB

CodeHeap 'non-profiled nmethods': size=120000Kb used=2662Kb max_used=2662Kb free=117338Kb
 bounds [0x00000233ad1b0000, 0x00000233ad450000, 0x00000233b46e0000]
CodeHeap 'profiled nmethods': size=120000Kb used=9477Kb max_used=9477Kb free=110522Kb
 bounds [0x00000233a5c80000, 0x00000233a65d0000, 0x00000233ad1b0000]
CodeHeap 'non-nmethods': size=5760Kb used=2218Kb max_used=2291Kb free=3541Kb
 bounds [0x00000233a56e0000, 0x00000233a5950000, 0x00000233a5c80000]
 total_blobs=5516 nmethods=4727 adapters=700
 compilation: enabled
              stopped_count=0, restarted_count=0
 full_count=0

Compilation events (20 events):
Event: 18.506 Thread 0x00000233bd0fd000 nmethod 4637 0x00000233a6598190 code [0x00000233a6598360, 0x00000233a65988b8]
Event: 18.506 Thread 0x00000233bd0fd000 4639       3       java.util.Collections$SetFromMap::contains (11 bytes)
Event: 18.506 Thread 0x00000233bd0fd000 nmethod 4639 0x00000233a6598a10 code [0x00000233a6598bc0, 0x00000233a6598d88]
Event: 18.506 Thread 0x00000233bd0fd000 4638       1       com.google.common.cache.CacheBuilder$OneWeigher::weigh (2 bytes)
Event: 18.506 Thread 0x00000233bd0fd000 nmethod 4638 0x00000233ad43f510 code [0x00000233ad43f6c0, 0x00000233ad43f778]
Event: 18.510 Thread 0x00000233bd0fd000 4640       3       java.math.BigInteger::makePositive (259 bytes)
Event: 18.512 Thread 0x00000233bd0fd000 nmethod 4640 0x00000233a6598e90 code [0x00000233a65990a0, 0x00000233a6599938]
Event: 18.512 Thread 0x00000233bd0fd000 4641       3       java.util.concurrent.atomic.AtomicReferenceArray::set (13 bytes)
Event: 18.514 Thread 0x00000233bd0fd000 nmethod 4641 0x00000233a6599d10 code [0x00000233a659a000, 0x00000233a659b028]
Event: 18.515 Thread 0x00000233bd0fd000 4646       3       org.gradle.internal.io.StreamByteBuffer::<init> (75 bytes)
Event: 18.516 Thread 0x00000233bd0fd000 nmethod 4646 0x00000233a659b690 code [0x00000233a659b8e0, 0x00000233a659c458]
Event: 18.516 Thread 0x00000233bd0fd000 4642       3       java.lang.invoke.VarHandleGuards::guard_LIL_V (114 bytes)
Event: 18.521 Thread 0x00000233bd0fd000 nmethod 4642 0x00000233a659c790 code [0x00000233a659cb00, 0x00000233a659e528]
Event: 18.521 Thread 0x00000233bd0fd000 4648       3       org.gradle.cache.internal.DefaultFileLockManager$DefaultFileLock::assertOpen (18 bytes)
Event: 18.522 Thread 0x00000233bd0fd000 nmethod 4648 0x00000233a659ee10 code [0x00000233a659efe0, 0x00000233a659f1e8]
Event: 18.522 Thread 0x00000233bd0fd000 4649       3       sun.security.provider.MD5::implDigest (96 bytes)
Event: 18.523 Thread 0x00000233bd0fd000 nmethod 4649 0x00000233a659f310 code [0x00000233a659f500, 0x00000233a659f7e8]
Event: 18.523 Thread 0x00000233bd0fd000 4650       3       java.util.concurrent.locks.AbstractQueuedSynchronizer::unparkSuccessor (84 bytes)
Event: 18.525 Thread 0x00000233bd0fd000 nmethod 4650 0x00000233a659f910 code [0x00000233a659fb80, 0x00000233a65a0578]
Event: 18.525 Thread 0x00000233bd0fd000 4643       3       java.lang.invoke.VarHandleObjects$Array::setVolatile (51 bytes)

GC Heap History (10 events):
Event: 2.149 GC heap before
{Heap before GC invocations=0 (full 0):
 garbage-first heap   total 229376K, used 29696K [0x0000000080000000, 0x0000000100000000)
  region size 1024K, 24 young (24576K), 0 survivors (0K)
 Metaspace       used 10213K, capacity 10429K, committed 10624K, reserved 1058816K
  class space    used 1064K, capacity 1139K, committed 1152K, reserved 1048576K
}
Event: 2.156 GC heap after
{Heap after GC invocations=1 (full 0):
 garbage-first heap   total 229376K, used 9328K [0x0000000080000000, 0x0000000100000000)
  region size 1024K, 3 young (3072K), 3 survivors (3072K)
 Metaspace       used 10213K, capacity 10429K, committed 10624K, reserved 1058816K
  class space    used 1064K, capacity 1139K, committed 1152K, reserved 1048576K
}
Event: 6.922 GC heap before
{Heap before GC invocations=1 (full 0):
 garbage-first heap   total 229376K, used 104560K [0x0000000080000000, 0x0000000100000000)
  region size 1024K, 97 young (99328K), 3 survivors (3072K)
 Metaspace       used 20561K, capacity 21096K, committed 21248K, reserved 1067008K
  class space    used 2507K, capacity 2690K, committed 2816K, reserved 1048576K
}
Event: 6.941 GC heap after
{Heap after GC invocations=2 (full 0):
 garbage-first heap   total 229376K, used 16307K [0x0000000080000000, 0x0000000100000000)
  region size 1024K, 10 young (10240K), 10 survivors (10240K)
 Metaspace       used 20561K, capacity 21096K, committed 21248K, reserved 1067008K
  class space    used 2507K, capacity 2690K, committed 2816K, reserved 1048576K
}
Event: 8.954 GC heap before
{Heap before GC invocations=3 (full 0):
 garbage-first heap   total 229376K, used 77747K [0x0000000080000000, 0x0000000100000000)
  region size 1024K, 71 young (72704K), 10 survivors (10240K)
 Metaspace       used 26486K, capacity 27204K, committed 27392K, reserved 1073152K
  class space    used 3492K, capacity 3755K, committed 3840K, reserved 1048576K
}
Event: 8.967 GC heap after
{Heap after GC invocations=4 (full 0):
 garbage-first heap   total 229376K, used 18921K [0x0000000080000000, 0x0000000100000000)
  region size 1024K, 3 young (3072K), 3 survivors (3072K)
 Metaspace       used 26486K, capacity 27204K, committed 27392K, reserved 1073152K
  class space    used 3492K, capacity 3755K, committed 3840K, reserved 1048576K
}
Event: 11.102 GC heap before
{Heap before GC invocations=4 (full 0):
 garbage-first heap   total 229376K, used 67049K [0x0000000080000000, 0x0000000100000000)
  region size 1024K, 52 young (53248K), 3 survivors (3072K)
 Metaspace       used 35051K, capacity 35830K, committed 35840K, reserved 1081344K
  class space    used 4542K, capacity 4864K, committed 4864K, reserved 1048576K
}
Event: 11.119 GC heap after
{Heap after GC invocations=5 (full 0):
 garbage-first heap   total 229376K, used 21993K [0x0000000080000000, 0x0000000100000000)
  region size 1024K, 6 young (6144K), 6 survivors (6144K)
 Metaspace       used 35051K, capacity 35830K, committed 35840K, reserved 1081344K
  class space    used 4542K, capacity 4864K, committed 4864K, reserved 1048576K
}
Event: 16.755 GC heap before
{Heap before GC invocations=6 (full 0):
 garbage-first heap   total 229376K, used 133609K [0x0000000080000000, 0x0000000100000000)
  region size 1024K, 112 young (114688K), 6 survivors (6144K)
 Metaspace       used 43909K, capacity 44976K, committed 45260K, reserved 1089536K
  class space    used 5620K, capacity 6004K, committed 6092K, reserved 1048576K
}
Event: 16.775 GC heap after
{Heap after GC invocations=7 (full 0):
 garbage-first heap   total 229376K, used 28299K [0x0000000080000000, 0x0000000100000000)
  region size 1024K, 12 young (12288K), 12 survivors (12288K)
 Metaspace       used 43909K, capacity 44976K, committed 45260K, reserved 1089536K
  class space    used 5620K, capacity 6004K, committed 6092K, reserved 1048576K
}

Deoptimization events (20 events):
Event: 18.343 Thread 0x00000233c19ba800 DEOPT PACKING pc=0x00000233ad3f109c sp=0x000000fa008fe1b0
Event: 18.343 Thread 0x00000233c19ba800 DEOPT UNPACKING pc=0x00000233a57078af sp=0x000000fa008fe168 mode 2
Event: 18.347 Thread 0x00000233c19bc000 Uncommon trap: trap_request=0xffffff4d fr.pc=0x00000233ad2a05e0 relative=0x0000000000001120
Event: 18.347 Thread 0x00000233bd26b000 Uncommon trap: trap_request=0xffffff4d fr.pc=0x00000233ad2a05e0 relative=0x0000000000001120
Event: 18.347 Thread 0x00000233c19bc000 Uncommon trap: reason=unstable_if action=reinterpret pc=0x00000233ad2a05e0 method=java.util.concurrent.ConcurrentHashMap.putVal(Ljava/lang/Object;Ljava/lang/Object;Z)Ljava/lang/Object; @ 97 c2
Event: 18.347 Thread 0x00000233bd26b000 Uncommon trap: reason=unstable_if action=reinterpret pc=0x00000233ad2a05e0 method=java.util.concurrent.ConcurrentHashMap.putVal(Ljava/lang/Object;Ljava/lang/Object;Z)Ljava/lang/Object; @ 97 c2
Event: 18.347 Thread 0x00000233c19bc000 DEOPT PACKING pc=0x00000233ad2a05e0 sp=0x000000fa004fdc10
Event: 18.347 Thread 0x00000233bd26b000 DEOPT PACKING pc=0x00000233ad2a05e0 sp=0x000000fa7e9f85a0
Event: 18.347 Thread 0x00000233bd26b000 DEOPT UNPACKING pc=0x00000233a57078af sp=0x000000fa7e9f8538 mode 2
Event: 18.347 Thread 0x00000233c19bc000 DEOPT UNPACKING pc=0x00000233a57078af sp=0x000000fa004fdba8 mode 2
Event: 18.388 Thread 0x00000233c19c0000 DEOPT PACKING pc=0x00000233a6306d74 sp=0x000000fa007fcfd0
Event: 18.388 Thread 0x00000233c19c0000 DEOPT UNPACKING pc=0x00000233a57076ce sp=0x000000fa007fc570 mode 0
Event: 18.460 Thread 0x00000233c19ba800 DEOPT PACKING pc=0x00000233a6306d74 sp=0x000000fa008fdd30
Event: 18.460 Thread 0x00000233c19ba800 DEOPT UNPACKING pc=0x00000233a57076ce sp=0x000000fa008fd2d0 mode 0
Event: 18.493 Thread 0x00000233c19c4000 Uncommon trap: trap_request=0xffffffcc fr.pc=0x00000233ad43d084 relative=0x00000000000011c4
Event: 18.496 Thread 0x00000233c19c4000 Uncommon trap: reason=intrinsic_or_type_checked_inlining action=make_not_entrant pc=0x00000233ad43d084 method=java.util.ArrayList.toArray([Ljava/lang/Object;)[Ljava/lang/Object; @ 36 c2
Event: 18.496 Thread 0x00000233c19c4000 DEOPT PACKING pc=0x00000233ad43d084 sp=0x000000fa009fdfe0
Event: 18.496 Thread 0x00000233c19c4000 DEOPT UNPACKING pc=0x00000233a57078af sp=0x000000fa009fdf40 mode 2
Event: 18.519 Thread 0x00000233c19bf000 DEOPT PACKING pc=0x00000233a6306d74 sp=0x000000fa006fdcd0
Event: 18.519 Thread 0x00000233c19bf000 DEOPT UNPACKING pc=0x00000233a57076ce sp=0x000000fa006fd270 mode 0

Classes redefined (0 events):
No events

Internal exceptions (20 events):
Event: 15.731 Thread 0x00000233bd26b000 Exception <a 'java/lang/ClassNotFoundException'{0x00000000883d8030}: org/gradle/api/internal/project/ProjectScriptCustomizer> (0x00000000883d8030) thrown at [./src/hotspot/share/classfile/systemDictionary.cpp, line 231]
Event: 15.734 Thread 0x00000233bd26b000 Exception <a 'java/lang/ClassNotFoundException'{0x00000000883f3250}: build_5nrysntzipivrz74xraaxh2foCustomizer> (0x00000000883f3250) thrown at [./src/hotspot/share/classfile/systemDictionary.cpp, line 231]
Event: 15.763 Thread 0x00000233bd26b000 Exception <a 'java/lang/ClassNotFoundException'{0x0000000088284e50}: org/gradle/api/internal/initialization/DefaultScriptHandlerBeanInfo> (0x0000000088284e50) thrown at [./src/hotspot/share/classfile/systemDictionary.cpp, line 231]
Event: 15.768 Thread 0x00000233bd26b000 Exception <a 'java/lang/ClassNotFoundException'{0x00000000882ade08}: org/gradle/api/internal/initialization/DefaultScriptHandlerCustomizer> (0x00000000882ade08) thrown at [./src/hotspot/share/classfile/systemDictionary.cpp, line 231]
Event: 16.246 Thread 0x00000233bd26b000 Exception <a 'java/lang/ClassNotFoundException'{0x0000000087ac67b8}: org/gradle/api/internal/artifacts/dsl/dependencies/DefaultDependencyHandler_DecoratedBeanInfo> (0x0000000087ac67b8) thrown at [./src/hotspot/share/classfile/systemDictionary.cpp, line 231]
Event: 16.249 Thread 0x00000233bd26b000 Exception <a 'java/lang/ClassNotFoundException'{0x0000000087904e08}: org/gradle/api/internal/artifacts/dsl/dependencies/DefaultDependencyHandlerBeanInfo> (0x0000000087904e08) thrown at [./src/hotspot/share/classfile/systemDictionary.cpp, line 231]
Event: 16.252 Thread 0x00000233bd26b000 Exception <a 'java/lang/ClassNotFoundException'{0x0000000087943310}: org/gradle/api/internal/artifacts/dsl/dependencies/DefaultDependencyHandlerCustomizer> (0x0000000087943310) thrown at [./src/hotspot/share/classfile/systemDictionary.cpp, line 231]
Event: 16.259 Thread 0x00000233bd26b000 Exception <a 'java/lang/ClassNotFoundException'{0x00000000879aa958}: org/gradle/api/internal/artifacts/dsl/dependencies/DefaultDependencyHandler_DecoratedCustomizer> (0x00000000879aa958) thrown at [./src/hotspot/share/classfile/systemDictionary.cpp, line 231]
Event: 16.322 Thread 0x00000233bd26b000 Exception <a 'java/lang/NoSuchMethodError'{0x00000000878b8cd0}: 'java.lang.Object java.lang.invoke.DirectMethodHandle$Holder.invokeStatic(java.lang.Object, java.lang.Object, int, java.lang.Object)'> (0x00000000878b8cd0) thrown at [./src/hotspot/share/interpreter/linkResolver.cpp, line 773]
Event: 16.325 Thread 0x00000233bd26b000 Exception <a 'java/lang/NoSuchMethodError'{0x00000000878bff68}: 'java.lang.Object java.lang.invoke.Invokers$Holder.linkToTargetMethod(java.lang.Object, int, java.lang.Object, java.lang.Object)'> (0x00000000878bff68) thrown at [./src/hotspot/share/interpreter/linkResolver.cpp, line 773]
Event: 16.999 Thread 0x00000233bd26b000 Exception <a 'java/lang/NoSuchMethodError'{0x000000008d6444f8}: 'java.lang.Object java.lang.invoke.DelegatingMethodHandle$Holder.reinvoke_L(java.lang.Object, java.lang.Object, java.lang.Object, java.lang.Object, java.lang.Object, java.lang.Object, java.lang.Object, java.lang.Object, java.lang.Object, java.lang.Object, java.lang.Object, java.lang.Object, java.lang.Object, java.lang.Object, java.lang.Object, java.lang.Object, java.lang.Object, java.lang.Object, java.lang.Object, java.lang.Object, java.lang.O
Event: 17.000 Thread 0x00000233bd26b000 Exception <a 'java/lang/NoSuchMethodError'{0x000000008d64ff00}: 'java.lang.Object java.lang.invoke.DirectMethodHandle$Holder.invokeSpecial(java.lang.Object, java.lang.Object, java.lang.Object, java.lang.Object, java.lang.Object, java.lang.Object, java.lang.Object, java.lang.Object, java.lang.Object, java.lang.Object, java.lang.Object, java.lang.Object, java.lang.Object, java.lang.Object, java.lang.Object, java.lang.Object, java.lang.Object, java.lang.Object, java.lang.Object, java.lang.Object, java.lang.Ob
Event: 17.000 Thread 0x00000233bd26b000 Exception <a 'java/lang/NoSuchMethodError'{0x000000008d6560f0}: 'java.lang.Object java.lang.invoke.Invokers$Holder.invoker(java.lang.Object, java.lang.Object, java.lang.Object, java.lang.Object, java.lang.Object, java.lang.Object, java.lang.Object, java.lang.Object, java.lang.Object, java.lang.Object, java.lang.Object, java.lang.Object, java.lang.Object, java.lang.Object, java.lang.Object, java.lang.Object, java.lang.Object, java.lang.Object, java.lang.Object, java.lang.Object, java.lang.Object)'> (0x00000
Event: 17.001 Thread 0x00000233bd26b000 Exception <a 'java/lang/NoSuchMethodError'{0x000000008d65d460}: 'java.lang.Object java.lang.invoke.DelegatingMethodHandle$Holder.delegate(java.lang.Object, java.lang.Object, java.lang.Object, java.lang.Object, java.lang.Object, java.lang.Object, java.lang.Object, java.lang.Object, java.lang.Object, java.lang.Object, java.lang.Object, java.lang.Object, java.lang.Object, java.lang.Object, java.lang.Object, java.lang.Object, java.lang.Object, java.lang.Object, java.lang.Object, java.lang.Object, java.lang.Obj
Event: 17.013 Thread 0x00000233bd26b000 Exception <a 'java/lang/NoSuchMethodError'{0x000000008d6e8ff8}: 'java.lang.Object java.lang.invoke.DirectMethodHandle$Holder.invokeStatic(java.lang.Object, java.lang.Object, java.lang.Object, java.lang.Object, java.lang.Object, java.lang.Object, java.lang.Object, java.lang.Object, java.lang.Object, java.lang.Object, java.lang.Object, java.lang.Object, java.lang.Object, java.lang.Object, java.lang.Object)'> (0x000000008d6e8ff8) thrown at [./src/hotspot/share/interpreter/linkResolver.cpp, line 773]
Event: 17.014 Thread 0x00000233bd26b000 Exception <a 'java/lang/NoSuchMethodError'{0x000000008d6f9630}: 'java.lang.Object java.lang.invoke.DirectMethodHandle$Holder.invokeStatic(java.lang.Object, java.lang.Object, java.lang.Object, java.lang.Object, java.lang.Object, java.lang.Object, java.lang.Object, java.lang.Object, java.lang.Object, java.lang.Object, java.lang.Object, java.lang.Object, java.lang.Object, java.lang.Object, java.lang.Object, java.lang.Object)'> (0x000000008d6f9630) thrown at [./src/hotspot/share/interpreter/linkResolver.cpp, l
Event: 17.016 Thread 0x00000233bd26b000 Exception <a 'java/lang/NoSuchMethodError'{0x000000008d50a5c8}: 'java.lang.Object java.lang.invoke.DelegatingMethodHandle$Holder.reinvoke_L(java.lang.Object, java.lang.Object, java.lang.Object, java.lang.Object, java.lang.Object, java.lang.Object, java.lang.Object, java.lang.Object, java.lang.Object, java.lang.Object, java.lang.Object, java.lang.Object, java.lang.Object, java.lang.Object, java.lang.Object, java.lang.Object, java.lang.Object, java.lang.Object, java.lang.Object, java.lang.Object)'> (0x000000
Event: 17.083 Thread 0x00000233bd26b000 Exception <a 'java/lang/IncompatibleClassChangeError'{0x000000008d275928}: Found class java.lang.Object, but interface was expected> (0x000000008d275928) thrown at [./src/hotspot/share/interpreter/linkResolver.cpp, line 839]
Event: 17.342 Thread 0x00000233bd26b000 Exception <a 'java/lang/NoSuchMethodError'{0x000000008caa1458}: 'int java.lang.invoke.DirectMethodHandle$Holder.invokeStaticInit(java.lang.Object)'> (0x000000008caa1458) thrown at [./src/hotspot/share/interpreter/linkResolver.cpp, line 773]
Event: 18.241 Thread 0x00000233bd26b000 Exception <a 'java/lang/NoSuchMethodError'{0x000000008be40088}: 'void java.lang.invoke.DirectMethodHandle$Holder.invokeStatic(java.lang.Object, java.lang.Object, java.lang.Object, int, java.lang.Object)'> (0x000000008be40088) thrown at [./src/hotspot/share/interpreter/linkResolver.cpp, line 773]

Events (20 events):
Event: 18.374 Executing VM operation: RevokeBias done
Event: 18.376 loading class org/gradle/api/internal/artifacts/ivyservice/resolutionstrategy/DefaultCachePolicy$CachedArtifactResolutionControl
Event: 18.376 loading class org/gradle/api/internal/artifacts/ivyservice/resolutionstrategy/DefaultCachePolicy$CachedArtifactResolutionControl done
Event: 18.376 Executing VM operation: RevokeBias
Event: 18.377 Executing VM operation: RevokeBias done
Event: 18.379 Executing VM operation: RevokeBias
Event: 18.379 loading class org/gradle/api/internal/artifacts/DownloadArtifactBuildOperationType
Event: 18.379 loading class org/gradle/api/internal/artifacts/DownloadArtifactBuildOperationType done
Event: 18.380 Executing coalesced safepoint VM operation: RevokeBias
Event: 18.380 Executing coalesced safepoint VM operation: RevokeBias done
Event: 18.380 Executing VM operation: RevokeBias done
Event: 18.381 Executing VM operation: BulkRevokeBias
Event: 18.384 Executing VM operation: BulkRevokeBias done
Event: 18.384 loading class org/gradle/api/internal/artifacts/DownloadArtifactBuildOperationType$Result
Event: 18.384 loading class org/gradle/api/internal/artifacts/DownloadArtifactBuildOperationType$Result done
Event: 18.385 loading class org/gradle/api/internal/artifacts/DownloadArtifactBuildOperationType$1
Event: 18.385 loading class org/gradle/api/internal/artifacts/DownloadArtifactBuildOperationType$1 done
Event: 18.391 Thread 0x00000233bffdc000 Thread added: 0x00000233bffdc000
Event: 18.493 Executing VM operation: RevokeBias
Event: 18.494 Executing VM operation: RevokeBias done


Dynamic libraries:
0x00007ff6b8000000 - 0x00007ff6b800a000 	C:\Program Files\Android\Android Studio\jre\bin\java.exe
0x00007ff9f2130000 - 0x00007ff9f2325000 	C:\windows\SYSTEM32\ntdll.dll
0x00007ff9c2960000 - 0x00007ff9c2975000 	C:\Program Files\Avast Software\Avast\aswhook.dll
0x00007ff9f09b0000 - 0x00007ff9f0a6d000 	C:\windows\System32\KERNEL32.DLL
0x00007ff9ef9d0000 - 0x00007ff9efc99000 	C:\windows\System32\KERNELBASE.dll
0x00007ff9efed0000 - 0x00007ff9effd0000 	C:\windows\System32\ucrtbase.dll
0x00007ff9dd8c0000 - 0x00007ff9dd8d7000 	C:\Program Files\Android\Android Studio\jre\bin\VCRUNTIME140.dll
0x00007ff9dbc50000 - 0x00007ff9dbc69000 	C:\Program Files\Android\Android Studio\jre\bin\jli.dll
0x00007ff9f1550000 - 0x00007ff9f16f0000 	C:\windows\System32\USER32.dll
0x00007ff9dda60000 - 0x00007ff9ddcfa000 	C:\windows\WinSxS\amd64_microsoft.windows.common-controls_6595b64144ccf1df_6.0.19041.1110_none_60b5254171f9507e\COMCTL32.dll
0x00007ff9efea0000 - 0x00007ff9efec2000 	C:\windows\System32\win32u.dll
0x00007ff9f07c0000 - 0x00007ff9f085e000 	C:\windows\System32\msvcrt.dll
0x00007ff9f2030000 - 0x00007ff9f205a000 	C:\windows\System32\GDI32.dll
0x00007ff9efca0000 - 0x00007ff9efdab000 	C:\windows\System32\gdi32full.dll
0x00007ff9efe00000 - 0x00007ff9efe9d000 	C:\windows\System32\msvcp_win.dll
0x00007ff9f2060000 - 0x00007ff9f2090000 	C:\windows\System32\IMM32.DLL
0x00007ff9b1890000 - 0x00007ff9b192d000 	C:\Program Files\Android\Android Studio\jre\bin\msvcp140.dll
0x00007ff96d5d0000 - 0x00007ff96e09f000 	C:\Program Files\Android\Android Studio\jre\bin\server\jvm.dll
0x00007ff9f1370000 - 0x00007ff9f141c000 	C:\windows\System32\ADVAPI32.dll
0x00007ff9f02c0000 - 0x00007ff9f035b000 	C:\windows\System32\sechost.dll
0x00007ff9f0360000 - 0x00007ff9f048a000 	C:\windows\System32\RPCRT4.dll
0x00007ff9f0490000 - 0x00007ff9f0498000 	C:\windows\System32\PSAPI.DLL
0x00007ff9e6440000 - 0x00007ff9e6467000 	C:\windows\SYSTEM32\WINMM.dll
0x00007ff9d6000000 - 0x00007ff9d6009000 	C:\windows\SYSTEM32\WSOCK32.dll
0x00007ff9e6750000 - 0x00007ff9e675a000 	C:\windows\SYSTEM32\VERSION.dll
0x00007ff9f1420000 - 0x00007ff9f148b000 	C:\windows\System32\WS2_32.dll
0x00007ff9ee0f0000 - 0x00007ff9ee102000 	C:\windows\SYSTEM32\kernel.appcore.dll
0x00007ff9dc700000 - 0x00007ff9dc711000 	C:\Program Files\Android\Android Studio\jre\bin\verify.dll
0x00007ff9eded0000 - 0x00007ff9ee0b4000 	C:\windows\SYSTEM32\DBGHELP.DLL
0x00007ff9dc040000 - 0x00007ff9dc06c000 	C:\windows\SYSTEM32\dbgcore.DLL
0x00007ff9ef940000 - 0x00007ff9ef9c3000 	C:\windows\System32\bcryptPrimitives.dll
0x00007ff9dc570000 - 0x00007ff9dc599000 	C:\Program Files\Android\Android Studio\jre\bin\java.dll
0x00007ff9e7630000 - 0x00007ff9e763b000 	C:\Program Files\Android\Android Studio\jre\bin\jimage.dll
0x00007ff9dbf80000 - 0x00007ff9dbf98000 	C:\Program Files\Android\Android Studio\jre\bin\zip.dll
0x00007ff9f0a70000 - 0x00007ff9f11af000 	C:\windows\System32\SHELL32.dll
0x00007ff9ed740000 - 0x00007ff9eded0000 	C:\windows\SYSTEM32\windows.storage.dll
0x00007ff9f1bf0000 - 0x00007ff9f1f45000 	C:\windows\System32\combase.dll
0x00007ff9ef1f0000 - 0x00007ff9ef21c000 	C:\windows\SYSTEM32\Wldp.dll
0x00007ff9f0680000 - 0x00007ff9f072e000 	C:\windows\System32\SHCORE.dll
0x00007ff9f0620000 - 0x00007ff9f0675000 	C:\windows\System32\shlwapi.dll
0x00007ff9ef7a0000 - 0x00007ff9ef7bf000 	C:\windows\SYSTEM32\profapi.dll
0x00007ff9dbf60000 - 0x00007ff9dbf7a000 	C:\Program Files\Android\Android Studio\jre\bin\net.dll
0x00007ff9e49a0000 - 0x00007ff9e4aa8000 	C:\windows\SYSTEM32\WINHTTP.dll
0x00007ff9eef50000 - 0x00007ff9eefba000 	C:\windows\system32\mswsock.dll
0x00007ff9dbf40000 - 0x00007ff9dbf54000 	C:\Program Files\Android\Android Studio\jre\bin\nio.dll
0x00007ff9bf0c0000 - 0x00007ff9bf0e7000 	C:\Users\Smok\.gradle\native\8bec1ad78214c89d9ad589b4d07fe93259594b29d510b10fafb7a158f7737e5d\windows-amd64\native-platform.dll
0x00007ff975880000 - 0x00007ff9759bd000 	C:\Users\Smok\.gradle\native\53dbd7edfb1c66fb8903c78663c9afc45aea4f116125fa6feffd364cf09443e8\windows-amd64\native-platform-file-events.dll
0x00007ff9e71a0000 - 0x00007ff9e71aa000 	C:\Program Files\Android\Android Studio\jre\bin\management.dll
0x00007ff9dda10000 - 0x00007ff9dda1c000 	C:\Program Files\Android\Android Studio\jre\bin\management_ext.dll
0x00007ff9ef140000 - 0x00007ff9ef158000 	C:\windows\SYSTEM32\CRYPTSP.dll
0x00007ff9ee8d0000 - 0x00007ff9ee904000 	C:\windows\system32\rsaenh.dll
0x00007ff9ef910000 - 0x00007ff9ef937000 	C:\windows\System32\bcrypt.dll
0x00007ff9ef760000 - 0x00007ff9ef78e000 	C:\windows\SYSTEM32\USERENV.dll
0x00007ff9ef160000 - 0x00007ff9ef16c000 	C:\windows\SYSTEM32\CRYPTBASE.dll
0x00007ff9eec40000 - 0x00007ff9eec7b000 	C:\windows\SYSTEM32\IPHLPAPI.DLL
0x00007ff9f1490000 - 0x00007ff9f1498000 	C:\windows\System32\NSI.dll
0x00007ff9ed660000 - 0x00007ff9ed677000 	C:\windows\SYSTEM32\dhcpcsvc6.DLL
0x00007ff9ed640000 - 0x00007ff9ed65d000 	C:\windows\SYSTEM32\dhcpcsvc.DLL
0x00007ff9eec80000 - 0x00007ff9eed4c000 	C:\windows\SYSTEM32\DNSAPI.dll

dbghelp: loaded successfully - version: 4.0.5 - missing functions: none
symbol engine: initialized successfully - sym options: 0x614 - pdb path: .;C:\Program Files\Android\Android Studio\jre\bin;C:\windows\SYSTEM32;C:\Program Files\Avast Software\Avast;C:\windows\WinSxS\amd64_microsoft.windows.common-controls_6595b64144ccf1df_6.0.19041.1110_none_60b5254171f9507e;C:\Program Files\Android\Android Studio\jre\bin\server;C:\Users\Smok\.gradle\native\8bec1ad78214c89d9ad589b4d07fe93259594b29d510b10fafb7a158f7737e5d\windows-amd64;C:\Users\Smok\.gradle\native\53dbd7edfb1c66fb8903c78663c9afc45aea4f116125fa6feffd364cf09443e8\windows-amd64

VM Arguments:
jvm_args: --add-opens=java.base/java.util=ALL-UNNAMED --add-opens=java.base/java.lang=ALL-UNNAMED --add-opens=java.base/java.lang.invoke=ALL-UNNAMED --add-opens=java.base/java.util=ALL-UNNAMED --add-opens=java.prefs/java.util.prefs=ALL-UNNAMED --add-opens=java.prefs/java.util.prefs=ALL-UNNAMED --add-opens=java.base/java.nio.charset=ALL-UNNAMED --add-opens=java.base/java.net=ALL-UNNAMED --add-opens=java.base/java.util.concurrent.atomic=ALL-UNNAMED -Xmx2048m -Dfile.encoding=UTF-8 -Duser.country=PL -Duser.language=pl -Duser.variant 
java_command: org.gradle.launcher.daemon.bootstrap.GradleDaemon 7.0.2
java_class_path (initial): C:\Users\Smok\.gradle\wrapper\dists\gradle-7.0.2-bin\857tjihv64xamwrf0h14cai3r\gradle-7.0.2\lib\gradle-launcher-7.0.2.jar
Launcher Type: SUN_STANDARD

[Global flags]
     intx CICompilerCount                          = 4                                         {product} {ergonomic}
     uint ConcGCThreads                            = 2                                         {product} {ergonomic}
     uint G1ConcRefinementThreads                  = 8                                         {product} {ergonomic}
   size_t G1HeapRegionSize                         = 1048576                                   {product} {ergonomic}
    uintx GCDrainStackTargetSize                   = 64                                        {product} {ergonomic}
   size_t InitialHeapSize                          = 234881024                                 {product} {ergonomic}
   size_t MarkStackSize                            = 4194304                                   {product} {ergonomic}
   size_t MaxHeapSize                              = 2147483648                                {product} {command line}
   size_t MaxNewSize                               = 1287651328                                {product} {ergonomic}
   size_t MinHeapDeltaBytes                        = 1048576                                   {product} {ergonomic}
    uintx NonNMethodCodeHeapSize                   = 5836300                                {pd product} {ergonomic}
    uintx NonProfiledCodeHeapSize                  = 122910970                              {pd product} {ergonomic}
    uintx ProfiledCodeHeapSize                     = 122910970                              {pd product} {ergonomic}
    uintx ReservedCodeCacheSize                    = 251658240                              {pd product} {ergonomic}
     bool SegmentedCodeCache                       = true                                      {product} {ergonomic}
     bool UseCompressedClassPointers               = true                                 {lp64_product} {ergonomic}
     bool UseCompressedOops                        = true                                 {lp64_product} {ergonomic}
     bool UseG1GC                                  = true                                      {product} {ergonomic}
     bool UseLargePagesIndividualAllocation        = false                                  {pd product} {ergonomic}

Logging:
Log output configuration:
 #0: stdout all=warning uptime,level,tags
 #1: stderr all=off uptime,level,tags

Environment Variables:
PATH=C:\db_home\bin;C:\Program Files (x86)\Common Files\Oracle\Java\javapath;C:\Program Files (x86)\PC Connectivity Solution\;C:\windows\system32;C:\windows;C:\windows\System32\Wbem;C:\windows\System32\WindowsPowerShell\v1.0\;C:\windows\System32\OpenSSH\;C:\Program Files\Git\cmd;C:\Program Files\MATLAB\R2021a\bin;C:\adb;C:\Users\Smok\AppData\Local\Microsoft\WindowsApps;C:\Program Files (x86)\Nmap;C:\Program Files\JetBrains\IntelliJ IDEA Community Edition 2021.1.1\bin;;C:\adb;
USERNAME=Smok
OS=Windows_NT
PROCESSOR_IDENTIFIER=AMD64 Family 23 Model 24 Stepping 1, AuthenticAMD



---------------  S Y S T E M  ---------------

OS: Windows 10 , 64 bit Build 19041 (10.0.19041.1151)
OS uptime: 3 days 7:24 hours

CPU:total 8 (initial active 8) (8 cores per cpu, 2 threads per core) family 23 model 24 stepping 1 microcode 0x0, cmov, cx8, fxsr, mmx, sse, sse2, sse3, ssse3, sse4.1, sse4.2, popcnt, avx, avx2, aes, clmul, mmxext, 3dnowpref, lzcnt, sse4a, ht, tsc, tscinvbit, tscinv, bmi1, bmi2, adx, s

Memory: 4k page, system-wide physical 14249M (2712M free)
TotalPageFile size 16926M (AvailPageFile size 4M)
current process WorkingSet (physical memory assigned to process): 317M, peak: 323M
current process commit charge ("private bytes"): 435M, peak: 441M

vm_info: OpenJDK 64-Bit Server VM (11.0.10+0-b96-7249189) for windows-amd64 JRE (11.0.10+0-b96-7249189), built on Mar 31 2021 21:44:00 by "builder" with MS VC++ 14.0 (VS2015)

END.
