#
# There is insufficient memory for the Java Runtime Environment to continue.
# Native memory allocation (malloc) failed to allocate 330096 bytes for Chunk::new
# Possible reasons:
#   The system is out of physical RAM or swap space
#   The process is running with CompressedOops enabled, and the Java Heap may be blocking the growth of the native heap
# Possible solutions:
#   Reduce memory load on the system
#   Increase physical memory or swap space
#   Check if swap backing store is full
#   Decrease Java heap size (-Xmx/-Xms)
#   Decrease number of Java threads
#   Decrease Java thread stack sizes (-Xss)
#   Set larger code cache with -XX:ReservedCodeCacheSize=
#   JVM is running with Unscaled Compressed Oops mode in which the Java heap is
#     placed in the first 4GB address space. The Java Heap base address is the
#     maximum limit for the native heap growth. Please use -XX:HeapBaseMinAddress
#     to set the Java Heap base and to place the Java Heap above 4GB virtual address.
# This output file may be truncated or incomplete.
#
#  Out of Memory Error (./src/hotspot/share/memory/arena.cpp:197), pid=17780, tid=4408
#
# JRE version: OpenJDK Runtime Environment (11.0.10) (build 11.0.10+0-b96-7249189)
# Java VM: OpenJDK 64-Bit Server VM (11.0.10+0-b96-7249189, mixed mode, tiered, compressed oops, g1 gc, windows-amd64)
# No core dump will be written. Minidumps are not enabled by default on client versions of Windows
#

---------------  S U M M A R Y ------------

Command Line: --add-opens=java.base/java.util=ALL-UNNAMED --add-opens=java.base/java.lang=ALL-UNNAMED --add-opens=java.base/java.lang.invoke=ALL-UNNAMED --add-opens=java.base/java.util=ALL-UNNAMED --add-opens=java.prefs/java.util.prefs=ALL-UNNAMED --add-opens=java.prefs/java.util.prefs=ALL-UNNAMED --add-opens=java.base/java.nio.charset=ALL-UNNAMED --add-opens=java.base/java.net=ALL-UNNAMED --add-opens=java.base/java.util.concurrent.atomic=ALL-UNNAMED -Xmx2048m -Dfile.encoding=UTF-8 -Duser.country=PL -Duser.language=pl -Duser.variant org.gradle.launcher.daemon.bootstrap.GradleDaemon 7.0.2

Host: AMD Ryzen 5 3500U with Radeon Vega Mobile Gfx  , 8 cores, 13G,  Windows 10 , 64 bit Build 19041 (10.0.19041.1151)
Time: Wed Oct 13 17:00:54 2021 Œrodkowoeuropejski czas letni elapsed time: 31.126401 seconds (0d 0h 0m 31s)

---------------  T H R E A D  ---------------

Current thread (0x000002c41c36d800):  JavaThread "C2 CompilerThread1" daemon [_thread_in_native, id=4408, stack(0x000000ce9ff00000,0x000000cea0000000)]


Current CompileTask:
C2:  31126 12082       4       com.android.tools.r8.internal.Oe::next (114 bytes)

Stack: [0x000000ce9ff00000,0x000000cea0000000]
Native frames: (J=compiled Java code, j=interpreted, Vv=VM code, C=native code)
V  [jvm.dll+0x5ecfaa]
V  [jvm.dll+0x722bd5]
V  [jvm.dll+0x72412d]
V  [jvm.dll+0x7247e3]
V  [jvm.dll+0x242928]
V  [jvm.dll+0xbc4fc]
V  [jvm.dll+0xbca0c]
V  [jvm.dll+0x2b4fd4]
V  [jvm.dll+0x506028]
V  [jvm.dll+0x1fccf6]
V  [jvm.dll+0x1fa77f]
V  [jvm.dll+0x18354c]
V  [jvm.dll+0x208ee7]
V  [jvm.dll+0x207731]
V  [jvm.dll+0x6eb1cf]
V  [jvm.dll+0x6e3d45]
V  [jvm.dll+0x5ebe96]
C  [ucrtbase.dll+0x21bb2]
C  [KERNEL32.DLL+0x17034]
C  [ntdll.dll+0x52651]


---------------  P R O C E S S  ---------------

Threads class SMR info:
_java_thread_list=0x000002c41a5184c0, length=63, elements={
0x000002c478955000, 0x000002c413821000, 0x000002c413821800, 0x000002c41383f000,
0x000002c413840000, 0x000002c413841000, 0x000002c413844800, 0x000002c4138b6800,
0x000002c4138c0800, 0x000002c413a35000, 0x000002c413a35800, 0x000002c413a36800,
0x000002c413a37800, 0x000002c413a34000, 0x000002c413a33800, 0x000002c413a38000,
0x000002c413a32800, 0x000002c413a39000, 0x000002c415862800, 0x000002c415861800,
0x000002c41585f000, 0x000002c415860800, 0x000002c41585c800, 0x000002c41585e800,
0x000002c415863000, 0x000002c41585d800, 0x000002c415860000, 0x000002c418dbc000,
0x000002c418dbc800, 0x000002c418dc0000, 0x000002c418dbe800, 0x000002c418dbb000,
0x000002c418dc5000, 0x000002c418dc0800, 0x000002c418dbf000, 0x000002c418dc3000,
0x000002c418dc5800, 0x000002c418dc6800, 0x000002c418dc1800, 0x000002c418dc7800,
0x000002c418dc9000, 0x000002c418dc8000, 0x000002c418dc9800, 0x000002c416c5a000,
0x000002c416c54800, 0x000002c416c56000, 0x000002c416c56800, 0x000002c416c58800,
0x000002c416c57800, 0x000002c416c5b000, 0x000002c416c5d800, 0x000002c416c5f000,
0x000002c416c59000, 0x000002c416c61800, 0x000002c416c5f800, 0x000002c416c5b800,
0x000002c416c60800, 0x000002c416c62000, 0x000002c416c5c800, 0x000002c416c63000,
0x000002c41c36d800, 0x000002c418f9f000, 0x000002c418a7f000
}

Java Threads: ( => current thread )
  0x000002c478955000 JavaThread "main" [_thread_blocked, id=12056, stack(0x000000ce9d200000,0x000000ce9d300000)]
  0x000002c413821000 JavaThread "Reference Handler" daemon [_thread_blocked, id=8296, stack(0x000000ce9d900000,0x000000ce9da00000)]
  0x000002c413821800 JavaThread "Finalizer" daemon [_thread_blocked, id=7176, stack(0x000000ce9da00000,0x000000ce9db00000)]
  0x000002c41383f000 JavaThread "Signal Dispatcher" daemon [_thread_blocked, id=19152, stack(0x000000ce9db00000,0x000000ce9dc00000)]
  0x000002c413840000 JavaThread "Attach Listener" daemon [_thread_blocked, id=10460, stack(0x000000ce9dc00000,0x000000ce9dd00000)]
  0x000002c413841000 JavaThread "Service Thread" daemon [_thread_blocked, id=19836, stack(0x000000ce9dd00000,0x000000ce9de00000)]
  0x000002c413844800 JavaThread "C2 CompilerThread0" daemon [_thread_in_native, id=12712, stack(0x000000ce9de00000,0x000000ce9df00000)]
  0x000002c4138b6800 JavaThread "C1 CompilerThread0" daemon [_thread_in_native, id=13692, stack(0x000000ce9df00000,0x000000ce9e000000)]
  0x000002c4138c0800 JavaThread "Sweeper thread" daemon [_thread_blocked, id=13704, stack(0x000000ce9e000000,0x000000ce9e100000)]
  0x000002c413a35000 JavaThread "Common-Cleaner" daemon [_thread_blocked, id=15192, stack(0x000000ce9e100000,0x000000ce9e200000)]
  0x000002c413a35800 JavaThread "Daemon health stats" [_thread_blocked, id=15344, stack(0x000000ce9e800000,0x000000ce9e900000)]
  0x000002c413a36800 JavaThread "Incoming local TCP Connector on port 21227" [_thread_in_native, id=8456, stack(0x000000ce9e300000,0x000000ce9e400000)]
  0x000002c413a37800 JavaThread "Daemon periodic checks" [_thread_blocked, id=19932, stack(0x000000ce9e900000,0x000000ce9ea00000)]
  0x000002c413a34000 JavaThread "Daemon" [_thread_blocked, id=12516, stack(0x000000ce9ea00000,0x000000ce9eb00000)]
  0x000002c413a33800 JavaThread "Handler for socket connection from /127.0.0.1:21227 to /127.0.0.1:21228" [_thread_in_native, id=20076, stack(0x000000ce9eb00000,0x000000ce9ec00000)]
  0x000002c413a38000 JavaThread "Cancel handler" [_thread_blocked, id=15640, stack(0x000000ce9ec00000,0x000000ce9ed00000)]
  0x000002c413a32800 JavaThread "Daemon worker" [_thread_blocked, id=19756, stack(0x000000ce9ed00000,0x000000ce9ee00000)]
  0x000002c413a39000 JavaThread "Asynchronous log dispatcher for DefaultDaemonConnection: socket connection from /127.0.0.1:21227 to /127.0.0.1:21228" [_thread_blocked, id=6084, stack(0x000000ce9ee00000,0x000000ce9ef00000)]
  0x000002c415862800 JavaThread "Stdin handler" [_thread_blocked, id=12996, stack(0x000000ce9ef00000,0x000000ce9f000000)]
  0x000002c415861800 JavaThread "Daemon client event forwarder" [_thread_blocked, id=14944, stack(0x000000ce9f000000,0x000000ce9f100000)]
  0x000002c41585f000 JavaThread "Cache worker for file hash cache (C:\Users\Smok\.gradle\caches\7.0.2\fileHashes)" [_thread_blocked, id=132, stack(0x000000ce9f400000,0x000000ce9f500000)]
  0x000002c415860800 JavaThread "File lock request listener" [_thread_in_native, id=1740, stack(0x000000ce9f500000,0x000000ce9f600000)]
  0x000002c41585c800 JavaThread "Cache worker for journal cache (C:\Users\Smok\.gradle\caches\journal-1)" [_thread_blocked, id=20060, stack(0x000000ce9f700000,0x000000ce9f800000)]
  0x000002c41585e800 JavaThread "Cache worker for file hash cache (C:\Users\Smok\AndroidStudioProjects\calculator\.gradle\7.0.2\fileHashes)" [_thread_blocked, id=17920, stack(0x000000ce9f900000,0x000000ce9fa00000)]
  0x000002c415863000 JavaThread "File watcher server" daemon [_thread_in_native, id=13752, stack(0x000000ce9fa00000,0x000000ce9fb00000)]
  0x000002c41585d800 JavaThread "File watcher consumer" daemon [_thread_blocked, id=9108, stack(0x000000ce9fb00000,0x000000ce9fc00000)]
  0x000002c415860000 JavaThread "Cache worker for checksums cache (C:\Users\Smok\AndroidStudioProjects\calculator\.gradle\checksums)" [_thread_blocked, id=12312, stack(0x000000ce9fc00000,0x000000ce9fd00000)]
  0x000002c418dbc000 JavaThread "Cache worker for cache directory md-supplier (C:\Users\Smok\.gradle\caches\7.0.2\md-supplier)" [_thread_blocked, id=3592, stack(0x000000ce9fd00000,0x000000ce9fe00000)]
  0x000002c418dbc800 JavaThread "Cache worker for cache directory md-rule (C:\Users\Smok\.gradle\caches\7.0.2\md-rule)" [_thread_blocked, id=14868, stack(0x000000ce9fe00000,0x000000ce9ff00000)]
  0x000002c418dc0000 JavaThread "Cache worker for execution history cache (C:\Users\Smok\.gradle\caches\7.0.2\executionHistory)" [_thread_blocked, id=1800, stack(0x000000ce9f800000,0x000000ce9f900000)]
  0x000002c418dbe800 JavaThread "jar transforms" [_thread_blocked, id=12924, stack(0x000000cea0100000,0x000000cea0200000)]
  0x000002c418dbb000 JavaThread "jar transforms Thread 2" [_thread_blocked, id=12692, stack(0x000000cea0200000,0x000000cea0300000)]
  0x000002c418dc5000 JavaThread "Cache worker for file content cache (C:\Users\Smok\.gradle\caches\7.0.2\fileContent)" [_thread_blocked, id=8180, stack(0x000000cea0300000,0x000000cea0400000)]
  0x000002c418dc0800 JavaThread "Cache worker for dependencies-accessors (C:\Users\Smok\AndroidStudioProjects\calculator\.gradle\7.0.2\dependencies-accessors)" [_thread_blocked, id=18600, stack(0x000000cea0400000,0x000000cea0500000)]
  0x000002c418dbf000 JavaThread "jar transforms Thread 3" [_thread_blocked, id=7240, stack(0x000000cea0500000,0x000000cea0600000)]
  0x000002c418dc3000 JavaThread "Cache worker for Build Output Cleanup Cache (C:\Users\Smok\AndroidStudioProjects\calculator\.gradle\buildOutputCleanup)" [_thread_blocked, id=11960, stack(0x000000cea0600000,0x000000cea0700000)]
  0x000002c418dc5800 JavaThread "Build operations" [_thread_in_Java, id=7616, stack(0x000000cea0700000,0x000000cea0800000)]
  0x000002c418dc6800 JavaThread "Build operations Thread 2" [_thread_in_Java, id=16576, stack(0x000000cea0800000,0x000000cea0900000)]
  0x000002c418dc1800 JavaThread "Build operations Thread 3" [_thread_in_Java, id=15032, stack(0x000000cea0900000,0x000000cea0a00000)]
  0x000002c418dc7800 JavaThread "Build operations Thread 4" [_thread_blocked, id=13112, stack(0x000000cea0a00000,0x000000cea0b00000)]
  0x000002c418dc9000 JavaThread "Build operations Thread 5" [_thread_in_vm, id=7584, stack(0x000000cea0b00000,0x000000cea0c00000)]
  0x000002c418dc8000 JavaThread "Build operations Thread 6" [_thread_in_Java, id=20424, stack(0x000000cea0c00000,0x000000cea0d00000)]
  0x000002c418dc9800 JavaThread "Build operations Thread 7" [_thread_in_Java, id=7436, stack(0x000000cea0d00000,0x000000cea0e00000)]
  0x000002c416c5a000 JavaThread "Build operations Thread 8" [_thread_blocked, id=7088, stack(0x000000cea0e00000,0x000000cea0f00000)]
  0x000002c416c54800 JavaThread "jar transforms Thread 4" [_thread_blocked, id=11584, stack(0x000000cea0f00000,0x000000cea1000000)]
  0x000002c416c56000 JavaThread "jar transforms Thread 5" [_thread_blocked, id=16112, stack(0x000000cea1000000,0x000000cea1100000)]
  0x000002c416c56800 JavaThread "jar transforms Thread 6" [_thread_blocked, id=13688, stack(0x000000cea1100000,0x000000cea1200000)]
  0x000002c416c58800 JavaThread "jar transforms Thread 7" [_thread_blocked, id=356, stack(0x000000cea1200000,0x000000cea1300000)]
  0x000002c416c57800 JavaThread "jar transforms Thread 8" [_thread_blocked, id=10724, stack(0x000000cea1300000,0x000000cea1400000)]
  0x000002c416c5b000 JavaThread "Memory manager" [_thread_blocked, id=11196, stack(0x000000cea1400000,0x000000cea1500000)]
  0x000002c416c5d800 JavaThread "build event listener" [_thread_blocked, id=13784, stack(0x000000cea1500000,0x000000cea1600000)]
  0x000002c416c5f000 JavaThread "Execution worker for ':'" [_thread_blocked, id=4492, stack(0x000000cea1600000,0x000000cea1700000)]
  0x000002c416c59000 JavaThread "Execution worker for ':' Thread 2" [_thread_blocked, id=16220, stack(0x000000cea1700000,0x000000cea1800000)]
  0x000002c416c61800 JavaThread "Execution worker for ':' Thread 3" [_thread_blocked, id=8732, stack(0x000000cea1800000,0x000000cea1900000)]
  0x000002c416c5f800 JavaThread "Execution worker for ':' Thread 4" [_thread_blocked, id=11844, stack(0x000000cea1900000,0x000000cea1a00000)]
  0x000002c416c5b800 JavaThread "Execution worker for ':' Thread 5" [_thread_blocked, id=12708, stack(0x000000cea1a00000,0x000000cea1b00000)]
  0x000002c416c60800 JavaThread "Execution worker for ':' Thread 6" [_thread_blocked, id=17316, stack(0x000000cea1b00000,0x000000cea1c00000)]
  0x000002c416c62000 JavaThread "Execution worker for ':' Thread 7" [_thread_blocked, id=1220, stack(0x000000cea1c00000,0x000000cea1d00000)]
  0x000002c416c5c800 JavaThread "Cache worker for execution history cache (C:\Users\Smok\AndroidStudioProjects\calculator\.gradle\7.0.2\executionHistory)" [_thread_blocked, id=10196, stack(0x000000cea1d00000,0x000000cea1e00000)]
  0x000002c416c63000 JavaThread "WorkerExecutor Queue" [_thread_blocked, id=7380, stack(0x000000cea1e00000,0x000000cea1f00000)]
=>0x000002c41c36d800 JavaThread "C2 CompilerThread1" daemon [_thread_in_native, id=4408, stack(0x000000ce9ff00000,0x000000cea0000000)]
  0x000002c418f9f000 JavaThread "WorkerExecutor Queue Thread 2" [_thread_blocked, id=10916, stack(0x000000cea0000000,0x000000cea0100000)]
  0x000002c418a7f000 JavaThread "C2 CompilerThread2" daemon [_thread_in_native, id=12980, stack(0x000000cea1f00000,0x000000cea2000000)]

Other Threads:
  0x000002c47fdce000 VMThread "VM Thread" [stack: 0x000000ce9d800000,0x000000ce9d900000] [id=17148]
  0x000002c413a4e800 WatcherThread [stack: 0x000000ce9e200000,0x000000ce9e300000] [id=9104]
  0x000002c47896c800 GCTaskThread "GC Thread#0" [stack: 0x000000ce9d300000,0x000000ce9d400000] [id=11496]
  0x000002c4145c4000 GCTaskThread "GC Thread#1" [stack: 0x000000ce9e400000,0x000000ce9e500000] [id=9284]
  0x000002c414455000 GCTaskThread "GC Thread#2" [stack: 0x000000ce9e500000,0x000000ce9e600000] [id=20332]
  0x000002c4148ae800 GCTaskThread "GC Thread#3" [stack: 0x000000ce9e600000,0x000000ce9e700000] [id=15868]
  0x000002c414746000 GCTaskThread "GC Thread#4" [stack: 0x000000ce9e700000,0x000000ce9e800000] [id=16436]
  0x000002c4150dd800 GCTaskThread "GC Thread#5" [stack: 0x000000ce9f100000,0x000000ce9f200000] [id=10948]
  0x000002c415214800 GCTaskThread "GC Thread#6" [stack: 0x000000ce9f200000,0x000000ce9f300000] [id=6664]
  0x000002c4149eb000 GCTaskThread "GC Thread#7" [stack: 0x000000ce9f300000,0x000000ce9f400000] [id=4432]
  0x000002c47899d800 ConcurrentGCThread "G1 Main Marker" [stack: 0x000000ce9d400000,0x000000ce9d500000] [id=7896]
  0x000002c4789a0800 ConcurrentGCThread "G1 Conc#0" [stack: 0x000000ce9d500000,0x000000ce9d600000] [id=18936]
  0x000002c416c30800 ConcurrentGCThread "G1 Conc#1" [stack: 0x000000ce9f600000,0x000000ce9f700000] [id=7680]
  0x000002c478a2d800 ConcurrentGCThread "G1 Refine#0" [stack: 0x000000ce9d600000,0x000000ce9d700000] [id=3112]
  0x000002c47fc58800 ConcurrentGCThread "G1 Young RemSet Sampling" [stack: 0x000000ce9d700000,0x000000ce9d800000] [id=1764]

Threads with active compile tasks:
C2 CompilerThread0  31220 12236       4       com.android.tools.r8.internal.h8::a (80 bytes)
C1 CompilerThread0  31221 12221       2       com.android.tools.r8.ir.regalloc.b::a (46 bytes)
C2 CompilerThread1  31221 12082       4       com.android.tools.r8.internal.Oe::next (114 bytes)
C2 CompilerThread2  31221 10709 %     4       com.android.tools.r8.internal.T6::a @ 2560 (6044 bytes)

VM state:not at safepoint (normal execution)

VM Mutex/Monitor currently owned by a thread: None

Heap address: 0x0000000080000000, size: 2048 MB, Compressed Oops mode: 32-bit
Narrow klass base: 0x0000000000000000, Narrow klass shift: 3
Compressed class space size: 1073741824 Address: 0x0000000100000000

Heap:
 garbage-first heap   total 229376K, used 97301K [0x0000000080000000, 0x0000000100000000)
  region size 1024K, 16 young (16384K), 3 survivors (3072K)
 Metaspace       used 98725K, capacity 101666K, committed 102520K, reserved 1136640K
  class space    used 13127K, capacity 14281K, committed 14540K, reserved 1048576K
Heap Regions: E=young(eden), S=young(survivor), O=old, HS=humongous(starts), HC=humongous(continues), CS=collection set, F=free, A=archive, TAMS=top-at-mark-start (previous, next)
|   0|0x0000000080000000, 0x0000000080100000, 0x0000000080100000|100%| O|  |TAMS 0x0000000080100000, 0x0000000080000000| Untracked 
|   1|0x0000000080100000, 0x0000000080200000, 0x0000000080200000|100%| O|  |TAMS 0x0000000080200000, 0x0000000080100000| Untracked 
|   2|0x0000000080200000, 0x0000000080300000, 0x0000000080300000|100%| O|  |TAMS 0x0000000080300000, 0x0000000080200000| Untracked 
|   3|0x0000000080300000, 0x0000000080400000, 0x0000000080400000|100%|HS|  |TAMS 0x0000000080400000, 0x0000000080300000| Complete 
|   4|0x0000000080400000, 0x0000000080500000, 0x0000000080500000|100%|HC|  |TAMS 0x0000000080500000, 0x0000000080400000| Complete 
|   5|0x0000000080500000, 0x0000000080600000, 0x0000000080600000|100%|HC|  |TAMS 0x0000000080600000, 0x0000000080500000| Complete 
|   6|0x0000000080600000, 0x0000000080700000, 0x0000000080700000|100%| O|  |TAMS 0x0000000080700000, 0x0000000080600000| Untracked 
|   7|0x0000000080700000, 0x0000000080800000, 0x0000000080800000|100%| O|  |TAMS 0x0000000080800000, 0x0000000080700000| Untracked 
|   8|0x0000000080800000, 0x0000000080900000, 0x0000000080900000|100%| O|  |TAMS 0x0000000080900000, 0x0000000080800000| Untracked 
|   9|0x0000000080900000, 0x0000000080a00000, 0x0000000080a00000|100%| O|  |TAMS 0x0000000080a00000, 0x0000000080900000| Untracked 
|  10|0x0000000080a00000, 0x0000000080b00000, 0x0000000080b00000|100%| O|  |TAMS 0x0000000080b00000, 0x0000000080a00000| Untracked 
|  11|0x0000000080b00000, 0x0000000080c00000, 0x0000000080c00000|100%| O|  |TAMS 0x0000000080c00000, 0x0000000080b00000| Untracked 
|  12|0x0000000080c00000, 0x0000000080d00000, 0x0000000080d00000|100%| O|  |TAMS 0x0000000080d00000, 0x0000000080c00000| Untracked 
|  13|0x0000000080d00000, 0x0000000080e00000, 0x0000000080e00000|100%| O|  |TAMS 0x0000000080e00000, 0x0000000080d00000| Untracked 
|  14|0x0000000080e00000, 0x0000000080f00000, 0x0000000080f00000|100%| O|  |TAMS 0x0000000080f00000, 0x0000000080e00000| Untracked 
|  15|0x0000000080f00000, 0x0000000081000000, 0x0000000081000000|100%| O|  |TAMS 0x0000000081000000, 0x0000000080f00000| Untracked 
|  16|0x0000000081000000, 0x0000000081100000, 0x0000000081100000|100%|HS|  |TAMS 0x0000000081100000, 0x0000000081000000| Complete 
|  17|0x0000000081100000, 0x0000000081200000, 0x0000000081200000|100%|HS|  |TAMS 0x0000000081200000, 0x0000000081100000| Complete 
|  18|0x0000000081200000, 0x0000000081300000, 0x0000000081300000|100%|HS|  |TAMS 0x0000000081300000, 0x0000000081200000| Complete 
|  19|0x0000000081300000, 0x0000000081400000, 0x0000000081400000|100%|HC|  |TAMS 0x0000000081400000, 0x0000000081300000| Complete 
|  20|0x0000000081400000, 0x0000000081500000, 0x0000000081500000|100%| O|  |TAMS 0x0000000081500000, 0x0000000081400000| Untracked 
|  21|0x0000000081500000, 0x0000000081600000, 0x0000000081600000|100%| O|  |TAMS 0x0000000081600000, 0x0000000081500000| Untracked 
|  22|0x0000000081600000, 0x0000000081700000, 0x0000000081700000|100%| O|  |TAMS 0x0000000081700000, 0x0000000081600000| Untracked 
|  23|0x0000000081700000, 0x0000000081800000, 0x0000000081800000|100%| O|  |TAMS 0x0000000081800000, 0x0000000081700000| Untracked 
|  24|0x0000000081800000, 0x0000000081900000, 0x0000000081900000|100%| O|  |TAMS 0x0000000081900000, 0x0000000081800000| Untracked 
|  25|0x0000000081900000, 0x0000000081a00000, 0x0000000081a00000|100%| O|  |TAMS 0x0000000081a00000, 0x0000000081900000| Untracked 
|  26|0x0000000081a00000, 0x0000000081b00000, 0x0000000081b00000|100%| O|  |TAMS 0x0000000081b00000, 0x0000000081a00000| Untracked 
|  27|0x0000000081b00000, 0x0000000081c00000, 0x0000000081c00000|100%| O|  |TAMS 0x0000000081c00000, 0x0000000081b00000| Untracked 
|  28|0x0000000081c00000, 0x0000000081d00000, 0x0000000081d00000|100%| O|  |TAMS 0x0000000081d00000, 0x0000000081c00000| Untracked 
|  29|0x0000000081d00000, 0x0000000081e00000, 0x0000000081e00000|100%| O|  |TAMS 0x0000000081e00000, 0x0000000081d00000| Untracked 
|  30|0x0000000081e00000, 0x0000000081f00000, 0x0000000081f00000|100%| O|  |TAMS 0x0000000081f00000, 0x0000000081e00000| Untracked 
|  31|0x0000000081f00000, 0x0000000082000000, 0x0000000082000000|100%| O|  |TAMS 0x0000000082000000, 0x0000000081f00000| Untracked 
|  32|0x0000000082000000, 0x0000000082100000, 0x0000000082100000|100%| O|  |TAMS 0x0000000082100000, 0x0000000082000000| Untracked 
|  33|0x0000000082100000, 0x0000000082200000, 0x0000000082200000|100%| O|  |TAMS 0x0000000082200000, 0x0000000082100000| Untracked 
|  34|0x0000000082200000, 0x0000000082300000, 0x0000000082300000|100%| O|  |TAMS 0x0000000082300000, 0x0000000082200000| Untracked 
|  35|0x0000000082300000, 0x0000000082400000, 0x0000000082400000|100%| O|  |TAMS 0x0000000082400000, 0x0000000082300000| Untracked 
|  36|0x0000000082400000, 0x0000000082500000, 0x0000000082500000|100%| O|  |TAMS 0x0000000082500000, 0x0000000082400000| Untracked 
|  37|0x0000000082500000, 0x0000000082600000, 0x0000000082600000|100%| O|  |TAMS 0x0000000082600000, 0x0000000082500000| Untracked 
|  38|0x0000000082600000, 0x0000000082700000, 0x0000000082700000|100%| O|  |TAMS 0x0000000082700000, 0x0000000082600000| Untracked 
|  39|0x0000000082700000, 0x0000000082800000, 0x0000000082800000|100%| O|  |TAMS 0x0000000082800000, 0x0000000082700000| Untracked 
|  40|0x0000000082800000, 0x0000000082900000, 0x0000000082900000|100%| O|  |TAMS 0x0000000082900000, 0x0000000082800000| Untracked 
|  41|0x0000000082900000, 0x0000000082a00000, 0x0000000082a00000|100%| O|  |TAMS 0x0000000082a00000, 0x0000000082900000| Untracked 
|  42|0x0000000082a00000, 0x0000000082b00000, 0x0000000082b00000|100%| O|  |TAMS 0x0000000082b00000, 0x0000000082a00000| Untracked 
|  43|0x0000000082b00000, 0x0000000082c00000, 0x0000000082c00000|100%| O|  |TAMS 0x0000000082c00000, 0x0000000082b00000| Untracked 
|  44|0x0000000082c00000, 0x0000000082d00000, 0x0000000082d00000|100%| O|  |TAMS 0x0000000082d00000, 0x0000000082c00000| Untracked 
|  45|0x0000000082d00000, 0x0000000082e00000, 0x0000000082e00000|100%| O|  |TAMS 0x0000000082e00000, 0x0000000082d00000| Untracked 
|  46|0x0000000082e00000, 0x0000000082f00000, 0x0000000082f00000|100%| O|  |TAMS 0x0000000082f00000, 0x0000000082e00000| Untracked 
|  47|0x0000000082f00000, 0x0000000083000000, 0x0000000083000000|100%| O|  |TAMS 0x0000000083000000, 0x0000000082f00000| Untracked 
|  48|0x0000000083000000, 0x0000000083100000, 0x0000000083100000|100%| O|  |TAMS 0x0000000083100000, 0x0000000083000000| Untracked 
|  49|0x0000000083100000, 0x0000000083200000, 0x0000000083200000|100%| O|  |TAMS 0x0000000083200000, 0x0000000083100000| Untracked 
|  50|0x0000000083200000, 0x0000000083300000, 0x0000000083300000|100%| O|  |TAMS 0x0000000083300000, 0x0000000083200000| Untracked 
|  51|0x0000000083300000, 0x0000000083400000, 0x0000000083400000|100%| O|  |TAMS 0x0000000083400000, 0x0000000083300000| Untracked 
|  52|0x0000000083400000, 0x0000000083500000, 0x0000000083500000|100%| O|  |TAMS 0x0000000083500000, 0x0000000083400000| Untracked 
|  53|0x0000000083500000, 0x0000000083600000, 0x0000000083600000|100%| O|  |TAMS 0x0000000083600000, 0x0000000083500000| Untracked 
|  54|0x0000000083600000, 0x0000000083700000, 0x0000000083700000|100%| O|  |TAMS 0x0000000083700000, 0x0000000083600000| Untracked 
|  55|0x0000000083700000, 0x0000000083800000, 0x0000000083800000|100%| O|  |TAMS 0x0000000083800000, 0x0000000083700000| Untracked 
|  56|0x0000000083800000, 0x0000000083900000, 0x0000000083900000|100%| O|  |TAMS 0x0000000083900000, 0x0000000083800000| Untracked 
|  57|0x0000000083900000, 0x0000000083a00000, 0x0000000083a00000|100%| O|  |TAMS 0x0000000083a00000, 0x0000000083900000| Untracked 
|  58|0x0000000083a00000, 0x0000000083b00000, 0x0000000083b00000|100%| O|  |TAMS 0x0000000083b00000, 0x0000000083a00000| Untracked 
|  59|0x0000000083b00000, 0x0000000083c00000, 0x0000000083c00000|100%| O|  |TAMS 0x0000000083c00000, 0x0000000083b00000| Untracked 
|  60|0x0000000083c00000, 0x0000000083d00000, 0x0000000083d00000|100%| O|  |TAMS 0x0000000083d00000, 0x0000000083c00000| Untracked 
|  61|0x0000000083d00000, 0x0000000083e00000, 0x0000000083e00000|100%| O|  |TAMS 0x0000000083e00000, 0x0000000083d00000| Untracked 
|  62|0x0000000083e00000, 0x0000000083f00000, 0x0000000083f00000|100%| O|  |TAMS 0x0000000083f00000, 0x0000000083e00000| Untracked 
|  63|0x0000000083f00000, 0x0000000084000000, 0x0000000084000000|100%| O|  |TAMS 0x0000000084000000, 0x0000000083f00000| Untracked 
|  64|0x0000000084000000, 0x0000000084100000, 0x0000000084100000|100%| O|  |TAMS 0x0000000084100000, 0x0000000084000000| Untracked 
|  65|0x0000000084100000, 0x0000000084200000, 0x0000000084200000|100%| O|  |TAMS 0x0000000084200000, 0x0000000084100000| Untracked 
|  66|0x0000000084200000, 0x0000000084300000, 0x0000000084300000|100%| O|  |TAMS 0x0000000084300000, 0x0000000084200000| Untracked 
|  67|0x0000000084300000, 0x0000000084400000, 0x0000000084400000|100%| O|  |TAMS 0x0000000084400000, 0x0000000084300000| Untracked 
|  68|0x0000000084400000, 0x0000000084500000, 0x0000000084500000|100%| O|  |TAMS 0x0000000084500000, 0x0000000084400000| Untracked 
|  69|0x0000000084500000, 0x0000000084600000, 0x0000000084600000|100%| O|  |TAMS 0x0000000084600000, 0x0000000084500000| Untracked 
|  70|0x0000000084600000, 0x0000000084700000, 0x0000000084700000|100%| O|  |TAMS 0x0000000084700000, 0x0000000084600000| Untracked 
|  71|0x0000000084700000, 0x0000000084800000, 0x0000000084800000|100%| O|  |TAMS 0x0000000084800000, 0x0000000084700000| Untracked 
|  72|0x0000000084800000, 0x0000000084900000, 0x0000000084900000|100%| O|  |TAMS 0x0000000084900000, 0x0000000084800000| Untracked 
|  73|0x0000000084900000, 0x0000000084a00000, 0x0000000084a00000|100%| O|  |TAMS 0x0000000084a00000, 0x0000000084900000| Untracked 
|  74|0x0000000084a00000, 0x0000000084b00000, 0x0000000084b00000|100%| O|  |TAMS 0x0000000084b00000, 0x0000000084a00000| Untracked 
|  75|0x0000000084b00000, 0x0000000084c00000, 0x0000000084c00000|100%| O|  |TAMS 0x0000000084c00000, 0x0000000084b00000| Untracked 
|  76|0x0000000084c00000, 0x0000000084d00000, 0x0000000084d00000|100%| O|  |TAMS 0x0000000084d00000, 0x0000000084c00000| Untracked 
|  77|0x0000000084d00000, 0x0000000084e00000, 0x0000000084e00000|100%| O|  |TAMS 0x0000000084e00000, 0x0000000084d00000| Untracked 
|  78|0x0000000084e00000, 0x0000000084f00000, 0x0000000084f00000|100%| O|  |TAMS 0x0000000084f00000, 0x0000000084e00000| Untracked 
|  79|0x0000000084f00000, 0x0000000085000000, 0x0000000085000000|100%| O|  |TAMS 0x0000000085000000, 0x0000000084f00000| Untracked 
|  80|0x0000000085000000, 0x00000000850ee200, 0x0000000085100000| 93%| O|  |TAMS 0x00000000850ee200, 0x0000000085000000| Untracked 
|  81|0x0000000085100000, 0x0000000085100000, 0x0000000085200000|  0%| F|  |TAMS 0x0000000085100000, 0x0000000085100000| Untracked 
|  82|0x0000000085200000, 0x0000000085200000, 0x0000000085300000|  0%| F|  |TAMS 0x0000000085200000, 0x0000000085200000| Untracked 
|  83|0x0000000085300000, 0x0000000085300000, 0x0000000085400000|  0%| F|  |TAMS 0x0000000085300000, 0x0000000085300000| Untracked 
|  84|0x0000000085400000, 0x0000000085400000, 0x0000000085500000|  0%| F|  |TAMS 0x0000000085400000, 0x0000000085400000| Untracked 
|  85|0x0000000085500000, 0x0000000085500000, 0x0000000085600000|  0%| F|  |TAMS 0x0000000085500000, 0x0000000085500000| Untracked 
|  86|0x0000000085600000, 0x0000000085600000, 0x0000000085700000|  0%| F|  |TAMS 0x0000000085600000, 0x0000000085600000| Untracked 
|  87|0x0000000085700000, 0x0000000085700000, 0x0000000085800000|  0%| F|  |TAMS 0x0000000085700000, 0x0000000085700000| Untracked 
|  88|0x0000000085800000, 0x0000000085800000, 0x0000000085900000|  0%| F|  |TAMS 0x0000000085800000, 0x0000000085800000| Untracked 
|  89|0x0000000085900000, 0x0000000085900000, 0x0000000085a00000|  0%| F|  |TAMS 0x0000000085900000, 0x0000000085900000| Untracked 
|  90|0x0000000085a00000, 0x0000000085a00000, 0x0000000085b00000|  0%| F|  |TAMS 0x0000000085a00000, 0x0000000085a00000| Untracked 
|  91|0x0000000085b00000, 0x0000000085b00000, 0x0000000085c00000|  0%| F|  |TAMS 0x0000000085b00000, 0x0000000085b00000| Untracked 
|  92|0x0000000085c00000, 0x0000000085c00000, 0x0000000085d00000|  0%| F|  |TAMS 0x0000000085c00000, 0x0000000085c00000| Untracked 
|  93|0x0000000085d00000, 0x0000000085d00000, 0x0000000085e00000|  0%| F|  |TAMS 0x0000000085d00000, 0x0000000085d00000| Untracked 
|  94|0x0000000085e00000, 0x0000000085e00000, 0x0000000085f00000|  0%| F|  |TAMS 0x0000000085e00000, 0x0000000085e00000| Untracked 
|  95|0x0000000085f00000, 0x0000000085f00000, 0x0000000086000000|  0%| F|  |TAMS 0x0000000085f00000, 0x0000000085f00000| Untracked 
|  96|0x0000000086000000, 0x0000000086000000, 0x0000000086100000|  0%| F|  |TAMS 0x0000000086000000, 0x0000000086000000| Untracked 
|  97|0x0000000086100000, 0x0000000086100000, 0x0000000086200000|  0%| F|  |TAMS 0x0000000086100000, 0x0000000086100000| Untracked 
|  98|0x0000000086200000, 0x0000000086200000, 0x0000000086300000|  0%| F|  |TAMS 0x0000000086200000, 0x0000000086200000| Untracked 
|  99|0x0000000086300000, 0x0000000086300000, 0x0000000086400000|  0%| F|  |TAMS 0x0000000086300000, 0x0000000086300000| Untracked 
| 100|0x0000000086400000, 0x0000000086400000, 0x0000000086500000|  0%| F|  |TAMS 0x0000000086400000, 0x0000000086400000| Untracked 
| 101|0x0000000086500000, 0x0000000086500000, 0x0000000086600000|  0%| F|  |TAMS 0x0000000086500000, 0x0000000086500000| Untracked 
| 102|0x0000000086600000, 0x0000000086600000, 0x0000000086700000|  0%| F|  |TAMS 0x0000000086600000, 0x0000000086600000| Untracked 
| 103|0x0000000086700000, 0x0000000086700000, 0x0000000086800000|  0%| F|  |TAMS 0x0000000086700000, 0x0000000086700000| Untracked 
| 104|0x0000000086800000, 0x0000000086800000, 0x0000000086900000|  0%| F|  |TAMS 0x0000000086800000, 0x0000000086800000| Untracked 
| 105|0x0000000086900000, 0x0000000086900000, 0x0000000086a00000|  0%| F|  |TAMS 0x0000000086900000, 0x0000000086900000| Untracked 
| 106|0x0000000086a00000, 0x0000000086a00000, 0x0000000086b00000|  0%| F|  |TAMS 0x0000000086a00000, 0x0000000086a00000| Untracked 
| 107|0x0000000086b00000, 0x0000000086b00000, 0x0000000086c00000|  0%| F|  |TAMS 0x0000000086b00000, 0x0000000086b00000| Untracked 
| 108|0x0000000086c00000, 0x0000000086c00000, 0x0000000086d00000|  0%| F|  |TAMS 0x0000000086c00000, 0x0000000086c00000| Untracked 
| 109|0x0000000086d00000, 0x0000000086d00000, 0x0000000086e00000|  0%| F|  |TAMS 0x0000000086d00000, 0x0000000086d00000| Untracked 
| 110|0x0000000086e00000, 0x0000000086e00000, 0x0000000086f00000|  0%| F|  |TAMS 0x0000000086e00000, 0x0000000086e00000| Untracked 
| 111|0x0000000086f00000, 0x0000000086f00000, 0x0000000087000000|  0%| F|  |TAMS 0x0000000086f00000, 0x0000000086f00000| Untracked 
| 112|0x0000000087000000, 0x0000000087000000, 0x0000000087100000|  0%| F|  |TAMS 0x0000000087000000, 0x0000000087000000| Untracked 
| 113|0x0000000087100000, 0x0000000087100000, 0x0000000087200000|  0%| F|  |TAMS 0x0000000087100000, 0x0000000087100000| Untracked 
| 114|0x0000000087200000, 0x0000000087200000, 0x0000000087300000|  0%| F|  |TAMS 0x0000000087200000, 0x0000000087200000| Untracked 
| 115|0x0000000087300000, 0x0000000087300000, 0x0000000087400000|  0%| F|  |TAMS 0x0000000087300000, 0x0000000087300000| Untracked 
| 116|0x0000000087400000, 0x0000000087400000, 0x0000000087500000|  0%| F|  |TAMS 0x0000000087400000, 0x0000000087400000| Untracked 
| 117|0x0000000087500000, 0x0000000087500000, 0x0000000087600000|  0%| F|  |TAMS 0x0000000087500000, 0x0000000087500000| Untracked 
| 118|0x0000000087600000, 0x0000000087600000, 0x0000000087700000|  0%| F|  |TAMS 0x0000000087600000, 0x0000000087600000| Untracked 
| 119|0x0000000087700000, 0x0000000087700000, 0x0000000087800000|  0%| F|  |TAMS 0x0000000087700000, 0x0000000087700000| Untracked 
| 120|0x0000000087800000, 0x0000000087800000, 0x0000000087900000|  0%| F|  |TAMS 0x0000000087800000, 0x0000000087800000| Untracked 
| 121|0x0000000087900000, 0x0000000087900000, 0x0000000087a00000|  0%| F|  |TAMS 0x0000000087900000, 0x0000000087900000| Untracked 
| 122|0x0000000087a00000, 0x0000000087a00000, 0x0000000087b00000|  0%| F|  |TAMS 0x0000000087a00000, 0x0000000087a00000| Untracked 
| 123|0x0000000087b00000, 0x0000000087b00000, 0x0000000087c00000|  0%| F|  |TAMS 0x0000000087b00000, 0x0000000087b00000| Untracked 
| 124|0x0000000087c00000, 0x0000000087c00000, 0x0000000087d00000|  0%| F|  |TAMS 0x0000000087c00000, 0x0000000087c00000| Untracked 
| 125|0x0000000087d00000, 0x0000000087d00000, 0x0000000087e00000|  0%| F|  |TAMS 0x0000000087d00000, 0x0000000087d00000| Untracked 
| 126|0x0000000087e00000, 0x0000000087e00000, 0x0000000087f00000|  0%| F|  |TAMS 0x0000000087e00000, 0x0000000087e00000| Untracked 
| 127|0x0000000087f00000, 0x0000000087f00000, 0x0000000088000000|  0%| F|  |TAMS 0x0000000087f00000, 0x0000000087f00000| Untracked 
| 128|0x0000000088000000, 0x0000000088000000, 0x0000000088100000|  0%| F|  |TAMS 0x0000000088000000, 0x0000000088000000| Untracked 
| 129|0x0000000088100000, 0x0000000088100000, 0x0000000088200000|  0%| F|  |TAMS 0x0000000088100000, 0x0000000088100000| Untracked 
| 130|0x0000000088200000, 0x0000000088200000, 0x0000000088300000|  0%| F|  |TAMS 0x0000000088200000, 0x0000000088200000| Untracked 
| 131|0x0000000088300000, 0x0000000088300000, 0x0000000088400000|  0%| F|  |TAMS 0x0000000088300000, 0x0000000088300000| Untracked 
| 132|0x0000000088400000, 0x0000000088400000, 0x0000000088500000|  0%| F|  |TAMS 0x0000000088400000, 0x0000000088400000| Untracked 
| 133|0x0000000088500000, 0x0000000088500000, 0x0000000088600000|  0%| F|  |TAMS 0x0000000088500000, 0x0000000088500000| Untracked 
| 134|0x0000000088600000, 0x0000000088600000, 0x0000000088700000|  0%| F|  |TAMS 0x0000000088600000, 0x0000000088600000| Untracked 
| 135|0x0000000088700000, 0x0000000088700000, 0x0000000088800000|  0%| F|  |TAMS 0x0000000088700000, 0x0000000088700000| Untracked 
| 136|0x0000000088800000, 0x0000000088800000, 0x0000000088900000|  0%| F|  |TAMS 0x0000000088800000, 0x0000000088800000| Untracked 
| 137|0x0000000088900000, 0x0000000088900000, 0x0000000088a00000|  0%| F|  |TAMS 0x0000000088900000, 0x0000000088900000| Untracked 
| 138|0x0000000088a00000, 0x0000000088a00000, 0x0000000088b00000|  0%| F|  |TAMS 0x0000000088a00000, 0x0000000088a00000| Untracked 
| 139|0x0000000088b00000, 0x0000000088b00000, 0x0000000088c00000|  0%| F|  |TAMS 0x0000000088b00000, 0x0000000088b00000| Untracked 
| 140|0x0000000088c00000, 0x0000000088c00000, 0x0000000088d00000|  0%| F|  |TAMS 0x0000000088c00000, 0x0000000088c00000| Untracked 
| 141|0x0000000088d00000, 0x0000000088d00000, 0x0000000088e00000|  0%| F|  |TAMS 0x0000000088d00000, 0x0000000088d00000| Untracked 
| 142|0x0000000088e00000, 0x0000000088e00000, 0x0000000088f00000|  0%| F|  |TAMS 0x0000000088e00000, 0x0000000088e00000| Untracked 
| 143|0x0000000088f00000, 0x0000000088f00000, 0x0000000089000000|  0%| F|  |TAMS 0x0000000088f00000, 0x0000000088f00000| Untracked 
| 144|0x0000000089000000, 0x0000000089000000, 0x0000000089100000|  0%| F|  |TAMS 0x0000000089000000, 0x0000000089000000| Untracked 
| 145|0x0000000089100000, 0x0000000089100000, 0x0000000089200000|  0%| F|  |TAMS 0x0000000089100000, 0x0000000089100000| Untracked 
| 146|0x0000000089200000, 0x0000000089200000, 0x0000000089300000|  0%| F|  |TAMS 0x0000000089200000, 0x0000000089200000| Untracked 
| 147|0x0000000089300000, 0x0000000089300000, 0x0000000089400000|  0%| F|  |TAMS 0x0000000089300000, 0x0000000089300000| Untracked 
| 148|0x0000000089400000, 0x0000000089400000, 0x0000000089500000|  0%| F|  |TAMS 0x0000000089400000, 0x0000000089400000| Untracked 
| 149|0x0000000089500000, 0x0000000089500000, 0x0000000089600000|  0%| F|  |TAMS 0x0000000089500000, 0x0000000089500000| Untracked 
| 150|0x0000000089600000, 0x0000000089600000, 0x0000000089700000|  0%| F|  |TAMS 0x0000000089600000, 0x0000000089600000| Untracked 
| 151|0x0000000089700000, 0x0000000089700000, 0x0000000089800000|  0%| F|  |TAMS 0x0000000089700000, 0x0000000089700000| Untracked 
| 152|0x0000000089800000, 0x0000000089800000, 0x0000000089900000|  0%| F|  |TAMS 0x0000000089800000, 0x0000000089800000| Untracked 
| 153|0x0000000089900000, 0x0000000089900000, 0x0000000089a00000|  0%| F|  |TAMS 0x0000000089900000, 0x0000000089900000| Untracked 
| 154|0x0000000089a00000, 0x0000000089a00000, 0x0000000089b00000|  0%| F|  |TAMS 0x0000000089a00000, 0x0000000089a00000| Untracked 
| 155|0x0000000089b00000, 0x0000000089b00000, 0x0000000089c00000|  0%| F|  |TAMS 0x0000000089b00000, 0x0000000089b00000| Untracked 
| 156|0x0000000089c00000, 0x0000000089c00000, 0x0000000089d00000|  0%| F|  |TAMS 0x0000000089c00000, 0x0000000089c00000| Untracked 
| 157|0x0000000089d00000, 0x0000000089d00000, 0x0000000089e00000|  0%| F|  |TAMS 0x0000000089d00000, 0x0000000089d00000| Untracked 
| 158|0x0000000089e00000, 0x0000000089e00000, 0x0000000089f00000|  0%| F|  |TAMS 0x0000000089e00000, 0x0000000089e00000| Untracked 
| 159|0x0000000089f00000, 0x0000000089f00000, 0x000000008a000000|  0%| F|  |TAMS 0x0000000089f00000, 0x0000000089f00000| Untracked 
| 160|0x000000008a000000, 0x000000008a000000, 0x000000008a100000|  0%| F|  |TAMS 0x000000008a000000, 0x000000008a000000| Untracked 
| 161|0x000000008a100000, 0x000000008a100000, 0x000000008a200000|  0%| F|  |TAMS 0x000000008a100000, 0x000000008a100000| Untracked 
| 162|0x000000008a200000, 0x000000008a217368, 0x000000008a300000|  9%| S|CS|TAMS 0x000000008a200000, 0x000000008a200000| Complete 
| 163|0x000000008a300000, 0x000000008a400000, 0x000000008a400000|100%| S|CS|TAMS 0x000000008a300000, 0x000000008a300000| Complete 
| 164|0x000000008a400000, 0x000000008a500000, 0x000000008a500000|100%| S|CS|TAMS 0x000000008a400000, 0x000000008a400000| Complete 
| 165|0x000000008a500000, 0x000000008a500000, 0x000000008a600000|  0%| F|  |TAMS 0x000000008a500000, 0x000000008a500000| Untracked 
| 166|0x000000008a600000, 0x000000008a600000, 0x000000008a700000|  0%| F|  |TAMS 0x000000008a600000, 0x000000008a600000| Untracked 
| 167|0x000000008a700000, 0x000000008a700000, 0x000000008a800000|  0%| F|  |TAMS 0x000000008a700000, 0x000000008a700000| Untracked 
| 168|0x000000008a800000, 0x000000008a800000, 0x000000008a900000|  0%| F|  |TAMS 0x000000008a800000, 0x000000008a800000| Untracked 
| 169|0x000000008a900000, 0x000000008a900000, 0x000000008aa00000|  0%| F|  |TAMS 0x000000008a900000, 0x000000008a900000| Untracked 
| 170|0x000000008aa00000, 0x000000008aa00000, 0x000000008ab00000|  0%| F|  |TAMS 0x000000008aa00000, 0x000000008aa00000| Untracked 
| 171|0x000000008ab00000, 0x000000008ab00000, 0x000000008ac00000|  0%| F|  |TAMS 0x000000008ab00000, 0x000000008ab00000| Untracked 
| 172|0x000000008ac00000, 0x000000008ac00000, 0x000000008ad00000|  0%| F|  |TAMS 0x000000008ac00000, 0x000000008ac00000| Untracked 
| 173|0x000000008ad00000, 0x000000008ad00000, 0x000000008ae00000|  0%| F|  |TAMS 0x000000008ad00000, 0x000000008ad00000| Untracked 
| 174|0x000000008ae00000, 0x000000008ae00000, 0x000000008af00000|  0%| F|  |TAMS 0x000000008ae00000, 0x000000008ae00000| Untracked 
| 175|0x000000008af00000, 0x000000008af00000, 0x000000008b000000|  0%| F|  |TAMS 0x000000008af00000, 0x000000008af00000| Untracked 
| 176|0x000000008b000000, 0x000000008b000000, 0x000000008b100000|  0%| F|  |TAMS 0x000000008b000000, 0x000000008b000000| Untracked 
| 177|0x000000008b100000, 0x000000008b100000, 0x000000008b200000|  0%| F|  |TAMS 0x000000008b100000, 0x000000008b100000| Untracked 
| 178|0x000000008b200000, 0x000000008b200000, 0x000000008b300000|  0%| F|  |TAMS 0x000000008b200000, 0x000000008b200000| Untracked 
| 179|0x000000008b300000, 0x000000008b300000, 0x000000008b400000|  0%| F|  |TAMS 0x000000008b300000, 0x000000008b300000| Untracked 
| 180|0x000000008b400000, 0x000000008b400000, 0x000000008b500000|  0%| F|  |TAMS 0x000000008b400000, 0x000000008b400000| Untracked 
| 181|0x000000008b500000, 0x000000008b500000, 0x000000008b600000|  0%| F|  |TAMS 0x000000008b500000, 0x000000008b500000| Untracked 
| 182|0x000000008b600000, 0x000000008b600000, 0x000000008b700000|  0%| F|  |TAMS 0x000000008b600000, 0x000000008b600000| Untracked 
| 183|0x000000008b700000, 0x000000008b700000, 0x000000008b800000|  0%| F|  |TAMS 0x000000008b700000, 0x000000008b700000| Untracked 
| 184|0x000000008b800000, 0x000000008b800000, 0x000000008b900000|  0%| F|  |TAMS 0x000000008b800000, 0x000000008b800000| Untracked 
| 185|0x000000008b900000, 0x000000008b900000, 0x000000008ba00000|  0%| F|  |TAMS 0x000000008b900000, 0x000000008b900000| Untracked 
| 186|0x000000008ba00000, 0x000000008ba00000, 0x000000008bb00000|  0%| F|  |TAMS 0x000000008ba00000, 0x000000008ba00000| Untracked 
| 187|0x000000008bb00000, 0x000000008bb00000, 0x000000008bc00000|  0%| F|  |TAMS 0x000000008bb00000, 0x000000008bb00000| Untracked 
| 188|0x000000008bc00000, 0x000000008bc00000, 0x000000008bd00000|  0%| F|  |TAMS 0x000000008bc00000, 0x000000008bc00000| Untracked 
| 189|0x000000008bd00000, 0x000000008bd00000, 0x000000008be00000|  0%| F|  |TAMS 0x000000008bd00000, 0x000000008bd00000| Untracked 
| 190|0x000000008be00000, 0x000000008be00000, 0x000000008bf00000|  0%| F|  |TAMS 0x000000008be00000, 0x000000008be00000| Untracked 
| 191|0x000000008bf00000, 0x000000008bf00000, 0x000000008c000000|  0%| F|  |TAMS 0x000000008bf00000, 0x000000008bf00000| Untracked 
| 192|0x000000008c000000, 0x000000008c000000, 0x000000008c100000|  0%| F|  |TAMS 0x000000008c000000, 0x000000008c000000| Untracked 
| 193|0x000000008c100000, 0x000000008c100000, 0x000000008c200000|  0%| F|  |TAMS 0x000000008c100000, 0x000000008c100000| Untracked 
| 194|0x000000008c200000, 0x000000008c200000, 0x000000008c300000|  0%| F|  |TAMS 0x000000008c200000, 0x000000008c200000| Untracked 
| 195|0x000000008c300000, 0x000000008c300000, 0x000000008c400000|  0%| F|  |TAMS 0x000000008c300000, 0x000000008c300000| Untracked 
| 196|0x000000008c400000, 0x000000008c400000, 0x000000008c500000|  0%| F|  |TAMS 0x000000008c400000, 0x000000008c400000| Untracked 
| 197|0x000000008c500000, 0x000000008c500000, 0x000000008c600000|  0%| F|  |TAMS 0x000000008c500000, 0x000000008c500000| Untracked 
| 198|0x000000008c600000, 0x000000008c600000, 0x000000008c700000|  0%| F|  |TAMS 0x000000008c600000, 0x000000008c600000| Untracked 
| 199|0x000000008c700000, 0x000000008c700000, 0x000000008c800000|  0%| F|  |TAMS 0x000000008c700000, 0x000000008c700000| Untracked 
| 200|0x000000008c800000, 0x000000008c800000, 0x000000008c900000|  0%| F|  |TAMS 0x000000008c800000, 0x000000008c800000| Untracked 
| 201|0x000000008c900000, 0x000000008c900000, 0x000000008ca00000|  0%| F|  |TAMS 0x000000008c900000, 0x000000008c900000| Untracked 
| 202|0x000000008ca00000, 0x000000008ca00000, 0x000000008cb00000|  0%| F|  |TAMS 0x000000008ca00000, 0x000000008ca00000| Untracked 
| 203|0x000000008cb00000, 0x000000008cb00000, 0x000000008cc00000|  0%| F|  |TAMS 0x000000008cb00000, 0x000000008cb00000| Untracked 
| 204|0x000000008cc00000, 0x000000008cc00000, 0x000000008cd00000|  0%| F|  |TAMS 0x000000008cc00000, 0x000000008cc00000| Untracked 
| 205|0x000000008cd00000, 0x000000008cd00000, 0x000000008ce00000|  0%| F|  |TAMS 0x000000008cd00000, 0x000000008cd00000| Untracked 
| 206|0x000000008ce00000, 0x000000008ce00000, 0x000000008cf00000|  0%| F|  |TAMS 0x000000008ce00000, 0x000000008ce00000| Untracked 
| 207|0x000000008cf00000, 0x000000008d000000, 0x000000008d000000|100%| E|  |TAMS 0x000000008cf00000, 0x000000008cf00000| Complete 
| 208|0x000000008d000000, 0x000000008d100000, 0x000000008d100000|100%| E|CS|TAMS 0x000000008d000000, 0x000000008d000000| Complete 
| 209|0x000000008d100000, 0x000000008d200000, 0x000000008d200000|100%| E|CS|TAMS 0x000000008d100000, 0x000000008d100000| Complete 
| 210|0x000000008d200000, 0x000000008d300000, 0x000000008d300000|100%| E|CS|TAMS 0x000000008d200000, 0x000000008d200000| Complete 
| 211|0x000000008d300000, 0x000000008d400000, 0x000000008d400000|100%| E|CS|TAMS 0x000000008d300000, 0x000000008d300000| Complete 
| 212|0x000000008d400000, 0x000000008d500000, 0x000000008d500000|100%| E|CS|TAMS 0x000000008d400000, 0x000000008d400000| Complete 
| 213|0x000000008d500000, 0x000000008d600000, 0x000000008d600000|100%| E|CS|TAMS 0x000000008d500000, 0x000000008d500000| Complete 
| 214|0x000000008d600000, 0x000000008d700000, 0x000000008d700000|100%| E|CS|TAMS 0x000000008d600000, 0x000000008d600000| Complete 
| 215|0x000000008d700000, 0x000000008d800000, 0x000000008d800000|100%| E|CS|TAMS 0x000000008d700000, 0x000000008d700000| Complete 
| 216|0x000000008d800000, 0x000000008d900000, 0x000000008d900000|100%| E|CS|TAMS 0x000000008d800000, 0x000000008d800000| Complete 
| 217|0x000000008d900000, 0x000000008da00000, 0x000000008da00000|100%| E|CS|TAMS 0x000000008d900000, 0x000000008d900000| Complete 
| 218|0x000000008da00000, 0x000000008db00000, 0x000000008db00000|100%| E|CS|TAMS 0x000000008da00000, 0x000000008da00000| Complete 
| 219|0x000000008db00000, 0x000000008dc00000, 0x000000008dc00000|100%| E|CS|TAMS 0x000000008db00000, 0x000000008db00000| Complete 
| 220|0x000000008dc00000, 0x000000008dd00000, 0x000000008dd00000|100%| E|CS|TAMS 0x000000008dc00000, 0x000000008dc00000| Complete 
| 221|0x000000008dd00000, 0x000000008de00000, 0x000000008de00000|100%| E|CS|TAMS 0x000000008dd00000, 0x000000008dd00000| Complete 
| 222|0x000000008de00000, 0x000000008df00000, 0x000000008df00000|100%| E|CS|TAMS 0x000000008de00000, 0x000000008de00000| Complete 
| 223|0x000000008df00000, 0x000000008e000000, 0x000000008e000000|100%| E|CS|TAMS 0x000000008df00000, 0x000000008df00000| Complete 

Card table byte_map: [0x000002c47cb70000,0x000002c47cf70000] _byte_map_base: 0x000002c47c770000

Marking Bits (Prev, Next): (CMBitMap*) 0x000002c478994d98, (CMBitMap*) 0x000002c478994dd0
 Prev Bits: [0x000002c47d370000, 0x000002c47f370000)
 Next Bits: [0x000002c40f000000, 0x000002c411000000)

Polling page: 0x000002c478130000

Metaspace:

Usage:
  Non-class:     85.34 MB capacity,    83.60 MB ( 98%) used,     1.40 MB (  2%) free+waste,   342.44 KB ( <1%) overhead. 
      Class:     13.95 MB capacity,    12.82 MB ( 92%) used,   984.88 KB (  7%) free+waste,   168.19 KB (  1%) overhead. 
       Both:     99.28 MB capacity,    96.42 MB ( 97%) used,     2.36 MB (  2%) free+waste,   510.63 KB ( <1%) overhead. 

Virtual space:
  Non-class space:       86.00 MB reserved,      85.92 MB (>99%) committed 
      Class space:        1.00 GB reserved,      14.20 MB (  1%) committed 
             Both:        1.08 GB reserved,     100.12 MB (  9%) committed 

Chunk freelists:
   Non-Class:  359.00 KB
       Class:  215.00 KB
        Both:  574.00 KB

MaxMetaspaceSize: 17179869184.00 GB
CompressedClassSpaceSize: 1.00 GB

CodeHeap 'non-profiled nmethods': size=120000Kb used=6986Kb max_used=6986Kb free=113013Kb
 bounds [0x000002c407ad0000, 0x000002c4081b0000, 0x000002c40f000000]
CodeHeap 'profiled nmethods': size=120000Kb used=26104Kb max_used=26104Kb free=93895Kb
 bounds [0x000002c4005a0000, 0x000002c401f20000, 0x000002c407ad0000]
CodeHeap 'non-nmethods': size=5760Kb used=2312Kb max_used=2352Kb free=3447Kb
 bounds [0x000002c400000000, 0x000002c400270000, 0x000002c4005a0000]
 total_blobs=13046 nmethods=12125 adapters=831
 compilation: enabled
              stopped_count=0, restarted_count=0
 full_count=0

Compilation events (20 events):
Event: 31.057 Thread 0x000002c4138b6800 nmethod 12120 0x000002c401ed1790 code [0x000002c401ed1940, 0x000002c401ed1a68]
Event: 31.057 Thread 0x000002c4138b6800 12121       2       com.android.tools.r8.internal.pf::indexOf (50 bytes)
Event: 31.058 Thread 0x000002c4138b6800 nmethod 12121 0x000002c401ed1b10 code [0x000002c401ed1ce0, 0x000002c401ed1f68]
Event: 31.058 Thread 0x000002c41c36d800 nmethod 12045 0x000002c408194f90 code [0x000002c408195220, 0x000002c4081960d8]
Event: 31.058 Thread 0x000002c41c36d800 12082       4       com.android.tools.r8.internal.Oe::next (114 bytes)
Event: 31.059 Thread 0x000002c4138b6800 12122       2       com.android.tools.r8.internal.v8::<init> (6 bytes)
Event: 31.060 Thread 0x000002c4138b6800 nmethod 12122 0x000002c401ed2110 code [0x000002c401ed22c0, 0x000002c401ed23c8]
Event: 31.060 Thread 0x000002c4138b6800 12123       2       com.android.tools.r8.internal.Vv::e (4 bytes)
Event: 31.060 Thread 0x000002c4138b6800 nmethod 12123 0x000002c401ed2490 code [0x000002c401ed2640, 0x000002c401ed2718]
Event: 31.061 Thread 0x000002c4138b6800 12125       2       com.android.tools.r8.internal.zh$b::<init> (12 bytes)
Event: 31.061 Thread 0x000002c4138b6800 nmethod 12125 0x000002c401ed2790 code [0x000002c401ed2940, 0x000002c401ed2aa8]
Event: 31.061 Thread 0x000002c4138b6800 12127       2       com.android.tools.r8.graph.c0::a (44 bytes)
Event: 31.062 Thread 0x000002c4138b6800 nmethod 12127 0x000002c401ed2b90 code [0x000002c401ed2d40, 0x000002c401ed2f18]
Event: 31.062 Thread 0x000002c4138b6800 12126       2       com.android.tools.r8.internal.Mi::U (23 bytes)
Event: 31.062 Thread 0x000002c4138b6800 nmethod 12126 0x000002c401ed3010 code [0x000002c401ed31c0, 0x000002c401ed3338]
Event: 31.062 Thread 0x000002c4138b6800 12128       2       com.android.tools.r8.internal.j4::d (2 bytes)
Event: 31.062 Thread 0x000002c4138b6800 nmethod 12128 0x000002c401ed3410 code [0x000002c401ed35c0, 0x000002c401ed36b8]
Event: 31.062 Thread 0x000002c4138b6800 12129       2       com.android.tools.r8.internal.j4::a (210 bytes)
Event: 31.066 Thread 0x000002c4138b6800 nmethod 12129 0x000002c401ed3790 code [0x000002c401ed3b00, 0x000002c401ed4f88]
Event: 31.067 Thread 0x000002c4138b6800 12134       2       com.android.tools.r8.internal.Le::a (3140 bytes)

GC Heap History (20 events):
Event: 8.930 GC heap before
{Heap before GC invocations=6 (full 0):
 garbage-first heap   total 229376K, used 52882K [0x0000000080000000, 0x0000000100000000)
  region size 1024K, 37 young (37888K), 3 survivors (3072K)
 Metaspace       used 35076K, capacity 35838K, committed 35840K, reserved 1081344K
  class space    used 4548K, capacity 4864K, committed 4864K, reserved 1048576K
}
Event: 8.945 GC heap after
{Heap after GC invocations=7 (full 0):
 garbage-first heap   total 229376K, used 21979K [0x0000000080000000, 0x0000000100000000)
  region size 1024K, 6 young (6144K), 6 survivors (6144K)
 Metaspace       used 35076K, capacity 35838K, committed 35840K, reserved 1081344K
  class space    used 4548K, capacity 4864K, committed 4864K, reserved 1048576K
}
Event: 11.475 GC heap before
{Heap before GC invocations=8 (full 0):
 garbage-first heap   total 229376K, used 116187K [0x0000000080000000, 0x0000000100000000)
  region size 1024K, 95 young (97280K), 6 survivors (6144K)
 Metaspace       used 42524K, capacity 43463K, committed 43724K, reserved 1087488K
  class space    used 5400K, capacity 5751K, committed 5836K, reserved 1048576K
}
Event: 11.489 GC heap after
{Heap after GC invocations=9 (full 0):
 garbage-first heap   total 229376K, used 27841K [0x0000000080000000, 0x0000000100000000)
  region size 1024K, 12 young (12288K), 12 survivors (12288K)
 Metaspace       used 42524K, capacity 43463K, committed 43724K, reserved 1087488K
  class space    used 5400K, capacity 5751K, committed 5836K, reserved 1048576K
}
Event: 14.414 GC heap before
{Heap before GC invocations=9 (full 0):
 garbage-first heap   total 229376K, used 129217K [0x0000000080000000, 0x0000000100000000)
  region size 1024K, 108 young (110592K), 12 survivors (12288K)
 Metaspace       used 48748K, capacity 50067K, committed 50380K, reserved 1093632K
  class space    used 6235K, capacity 6721K, committed 6860K, reserved 1048576K
}
Event: 14.435 GC heap after
{Heap after GC invocations=10 (full 0):
 garbage-first heap   total 229376K, used 40181K [0x0000000080000000, 0x0000000100000000)
  region size 1024K, 14 young (14336K), 14 survivors (14336K)
 Metaspace       used 48748K, capacity 50067K, committed 50380K, reserved 1093632K
  class space    used 6235K, capacity 6721K, committed 6860K, reserved 1048576K
}
Event: 16.473 GC heap before
{Heap before GC invocations=10 (full 0):
 garbage-first heap   total 229376K, used 104693K [0x0000000080000000, 0x0000000100000000)
  region size 1024K, 78 young (79872K), 14 survivors (14336K)
 Metaspace       used 58411K, capacity 59988K, committed 60236K, reserved 1101824K
  class space    used 7429K, capacity 7999K, committed 8012K, reserved 1048576K
}
Event: 16.505 GC heap after
{Heap after GC invocations=11 (full 0):
 garbage-first heap   total 229376K, used 43785K [0x0000000080000000, 0x0000000100000000)
  region size 1024K, 4 young (4096K), 4 survivors (4096K)
 Metaspace       used 58411K, capacity 59988K, committed 60236K, reserved 1101824K
  class space    used 7429K, capacity 7999K, committed 8012K, reserved 1048576K
}
Event: 18.873 GC heap before
{Heap before GC invocations=12 (full 0):
 garbage-first heap   total 229376K, used 137993K [0x0000000080000000, 0x0000000100000000)
  region size 1024K, 96 young (98304K), 4 survivors (4096K)
 Metaspace       used 66150K, capacity 67737K, committed 68044K, reserved 1107968K
  class space    used 8509K, capacity 9095K, committed 9164K, reserved 1048576K
}
Event: 18.888 GC heap after
{Heap after GC invocations=13 (full 0):
 garbage-first heap   total 229376K, used 50536K [0x0000000080000000, 0x0000000100000000)
  region size 1024K, 11 young (11264K), 11 survivors (11264K)
 Metaspace       used 66150K, capacity 67737K, committed 68044K, reserved 1107968K
  class space    used 8509K, capacity 9095K, committed 9164K, reserved 1048576K
}
Event: 22.209 GC heap before
{Heap before GC invocations=13 (full 0):
 garbage-first heap   total 229376K, used 146792K [0x0000000080000000, 0x0000000100000000)
  region size 1024K, 105 young (107520K), 11 survivors (11264K)
 Metaspace       used 76178K, capacity 77985K, committed 78284K, reserved 1116160K
  class space    used 9938K, capacity 10578K, committed 10700K, reserved 1048576K
}
Event: 22.229 GC heap after
{Heap after GC invocations=14 (full 0):
 garbage-first heap   total 229376K, used 56723K [0x0000000080000000, 0x0000000100000000)
  region size 1024K, 7 young (7168K), 7 survivors (7168K)
 Metaspace       used 76178K, capacity 77985K, committed 78284K, reserved 1116160K
  class space    used 9938K, capacity 10578K, committed 10700K, reserved 1048576K
}
Event: 25.133 GC heap before
{Heap before GC invocations=14 (full 0):
 garbage-first heap   total 229376K, used 163219K [0x0000000080000000, 0x0000000100000000)
  region size 1024K, 103 young (105472K), 7 survivors (7168K)
 Metaspace       used 83256K, capacity 85500K, committed 85708K, reserved 1124352K
  class space    used 10826K, capacity 11643K, committed 11724K, reserved 1048576K
}
Event: 25.152 GC heap after
{Heap after GC invocations=15 (full 0):
 garbage-first heap   total 229376K, used 60379K [0x0000000080000000, 0x0000000100000000)
  region size 1024K, 10 young (10240K), 10 survivors (10240K)
 Metaspace       used 83256K, capacity 85500K, committed 85708K, reserved 1124352K
  class space    used 10826K, capacity 11643K, committed 11724K, reserved 1048576K
}
Event: 28.223 GC heap before
{Heap before GC invocations=15 (full 0):
 garbage-first heap   total 229376K, used 161755K [0x0000000080000000, 0x0000000100000000)
  region size 1024K, 110 young (112640K), 10 survivors (10240K)
 Metaspace       used 88481K, capacity 90738K, committed 90956K, reserved 1128448K
  class space    used 11476K, capacity 12327K, committed 12364K, reserved 1048576K
}
Event: 28.245 GC heap after
{Heap after GC invocations=16 (full 0):
 garbage-first heap   total 229376K, used 69512K [0x0000000080000000, 0x0000000100000000)
  region size 1024K, 13 young (13312K), 13 survivors (13312K)
 Metaspace       used 88481K, capacity 90738K, committed 90956K, reserved 1128448K
  class space    used 11476K, capacity 12327K, committed 12364K, reserved 1048576K
}
Event: 29.944 GC heap before
{Heap before GC invocations=16 (full 0):
 garbage-first heap   total 229376K, used 166792K [0x0000000080000000, 0x0000000100000000)
  region size 1024K, 109 young (111616K), 13 survivors (13312K)
 Metaspace       used 96426K, capacity 99498K, committed 99660K, reserved 1134592K
  class space    used 12837K, capacity 14039K, committed 14156K, reserved 1048576K
}
Event: 29.982 GC heap after
{Heap after GC invocations=17 (full 0):
 garbage-first heap   total 229376K, used 82752K [0x0000000080000000, 0x0000000100000000)
  region size 1024K, 14 young (14336K), 14 survivors (14336K)
 Metaspace       used 96426K, capacity 99498K, committed 99660K, reserved 1134592K
  class space    used 12837K, capacity 14039K, committed 14156K, reserved 1048576K
}
Event: 30.205 GC heap before
{Heap before GC invocations=17 (full 0):
 garbage-first heap   total 229376K, used 90944K [0x0000000080000000, 0x0000000100000000)
  region size 1024K, 24 young (24576K), 14 survivors (14336K)
 Metaspace       used 97674K, capacity 100780K, committed 100940K, reserved 1136640K
  class space    used 13055K, capacity 14302K, committed 14412K, reserved 1048576K
}
Event: 30.243 GC heap after
{Heap after GC invocations=18 (full 0):
 garbage-first heap   total 229376K, used 85594K [0x0000000080000000, 0x0000000100000000)
  region size 1024K, 3 young (3072K), 3 survivors (3072K)
 Metaspace       used 97674K, capacity 100780K, committed 100940K, reserved 1136640K
  class space    used 13055K, capacity 14302K, committed 14412K, reserved 1048576K
}

Deoptimization events (20 events):
Event: 30.965 Thread 0x000002c418dc5800 Uncommon trap: trap_request=0xffffffbe fr.pc=0x000002c40818c310 relative=0x0000000000000c70
Event: 30.965 Thread 0x000002c418dc5800 Uncommon trap: reason=profile_predicate action=maybe_recompile pc=0x000002c40818c310 method=com.android.tools.r8.internal.wj.b(Ljava/lang/Iterable;Lcom/android/tools/r8/internal/Yv;)Z @ 22 c2
Event: 30.965 Thread 0x000002c418dc5800 DEOPT PACKING pc=0x000002c40818c310 sp=0x000000cea07f9860
Event: 30.965 Thread 0x000002c418dc5800 DEOPT UNPACKING pc=0x000002c4000278af sp=0x000000cea07f9868 mode 2
Event: 30.965 Thread 0x000002c418dc5800 Uncommon trap: trap_request=0xffffffbe fr.pc=0x000002c40818c310 relative=0x0000000000000c70
Event: 30.965 Thread 0x000002c418dc5800 Uncommon trap: reason=profile_predicate action=maybe_recompile pc=0x000002c40818c310 method=com.android.tools.r8.internal.wj.b(Ljava/lang/Iterable;Lcom/android/tools/r8/internal/Yv;)Z @ 22 c2
Event: 30.965 Thread 0x000002c418dc5800 DEOPT PACKING pc=0x000002c40818c310 sp=0x000000cea07f9860
Event: 30.965 Thread 0x000002c418dc5800 DEOPT UNPACKING pc=0x000002c4000278af sp=0x000000cea07f9868 mode 2
Event: 30.965 Thread 0x000002c418dc5800 Uncommon trap: trap_request=0xffffffbe fr.pc=0x000002c40818c310 relative=0x0000000000000c70
Event: 30.965 Thread 0x000002c418dc5800 Uncommon trap: reason=profile_predicate action=maybe_recompile pc=0x000002c40818c310 method=com.android.tools.r8.internal.wj.b(Ljava/lang/Iterable;Lcom/android/tools/r8/internal/Yv;)Z @ 22 c2
Event: 30.965 Thread 0x000002c418dc5800 DEOPT PACKING pc=0x000002c40818c310 sp=0x000000cea07f9860
Event: 30.965 Thread 0x000002c418dc5800 DEOPT UNPACKING pc=0x000002c4000278af sp=0x000000cea07f9868 mode 2
Event: 30.978 Thread 0x000002c416c5a000 Uncommon trap: trap_request=0xffffffc6 fr.pc=0x000002c4081607c0 relative=0x0000000000000100
Event: 30.978 Thread 0x000002c416c5a000 Uncommon trap: reason=bimorphic_or_optimized_type_check action=maybe_recompile pc=0x000002c4081607c0 method=com.android.tools.r8.internal.q.next()Ljava/lang/Object; @ 21 c2
Event: 30.978 Thread 0x000002c416c5a000 DEOPT PACKING pc=0x000002c4081607c0 sp=0x000000cea0ef9b90
Event: 30.978 Thread 0x000002c416c5a000 DEOPT UNPACKING pc=0x000002c4000278af sp=0x000000cea0ef9b28 mode 2
Event: 30.978 Thread 0x000002c416c5a000 Uncommon trap: trap_request=0xffffffc6 fr.pc=0x000002c4081607c0 relative=0x0000000000000100
Event: 30.978 Thread 0x000002c416c5a000 Uncommon trap: reason=bimorphic_or_optimized_type_check action=maybe_recompile pc=0x000002c4081607c0 method=com.android.tools.r8.internal.q.next()Ljava/lang/Object; @ 21 c2
Event: 30.978 Thread 0x000002c416c5a000 DEOPT PACKING pc=0x000002c4081607c0 sp=0x000000cea0ef9b90
Event: 30.978 Thread 0x000002c416c5a000 DEOPT UNPACKING pc=0x000002c4000278af sp=0x000000cea0ef9b28 mode 2

Classes redefined (0 events):
No events

Internal exceptions (20 events):
Event: 29.855 Thread 0x000002c418dc6800 Exception <a 'java/lang/IncompatibleClassChangeError'{0x0000000088462d78}: Found class java.lang.Object, but interface was expected> (0x0000000088462d78) thrown at [./src/hotspot/share/interpreter/linkResolver.cpp, line 839]
Event: 29.855 Thread 0x000002c418dc9000 Exception <a 'java/lang/IncompatibleClassChangeError'{0x0000000088453f38}: Found class java.lang.Object, but interface was expected> (0x0000000088453f38) thrown at [./src/hotspot/share/interpreter/linkResolver.cpp, line 839]
Event: 29.855 Thread 0x000002c418dc1800 Exception <a 'java/lang/IncompatibleClassChangeError'{0x000000008859f098}: Found class java.lang.Object, but interface was expected> (0x000000008859f098) thrown at [./src/hotspot/share/interpreter/linkResolver.cpp, line 839]
Event: 29.855 Thread 0x000002c418dc9800 Exception <a 'java/lang/IncompatibleClassChangeError'{0x000000008843e900}: Found class java.lang.Object, but interface was expected> (0x000000008843e900) thrown at [./src/hotspot/share/interpreter/linkResolver.cpp, line 839]
Event: 29.855 Thread 0x000002c416c5a000 Exception <a 'java/lang/IncompatibleClassChangeError'{0x00000000885fe718}: Found class java.lang.Object, but interface was expected> (0x00000000885fe718) thrown at [./src/hotspot/share/interpreter/linkResolver.cpp, line 839]
Event: 29.855 Thread 0x000002c418dc8000 Exception <a 'java/lang/IncompatibleClassChangeError'{0x0000000088470720}: Found class java.lang.Object, but interface was expected> (0x0000000088470720) thrown at [./src/hotspot/share/interpreter/linkResolver.cpp, line 839]
Event: 29.886 Thread 0x000002c418dc8000 Exception <a 'java/lang/NoSuchMethodError'{0x0000000088356f98}: 'void java.lang.invoke.DirectMethodHandle$Holder.invokeVirtual(java.lang.Object, java.lang.Object, int, java.lang.Object)'> (0x0000000088356f98) thrown at [./src/hotspot/share/interpreter/linkResolver.cpp, line 773]
Event: 29.886 Thread 0x000002c418dc6800 Exception <a 'java/lang/NoSuchMethodError'{0x0000000088377840}: 'void java.lang.invoke.DirectMethodHandle$Holder.invokeVirtual(java.lang.Object, java.lang.Object, int, java.lang.Object)'> (0x0000000088377840) thrown at [./src/hotspot/share/interpreter/linkResolver.cpp, line 773]
Event: 29.886 Thread 0x000002c416c5a000 Exception <a 'java/lang/NoSuchMethodError'{0x0000000088250890}: 'void java.lang.invoke.DirectMethodHandle$Holder.invokeVirtual(java.lang.Object, java.lang.Object, int, java.lang.Object)'> (0x0000000088250890) thrown at [./src/hotspot/share/interpreter/linkResolver.cpp, line 773]
Event: 30.067 Thread 0x000002c418dc9800 Exception <a 'java/lang/NoSuchMethodError'{0x000000008dc6b600}: 'java.lang.Object java.lang.invoke.DirectMethodHandle$Holder.invokeInterface(java.lang.Object, java.lang.Object, int)'> (0x000000008dc6b600) thrown at [./src/hotspot/share/interpreter/linkResolver.cpp, line 773]
Event: 30.076 Thread 0x000002c418dc6800 Exception <a 'java/lang/NoSuchMethodError'{0x000000008dc25620}: 'int java.lang.invoke.DirectMethodHandle$Holder.invokeSpecial(java.lang.Object, java.lang.Object, java.lang.Object, int, java.lang.Object)'> (0x000000008dc25620) thrown at [./src/hotspot/share/interpreter/linkResolver.cpp, line 773]
Event: 30.078 Thread 0x000002c418dc9000 Exception <a 'java/lang/NoSuchMethodError'{0x000000008dd67d30}: 'int java.lang.invoke.DirectMethodHandle$Holder.invokeSpecial(java.lang.Object, java.lang.Object, java.lang.Object, int, java.lang.Object)'> (0x000000008dd67d30) thrown at [./src/hotspot/share/interpreter/linkResolver.cpp, line 773]
Event: 30.079 Thread 0x000002c418dc5800 Exception <a 'java/lang/NoSuchMethodError'{0x000000008dc5e9d0}: 'int java.lang.invoke.DirectMethodHandle$Holder.invokeSpecial(java.lang.Object, java.lang.Object, java.lang.Object, int, java.lang.Object)'> (0x000000008dc5e9d0) thrown at [./src/hotspot/share/interpreter/linkResolver.cpp, line 773]
Event: 30.079 Thread 0x000002c416c5a000 Exception <a 'java/lang/NoSuchMethodError'{0x000000008dc8cca0}: 'int java.lang.invoke.DirectMethodHandle$Holder.invokeSpecial(java.lang.Object, java.lang.Object, java.lang.Object, int, java.lang.Object)'> (0x000000008dc8cca0) thrown at [./src/hotspot/share/interpreter/linkResolver.cpp, line 773]
Event: 30.106 Thread 0x000002c418dc8000 Exception <a 'java/lang/NoSuchMethodError'{0x000000008dd3c938}: 'java.lang.Object java.lang.invoke.DirectMethodHandle$Holder.newInvokeSpecial(java.lang.Object, int)'> (0x000000008dd3c938) thrown at [./src/hotspot/share/interpreter/linkResolver.cpp, line 773]
Event: 30.106 Thread 0x000002c418dc5800 Exception <a 'java/lang/NoSuchMethodError'{0x000000008dbe1720}: 'java.lang.Object java.lang.invoke.DirectMethodHandle$Holder.newInvokeSpecial(java.lang.Object, int)'> (0x000000008dbe1720) thrown at [./src/hotspot/share/interpreter/linkResolver.cpp, line 773]
Event: 30.106 Thread 0x000002c418dc6800 Exception <a 'java/lang/NoSuchMethodError'{0x000000008dc2b1a0}: 'java.lang.Object java.lang.invoke.DirectMethodHandle$Holder.newInvokeSpecial(java.lang.Object, int)'> (0x000000008dc2b1a0) thrown at [./src/hotspot/share/interpreter/linkResolver.cpp, line 773]
Event: 30.106 Thread 0x000002c416c5a000 Exception <a 'java/lang/NoSuchMethodError'{0x000000008dc92cc0}: 'java.lang.Object java.lang.invoke.DirectMethodHandle$Holder.newInvokeSpecial(java.lang.Object, int)'> (0x000000008dc92cc0) thrown at [./src/hotspot/share/interpreter/linkResolver.cpp, line 773]
Event: 30.106 Thread 0x000002c418dc1800 Exception <a 'java/lang/NoSuchMethodError'{0x000000008dbbc098}: 'java.lang.Object java.lang.invoke.DirectMethodHandle$Holder.newInvokeSpecial(java.lang.Object, int)'> (0x000000008dbbc098) thrown at [./src/hotspot/share/interpreter/linkResolver.cpp, line 773]
Event: 30.106 Thread 0x000002c418dc9000 Exception <a 'java/lang/NoSuchMethodError'{0x000000008dcd9760}: 'java.lang.Object java.lang.invoke.DirectMethodHandle$Holder.newInvokeSpecial(java.lang.Object, int)'> (0x000000008dcd9760) thrown at [./src/hotspot/share/interpreter/linkResolver.cpp, line 773]

Events (20 events):
Event: 30.771 loading class com/android/tools/r8/code/a4
Event: 30.771 loading class com/android/tools/r8/code/a4 done
Event: 30.773 loading class com/android/tools/r8/internal/i2
Event: 30.773 loading class com/android/tools/r8/internal/i2 done
Event: 30.774 loading class com/android/tools/r8/internal/Yv
Event: 30.774 loading class com/android/tools/r8/internal/Yv done
Event: 30.777 loading class com/android/tools/r8/code/y0
Event: 30.777 loading class com/android/tools/r8/code/y0 done
Event: 30.778 loading class com/android/tools/r8/code/x0
Event: 30.778 loading class com/android/tools/r8/code/x0 done
Event: 30.779 loading class com/android/tools/r8/internal/Kp
Event: 30.779 loading class com/android/tools/r8/internal/Kp done
Event: 30.802 loading class com/android/tools/r8/code/E
Event: 30.802 loading class com/android/tools/r8/code/E done
Event: 30.826 loading class com/android/tools/r8/internal/l4
Event: 30.826 loading class com/android/tools/r8/internal/l4 done
Event: 30.920 Executing VM operation: ICBufferFull
Event: 30.921 Executing VM operation: ICBufferFull done
Event: 31.080 loading class com/android/tools/r8/code/w3
Event: 31.080 loading class com/android/tools/r8/code/w3 done


Dynamic libraries:
0x00007ff6b8000000 - 0x00007ff6b800a000 	C:\Program Files\Android\Android Studio\jre\bin\java.exe
0x00007ff9f2130000 - 0x00007ff9f2325000 	C:\windows\SYSTEM32\ntdll.dll
0x00007ff9c2960000 - 0x00007ff9c2975000 	C:\Program Files\Avast Software\Avast\aswhook.dll
0x00007ff9f09b0000 - 0x00007ff9f0a6d000 	C:\windows\System32\KERNEL32.DLL
0x00007ff9ef9d0000 - 0x00007ff9efc99000 	C:\windows\System32\KERNELBASE.dll
0x00007ff9efed0000 - 0x00007ff9effd0000 	C:\windows\System32\ucrtbase.dll
0x00007ff9dd8c0000 - 0x00007ff9dd8d7000 	C:\Program Files\Android\Android Studio\jre\bin\VCRUNTIME140.dll
0x00007ff9dbc50000 - 0x00007ff9dbc69000 	C:\Program Files\Android\Android Studio\jre\bin\jli.dll
0x00007ff9f1550000 - 0x00007ff9f16f0000 	C:\windows\System32\USER32.dll
0x00007ff9efea0000 - 0x00007ff9efec2000 	C:\windows\System32\win32u.dll
0x00007ff9dda60000 - 0x00007ff9ddcfa000 	C:\windows\WinSxS\amd64_microsoft.windows.common-controls_6595b64144ccf1df_6.0.19041.1110_none_60b5254171f9507e\COMCTL32.dll
0x00007ff9f2030000 - 0x00007ff9f205a000 	C:\windows\System32\GDI32.dll
0x00007ff9f07c0000 - 0x00007ff9f085e000 	C:\windows\System32\msvcrt.dll
0x00007ff9efca0000 - 0x00007ff9efdab000 	C:\windows\System32\gdi32full.dll
0x00007ff9efe00000 - 0x00007ff9efe9d000 	C:\windows\System32\msvcp_win.dll
0x00007ff9f2060000 - 0x00007ff9f2090000 	C:\windows\System32\IMM32.DLL
0x00007ff9b1890000 - 0x00007ff9b192d000 	C:\Program Files\Android\Android Studio\jre\bin\msvcp140.dll
0x00007ff96d5d0000 - 0x00007ff96e09f000 	C:\Program Files\Android\Android Studio\jre\bin\server\jvm.dll
0x00007ff9f1370000 - 0x00007ff9f141c000 	C:\windows\System32\ADVAPI32.dll
0x00007ff9f02c0000 - 0x00007ff9f035b000 	C:\windows\System32\sechost.dll
0x00007ff9f0360000 - 0x00007ff9f048a000 	C:\windows\System32\RPCRT4.dll
0x00007ff9f0490000 - 0x00007ff9f0498000 	C:\windows\System32\PSAPI.DLL
0x00007ff9e6440000 - 0x00007ff9e6467000 	C:\windows\SYSTEM32\WINMM.dll
0x00007ff9d6000000 - 0x00007ff9d6009000 	C:\windows\SYSTEM32\WSOCK32.dll
0x00007ff9e6750000 - 0x00007ff9e675a000 	C:\windows\SYSTEM32\VERSION.dll
0x00007ff9f1420000 - 0x00007ff9f148b000 	C:\windows\System32\WS2_32.dll
0x00007ff9ee0f0000 - 0x00007ff9ee102000 	C:\windows\SYSTEM32\kernel.appcore.dll
0x00007ff9dc700000 - 0x00007ff9dc711000 	C:\Program Files\Android\Android Studio\jre\bin\verify.dll
0x00007ff9eded0000 - 0x00007ff9ee0b4000 	C:\windows\SYSTEM32\DBGHELP.DLL
0x00007ff9dc040000 - 0x00007ff9dc06c000 	C:\windows\SYSTEM32\dbgcore.DLL
0x00007ff9ef940000 - 0x00007ff9ef9c3000 	C:\windows\System32\bcryptPrimitives.dll
0x00007ff9dc570000 - 0x00007ff9dc599000 	C:\Program Files\Android\Android Studio\jre\bin\java.dll
0x00007ff9e7630000 - 0x00007ff9e763b000 	C:\Program Files\Android\Android Studio\jre\bin\jimage.dll
0x00007ff9dbf80000 - 0x00007ff9dbf98000 	C:\Program Files\Android\Android Studio\jre\bin\zip.dll
0x00007ff9f0a70000 - 0x00007ff9f11af000 	C:\windows\System32\SHELL32.dll
0x00007ff9ed740000 - 0x00007ff9eded0000 	C:\windows\SYSTEM32\windows.storage.dll
0x00007ff9f1bf0000 - 0x00007ff9f1f45000 	C:\windows\System32\combase.dll
0x00007ff9ef1f0000 - 0x00007ff9ef21c000 	C:\windows\SYSTEM32\Wldp.dll
0x00007ff9f0680000 - 0x00007ff9f072e000 	C:\windows\System32\SHCORE.dll
0x00007ff9f0620000 - 0x00007ff9f0675000 	C:\windows\System32\shlwapi.dll
0x00007ff9ef7a0000 - 0x00007ff9ef7bf000 	C:\windows\SYSTEM32\profapi.dll
0x00007ff9dbf60000 - 0x00007ff9dbf7a000 	C:\Program Files\Android\Android Studio\jre\bin\net.dll
0x00007ff9e49a0000 - 0x00007ff9e4aa8000 	C:\windows\SYSTEM32\WINHTTP.dll
0x00007ff9eef50000 - 0x00007ff9eefba000 	C:\windows\system32\mswsock.dll
0x00007ff9dbf40000 - 0x00007ff9dbf54000 	C:\Program Files\Android\Android Studio\jre\bin\nio.dll
0x00007ff9bf0c0000 - 0x00007ff9bf0e7000 	C:\Users\Smok\.gradle\native\8bec1ad78214c89d9ad589b4d07fe93259594b29d510b10fafb7a158f7737e5d\windows-amd64\native-platform.dll
0x00007ff975880000 - 0x00007ff9759bd000 	C:\Users\Smok\.gradle\native\53dbd7edfb1c66fb8903c78663c9afc45aea4f116125fa6feffd364cf09443e8\windows-amd64\native-platform-file-events.dll
0x00007ff9e71a0000 - 0x00007ff9e71aa000 	C:\Program Files\Android\Android Studio\jre\bin\management.dll
0x00007ff9dda10000 - 0x00007ff9dda1c000 	C:\Program Files\Android\Android Studio\jre\bin\management_ext.dll
0x00007ff9ef140000 - 0x00007ff9ef158000 	C:\windows\SYSTEM32\CRYPTSP.dll
0x00007ff9ee8d0000 - 0x00007ff9ee904000 	C:\windows\system32\rsaenh.dll
0x00007ff9ef910000 - 0x00007ff9ef937000 	C:\windows\System32\bcrypt.dll
0x00007ff9ef760000 - 0x00007ff9ef78e000 	C:\windows\SYSTEM32\USERENV.dll
0x00007ff9ef160000 - 0x00007ff9ef16c000 	C:\windows\SYSTEM32\CRYPTBASE.dll
0x00007ff9eec40000 - 0x00007ff9eec7b000 	C:\windows\SYSTEM32\IPHLPAPI.DLL
0x00007ff9f1490000 - 0x00007ff9f1498000 	C:\windows\System32\NSI.dll
0x00007ff9ed660000 - 0x00007ff9ed677000 	C:\windows\SYSTEM32\dhcpcsvc6.DLL
0x00007ff9ed640000 - 0x00007ff9ed65d000 	C:\windows\SYSTEM32\dhcpcsvc.DLL
0x00007ff9eec80000 - 0x00007ff9eed4c000 	C:\windows\SYSTEM32\DNSAPI.dll

dbghelp: loaded successfully - version: 4.0.5 - missing functions: none
symbol engine: initialized successfully - sym options: 0x614 - pdb path: .;C:\Program Files\Android\Android Studio\jre\bin;C:\windows\SYSTEM32;C:\Program Files\Avast Software\Avast;C:\windows\WinSxS\amd64_microsoft.windows.common-controls_6595b64144ccf1df_6.0.19041.1110_none_60b5254171f9507e;C:\Program Files\Android\Android Studio\jre\bin\server;C:\Users\Smok\.gradle\native\8bec1ad78214c89d9ad589b4d07fe93259594b29d510b10fafb7a158f7737e5d\windows-amd64;C:\Users\Smok\.gradle\native\53dbd7edfb1c66fb8903c78663c9afc45aea4f116125fa6feffd364cf09443e8\windows-amd64

VM Arguments:
jvm_args: --add-opens=java.base/java.util=ALL-UNNAMED --add-opens=java.base/java.lang=ALL-UNNAMED --add-opens=java.base/java.lang.invoke=ALL-UNNAMED --add-opens=java.base/java.util=ALL-UNNAMED --add-opens=java.prefs/java.util.prefs=ALL-UNNAMED --add-opens=java.prefs/java.util.prefs=ALL-UNNAMED --add-opens=java.base/java.nio.charset=ALL-UNNAMED --add-opens=java.base/java.net=ALL-UNNAMED --add-opens=java.base/java.util.concurrent.atomic=ALL-UNNAMED -Xmx2048m -Dfile.encoding=UTF-8 -Duser.country=PL -Duser.language=pl -Duser.variant 
java_command: org.gradle.launcher.daemon.bootstrap.GradleDaemon 7.0.2
java_class_path (initial): C:\Users\Smok\.gradle\wrapper\dists\gradle-7.0.2-bin\857tjihv64xamwrf0h14cai3r\gradle-7.0.2\lib\gradle-launcher-7.0.2.jar
Launcher Type: SUN_STANDARD

[Global flags]
     intx CICompilerCount                          = 4                                         {product} {ergonomic}
     uint ConcGCThreads                            = 2                                         {product} {ergonomic}
     uint G1ConcRefinementThreads                  = 8                                         {product} {ergonomic}
   size_t G1HeapRegionSize                         = 1048576                                   {product} {ergonomic}
    uintx GCDrainStackTargetSize                   = 64                                        {product} {ergonomic}
   size_t InitialHeapSize                          = 234881024                                 {product} {ergonomic}
   size_t MarkStackSize                            = 4194304                                   {product} {ergonomic}
   size_t MaxHeapSize                              = 2147483648                                {product} {command line}
   size_t MaxNewSize                               = 1287651328                                {product} {ergonomic}
   size_t MinHeapDeltaBytes                        = 1048576                                   {product} {ergonomic}
    uintx NonNMethodCodeHeapSize                   = 5836300                                {pd product} {ergonomic}
    uintx NonProfiledCodeHeapSize                  = 122910970                              {pd product} {ergonomic}
    uintx ProfiledCodeHeapSize                     = 122910970                              {pd product} {ergonomic}
    uintx ReservedCodeCacheSize                    = 251658240                              {pd product} {ergonomic}
     bool SegmentedCodeCache                       = true                                      {product} {ergonomic}
     bool UseCompressedClassPointers               = true                                 {lp64_product} {ergonomic}
     bool UseCompressedOops                        = true                                 {lp64_product} {ergonomic}
     bool UseG1GC                                  = true                                      {product} {ergonomic}
     bool UseLargePagesIndividualAllocation        = false                                  {pd product} {ergonomic}

Logging:
Log output configuration:
 #0: stdout all=warning uptime,level,tags
 #1: stderr all=off uptime,level,tags

Environment Variables:
PATH=C:\db_home\bin;C:\Program Files (x86)\Common Files\Oracle\Java\javapath;C:\Program Files (x86)\PC Connectivity Solution\;C:\windows\system32;C:\windows;C:\windows\System32\Wbem;C:\windows\System32\WindowsPowerShell\v1.0\;C:\windows\System32\OpenSSH\;C:\Program Files\Git\cmd;C:\Program Files\MATLAB\R2021a\bin;C:\adb;C:\Users\Smok\AppData\Local\Microsoft\WindowsApps;C:\Program Files (x86)\Nmap;C:\Program Files\JetBrains\IntelliJ IDEA Community Edition 2021.1.1\bin;;C:\adb;
USERNAME=Smok
OS=Windows_NT
PROCESSOR_IDENTIFIER=AMD64 Family 23 Model 24 Stepping 1, AuthenticAMD



---------------  S Y S T E M  ---------------

OS: Windows 10 , 64 bit Build 19041 (10.0.19041.1151)
OS uptime: 3 days 7:24 hours

CPU:total 8 (initial active 8) (8 cores per cpu, 2 threads per core) family 23 model 24 stepping 1 microcode 0x0, cmov, cx8, fxsr, mmx, sse, sse2, sse3, ssse3, sse4.1, sse4.2, popcnt, avx, avx2, aes, clmul, mmxext, 3dnowpref, lzcnt, sse4a, ht, tsc, tscinvbit, tscinv, bmi1, bmi2, adx, s

Memory: 4k page, system-wide physical 14249M (2652M free)
TotalPageFile size 16926M (AvailPageFile size 4M)
current process WorkingSet (physical memory assigned to process): 508M, peak: 508M
current process commit charge ("private bytes"): 571M, peak: 571M

vm_info: OpenJDK 64-Bit Server VM (11.0.10+0-b96-7249189) for windows-amd64 JRE (11.0.10+0-b96-7249189), built on Mar 31 2021 21:44:00 by "builder" with MS VC++ 14.0 (VS2015)

END.
