#
# There is insufficient memory for the Java Runtime Environment to continue.
# Native memory allocation (malloc) failed to allocate 1794896 bytes for Chunk::new
# Possible reasons:
#   The system is out of physical RAM or swap space
#   The process is running with CompressedOops enabled, and the Java Heap may be blocking the growth of the native heap
# Possible solutions:
#   Reduce memory load on the system
#   Increase physical memory or swap space
#   Check if swap backing store is full
#   Decrease Java heap size (-Xmx/-Xms)
#   Decrease number of Java threads
#   Decrease Java thread stack sizes (-Xss)
#   Set larger code cache with -XX:ReservedCodeCacheSize=
#   JVM is running with Unscaled Compressed Oops mode in which the Java heap is
#     placed in the first 4GB address space. The Java Heap base address is the
#     maximum limit for the native heap growth. Please use -XX:HeapBaseMinAddress
#     to set the Java Heap base and to place the Java Heap above 4GB virtual address.
# This output file may be truncated or incomplete.
#
#  Out of Memory Error (./src/hotspot/share/memory/arena.cpp:197), pid=8336, tid=21312
#
# JRE version: OpenJDK Runtime Environment (11.0.10) (build 11.0.10+0-b96-7249189)
# Java VM: OpenJDK 64-Bit Server VM (11.0.10+0-b96-7249189, mixed mode, tiered, compressed oops, g1 gc, windows-amd64)
# No core dump will be written. Minidumps are not enabled by default on client versions of Windows
#

---------------  S U M M A R Y ------------

Command Line: --add-opens=java.base/java.util=ALL-UNNAMED --add-opens=java.base/java.lang=ALL-UNNAMED --add-opens=java.base/java.lang.invoke=ALL-UNNAMED --add-opens=java.base/java.util=ALL-UNNAMED --add-opens=java.prefs/java.util.prefs=ALL-UNNAMED --add-opens=java.prefs/java.util.prefs=ALL-UNNAMED --add-opens=java.base/java.nio.charset=ALL-UNNAMED --add-opens=java.base/java.net=ALL-UNNAMED --add-opens=java.base/java.util.concurrent.atomic=ALL-UNNAMED -Xmx2048m -Dfile.encoding=UTF-8 -Duser.country=PL -Duser.language=pl -Duser.variant org.gradle.launcher.daemon.bootstrap.GradleDaemon 7.0.2

Host: AMD Ryzen 5 3500U with Radeon Vega Mobile Gfx  , 8 cores, 13G,  Windows 10 , 64 bit Build 19041 (10.0.19041.1202)
Time: Sun Nov  7 07:16:48 2021 Œrodkowoeuropejski czas stand. elapsed time: 26.757289 seconds (0d 0h 0m 26s)

---------------  T H R E A D  ---------------

Current thread (0x00000263c9d42800):  JavaThread "C2 CompilerThread2" daemon [_thread_in_native, id=21312, stack(0x000000daff500000,0x000000daff600000)]


Current CompileTask:
C2:  26757 6319       4       java.net.URLClassLoader$1::run (5 bytes)

Stack: [0x000000daff500000,0x000000daff600000]
Native frames: (J=compiled Java code, j=interpreted, Vv=VM code, C=native code)
V  [jvm.dll+0x5ecfaa]
V  [jvm.dll+0x722bd5]
V  [jvm.dll+0x72412d]
V  [jvm.dll+0x7247e3]
V  [jvm.dll+0x242928]
V  [jvm.dll+0xbc4fc]
V  [jvm.dll+0xbca0c]
V  [jvm.dll+0x352d7d]
V  [jvm.dll+0x19800c]
V  [jvm.dll+0x1fb70e]
V  [jvm.dll+0x1fa7f4]
V  [jvm.dll+0x18354c]
V  [jvm.dll+0x208ee7]
V  [jvm.dll+0x207731]
V  [jvm.dll+0x6eb1cf]
V  [jvm.dll+0x6e3d45]
V  [jvm.dll+0x5ebe96]
C  [ucrtbase.dll+0x21bb2]
C  [KERNEL32.DLL+0x17034]
C  [ntdll.dll+0x52651]


---------------  P R O C E S S  ---------------

Threads class SMR info:
_java_thread_list=0x00000263c9c36d50, length=52, elements={
0x00000263a9bee000, 0x00000263c685d000, 0x00000263c6868800, 0x00000263c68bc000,
0x00000263c68bd000, 0x00000263c68be800, 0x00000263c6020000, 0x00000263c6020800,
0x00000263c6024800, 0x00000263c6a1f800, 0x00000263c8a2f000, 0x00000263c8036800,
0x00000263c80af800, 0x00000263c8f17800, 0x00000263c8d87800, 0x00000263c77d2800,
0x00000263c7b49800, 0x00000263c6fa9000, 0x00000263c6fab000, 0x00000263c8cc4000,
0x00000263c8cc1800, 0x00000263c8cc5800, 0x00000263c8cc7800, 0x00000263c8cc8000,
0x00000263c8cc6800, 0x00000263c8cc5000, 0x00000263c8cc3800, 0x00000263c8cc2800,
0x00000263ca198800, 0x00000263ca194800, 0x00000263ca199000, 0x00000263ca193800,
0x00000263ca196800, 0x00000263ca095000, 0x00000263ca097800, 0x00000263ca096000,
0x00000263ca093800, 0x00000263ca098800, 0x00000263ca099000, 0x00000263ca09a000,
0x00000263ca094000, 0x00000263ca096800, 0x00000263ca09a800, 0x00000263ca09f800,
0x00000263ca09e000, 0x00000263ca09b800, 0x00000263ca09d000, 0x00000263ca0a1800,
0x00000263ca09f000, 0x00000263c93b0800, 0x00000263ca0a0800, 0x00000263c9d42800
}

Java Threads: ( => current thread )
  0x00000263a9bee000 JavaThread "main" [_thread_blocked, id=1676, stack(0x000000dafb300000,0x000000dafb400000)]
  0x00000263c685d000 JavaThread "Reference Handler" daemon [_thread_blocked, id=6796, stack(0x000000dafba00000,0x000000dafbb00000)]
  0x00000263c6868800 JavaThread "Finalizer" daemon [_thread_blocked, id=7464, stack(0x000000dafbb00000,0x000000dafbc00000)]
  0x00000263c68bc000 JavaThread "Signal Dispatcher" daemon [_thread_blocked, id=2960, stack(0x000000dafbc00000,0x000000dafbd00000)]
  0x00000263c68bd000 JavaThread "Attach Listener" daemon [_thread_blocked, id=9676, stack(0x000000dafbd00000,0x000000dafbe00000)]
  0x00000263c68be800 JavaThread "Service Thread" daemon [_thread_blocked, id=26008, stack(0x000000dafbe00000,0x000000dafbf00000)]
  0x00000263c6020000 JavaThread "C2 CompilerThread0" daemon [_thread_in_native, id=9212, stack(0x000000dafbf00000,0x000000dafc000000)]
  0x00000263c6020800 JavaThread "C1 CompilerThread0" daemon [_thread_blocked, id=20840, stack(0x000000dafc000000,0x000000dafc100000)]
  0x00000263c6024800 JavaThread "Sweeper thread" daemon [_thread_blocked, id=23932, stack(0x000000dafc100000,0x000000dafc200000)]
  0x00000263c6a1f800 JavaThread "Common-Cleaner" daemon [_thread_blocked, id=14720, stack(0x000000dafc200000,0x000000dafc300000)]
  0x00000263c8a2f000 JavaThread "Daemon health stats" [_thread_blocked, id=14180, stack(0x000000dafca00000,0x000000dafcb00000)]
  0x00000263c8036800 JavaThread "Incoming local TCP Connector on port 1069" [_thread_in_native, id=2192, stack(0x000000dafc400000,0x000000dafc500000)]
  0x00000263c80af800 JavaThread "Daemon periodic checks" [_thread_blocked, id=21632, stack(0x000000dafc500000,0x000000dafc600000)]
  0x00000263c8f17800 JavaThread "Daemon" [_thread_blocked, id=19120, stack(0x000000dafcb00000,0x000000dafcc00000)]
  0x00000263c8d87800 JavaThread "Handler for socket connection from /127.0.0.1:1069 to /127.0.0.1:1070" [_thread_in_native, id=21360, stack(0x000000dafcc00000,0x000000dafcd00000)]
  0x00000263c77d2800 JavaThread "Cancel handler" [_thread_blocked, id=3688, stack(0x000000dafcd00000,0x000000dafce00000)]
  0x00000263c7b49800 JavaThread "Daemon worker" [_thread_in_vm, id=14184, stack(0x000000dafce00000,0x000000dafcf00000)]
  0x00000263c6fa9000 JavaThread "Asynchronous log dispatcher for DefaultDaemonConnection: socket connection from /127.0.0.1:1069 to /127.0.0.1:1070" [_thread_blocked, id=2524, stack(0x000000dafcf00000,0x000000dafd000000)]
  0x00000263c6fab000 JavaThread "Stdin handler" [_thread_blocked, id=20896, stack(0x000000dafd000000,0x000000dafd100000)]
  0x00000263c8cc4000 JavaThread "Daemon client event forwarder" [_thread_blocked, id=11832, stack(0x000000dafd100000,0x000000dafd200000)]
  0x00000263c8cc1800 JavaThread "Cache worker for file hash cache (C:\Users\Smok\.gradle\caches\7.0.2\fileHashes)" [_thread_blocked, id=4996, stack(0x000000dafd200000,0x000000dafd300000)]
  0x00000263c8cc5800 JavaThread "File lock request listener" [_thread_in_native, id=16176, stack(0x000000dafd300000,0x000000dafd400000)]
  0x00000263c8cc7800 JavaThread "Cache worker for journal cache (C:\Users\Smok\.gradle\caches\journal-1)" [_thread_blocked, id=22500, stack(0x000000dafd800000,0x000000dafd900000)]
  0x00000263c8cc8000 JavaThread "Cache worker for file hash cache (C:\Users\Smok\AndroidStudioProjects\calculator\.gradle\7.0.2\fileHashes)" [_thread_blocked, id=3616, stack(0x000000dafda00000,0x000000dafdb00000)]
  0x00000263c8cc6800 JavaThread "File watcher server" daemon [_thread_in_native, id=24900, stack(0x000000dafdb00000,0x000000dafdc00000)]
  0x00000263c8cc5000 JavaThread "File watcher consumer" daemon [_thread_blocked, id=6464, stack(0x000000dafdc00000,0x000000dafdd00000)]
  0x00000263c8cc3800 JavaThread "Cache worker for checksums cache (C:\Users\Smok\AndroidStudioProjects\calculator\.gradle\checksums)" [_thread_blocked, id=7104, stack(0x000000dafdd00000,0x000000dafde00000)]
  0x00000263c8cc2800 JavaThread "Cache worker for cache directory md-supplier (C:\Users\Smok\.gradle\caches\7.0.2\md-supplier)" [_thread_blocked, id=25160, stack(0x000000dafde00000,0x000000dafdf00000)]
  0x00000263ca198800 JavaThread "Cache worker for cache directory md-rule (C:\Users\Smok\.gradle\caches\7.0.2\md-rule)" [_thread_blocked, id=23420, stack(0x000000dafdf00000,0x000000dafe000000)]
  0x00000263ca194800 JavaThread "Cache worker for execution history cache (C:\Users\Smok\.gradle\caches\7.0.2\executionHistory)" [_thread_blocked, id=24184, stack(0x000000dafe000000,0x000000dafe100000)]
  0x00000263ca199000 JavaThread "jar transforms" [_thread_blocked, id=25812, stack(0x000000dafe200000,0x000000dafe300000)]
  0x00000263ca193800 JavaThread "jar transforms Thread 2" [_thread_blocked, id=8912, stack(0x000000dafe300000,0x000000dafe400000)]
  0x00000263ca196800 JavaThread "Cache worker for file content cache (C:\Users\Smok\.gradle\caches\7.0.2\fileContent)" [_thread_blocked, id=21084, stack(0x000000dafe400000,0x000000dafe500000)]
  0x00000263ca095000 JavaThread "Cache worker for dependencies-accessors (C:\Users\Smok\AndroidStudioProjects\calculator\.gradle\7.0.2\dependencies-accessors)" [_thread_blocked, id=20608, stack(0x000000dafe100000,0x000000dafe200000)]
  0x00000263ca097800 JavaThread "jar transforms Thread 3" [_thread_blocked, id=18056, stack(0x000000dafd900000,0x000000dafda00000)]
  0x00000263ca096000 JavaThread "Cache worker for Build Output Cleanup Cache (C:\Users\Smok\AndroidStudioProjects\calculator\.gradle\buildOutputCleanup)" [_thread_blocked, id=25504, stack(0x000000dafe500000,0x000000dafe600000)]
  0x00000263ca093800 JavaThread "Build operations" [_thread_blocked, id=21040, stack(0x000000dafe800000,0x000000dafe900000)]
  0x00000263ca098800 JavaThread "Build operations Thread 2" [_thread_blocked, id=2112, stack(0x000000dafe900000,0x000000dafea00000)]
  0x00000263ca099000 JavaThread "Build operations Thread 3" [_thread_blocked, id=23104, stack(0x000000dafea00000,0x000000dafeb00000)]
  0x00000263ca09a000 JavaThread "Build operations Thread 4" [_thread_blocked, id=23008, stack(0x000000dafeb00000,0x000000dafec00000)]
  0x00000263ca094000 JavaThread "Build operations Thread 5" [_thread_blocked, id=26524, stack(0x000000dafec00000,0x000000dafed00000)]
  0x00000263ca096800 JavaThread "Build operations Thread 6" [_thread_blocked, id=13720, stack(0x000000dafed00000,0x000000dafee00000)]
  0x00000263ca09a800 JavaThread "Build operations Thread 7" [_thread_blocked, id=17764, stack(0x000000dafee00000,0x000000dafef00000)]
  0x00000263ca09f800 JavaThread "Build operations Thread 8" [_thread_blocked, id=19556, stack(0x000000dafef00000,0x000000daff000000)]
  0x00000263ca09e000 JavaThread "jar transforms Thread 4" [_thread_blocked, id=6624, stack(0x000000dafe700000,0x000000dafe800000)]
  0x00000263ca09b800 JavaThread "jar transforms Thread 5" [_thread_blocked, id=11612, stack(0x000000daff000000,0x000000daff100000)]
  0x00000263ca09d000 JavaThread "jar transforms Thread 6" [_thread_blocked, id=8264, stack(0x000000daff100000,0x000000daff200000)]
  0x00000263ca0a1800 JavaThread "jar transforms Thread 7" [_thread_blocked, id=19044, stack(0x000000daff200000,0x000000daff300000)]
  0x00000263ca09f000 JavaThread "jar transforms Thread 8" [_thread_blocked, id=1608, stack(0x000000daff300000,0x000000daff400000)]
  0x00000263c93b0800 JavaThread "C2 CompilerThread1" daemon [_thread_in_native, id=3784, stack(0x000000dafe600000,0x000000dafe700000)]
  0x00000263ca0a0800 JavaThread "Memory manager" [_thread_blocked, id=21628, stack(0x000000daff400000,0x000000daff500000)]
=>0x00000263c9d42800 JavaThread "C2 CompilerThread2" daemon [_thread_in_native, id=21312, stack(0x000000daff500000,0x000000daff600000)]

Other Threads:
  0x00000263c6854800 VMThread "VM Thread" [stack: 0x000000dafb900000,0x000000dafba00000] [id=5816]
  0x00000263c6a25000 WatcherThread [stack: 0x000000dafc300000,0x000000dafc400000] [id=21036]
  0x00000263a9c08000 GCTaskThread "GC Thread#0" [stack: 0x000000dafb400000,0x000000dafb500000] [id=12524]
  0x00000263c72dc800 GCTaskThread "GC Thread#1" [stack: 0x000000dafc600000,0x000000dafc700000] [id=13224]
  0x00000263c7b91000 GCTaskThread "GC Thread#2" [stack: 0x000000dafc700000,0x000000dafc800000] [id=16108]
  0x00000263c73bc000 GCTaskThread "GC Thread#3" [stack: 0x000000dafc800000,0x000000dafc900000] [id=12800]
  0x00000263c73bd000 GCTaskThread "GC Thread#4" [stack: 0x000000dafc900000,0x000000dafca00000] [id=15724]
  0x00000263c698e000 GCTaskThread "GC Thread#5" [stack: 0x000000dafd400000,0x000000dafd500000] [id=13240]
  0x00000263c6a4a800 GCTaskThread "GC Thread#6" [stack: 0x000000dafd500000,0x000000dafd600000] [id=9796]
  0x00000263c7aab800 GCTaskThread "GC Thread#7" [stack: 0x000000dafd600000,0x000000dafd700000] [id=19972]
  0x00000263a9c38000 ConcurrentGCThread "G1 Main Marker" [stack: 0x000000dafb500000,0x000000dafb600000] [id=21184]
  0x00000263a9c39000 ConcurrentGCThread "G1 Conc#0" [stack: 0x000000dafb600000,0x000000dafb700000] [id=9436]
  0x00000263c7c41800 ConcurrentGCThread "G1 Conc#1" [stack: 0x000000dafd700000,0x000000dafd800000] [id=20040]
  0x00000263a9cce800 ConcurrentGCThread "G1 Refine#0" [stack: 0x000000dafb700000,0x000000dafb800000] [id=14196]
  0x00000263c5e8e800 ConcurrentGCThread "G1 Young RemSet Sampling" [stack: 0x000000dafb800000,0x000000dafb900000] [id=13588]

Threads with active compile tasks:
C2 CompilerThread0  26796 6311   !   4       com.sun.beans.TypeResolver::resolve (261 bytes)
C2 CompilerThread1  26796 6382       4       java.lang.ClassLoader::postDefineClass (39 bytes)
C2 CompilerThread2  26796 6319       4       java.net.URLClassLoader$1::run (5 bytes)

VM state:not at safepoint (normal execution)

VM Mutex/Monitor currently owned by a thread: None

Heap address: 0x0000000080000000, size: 2048 MB, Compressed Oops mode: 32-bit
Narrow klass base: 0x0000000000000000, Narrow klass shift: 3
Compressed class space size: 1073741824 Address: 0x0000000100000000

Heap:
 garbage-first heap   total 229376K, used 129848K [0x0000000080000000, 0x0000000100000000)
  region size 1024K, 88 young (90112K), 3 survivors (3072K)
 Metaspace       used 64965K, capacity 66519K, committed 66816K, reserved 1107968K
  class space    used 8275K, capacity 8842K, committed 8960K, reserved 1048576K
Heap Regions: E=young(eden), S=young(survivor), O=old, HS=humongous(starts), HC=humongous(continues), CS=collection set, F=free, A=archive, TAMS=top-at-mark-start (previous, next)
|   0|0x0000000080000000, 0x0000000080100000, 0x0000000080100000|100%| O|  |TAMS 0x0000000080100000, 0x0000000080000000| Untracked 
|   1|0x0000000080100000, 0x0000000080200000, 0x0000000080200000|100%| O|  |TAMS 0x0000000080200000, 0x0000000080100000| Untracked 
|   2|0x0000000080200000, 0x0000000080300000, 0x0000000080300000|100%| O|  |TAMS 0x0000000080300000, 0x0000000080200000| Untracked 
|   3|0x0000000080300000, 0x0000000080400000, 0x0000000080400000|100%|HS|  |TAMS 0x0000000080400000, 0x0000000080300000| Complete 
|   4|0x0000000080400000, 0x0000000080500000, 0x0000000080500000|100%|HC|  |TAMS 0x0000000080500000, 0x0000000080400000| Complete 
|   5|0x0000000080500000, 0x0000000080600000, 0x0000000080600000|100%|HC|  |TAMS 0x0000000080600000, 0x0000000080500000| Complete 
|   6|0x0000000080600000, 0x0000000080700000, 0x0000000080700000|100%| O|  |TAMS 0x0000000080700000, 0x0000000080600000| Untracked 
|   7|0x0000000080700000, 0x0000000080800000, 0x0000000080800000|100%| O|  |TAMS 0x0000000080800000, 0x0000000080700000| Untracked 
|   8|0x0000000080800000, 0x0000000080900000, 0x0000000080900000|100%| O|  |TAMS 0x0000000080900000, 0x0000000080800000| Untracked 
|   9|0x0000000080900000, 0x0000000080a00000, 0x0000000080a00000|100%| O|  |TAMS 0x0000000080a00000, 0x0000000080900000| Untracked 
|  10|0x0000000080a00000, 0x0000000080b00000, 0x0000000080b00000|100%| O|  |TAMS 0x0000000080b00000, 0x0000000080a00000| Untracked 
|  11|0x0000000080b00000, 0x0000000080c00000, 0x0000000080c00000|100%| O|  |TAMS 0x0000000080c00000, 0x0000000080b00000| Untracked 
|  12|0x0000000080c00000, 0x0000000080d00000, 0x0000000080d00000|100%| O|  |TAMS 0x0000000080d00000, 0x0000000080c00000| Untracked 
|  13|0x0000000080d00000, 0x0000000080e00000, 0x0000000080e00000|100%| O|  |TAMS 0x0000000080e00000, 0x0000000080d00000| Untracked 
|  14|0x0000000080e00000, 0x0000000080f00000, 0x0000000080f00000|100%| O|  |TAMS 0x0000000080f00000, 0x0000000080e00000| Untracked 
|  15|0x0000000080f00000, 0x0000000081000000, 0x0000000081000000|100%| O|  |TAMS 0x0000000081000000, 0x0000000080f00000| Untracked 
|  16|0x0000000081000000, 0x0000000081100000, 0x0000000081100000|100%|HS|  |TAMS 0x0000000081100000, 0x0000000081000000| Complete 
|  17|0x0000000081100000, 0x0000000081200000, 0x0000000081200000|100%|HS|  |TAMS 0x0000000081200000, 0x0000000081100000| Complete 
|  18|0x0000000081200000, 0x0000000081300000, 0x0000000081300000|100%|HS|  |TAMS 0x0000000081300000, 0x0000000081200000| Complete 
|  19|0x0000000081300000, 0x0000000081400000, 0x0000000081400000|100%|HC|  |TAMS 0x0000000081400000, 0x0000000081300000| Complete 
|  20|0x0000000081400000, 0x0000000081500000, 0x0000000081500000|100%| O|  |TAMS 0x0000000081500000, 0x0000000081400000| Untracked 
|  21|0x0000000081500000, 0x0000000081600000, 0x0000000081600000|100%| O|  |TAMS 0x0000000081600000, 0x0000000081500000| Untracked 
|  22|0x0000000081600000, 0x0000000081700000, 0x0000000081700000|100%| O|  |TAMS 0x0000000081700000, 0x0000000081600000| Untracked 
|  23|0x0000000081700000, 0x0000000081800000, 0x0000000081800000|100%| O|  |TAMS 0x0000000081800000, 0x0000000081700000| Untracked 
|  24|0x0000000081800000, 0x0000000081900000, 0x0000000081900000|100%| O|  |TAMS 0x0000000081900000, 0x0000000081800000| Untracked 
|  25|0x0000000081900000, 0x0000000081a00000, 0x0000000081a00000|100%| O|  |TAMS 0x0000000081a00000, 0x0000000081900000| Untracked 
|  26|0x0000000081a00000, 0x0000000081b00000, 0x0000000081b00000|100%| O|  |TAMS 0x0000000081b00000, 0x0000000081a00000| Untracked 
|  27|0x0000000081b00000, 0x0000000081c00000, 0x0000000081c00000|100%| O|  |TAMS 0x0000000081c00000, 0x0000000081b00000| Untracked 
|  28|0x0000000081c00000, 0x0000000081d00000, 0x0000000081d00000|100%| O|  |TAMS 0x0000000081d00000, 0x0000000081c00000| Untracked 
|  29|0x0000000081d00000, 0x0000000081e00000, 0x0000000081e00000|100%| O|  |TAMS 0x0000000081e00000, 0x0000000081d00000| Untracked 
|  30|0x0000000081e00000, 0x0000000081f00000, 0x0000000081f00000|100%| O|  |TAMS 0x0000000081f00000, 0x0000000081e00000| Untracked 
|  31|0x0000000081f00000, 0x0000000082000000, 0x0000000082000000|100%| O|  |TAMS 0x0000000082000000, 0x0000000081f00000| Untracked 
|  32|0x0000000082000000, 0x0000000082100000, 0x0000000082100000|100%| O|  |TAMS 0x0000000082100000, 0x0000000082000000| Untracked 
|  33|0x0000000082100000, 0x0000000082200000, 0x0000000082200000|100%| O|  |TAMS 0x0000000082200000, 0x0000000082100000| Untracked 
|  34|0x0000000082200000, 0x0000000082300000, 0x0000000082300000|100%| O|  |TAMS 0x0000000082300000, 0x0000000082200000| Untracked 
|  35|0x0000000082300000, 0x0000000082400000, 0x0000000082400000|100%| O|  |TAMS 0x0000000082400000, 0x0000000082300000| Untracked 
|  36|0x0000000082400000, 0x0000000082500000, 0x0000000082500000|100%| O|  |TAMS 0x0000000082500000, 0x0000000082400000| Untracked 
|  37|0x0000000082500000, 0x0000000082600000, 0x0000000082600000|100%| O|  |TAMS 0x0000000082600000, 0x0000000082500000| Untracked 
|  38|0x0000000082600000, 0x0000000082700000, 0x0000000082700000|100%| O|  |TAMS 0x0000000082700000, 0x0000000082600000| Untracked 
|  39|0x0000000082700000, 0x0000000082800000, 0x0000000082800000|100%| O|  |TAMS 0x0000000082800000, 0x0000000082700000| Untracked 
|  40|0x0000000082800000, 0x0000000082845c00, 0x0000000082900000| 27%| O|  |TAMS 0x0000000082845c00, 0x0000000082800000| Untracked 
|  41|0x0000000082900000, 0x0000000082a00000, 0x0000000082a00000|100%|HS|  |TAMS 0x0000000082900000, 0x0000000082900000| Complete 
|  42|0x0000000082a00000, 0x0000000082a00000, 0x0000000082b00000|  0%| F|  |TAMS 0x0000000082a00000, 0x0000000082a00000| Untracked 
|  43|0x0000000082b00000, 0x0000000082b00000, 0x0000000082c00000|  0%| F|  |TAMS 0x0000000082b00000, 0x0000000082b00000| Untracked 
|  44|0x0000000082c00000, 0x0000000082c00000, 0x0000000082d00000|  0%| F|  |TAMS 0x0000000082c00000, 0x0000000082c00000| Untracked 
|  45|0x0000000082d00000, 0x0000000082d00000, 0x0000000082e00000|  0%| F|  |TAMS 0x0000000082d00000, 0x0000000082d00000| Untracked 
|  46|0x0000000082e00000, 0x0000000082e00000, 0x0000000082f00000|  0%| F|  |TAMS 0x0000000082e00000, 0x0000000082e00000| Untracked 
|  47|0x0000000082f00000, 0x0000000082f00000, 0x0000000083000000|  0%| F|  |TAMS 0x0000000082f00000, 0x0000000082f00000| Untracked 
|  48|0x0000000083000000, 0x0000000083000000, 0x0000000083100000|  0%| F|  |TAMS 0x0000000083000000, 0x0000000083000000| Untracked 
|  49|0x0000000083100000, 0x0000000083100000, 0x0000000083200000|  0%| F|  |TAMS 0x0000000083100000, 0x0000000083100000| Untracked 
|  50|0x0000000083200000, 0x0000000083200000, 0x0000000083300000|  0%| F|  |TAMS 0x0000000083200000, 0x0000000083200000| Untracked 
|  51|0x0000000083300000, 0x0000000083300000, 0x0000000083400000|  0%| F|  |TAMS 0x0000000083300000, 0x0000000083300000| Untracked 
|  52|0x0000000083400000, 0x0000000083400000, 0x0000000083500000|  0%| F|  |TAMS 0x0000000083400000, 0x0000000083400000| Untracked 
|  53|0x0000000083500000, 0x0000000083500000, 0x0000000083600000|  0%| F|  |TAMS 0x0000000083500000, 0x0000000083500000| Untracked 
|  54|0x0000000083600000, 0x0000000083600000, 0x0000000083700000|  0%| F|  |TAMS 0x0000000083600000, 0x0000000083600000| Untracked 
|  55|0x0000000083700000, 0x0000000083700000, 0x0000000083800000|  0%| F|  |TAMS 0x0000000083700000, 0x0000000083700000| Untracked 
|  56|0x0000000083800000, 0x0000000083800000, 0x0000000083900000|  0%| F|  |TAMS 0x0000000083800000, 0x0000000083800000| Untracked 
|  57|0x0000000083900000, 0x0000000083900000, 0x0000000083a00000|  0%| F|  |TAMS 0x0000000083900000, 0x0000000083900000| Untracked 
|  58|0x0000000083a00000, 0x0000000083a00000, 0x0000000083b00000|  0%| F|  |TAMS 0x0000000083a00000, 0x0000000083a00000| Untracked 
|  59|0x0000000083b00000, 0x0000000083b00000, 0x0000000083c00000|  0%| F|  |TAMS 0x0000000083b00000, 0x0000000083b00000| Untracked 
|  60|0x0000000083c00000, 0x0000000083c00000, 0x0000000083d00000|  0%| F|  |TAMS 0x0000000083c00000, 0x0000000083c00000| Untracked 
|  61|0x0000000083d00000, 0x0000000083d00000, 0x0000000083e00000|  0%| F|  |TAMS 0x0000000083d00000, 0x0000000083d00000| Untracked 
|  62|0x0000000083e00000, 0x0000000083e00000, 0x0000000083f00000|  0%| F|  |TAMS 0x0000000083e00000, 0x0000000083e00000| Untracked 
|  63|0x0000000083f00000, 0x0000000083f00000, 0x0000000084000000|  0%| F|  |TAMS 0x0000000083f00000, 0x0000000083f00000| Untracked 
|  64|0x0000000084000000, 0x0000000084000000, 0x0000000084100000|  0%| F|  |TAMS 0x0000000084000000, 0x0000000084000000| Untracked 
|  65|0x0000000084100000, 0x0000000084100000, 0x0000000084200000|  0%| F|  |TAMS 0x0000000084100000, 0x0000000084100000| Untracked 
|  66|0x0000000084200000, 0x0000000084200000, 0x0000000084300000|  0%| F|  |TAMS 0x0000000084200000, 0x0000000084200000| Untracked 
|  67|0x0000000084300000, 0x0000000084300000, 0x0000000084400000|  0%| F|  |TAMS 0x0000000084300000, 0x0000000084300000| Untracked 
|  68|0x0000000084400000, 0x0000000084400000, 0x0000000084500000|  0%| F|  |TAMS 0x0000000084400000, 0x0000000084400000| Untracked 
|  69|0x0000000084500000, 0x0000000084500000, 0x0000000084600000|  0%| F|  |TAMS 0x0000000084500000, 0x0000000084500000| Untracked 
|  70|0x0000000084600000, 0x0000000084600000, 0x0000000084700000|  0%| F|  |TAMS 0x0000000084600000, 0x0000000084600000| Untracked 
|  71|0x0000000084700000, 0x0000000084700000, 0x0000000084800000|  0%| F|  |TAMS 0x0000000084700000, 0x0000000084700000| Untracked 
|  72|0x0000000084800000, 0x0000000084800000, 0x0000000084900000|  0%| F|  |TAMS 0x0000000084800000, 0x0000000084800000| Untracked 
|  73|0x0000000084900000, 0x0000000084900000, 0x0000000084a00000|  0%| F|  |TAMS 0x0000000084900000, 0x0000000084900000| Untracked 
|  74|0x0000000084a00000, 0x0000000084a00000, 0x0000000084b00000|  0%| F|  |TAMS 0x0000000084a00000, 0x0000000084a00000| Untracked 
|  75|0x0000000084b00000, 0x0000000084b00000, 0x0000000084c00000|  0%| F|  |TAMS 0x0000000084b00000, 0x0000000084b00000| Untracked 
|  76|0x0000000084c00000, 0x0000000084c00000, 0x0000000084d00000|  0%| F|  |TAMS 0x0000000084c00000, 0x0000000084c00000| Untracked 
|  77|0x0000000084d00000, 0x0000000084d00000, 0x0000000084e00000|  0%| F|  |TAMS 0x0000000084d00000, 0x0000000084d00000| Untracked 
|  78|0x0000000084e00000, 0x0000000084e00000, 0x0000000084f00000|  0%| F|  |TAMS 0x0000000084e00000, 0x0000000084e00000| Untracked 
|  79|0x0000000084f00000, 0x0000000084f00000, 0x0000000085000000|  0%| F|  |TAMS 0x0000000084f00000, 0x0000000084f00000| Untracked 
|  80|0x0000000085000000, 0x0000000085000000, 0x0000000085100000|  0%| F|  |TAMS 0x0000000085000000, 0x0000000085000000| Untracked 
|  81|0x0000000085100000, 0x0000000085100000, 0x0000000085200000|  0%| F|  |TAMS 0x0000000085100000, 0x0000000085100000| Untracked 
|  82|0x0000000085200000, 0x0000000085200000, 0x0000000085300000|  0%| F|  |TAMS 0x0000000085200000, 0x0000000085200000| Untracked 
|  83|0x0000000085300000, 0x0000000085300000, 0x0000000085400000|  0%| F|  |TAMS 0x0000000085300000, 0x0000000085300000| Untracked 
|  84|0x0000000085400000, 0x0000000085400000, 0x0000000085500000|  0%| F|  |TAMS 0x0000000085400000, 0x0000000085400000| Untracked 
|  85|0x0000000085500000, 0x0000000085500000, 0x0000000085600000|  0%| F|  |TAMS 0x0000000085500000, 0x0000000085500000| Untracked 
|  86|0x0000000085600000, 0x0000000085600000, 0x0000000085700000|  0%| F|  |TAMS 0x0000000085600000, 0x0000000085600000| Untracked 
|  87|0x0000000085700000, 0x0000000085700000, 0x0000000085800000|  0%| F|  |TAMS 0x0000000085700000, 0x0000000085700000| Untracked 
|  88|0x0000000085800000, 0x0000000085800000, 0x0000000085900000|  0%| F|  |TAMS 0x0000000085800000, 0x0000000085800000| Untracked 
|  89|0x0000000085900000, 0x0000000085900000, 0x0000000085a00000|  0%| F|  |TAMS 0x0000000085900000, 0x0000000085900000| Untracked 
|  90|0x0000000085a00000, 0x0000000085a00000, 0x0000000085b00000|  0%| F|  |TAMS 0x0000000085a00000, 0x0000000085a00000| Untracked 
|  91|0x0000000085b00000, 0x0000000085b00000, 0x0000000085c00000|  0%| F|  |TAMS 0x0000000085b00000, 0x0000000085b00000| Untracked 
|  92|0x0000000085c00000, 0x0000000085c00000, 0x0000000085d00000|  0%| F|  |TAMS 0x0000000085c00000, 0x0000000085c00000| Untracked 
|  93|0x0000000085d00000, 0x0000000085d00000, 0x0000000085e00000|  0%| F|  |TAMS 0x0000000085d00000, 0x0000000085d00000| Untracked 
|  94|0x0000000085e00000, 0x0000000085e00000, 0x0000000085f00000|  0%| F|  |TAMS 0x0000000085e00000, 0x0000000085e00000| Untracked 
|  95|0x0000000085f00000, 0x0000000085f00000, 0x0000000086000000|  0%| F|  |TAMS 0x0000000085f00000, 0x0000000085f00000| Untracked 
|  96|0x0000000086000000, 0x0000000086000000, 0x0000000086100000|  0%| F|  |TAMS 0x0000000086000000, 0x0000000086000000| Untracked 
|  97|0x0000000086100000, 0x0000000086100000, 0x0000000086200000|  0%| F|  |TAMS 0x0000000086100000, 0x0000000086100000| Untracked 
|  98|0x0000000086200000, 0x0000000086200000, 0x0000000086300000|  0%| F|  |TAMS 0x0000000086200000, 0x0000000086200000| Untracked 
|  99|0x0000000086300000, 0x0000000086300000, 0x0000000086400000|  0%| F|  |TAMS 0x0000000086300000, 0x0000000086300000| Untracked 
| 100|0x0000000086400000, 0x0000000086400000, 0x0000000086500000|  0%| F|  |TAMS 0x0000000086400000, 0x0000000086400000| Untracked 
| 101|0x0000000086500000, 0x0000000086500000, 0x0000000086600000|  0%| F|  |TAMS 0x0000000086500000, 0x0000000086500000| Untracked 
| 102|0x0000000086600000, 0x0000000086600000, 0x0000000086700000|  0%| F|  |TAMS 0x0000000086600000, 0x0000000086600000| Untracked 
| 103|0x0000000086700000, 0x0000000086700000, 0x0000000086800000|  0%| F|  |TAMS 0x0000000086700000, 0x0000000086700000| Untracked 
| 104|0x0000000086800000, 0x0000000086800000, 0x0000000086900000|  0%| F|  |TAMS 0x0000000086800000, 0x0000000086800000| Untracked 
| 105|0x0000000086900000, 0x0000000086900000, 0x0000000086a00000|  0%| F|  |TAMS 0x0000000086900000, 0x0000000086900000| Untracked 
| 106|0x0000000086a00000, 0x0000000086a00000, 0x0000000086b00000|  0%| F|  |TAMS 0x0000000086a00000, 0x0000000086a00000| Untracked 
| 107|0x0000000086b00000, 0x0000000086b00000, 0x0000000086c00000|  0%| F|  |TAMS 0x0000000086b00000, 0x0000000086b00000| Untracked 
| 108|0x0000000086c00000, 0x0000000086c00000, 0x0000000086d00000|  0%| F|  |TAMS 0x0000000086c00000, 0x0000000086c00000| Untracked 
| 109|0x0000000086d00000, 0x0000000086d00000, 0x0000000086e00000|  0%| F|  |TAMS 0x0000000086d00000, 0x0000000086d00000| Untracked 
| 110|0x0000000086e00000, 0x0000000086e00000, 0x0000000086f00000|  0%| F|  |TAMS 0x0000000086e00000, 0x0000000086e00000| Untracked 
| 111|0x0000000086f00000, 0x0000000086f00000, 0x0000000087000000|  0%| F|  |TAMS 0x0000000086f00000, 0x0000000086f00000| Untracked 
| 112|0x0000000087000000, 0x0000000087000000, 0x0000000087100000|  0%| F|  |TAMS 0x0000000087000000, 0x0000000087000000| Untracked 
| 113|0x0000000087100000, 0x0000000087100000, 0x0000000087200000|  0%| F|  |TAMS 0x0000000087100000, 0x0000000087100000| Untracked 
| 114|0x0000000087200000, 0x0000000087200000, 0x0000000087300000|  0%| F|  |TAMS 0x0000000087200000, 0x0000000087200000| Untracked 
| 115|0x0000000087300000, 0x0000000087300000, 0x0000000087400000|  0%| F|  |TAMS 0x0000000087300000, 0x0000000087300000| Untracked 
| 116|0x0000000087400000, 0x0000000087400000, 0x0000000087500000|  0%| F|  |TAMS 0x0000000087400000, 0x0000000087400000| Untracked 
| 117|0x0000000087500000, 0x0000000087500000, 0x0000000087600000|  0%| F|  |TAMS 0x0000000087500000, 0x0000000087500000| Untracked 
| 118|0x0000000087600000, 0x0000000087600000, 0x0000000087700000|  0%| F|  |TAMS 0x0000000087600000, 0x0000000087600000| Untracked 
| 119|0x0000000087700000, 0x0000000087700000, 0x0000000087800000|  0%| F|  |TAMS 0x0000000087700000, 0x0000000087700000| Untracked 
| 120|0x0000000087800000, 0x0000000087800000, 0x0000000087900000|  0%| F|  |TAMS 0x0000000087800000, 0x0000000087800000| Untracked 
| 121|0x0000000087900000, 0x0000000087900000, 0x0000000087a00000|  0%| F|  |TAMS 0x0000000087900000, 0x0000000087900000| Untracked 
| 122|0x0000000087a00000, 0x0000000087a00000, 0x0000000087b00000|  0%| F|  |TAMS 0x0000000087a00000, 0x0000000087a00000| Untracked 
| 123|0x0000000087b00000, 0x0000000087b00000, 0x0000000087c00000|  0%| F|  |TAMS 0x0000000087b00000, 0x0000000087b00000| Untracked 
| 124|0x0000000087c00000, 0x0000000087c00000, 0x0000000087d00000|  0%| F|  |TAMS 0x0000000087c00000, 0x0000000087c00000| Untracked 
| 125|0x0000000087d00000, 0x0000000087d00000, 0x0000000087e00000|  0%| F|  |TAMS 0x0000000087d00000, 0x0000000087d00000| Untracked 
| 126|0x0000000087e00000, 0x0000000087e00000, 0x0000000087f00000|  0%| F|  |TAMS 0x0000000087e00000, 0x0000000087e00000| Untracked 
| 127|0x0000000087f00000, 0x0000000087f00000, 0x0000000088000000|  0%| F|  |TAMS 0x0000000087f00000, 0x0000000087f00000| Untracked 
| 128|0x0000000088000000, 0x0000000088000000, 0x0000000088100000|  0%| F|  |TAMS 0x0000000088000000, 0x0000000088000000| Untracked 
| 129|0x0000000088100000, 0x0000000088100000, 0x0000000088200000|  0%| F|  |TAMS 0x0000000088100000, 0x0000000088100000| Untracked 
| 130|0x0000000088200000, 0x0000000088200000, 0x0000000088300000|  0%| F|  |TAMS 0x0000000088200000, 0x0000000088200000| Untracked 
| 131|0x0000000088300000, 0x0000000088300000, 0x0000000088400000|  0%| F|  |TAMS 0x0000000088300000, 0x0000000088300000| Untracked 
| 132|0x0000000088400000, 0x0000000088400000, 0x0000000088500000|  0%| F|  |TAMS 0x0000000088400000, 0x0000000088400000| Untracked 
| 133|0x0000000088500000, 0x0000000088500000, 0x0000000088600000|  0%| F|  |TAMS 0x0000000088500000, 0x0000000088500000| Untracked 
| 134|0x0000000088600000, 0x0000000088600000, 0x0000000088700000|  0%| F|  |TAMS 0x0000000088600000, 0x0000000088600000| Untracked 
| 135|0x0000000088700000, 0x0000000088700800, 0x0000000088800000|  0%| E|  |TAMS 0x0000000088700000, 0x0000000088700000| Complete 
| 136|0x0000000088800000, 0x0000000088900000, 0x0000000088900000|100%| E|CS|TAMS 0x0000000088800000, 0x0000000088800000| Complete 
| 137|0x0000000088900000, 0x0000000088a00000, 0x0000000088a00000|100%| E|CS|TAMS 0x0000000088900000, 0x0000000088900000| Complete 
| 138|0x0000000088a00000, 0x0000000088b00000, 0x0000000088b00000|100%| E|CS|TAMS 0x0000000088a00000, 0x0000000088a00000| Complete 
| 139|0x0000000088b00000, 0x0000000088c00000, 0x0000000088c00000|100%| E|CS|TAMS 0x0000000088b00000, 0x0000000088b00000| Complete 
| 140|0x0000000088c00000, 0x0000000088d00000, 0x0000000088d00000|100%| E|CS|TAMS 0x0000000088c00000, 0x0000000088c00000| Complete 
| 141|0x0000000088d00000, 0x0000000088e00000, 0x0000000088e00000|100%| E|CS|TAMS 0x0000000088d00000, 0x0000000088d00000| Complete 
| 142|0x0000000088e00000, 0x0000000088f00000, 0x0000000088f00000|100%| E|CS|TAMS 0x0000000088e00000, 0x0000000088e00000| Complete 
| 143|0x0000000088f00000, 0x0000000089000000, 0x0000000089000000|100%| E|CS|TAMS 0x0000000088f00000, 0x0000000088f00000| Complete 
| 144|0x0000000089000000, 0x0000000089100000, 0x0000000089100000|100%| E|CS|TAMS 0x0000000089000000, 0x0000000089000000| Complete 
| 145|0x0000000089100000, 0x0000000089200000, 0x0000000089200000|100%| E|CS|TAMS 0x0000000089100000, 0x0000000089100000| Complete 
| 146|0x0000000089200000, 0x0000000089300000, 0x0000000089300000|100%| E|CS|TAMS 0x0000000089200000, 0x0000000089200000| Complete 
| 147|0x0000000089300000, 0x0000000089400000, 0x0000000089400000|100%| E|CS|TAMS 0x0000000089300000, 0x0000000089300000| Complete 
| 148|0x0000000089400000, 0x0000000089500000, 0x0000000089500000|100%| E|CS|TAMS 0x0000000089400000, 0x0000000089400000| Complete 
| 149|0x0000000089500000, 0x0000000089600000, 0x0000000089600000|100%| E|CS|TAMS 0x0000000089500000, 0x0000000089500000| Complete 
| 150|0x0000000089600000, 0x0000000089700000, 0x0000000089700000|100%| E|CS|TAMS 0x0000000089600000, 0x0000000089600000| Complete 
| 151|0x0000000089700000, 0x0000000089800000, 0x0000000089800000|100%| E|CS|TAMS 0x0000000089700000, 0x0000000089700000| Complete 
| 152|0x0000000089800000, 0x0000000089900000, 0x0000000089900000|100%| E|CS|TAMS 0x0000000089800000, 0x0000000089800000| Complete 
| 153|0x0000000089900000, 0x0000000089a00000, 0x0000000089a00000|100%| E|CS|TAMS 0x0000000089900000, 0x0000000089900000| Complete 
| 154|0x0000000089a00000, 0x0000000089b00000, 0x0000000089b00000|100%| E|CS|TAMS 0x0000000089a00000, 0x0000000089a00000| Complete 
| 155|0x0000000089b00000, 0x0000000089c00000, 0x0000000089c00000|100%| E|CS|TAMS 0x0000000089b00000, 0x0000000089b00000| Complete 
| 156|0x0000000089c00000, 0x0000000089d00000, 0x0000000089d00000|100%| E|CS|TAMS 0x0000000089c00000, 0x0000000089c00000| Complete 
| 157|0x0000000089d00000, 0x0000000089e00000, 0x0000000089e00000|100%| E|CS|TAMS 0x0000000089d00000, 0x0000000089d00000| Complete 
| 158|0x0000000089e00000, 0x0000000089f00000, 0x0000000089f00000|100%| E|CS|TAMS 0x0000000089e00000, 0x0000000089e00000| Complete 
| 159|0x0000000089f00000, 0x000000008a000000, 0x000000008a000000|100%| E|CS|TAMS 0x0000000089f00000, 0x0000000089f00000| Complete 
| 160|0x000000008a000000, 0x000000008a100000, 0x000000008a100000|100%| E|CS|TAMS 0x000000008a000000, 0x000000008a000000| Complete 
| 161|0x000000008a100000, 0x000000008a200000, 0x000000008a200000|100%| E|CS|TAMS 0x000000008a100000, 0x000000008a100000| Complete 
| 162|0x000000008a200000, 0x000000008a300000, 0x000000008a300000|100%| E|CS|TAMS 0x000000008a200000, 0x000000008a200000| Complete 
| 163|0x000000008a300000, 0x000000008a400000, 0x000000008a400000|100%| E|CS|TAMS 0x000000008a300000, 0x000000008a300000| Complete 
| 164|0x000000008a400000, 0x000000008a500000, 0x000000008a500000|100%| E|CS|TAMS 0x000000008a400000, 0x000000008a400000| Complete 
| 165|0x000000008a500000, 0x000000008a600000, 0x000000008a600000|100%| E|CS|TAMS 0x000000008a500000, 0x000000008a500000| Complete 
| 166|0x000000008a600000, 0x000000008a700000, 0x000000008a700000|100%| E|CS|TAMS 0x000000008a600000, 0x000000008a600000| Complete 
| 167|0x000000008a700000, 0x000000008a800000, 0x000000008a800000|100%| E|CS|TAMS 0x000000008a700000, 0x000000008a700000| Complete 
| 168|0x000000008a800000, 0x000000008a900000, 0x000000008a900000|100%| E|CS|TAMS 0x000000008a800000, 0x000000008a800000| Complete 
| 169|0x000000008a900000, 0x000000008aa00000, 0x000000008aa00000|100%| E|CS|TAMS 0x000000008a900000, 0x000000008a900000| Complete 
| 170|0x000000008aa00000, 0x000000008ab00000, 0x000000008ab00000|100%| E|CS|TAMS 0x000000008aa00000, 0x000000008aa00000| Complete 
| 171|0x000000008ab00000, 0x000000008ac00000, 0x000000008ac00000|100%| E|CS|TAMS 0x000000008ab00000, 0x000000008ab00000| Complete 
| 172|0x000000008ac00000, 0x000000008ad00000, 0x000000008ad00000|100%| E|CS|TAMS 0x000000008ac00000, 0x000000008ac00000| Complete 
| 173|0x000000008ad00000, 0x000000008ae00000, 0x000000008ae00000|100%| E|CS|TAMS 0x000000008ad00000, 0x000000008ad00000| Complete 
| 174|0x000000008ae00000, 0x000000008af00000, 0x000000008af00000|100%| E|CS|TAMS 0x000000008ae00000, 0x000000008ae00000| Complete 
| 175|0x000000008af00000, 0x000000008b000000, 0x000000008b000000|100%| E|CS|TAMS 0x000000008af00000, 0x000000008af00000| Complete 
| 176|0x000000008b000000, 0x000000008b100000, 0x000000008b100000|100%| E|CS|TAMS 0x000000008b000000, 0x000000008b000000| Complete 
| 177|0x000000008b100000, 0x000000008b200000, 0x000000008b200000|100%| E|CS|TAMS 0x000000008b100000, 0x000000008b100000| Complete 
| 178|0x000000008b200000, 0x000000008b300000, 0x000000008b300000|100%| E|CS|TAMS 0x000000008b200000, 0x000000008b200000| Complete 
| 179|0x000000008b300000, 0x000000008b400000, 0x000000008b400000|100%| E|CS|TAMS 0x000000008b300000, 0x000000008b300000| Complete 
| 180|0x000000008b400000, 0x000000008b500000, 0x000000008b500000|100%| E|CS|TAMS 0x000000008b400000, 0x000000008b400000| Complete 
| 181|0x000000008b500000, 0x000000008b600000, 0x000000008b600000|100%| E|CS|TAMS 0x000000008b500000, 0x000000008b500000| Complete 
| 182|0x000000008b600000, 0x000000008b700000, 0x000000008b700000|100%| E|CS|TAMS 0x000000008b600000, 0x000000008b600000| Complete 
| 183|0x000000008b700000, 0x000000008b800000, 0x000000008b800000|100%| E|CS|TAMS 0x000000008b700000, 0x000000008b700000| Complete 
| 184|0x000000008b800000, 0x000000008b900000, 0x000000008b900000|100%| E|CS|TAMS 0x000000008b800000, 0x000000008b800000| Complete 
| 185|0x000000008b900000, 0x000000008ba00000, 0x000000008ba00000|100%| E|CS|TAMS 0x000000008b900000, 0x000000008b900000| Complete 
| 186|0x000000008ba00000, 0x000000008bb00000, 0x000000008bb00000|100%| E|CS|TAMS 0x000000008ba00000, 0x000000008ba00000| Complete 
| 187|0x000000008bb00000, 0x000000008bc00000, 0x000000008bc00000|100%| E|CS|TAMS 0x000000008bb00000, 0x000000008bb00000| Complete 
| 188|0x000000008bc00000, 0x000000008bd00000, 0x000000008bd00000|100%| E|CS|TAMS 0x000000008bc00000, 0x000000008bc00000| Complete 
| 189|0x000000008bd00000, 0x000000008be00000, 0x000000008be00000|100%| E|CS|TAMS 0x000000008bd00000, 0x000000008bd00000| Complete 
| 190|0x000000008be00000, 0x000000008bf00000, 0x000000008bf00000|100%| E|CS|TAMS 0x000000008be00000, 0x000000008be00000| Complete 
| 191|0x000000008bf00000, 0x000000008c000000, 0x000000008c000000|100%| E|CS|TAMS 0x000000008bf00000, 0x000000008bf00000| Complete 
| 192|0x000000008c000000, 0x000000008c100000, 0x000000008c100000|100%| E|CS|TAMS 0x000000008c000000, 0x000000008c000000| Complete 
| 193|0x000000008c100000, 0x000000008c200000, 0x000000008c200000|100%| E|CS|TAMS 0x000000008c100000, 0x000000008c100000| Complete 
| 194|0x000000008c200000, 0x000000008c300000, 0x000000008c300000|100%| E|CS|TAMS 0x000000008c200000, 0x000000008c200000| Complete 
| 195|0x000000008c300000, 0x000000008c400000, 0x000000008c400000|100%| E|CS|TAMS 0x000000008c300000, 0x000000008c300000| Complete 
| 196|0x000000008c400000, 0x000000008c500000, 0x000000008c500000|100%| E|CS|TAMS 0x000000008c400000, 0x000000008c400000| Complete 
| 197|0x000000008c500000, 0x000000008c600000, 0x000000008c600000|100%| E|CS|TAMS 0x000000008c500000, 0x000000008c500000| Complete 
| 198|0x000000008c600000, 0x000000008c700000, 0x000000008c700000|100%| E|CS|TAMS 0x000000008c600000, 0x000000008c600000| Complete 
| 199|0x000000008c700000, 0x000000008c800000, 0x000000008c800000|100%| E|CS|TAMS 0x000000008c700000, 0x000000008c700000| Complete 
| 200|0x000000008c800000, 0x000000008c900000, 0x000000008c900000|100%| E|CS|TAMS 0x000000008c800000, 0x000000008c800000| Complete 
| 201|0x000000008c900000, 0x000000008ca00000, 0x000000008ca00000|100%| E|CS|TAMS 0x000000008c900000, 0x000000008c900000| Complete 
| 202|0x000000008ca00000, 0x000000008cb00000, 0x000000008cb00000|100%| E|CS|TAMS 0x000000008ca00000, 0x000000008ca00000| Complete 
| 203|0x000000008cb00000, 0x000000008cc00000, 0x000000008cc00000|100%| E|CS|TAMS 0x000000008cb00000, 0x000000008cb00000| Complete 
| 204|0x000000008cc00000, 0x000000008cc887e0, 0x000000008cd00000| 53%| S|CS|TAMS 0x000000008cc00000, 0x000000008cc00000| Complete 
| 205|0x000000008cd00000, 0x000000008ce00000, 0x000000008ce00000|100%| S|CS|TAMS 0x000000008cd00000, 0x000000008cd00000| Complete 
| 206|0x000000008ce00000, 0x000000008cf00000, 0x000000008cf00000|100%| S|CS|TAMS 0x000000008ce00000, 0x000000008ce00000| Complete 
| 207|0x000000008cf00000, 0x000000008d000000, 0x000000008d000000|100%| E|CS|TAMS 0x000000008cf00000, 0x000000008cf00000| Complete 
| 208|0x000000008d000000, 0x000000008d100000, 0x000000008d100000|100%| E|CS|TAMS 0x000000008d000000, 0x000000008d000000| Complete 
| 209|0x000000008d100000, 0x000000008d200000, 0x000000008d200000|100%| E|CS|TAMS 0x000000008d100000, 0x000000008d100000| Complete 
| 210|0x000000008d200000, 0x000000008d300000, 0x000000008d300000|100%| E|CS|TAMS 0x000000008d200000, 0x000000008d200000| Complete 
| 211|0x000000008d300000, 0x000000008d400000, 0x000000008d400000|100%| E|CS|TAMS 0x000000008d300000, 0x000000008d300000| Complete 
| 212|0x000000008d400000, 0x000000008d500000, 0x000000008d500000|100%| E|CS|TAMS 0x000000008d400000, 0x000000008d400000| Complete 
| 213|0x000000008d500000, 0x000000008d600000, 0x000000008d600000|100%| E|CS|TAMS 0x000000008d500000, 0x000000008d500000| Complete 
| 214|0x000000008d600000, 0x000000008d700000, 0x000000008d700000|100%| E|CS|TAMS 0x000000008d600000, 0x000000008d600000| Complete 
| 215|0x000000008d700000, 0x000000008d800000, 0x000000008d800000|100%| E|  |TAMS 0x000000008d700000, 0x000000008d700000| Complete 
| 216|0x000000008d800000, 0x000000008d900000, 0x000000008d900000|100%| E|CS|TAMS 0x000000008d800000, 0x000000008d800000| Complete 
| 217|0x000000008d900000, 0x000000008da00000, 0x000000008da00000|100%| E|CS|TAMS 0x000000008d900000, 0x000000008d900000| Complete 
| 218|0x000000008da00000, 0x000000008db00000, 0x000000008db00000|100%| E|CS|TAMS 0x000000008da00000, 0x000000008da00000| Complete 
| 219|0x000000008db00000, 0x000000008dc00000, 0x000000008dc00000|100%| E|CS|TAMS 0x000000008db00000, 0x000000008db00000| Complete 
| 220|0x000000008dc00000, 0x000000008dd00000, 0x000000008dd00000|100%| E|CS|TAMS 0x000000008dc00000, 0x000000008dc00000| Complete 
| 221|0x000000008dd00000, 0x000000008de00000, 0x000000008de00000|100%| E|CS|TAMS 0x000000008dd00000, 0x000000008dd00000| Complete 
| 222|0x000000008de00000, 0x000000008df00000, 0x000000008df00000|100%| E|CS|TAMS 0x000000008de00000, 0x000000008de00000| Complete 
| 223|0x000000008df00000, 0x000000008e000000, 0x000000008e000000|100%| E|CS|TAMS 0x000000008df00000, 0x000000008df00000| Complete 

Card table byte_map: [0x00000263bed20000,0x00000263bf120000] _byte_map_base: 0x00000263be920000

Marking Bits (Prev, Next): (CMBitMap*) 0x00000263a9c2efd0, (CMBitMap*) 0x00000263a9c2ef98
 Prev Bits: [0x00000263c1520000, 0x00000263c3520000)
 Next Bits: [0x00000263bf520000, 0x00000263c1520000)

Polling page: 0x00000263a9cd0000

Metaspace:

Usage:
  Non-class:     56.39 MB capacity,    55.38 MB ( 98%) used,   863.94 KB (  1%) free+waste,   163.13 KB ( <1%) overhead. 
      Class:      8.63 MB capacity,     8.09 MB ( 94%) used,   485.35 KB (  5%) free+waste,    76.25 KB ( <1%) overhead. 
       Both:     65.02 MB capacity,    63.47 MB ( 98%) used,     1.32 MB (  2%) free+waste,   239.38 KB ( <1%) overhead. 

Virtual space:
  Non-class space:       58.00 MB reserved,      56.50 MB ( 97%) committed 
      Class space:        1.00 GB reserved,       8.75 MB ( <1%) committed 
             Both:        1.06 GB reserved,      65.25 MB (  6%) committed 

Chunk freelists:
   Non-Class:  51.00 KB
       Class:  22.00 KB
        Both:  73.00 KB

MaxMetaspaceSize: 17179869184.00 GB
CompressedClassSpaceSize: 1.00 GB

CodeHeap 'non-profiled nmethods': size=120000Kb used=3910Kb max_used=3910Kb free=116089Kb
 bounds [0x00000263b6980000, 0x00000263b6d60000, 0x00000263bdeb0000]
CodeHeap 'profiled nmethods': size=120000Kb used=13502Kb max_used=13502Kb free=106497Kb
 bounds [0x00000263af450000, 0x00000263b0180000, 0x00000263b6980000]
CodeHeap 'non-nmethods': size=5760Kb used=2260Kb max_used=2294Kb free=3500Kb
 bounds [0x00000263aeeb0000, 0x00000263af120000, 0x00000263af450000]
 total_blobs=7256 nmethods=6399 adapters=766
 compilation: enabled
              stopped_count=0, restarted_count=0
 full_count=0

Compilation events (20 events):
Event: 26.697 Thread 0x00000263c6020800 6388       3       org.gradle.api.internal.DefaultMutationGuard::<init> (17 bytes)
Event: 26.697 Thread 0x00000263c6020800 nmethod 6388 0x00000263b016db90 code [0x00000263b016dd80, 0x00000263b016e258]
Event: 26.697 Thread 0x00000263c6020800 6389       3       org.gradle.api.internal.AbstractMutationGuard::<init> (5 bytes)
Event: 26.698 Thread 0x00000263c6020800 nmethod 6389 0x00000263b016e490 code [0x00000263b016e640, 0x00000263b016e798]
Event: 26.725 Thread 0x00000263c6020800 6390       3       org.objectweb.asm.AnnotationWriter::visitEnd (44 bytes)
Event: 26.725 Thread 0x00000263c6020800 nmethod 6390 0x00000263b016e890 code [0x00000263b016ea40, 0x00000263b016ebd8]
Event: 26.747 Thread 0x00000263c6020800 6392       3       org.gradle.api.internal.DefaultNamedDomainObjectCollection$UnfilteredIndex::getPending (14 bytes)
Event: 26.747 Thread 0x00000263c6020800 nmethod 6392 0x00000263b016ed10 code [0x00000263b016eee0, 0x00000263b016f1a8]
Event: 26.747 Thread 0x00000263c6020800 6393       3       org.gradle.internal.build.event.types.DefaultBinaryPluginIdentifier::equals (41 bytes)
Event: 26.748 Thread 0x00000263c6020800 nmethod 6393 0x00000263b016f290 code [0x00000263b016f460, 0x00000263b016f7a8]
Event: 26.748 Thread 0x00000263c6020800 6394       3       org.gradle.api.internal.project.DefaultProjectStateRegistry$CalculatedModelValueImpl::get (41 bytes)
Event: 26.750 Thread 0x00000263c6020800 nmethod 6394 0x00000263b016f910 code [0x00000263b016fba0, 0x00000263b0170628]
Event: 26.750 Thread 0x00000263c6020800 6395       1       org.gradle.internal.typeconversion.TypeInfo::getTargetType (5 bytes)
Event: 26.750 Thread 0x00000263c6020800 nmethod 6395 0x00000263b6d4de10 code [0x00000263b6d4dfc0, 0x00000263b6d4e078]
Event: 26.750 Thread 0x00000263c6020800 6396       3       org.gradle.api.internal.provider.AbstractProperty::calculateOwnValue (15 bytes)
Event: 26.750 Thread 0x00000263c6020800 nmethod 6396 0x00000263b0170a10 code [0x00000263b0170c20, 0x00000263b01710f8]
Event: 26.750 Thread 0x00000263c6020800 6397       1       com.android.build.gradle.internal.services.ProjectServices::getObjectFactory (5 bytes)
Event: 26.750 Thread 0x00000263c6020800 nmethod 6397 0x00000263b6d4e110 code [0x00000263b6d4e2c0, 0x00000263b6d4e378]
Event: 26.752 Thread 0x00000263c6020800 6398       1       org.gradle.api.internal.tasks.properties.annotations.OutputPropertyRoleAnnotationHandler::getAnnotationTypes (5 bytes)
Event: 26.752 Thread 0x00000263c6020800 nmethod 6398 0x00000263b6d4e410 code [0x00000263b6d4e5c0, 0x00000263b6d4e678]

GC Heap History (14 events):
Event: 2.025 GC heap before
{Heap before GC invocations=0 (full 0):
 garbage-first heap   total 229376K, used 29696K [0x0000000080000000, 0x0000000100000000)
  region size 1024K, 24 young (24576K), 0 survivors (0K)
 Metaspace       used 10207K, capacity 10429K, committed 10624K, reserved 1058816K
  class space    used 1064K, capacity 1139K, committed 1152K, reserved 1048576K
}
Event: 2.032 GC heap after
{Heap after GC invocations=1 (full 0):
 garbage-first heap   total 229376K, used 9152K [0x0000000080000000, 0x0000000100000000)
  region size 1024K, 3 young (3072K), 3 survivors (3072K)
 Metaspace       used 10207K, capacity 10429K, committed 10624K, reserved 1058816K
  class space    used 1064K, capacity 1139K, committed 1152K, reserved 1048576K
}
Event: 6.547 GC heap before
{Heap before GC invocations=1 (full 0):
 garbage-first heap   total 229376K, used 104384K [0x0000000080000000, 0x0000000100000000)
  region size 1024K, 97 young (99328K), 3 survivors (3072K)
 Metaspace       used 20554K, capacity 21096K, committed 21248K, reserved 1067008K
  class space    used 2507K, capacity 2690K, committed 2816K, reserved 1048576K
}
Event: 6.563 GC heap after
{Heap after GC invocations=2 (full 0):
 garbage-first heap   total 229376K, used 16645K [0x0000000080000000, 0x0000000100000000)
  region size 1024K, 11 young (11264K), 11 survivors (11264K)
 Metaspace       used 20554K, capacity 21096K, committed 21248K, reserved 1067008K
  class space    used 2507K, capacity 2690K, committed 2816K, reserved 1048576K
}
Event: 7.674 GC heap before
{Heap before GC invocations=3 (full 0):
 garbage-first heap   total 229376K, used 51461K [0x0000000080000000, 0x0000000100000000)
  region size 1024K, 46 young (47104K), 11 survivors (11264K)
 Metaspace       used 24013K, capacity 24670K, committed 24832K, reserved 1071104K
  class space    used 3075K, capacity 3289K, committed 3328K, reserved 1048576K
}
Event: 7.685 GC heap after
{Heap after GC invocations=4 (full 0):
 garbage-first heap   total 229376K, used 17926K [0x0000000080000000, 0x0000000100000000)
  region size 1024K, 2 young (2048K), 2 survivors (2048K)
 Metaspace       used 24013K, capacity 24670K, committed 24832K, reserved 1071104K
  class space    used 3075K, capacity 3289K, committed 3328K, reserved 1048576K
}
Event: 11.300 GC heap before
{Heap before GC invocations=4 (full 0):
 garbage-first heap   total 229376K, used 94726K [0x0000000080000000, 0x0000000100000000)
  region size 1024K, 78 young (79872K), 2 survivors (2048K)
 Metaspace       used 35076K, capacity 35830K, committed 35840K, reserved 1081344K
  class space    used 4544K, capacity 4864K, committed 4864K, reserved 1048576K
}
Event: 11.320 GC heap after
{Heap after GC invocations=5 (full 0):
 garbage-first heap   total 229376K, used 21926K [0x0000000080000000, 0x0000000100000000)
  region size 1024K, 6 young (6144K), 6 survivors (6144K)
 Metaspace       used 35076K, capacity 35830K, committed 35840K, reserved 1081344K
  class space    used 4544K, capacity 4864K, committed 4864K, reserved 1048576K
}
Event: 17.490 GC heap before
{Heap before GC invocations=6 (full 0):
 garbage-first heap   total 229376K, used 136614K [0x0000000080000000, 0x0000000100000000)
  region size 1024K, 115 young (117760K), 6 survivors (6144K)
 Metaspace       used 44112K, capacity 45226K, committed 45312K, reserved 1089536K
  class space    used 5660K, capacity 6067K, committed 6144K, reserved 1048576K
}
Event: 17.508 GC heap after
{Heap after GC invocations=7 (full 0):
 garbage-first heap   total 229376K, used 28317K [0x0000000080000000, 0x0000000100000000)
  region size 1024K, 12 young (12288K), 12 survivors (12288K)
 Metaspace       used 44112K, capacity 45226K, committed 45312K, reserved 1089536K
  class space    used 5660K, capacity 6067K, committed 6144K, reserved 1048576K
}
Event: 23.002 GC heap before
{Heap before GC invocations=7 (full 0):
 garbage-first heap   total 229376K, used 155293K [0x0000000080000000, 0x0000000100000000)
  region size 1024K, 132 young (135168K), 12 survivors (12288K)
 Metaspace       used 55965K, capacity 57335K, committed 57600K, reserved 1099776K
  class space    used 7073K, capacity 7562K, committed 7680K, reserved 1048576K
}
Event: 23.024 GC heap after
{Heap after GC invocations=8 (full 0):
 garbage-first heap   total 229376K, used 41781K [0x0000000080000000, 0x0000000100000000)
  region size 1024K, 16 young (16384K), 16 survivors (16384K)
 Metaspace       used 55965K, capacity 57335K, committed 57600K, reserved 1099776K
  class space    used 7073K, capacity 7562K, committed 7680K, reserved 1048576K
}
Event: 23.514 GC heap before
{Heap before GC invocations=8 (full 0):
 garbage-first heap   total 229376K, used 58165K [0x0000000080000000, 0x0000000100000000)
  region size 1024K, 33 young (33792K), 16 survivors (16384K)
 Metaspace       used 58547K, capacity 60045K, committed 60160K, reserved 1101824K
  class space    used 7422K, capacity 7977K, committed 8064K, reserved 1048576K
}
Event: 23.537 GC heap after
{Heap after GC invocations=9 (full 0):
 garbage-first heap   total 229376K, used 43832K [0x0000000080000000, 0x0000000100000000)
  region size 1024K, 3 young (3072K), 3 survivors (3072K)
 Metaspace       used 58547K, capacity 60045K, committed 60160K, reserved 1101824K
  class space    used 7422K, capacity 7977K, committed 8064K, reserved 1048576K
}

Deoptimization events (20 events):
Event: 25.343 Thread 0x00000263c7b49800 Uncommon trap: trap_request=0xffffff4d fr.pc=0x00000263b69b5d6c relative=0x00000000000000cc
Event: 25.343 Thread 0x00000263c7b49800 Uncommon trap: reason=unstable_if action=reinterpret pc=0x00000263b69b5d6c method=java.lang.String.getBytes([BIB)V @ 5 c2
Event: 25.343 Thread 0x00000263c7b49800 DEOPT PACKING pc=0x00000263b69b5d6c sp=0x000000dafcef6d60
Event: 25.343 Thread 0x00000263c7b49800 DEOPT UNPACKING pc=0x00000263aeed78af sp=0x000000dafcef6d28 mode 2
Event: 25.344 Thread 0x00000263c7b49800 Uncommon trap: trap_request=0xffffff4d fr.pc=0x00000263b6d16028 relative=0x0000000000001488
Event: 25.344 Thread 0x00000263c7b49800 Uncommon trap: reason=unstable_if action=reinterpret pc=0x00000263b6d16028 method=java.util.regex.Pattern.closure(Ljava/util/regex/Pattern$Node;)Ljava/util/regex/Pattern$Node; @ 79 c2
Event: 25.344 Thread 0x00000263c7b49800 DEOPT PACKING pc=0x00000263b6d16028 sp=0x000000dafcef68e0
Event: 25.344 Thread 0x00000263c7b49800 DEOPT UNPACKING pc=0x00000263aeed78af sp=0x000000dafcef6880 mode 2
Event: 25.574 Thread 0x00000263c7b49800 Uncommon trap: trap_request=0xffffff4d fr.pc=0x00000263b6b10ef8 relative=0x0000000000000338
Event: 25.574 Thread 0x00000263c7b49800 Uncommon trap: reason=unstable_if action=reinterpret pc=0x00000263b6b10ef8 method=java.util.StringJoiner.add(Ljava/lang/CharSequence;)Ljava/util/StringJoiner; @ 33 c2
Event: 25.575 Thread 0x00000263c7b49800 DEOPT PACKING pc=0x00000263b6b10ef8 sp=0x000000dafcef60b0
Event: 25.575 Thread 0x00000263c7b49800 DEOPT UNPACKING pc=0x00000263aeed78af sp=0x000000dafcef6060 mode 2
Event: 25.760 Thread 0x00000263c7b49800 Uncommon trap: trap_request=0xfffffff4 fr.pc=0x00000263b6d2ad58 relative=0x00000000000009b8
Event: 25.760 Thread 0x00000263c7b49800 Uncommon trap: reason=null_check action=make_not_entrant pc=0x00000263b6d2ad58 method=com.sun.beans.introspect.MethodInfo$MethodOrder.compare(Ljava/lang/reflect/Method;Ljava/lang/reflect/Method;)I @ 133 c2
Event: 25.760 Thread 0x00000263c7b49800 DEOPT PACKING pc=0x00000263b6d2ad58 sp=0x000000dafcef4210
Event: 25.760 Thread 0x00000263c7b49800 DEOPT UNPACKING pc=0x00000263aeed78af sp=0x000000dafcef4140 mode 2
Event: 25.799 Thread 0x00000263c7b49800 Uncommon trap: trap_request=0xfffffff4 fr.pc=0x00000263b6d38eac relative=0x0000000000000aec
Event: 25.799 Thread 0x00000263c7b49800 Uncommon trap: reason=null_check action=make_not_entrant pc=0x00000263b6d38eac method=com.sun.beans.introspect.MethodInfo$MethodOrder.compare(Ljava/lang/reflect/Method;Ljava/lang/reflect/Method;)I @ 145 c2
Event: 25.799 Thread 0x00000263c7b49800 DEOPT PACKING pc=0x00000263b6d38eac sp=0x000000dafcef48b0
Event: 25.799 Thread 0x00000263c7b49800 DEOPT UNPACKING pc=0x00000263aeed78af sp=0x000000dafcef47e0 mode 2

Classes redefined (0 events):
No events

Internal exceptions (20 events):
Event: 25.920 Thread 0x00000263c7b49800 Exception <a 'java/lang/ClassNotFoundException'{0x0000000089cde428}: org/gradle/api/internal/DefaultNamedDomainObjectSetCustomizer> (0x0000000089cde428) thrown at [./src/hotspot/share/classfile/systemDictionary.cpp, line 231]
Event: 25.926 Thread 0x00000263c7b49800 Exception <a 'java/lang/ClassNotFoundException'{0x0000000089b27680}: org/gradle/api/internal/AbstractNamedDomainObjectContainerCustomizer> (0x0000000089b27680) thrown at [./src/hotspot/share/classfile/systemDictionary.cpp, line 231]
Event: 25.934 Thread 0x00000263c7b49800 Exception <a 'java/lang/ClassNotFoundException'{0x0000000089b6ed58}: org/gradle/api/internal/FactoryNamedDomainObjectContainerCustomizer> (0x0000000089b6ed58) thrown at [./src/hotspot/share/classfile/systemDictionary.cpp, line 231]
Event: 25.938 Thread 0x00000263c7b49800 Exception <a 'java/lang/ClassNotFoundException'{0x0000000089baef78}: org/gradle/api/internal/FactoryNamedDomainObjectContainer_DecoratedCustomizer> (0x0000000089baef78) thrown at [./src/hotspot/share/classfile/systemDictionary.cpp, line 231]
Event: 26.008 Thread 0x00000263c7b49800 Exception <a 'java/lang/ClassNotFoundException'{0x00000000899c7e18}: com/android/build/gradle/internal/dsl/BuildType_DecoratedBeanInfo> (0x00000000899c7e18) thrown at [./src/hotspot/share/classfile/systemDictionary.cpp, line 231]
Event: 26.010 Thread 0x00000263c7b49800 Exception <a 'java/lang/ClassNotFoundException'{0x00000000899e0500}: com/android/build/gradle/internal/dsl/BuildTypeBeanInfo> (0x00000000899e0500) thrown at [./src/hotspot/share/classfile/systemDictionary.cpp, line 231]
Event: 26.012 Thread 0x00000263c7b49800 Exception <a 'java/lang/ClassNotFoundException'{0x00000000899f8060}: com/android/builder/core/AbstractBuildTypeBeanInfo> (0x00000000899f8060) thrown at [./src/hotspot/share/classfile/systemDictionary.cpp, line 231]
Event: 26.018 Thread 0x00000263c7b49800 Exception <a 'java/lang/ClassNotFoundException'{0x0000000089810808}: com/android/builder/core/AbstractBuildTypeCustomizer> (0x0000000089810808) thrown at [./src/hotspot/share/classfile/systemDictionary.cpp, line 231]
Event: 26.022 Thread 0x00000263c7b49800 Exception <a 'java/lang/ClassNotFoundException'{0x0000000089845440}: com/android/build/gradle/internal/dsl/BuildTypeCustomizer> (0x0000000089845440) thrown at [./src/hotspot/share/classfile/systemDictionary.cpp, line 231]
Event: 26.035 Thread 0x00000263c7b49800 Exception <a 'java/lang/ClassNotFoundException'{0x00000000898d1950}: com/android/build/gradle/internal/dsl/BuildType_DecoratedCustomizer> (0x00000000898d1950) thrown at [./src/hotspot/share/classfile/systemDictionary.cpp, line 231]
Event: 26.050 Thread 0x00000263c7b49800 Exception <a 'java/lang/ClassNotFoundException'{0x0000000089793cc0}: build_8jk79l0rmgb8nlaks1be7dv$_run_closure1$_closure4BeanInfo> (0x0000000089793cc0) thrown at [./src/hotspot/share/classfile/systemDictionary.cpp, line 231]
Event: 26.052 Thread 0x00000263c7b49800 Exception <a 'java/lang/ClassNotFoundException'{0x00000000897a43f8}: build_8jk79l0rmgb8nlaks1be7dv$_run_closure1$_closure4Customizer> (0x00000000897a43f8) thrown at [./src/hotspot/share/classfile/systemDictionary.cpp, line 231]
Event: 26.058 Thread 0x00000263c7b49800 Exception <a 'java/lang/ClassNotFoundException'{0x00000000897cd168}: build_8jk79l0rmgb8nlaks1be7dv$_run_closure1BeanInfo> (0x00000000897cd168) thrown at [./src/hotspot/share/classfile/systemDictionary.cpp, line 231]
Event: 26.059 Thread 0x00000263c7b49800 Exception <a 'java/lang/ClassNotFoundException'{0x00000000897dce58}: build_8jk79l0rmgb8nlaks1be7dv$_run_closure1Customizer> (0x00000000897dce58) thrown at [./src/hotspot/share/classfile/systemDictionary.cpp, line 231]
Event: 26.083 Thread 0x00000263c7b49800 Exception <a 'java/lang/ClassNotFoundException'{0x000000008963acd0}: org/gradle/api/JavaVersionBeanInfo> (0x000000008963acd0) thrown at [./src/hotspot/share/classfile/systemDictionary.cpp, line 231]
Event: 26.090 Thread 0x00000263c7b49800 Exception <a 'java/lang/ClassNotFoundException'{0x0000000089664f78}: org/gradle/api/JavaVersionCustomizer> (0x0000000089664f78) thrown at [./src/hotspot/share/classfile/systemDictionary.cpp, line 231]
Event: 26.120 Thread 0x00000263c7b49800 Exception <a 'java/lang/ClassNotFoundException'{0x00000000896b9e18}: com/android/build/gradle/internal/CompileOptions_DecoratedBeanInfo> (0x00000000896b9e18) thrown at [./src/hotspot/share/classfile/systemDictionary.cpp, line 231]
Event: 26.122 Thread 0x00000263c7b49800 Exception <a 'java/lang/ClassNotFoundException'{0x00000000896d1270}: com/android/build/gradle/internal/CompileOptionsBeanInfo> (0x00000000896d1270) thrown at [./src/hotspot/share/classfile/systemDictionary.cpp, line 231]
Event: 26.123 Thread 0x00000263c7b49800 Exception <a 'java/lang/ClassNotFoundException'{0x00000000896e8e58}: com/android/build/gradle/internal/CompileOptionsCustomizer> (0x00000000896e8e58) thrown at [./src/hotspot/share/classfile/systemDictionary.cpp, line 231]
Event: 26.127 Thread 0x00000263c7b49800 Exception <a 'java/lang/ClassNotFoundException'{0x000000008950d8f0}: com/android/build/gradle/internal/CompileOptions_DecoratedCustomizer> (0x000000008950d8f0) thrown at [./src/hotspot/share/classfile/systemDictionary.cpp, line 231]

Events (20 events):
Event: 26.740 loading class com/android/build/gradle/internal/core/VariantDslInfoImpl$functionalTest$2
Event: 26.740 loading class com/android/build/gradle/internal/core/VariantDslInfoImpl$functionalTest$2 done
Event: 26.740 loading class com/android/build/gradle/internal/core/VariantDslInfoImpl$testLabel$1
Event: 26.740 loading class com/android/build/gradle/internal/core/VariantDslInfoImpl$testLabel$1 done
Event: 26.741 loading class com/android/build/api/component/impl/AndroidTestImpl$buildConfigFields$2
Event: 26.741 loading class com/android/build/api/component/impl/AndroidTestImpl$buildConfigFields$2 done
Event: 26.742 loading class com/android/build/api/component/impl/AndroidTestImpl$signingConfig$2
Event: 26.742 loading class com/android/build/api/component/impl/AndroidTestImpl$signingConfig$2 done
Event: 26.742 loading class com/android/build/api/component/impl/AndroidTestImpl$renderscript$2
Event: 26.742 loading class com/android/build/api/component/impl/AndroidTestImpl$renderscript$2 done
Event: 26.743 loading class com/android/build/api/component/impl/AndroidTestImpl$proguardFiles$2
Event: 26.743 loading class com/android/build/api/component/impl/AndroidTestImpl$proguardFiles$2 done
Event: 26.743 loading class com/android/build/api/component/impl/AndroidTestImpl$resValues$2
Event: 26.743 loading class com/android/build/api/component/impl/AndroidTestImpl$resValues$2 done
Event: 26.744 loading class com/android/build/api/variant/impl/VariantApiExtensionsKt
Event: 26.744 loading class com/android/build/api/variant/impl/VariantApiExtensionsKt done
Event: 26.749 loading class com/android/build/api/component/impl/UnitTestImpl
Event: 26.749 loading class com/android/build/api/component/impl/UnitTestImpl done
Event: 26.750 loading class com/android/build/gradle/internal/component/UnitTestCreationConfig
Event: 26.750 loading class com/android/build/gradle/internal/component/UnitTestCreationConfig done


Dynamic libraries:
0x00007ff69e510000 - 0x00007ff69e51a000 	C:\Program Files\Android\Android Studio\jre\bin\java.exe
0x00007ffdebf30000 - 0x00007ffdec125000 	C:\windows\SYSTEM32\ntdll.dll
0x00007ffdeb130000 - 0x00007ffdeb1ee000 	C:\windows\System32\KERNEL32.DLL
0x00007ffde9750000 - 0x00007ffde9a19000 	C:\windows\System32\KERNELBASE.dll
0x00007ffde9650000 - 0x00007ffde9750000 	C:\windows\System32\ucrtbase.dll
0x00007ffdde420000 - 0x00007ffdde439000 	C:\Program Files\Android\Android Studio\jre\bin\jli.dll
0x00007ffde4570000 - 0x00007ffde4587000 	C:\Program Files\Android\Android Studio\jre\bin\VCRUNTIME140.dll
0x00007ffdeb620000 - 0x00007ffdeb7c1000 	C:\windows\System32\USER32.dll
0x00007ffde9df0000 - 0x00007ffde9e12000 	C:\windows\System32\win32u.dll
0x00007ffddf520000 - 0x00007ffddf7ba000 	C:\windows\WinSxS\amd64_microsoft.windows.common-controls_6595b64144ccf1df_6.0.19041.1110_none_60b5254171f9507e\COMCTL32.dll
0x00007ffdea980000 - 0x00007ffdea9ab000 	C:\windows\System32\GDI32.dll
0x00007ffdead10000 - 0x00007ffdeadae000 	C:\windows\System32\msvcrt.dll
0x00007ffde9e20000 - 0x00007ffde9f2b000 	C:\windows\System32\gdi32full.dll
0x00007ffde9a20000 - 0x00007ffde9abd000 	C:\windows\System32\msvcp_win.dll
0x00007ffdeaee0000 - 0x00007ffdeaf10000 	C:\windows\System32\IMM32.DLL
0x00007ffdc67b0000 - 0x00007ffdc684d000 	C:\Program Files\Android\Android Studio\jre\bin\msvcp140.dll
0x00007ffd95030000 - 0x00007ffd95aff000 	C:\Program Files\Android\Android Studio\jre\bin\server\jvm.dll
0x00007ffdeb1f0000 - 0x00007ffdeb29c000 	C:\windows\System32\ADVAPI32.dll
0x00007ffdeb560000 - 0x00007ffdeb5fb000 	C:\windows\System32\sechost.dll
0x00007ffdea0a0000 - 0x00007ffdea1ca000 	C:\windows\System32\RPCRT4.dll
0x00007ffdeb880000 - 0x00007ffdeb888000 	C:\windows\System32\PSAPI.DLL
0x00007ffddeef0000 - 0x00007ffddef17000 	C:\windows\SYSTEM32\WINMM.dll
0x00007ffde4c40000 - 0x00007ffde4c4a000 	C:\windows\SYSTEM32\VERSION.dll
0x00007ffdd02a0000 - 0x00007ffdd02a9000 	C:\windows\SYSTEM32\WSOCK32.dll
0x00007ffdea1d0000 - 0x00007ffdea23b000 	C:\windows\System32\ws2_32.DLL
0x00007ffde7ed0000 - 0x00007ffde7ee2000 	C:\windows\SYSTEM32\kernel.appcore.dll
0x00007ffde61e0000 - 0x00007ffde61f1000 	C:\Program Files\Android\Android Studio\jre\bin\verify.dll
0x00007ffde7cb0000 - 0x00007ffde7e94000 	C:\windows\SYSTEM32\DBGHELP.DLL
0x00007ffdd9470000 - 0x00007ffdd949c000 	C:\windows\SYSTEM32\dbgcore.DLL
0x00007ffde9cb0000 - 0x00007ffde9d33000 	C:\windows\System32\bcryptPrimitives.dll
0x00007ffddf9b0000 - 0x00007ffddf9d9000 	C:\Program Files\Android\Android Studio\jre\bin\java.dll
0x00007ffde66c0000 - 0x00007ffde66cb000 	C:\Program Files\Android\Android Studio\jre\bin\jimage.dll
0x00007ffddf870000 - 0x00007ffddf888000 	C:\Program Files\Android\Android Studio\jre\bin\zip.dll
0x00007ffdea240000 - 0x00007ffdea97f000 	C:\windows\System32\SHELL32.dll
0x00007ffde7420000 - 0x00007ffde7bb0000 	C:\windows\SYSTEM32\windows.storage.dll
0x00007ffdea9b0000 - 0x00007ffdead05000 	C:\windows\System32\combase.dll
0x00007ffde8fd0000 - 0x00007ffde8ffc000 	C:\windows\SYSTEM32\Wldp.dll
0x00007ffdeb7d0000 - 0x00007ffdeb87d000 	C:\windows\System32\SHCORE.dll
0x00007ffdea040000 - 0x00007ffdea095000 	C:\windows\System32\shlwapi.dll
0x00007ffde9590000 - 0x00007ffde95af000 	C:\windows\SYSTEM32\profapi.dll
0x00007ffddf400000 - 0x00007ffddf41a000 	C:\Program Files\Android\Android Studio\jre\bin\net.dll
0x00007ffde07e0000 - 0x00007ffde08e8000 	C:\windows\SYSTEM32\WINHTTP.dll
0x00007ffde8d30000 - 0x00007ffde8d9a000 	C:\windows\system32\mswsock.dll
0x00007ffddeca0000 - 0x00007ffddecb4000 	C:\Program Files\Android\Android Studio\jre\bin\nio.dll
0x00007ffdd8d60000 - 0x00007ffdd8d87000 	C:\Users\Smok\.gradle\native\8bec1ad78214c89d9ad589b4d07fe93259594b29d510b10fafb7a158f7737e5d\windows-amd64\native-platform.dll
0x00007ffdb1b70000 - 0x00007ffdb1cad000 	C:\Users\Smok\.gradle\native\53dbd7edfb1c66fb8903c78663c9afc45aea4f116125fa6feffd364cf09443e8\windows-amd64\native-platform-file-events.dll
0x00007ffde61d0000 - 0x00007ffde61da000 	C:\Program Files\Android\Android Studio\jre\bin\management.dll
0x00007ffde57d0000 - 0x00007ffde57dc000 	C:\Program Files\Android\Android Studio\jre\bin\management_ext.dll
0x00007ffde8f20000 - 0x00007ffde8f38000 	C:\windows\SYSTEM32\CRYPTSP.dll
0x00007ffde86b0000 - 0x00007ffde86e4000 	C:\windows\system32\rsaenh.dll
0x00007ffde9c80000 - 0x00007ffde9ca7000 	C:\windows\System32\bcrypt.dll
0x00007ffde9550000 - 0x00007ffde957e000 	C:\windows\SYSTEM32\USERENV.dll
0x00007ffde8f40000 - 0x00007ffde8f4c000 	C:\windows\SYSTEM32\CRYPTBASE.dll
0x00007ffde8a20000 - 0x00007ffde8a5b000 	C:\windows\SYSTEM32\IPHLPAPI.DLL
0x00007ffdeb610000 - 0x00007ffdeb618000 	C:\windows\System32\NSI.dll
0x00007ffde7bd0000 - 0x00007ffde7be7000 	C:\windows\SYSTEM32\dhcpcsvc6.DLL
0x00007ffde7bb0000 - 0x00007ffde7bcd000 	C:\windows\SYSTEM32\dhcpcsvc.DLL
0x00007ffde8a60000 - 0x00007ffde8b2c000 	C:\windows\SYSTEM32\DNSAPI.dll

dbghelp: loaded successfully - version: 4.0.5 - missing functions: none
symbol engine: initialized successfully - sym options: 0x614 - pdb path: .;C:\Program Files\Android\Android Studio\jre\bin;C:\windows\SYSTEM32;C:\windows\WinSxS\amd64_microsoft.windows.common-controls_6595b64144ccf1df_6.0.19041.1110_none_60b5254171f9507e;C:\Program Files\Android\Android Studio\jre\bin\server;C:\Users\Smok\.gradle\native\8bec1ad78214c89d9ad589b4d07fe93259594b29d510b10fafb7a158f7737e5d\windows-amd64;C:\Users\Smok\.gradle\native\53dbd7edfb1c66fb8903c78663c9afc45aea4f116125fa6feffd364cf09443e8\windows-amd64

VM Arguments:
jvm_args: --add-opens=java.base/java.util=ALL-UNNAMED --add-opens=java.base/java.lang=ALL-UNNAMED --add-opens=java.base/java.lang.invoke=ALL-UNNAMED --add-opens=java.base/java.util=ALL-UNNAMED --add-opens=java.prefs/java.util.prefs=ALL-UNNAMED --add-opens=java.prefs/java.util.prefs=ALL-UNNAMED --add-opens=java.base/java.nio.charset=ALL-UNNAMED --add-opens=java.base/java.net=ALL-UNNAMED --add-opens=java.base/java.util.concurrent.atomic=ALL-UNNAMED -Xmx2048m -Dfile.encoding=UTF-8 -Duser.country=PL -Duser.language=pl -Duser.variant 
java_command: org.gradle.launcher.daemon.bootstrap.GradleDaemon 7.0.2
java_class_path (initial): C:\Users\Smok\.gradle\wrapper\dists\gradle-7.0.2-bin\857tjihv64xamwrf0h14cai3r\gradle-7.0.2\lib\gradle-launcher-7.0.2.jar
Launcher Type: SUN_STANDARD

[Global flags]
     intx CICompilerCount                          = 4                                         {product} {ergonomic}
     uint ConcGCThreads                            = 2                                         {product} {ergonomic}
     uint G1ConcRefinementThreads                  = 8                                         {product} {ergonomic}
   size_t G1HeapRegionSize                         = 1048576                                   {product} {ergonomic}
    uintx GCDrainStackTargetSize                   = 64                                        {product} {ergonomic}
   size_t InitialHeapSize                          = 234881024                                 {product} {ergonomic}
   size_t MarkStackSize                            = 4194304                                   {product} {ergonomic}
   size_t MaxHeapSize                              = 2147483648                                {product} {command line}
   size_t MaxNewSize                               = 1287651328                                {product} {ergonomic}
   size_t MinHeapDeltaBytes                        = 1048576                                   {product} {ergonomic}
    uintx NonNMethodCodeHeapSize                   = 5836300                                {pd product} {ergonomic}
    uintx NonProfiledCodeHeapSize                  = 122910970                              {pd product} {ergonomic}
    uintx ProfiledCodeHeapSize                     = 122910970                              {pd product} {ergonomic}
    uintx ReservedCodeCacheSize                    = 251658240                              {pd product} {ergonomic}
     bool SegmentedCodeCache                       = true                                      {product} {ergonomic}
     bool UseCompressedClassPointers               = true                                 {lp64_product} {ergonomic}
     bool UseCompressedOops                        = true                                 {lp64_product} {ergonomic}
     bool UseG1GC                                  = true                                      {product} {ergonomic}
     bool UseLargePagesIndividualAllocation        = false                                  {pd product} {ergonomic}

Logging:
Log output configuration:
 #0: stdout all=warning uptime,level,tags
 #1: stderr all=off uptime,level,tags

Environment Variables:
PATH=C:\db_home\bin;C:\Program Files (x86)\Common Files\Oracle\Java\javapath;C:\Program Files (x86)\PC Connectivity Solution\;C:\windows\system32;C:\windows;C:\windows\System32\Wbem;C:\windows\System32\WindowsPowerShell\v1.0\;C:\windows\System32\OpenSSH\;C:\Program Files\Git\cmd;C:\Program Files\MATLAB\R2021a\bin;C:\adb;C:\Users\Smok\AppData\Local\Microsoft\WindowsApps;C:\Program Files (x86)\Nmap;C:\Program Files\JetBrains\IntelliJ IDEA Community Edition 2021.1.1\bin;;C:\adb;;C:\Users\Smok\AppData\Local\Programs\Microsoft VS Code\bin
USERNAME=Smok
OS=Windows_NT
PROCESSOR_IDENTIFIER=AMD64 Family 23 Model 24 Stepping 1, AuthenticAMD



---------------  S Y S T E M  ---------------

OS: Windows 10 , 64 bit Build 19041 (10.0.19041.1202)
OS uptime: 17 days 13:09 hours

CPU:total 8 (initial active 8) (8 cores per cpu, 2 threads per core) family 23 model 24 stepping 1 microcode 0x0, cmov, cx8, fxsr, mmx, sse, sse2, sse3, ssse3, sse4.1, sse4.2, popcnt, avx, avx2, aes, clmul, mmxext, 3dnowpref, lzcnt, sse4a, ht, tsc, tscinvbit, tscinv, bmi1, bmi2, adx, s

Memory: 4k page, system-wide physical 14249M (5082M free)
TotalPageFile size 16926M (AvailPageFile size 5M)
current process WorkingSet (physical memory assigned to process): 410M, peak: 412M
current process commit charge ("private bytes"): 484M, peak: 485M

vm_info: OpenJDK 64-Bit Server VM (11.0.10+0-b96-7249189) for windows-amd64 JRE (11.0.10+0-b96-7249189), built on Mar 31 2021 21:44:00 by "builder" with MS VC++ 14.0 (VS2015)

END.
