#
# There is insufficient memory for the Java Runtime Environment to continue.
# Native memory allocation (malloc) failed to allocate 1615536 bytes for Chunk::new
# Possible reasons:
#   The system is out of physical RAM or swap space
#   The process is running with CompressedOops enabled, and the Java Heap may be blocking the growth of the native heap
# Possible solutions:
#   Reduce memory load on the system
#   Increase physical memory or swap space
#   Check if swap backing store is full
#   Decrease Java heap size (-Xmx/-Xms)
#   Decrease number of Java threads
#   Decrease Java thread stack sizes (-Xss)
#   Set larger code cache with -XX:ReservedCodeCacheSize=
#   JVM is running with Unscaled Compressed Oops mode in which the Java heap is
#     placed in the first 4GB address space. The Java Heap base address is the
#     maximum limit for the native heap growth. Please use -XX:HeapBaseMinAddress
#     to set the Java Heap base and to place the Java Heap above 4GB virtual address.
# This output file may be truncated or incomplete.
#
#  Out of Memory Error (./src/hotspot/share/memory/arena.cpp:197), pid=6684, tid=23484
#
# JRE version: OpenJDK Runtime Environment (11.0.10) (build 11.0.10+0-b96-7249189)
# Java VM: OpenJDK 64-Bit Server VM (11.0.10+0-b96-7249189, mixed mode, tiered, compressed oops, g1 gc, windows-amd64)
# No core dump will be written. Minidumps are not enabled by default on client versions of Windows
#

---------------  S U M M A R Y ------------

Command Line: --add-opens=java.base/java.util=ALL-UNNAMED --add-opens=java.base/java.lang=ALL-UNNAMED --add-opens=java.base/java.lang.invoke=ALL-UNNAMED --add-opens=java.base/java.util=ALL-UNNAMED --add-opens=java.prefs/java.util.prefs=ALL-UNNAMED --add-opens=java.prefs/java.util.prefs=ALL-UNNAMED --add-opens=java.base/java.nio.charset=ALL-UNNAMED --add-opens=java.base/java.net=ALL-UNNAMED --add-opens=java.base/java.util.concurrent.atomic=ALL-UNNAMED -Xmx2048m -Dfile.encoding=UTF-8 -Duser.country=PL -Duser.language=pl -Duser.variant org.gradle.launcher.daemon.bootstrap.GradleDaemon 7.0.2

Host: AMD Ryzen 5 3500U with Radeon Vega Mobile Gfx  , 8 cores, 13G,  Windows 10 , 64 bit Build 19041 (10.0.19041.1202)
Time: Mon Nov  1 12:53:53 2021 Œrodkowoeuropejski czas stand. elapsed time: 32.527842 seconds (0d 0h 0m 32s)

---------------  T H R E A D  ---------------

Current thread (0x00000252487a4800):  JavaThread "C2 CompilerThread2" daemon [_thread_in_native, id=23484, stack(0x0000008f0de00000,0x0000008f0df00000)]


Current CompileTask:
C2:  32528 19442       4       com.android.tools.r8.ir.regalloc.a::a (1373 bytes)

Stack: [0x0000008f0de00000,0x0000008f0df00000]
Native frames: (J=compiled Java code, j=interpreted, Vv=VM code, C=native code)
V  [jvm.dll+0x5ecfaa]
V  [jvm.dll+0x722bd5]
V  [jvm.dll+0x72412d]
V  [jvm.dll+0x7247e3]
V  [jvm.dll+0x242928]
V  [jvm.dll+0xbc4fc]
V  [jvm.dll+0xbca0c]
V  [jvm.dll+0x352d3b]
V  [jvm.dll+0x320ad3]
V  [jvm.dll+0x31ffca]
V  [jvm.dll+0x1fb602]
V  [jvm.dll+0x1fa7f4]
V  [jvm.dll+0x18354c]
V  [jvm.dll+0x208ee7]
V  [jvm.dll+0x207731]
V  [jvm.dll+0x6eb1cf]
V  [jvm.dll+0x6e3d45]
V  [jvm.dll+0x5ebe96]
C  [ucrtbase.dll+0x21bb2]
C  [KERNEL32.DLL+0x17034]
C  [ntdll.dll+0x52651]


---------------  P R O C E S S  ---------------

Threads class SMR info:
_java_thread_list=0x000002524b4557c0, length=80, elements={
0x000002522d14c000, 0x000002524760b000, 0x000002524760c000, 0x0000025247e4a800,
0x0000025247e4c800, 0x0000025247e4d800, 0x0000025247e9b800, 0x0000025247e9f800,
0x0000025247eb1000, 0x0000025247ffe000, 0x000002524995f800, 0x000002524a7f4800,
0x000002524a14b800, 0x0000025248397800, 0x00000252496c8800, 0x000002524a21c000,
0x000002524a21d000, 0x000002524a21e000, 0x000002524a219800, 0x000002524a21a800,
0x000002524abde800, 0x000002524abe3000, 0x000002524abdf000, 0x000002524abe1000,
0x000002524abe9000, 0x000002524abe8000, 0x000002524b83e000, 0x000002524b83c800,
0x000002524b83f800, 0x000002524b83b800, 0x000002524b842000, 0x0000025250c85000,
0x0000025255acc000, 0x0000025255acd800, 0x0000025255ace000, 0x0000025255ad0800,
0x0000025255ad2800, 0x0000025255acc800, 0x0000025255ad3000, 0x0000025255acf000,
0x000002524a389800, 0x0000025255ad0000, 0x0000025255ad5000, 0x0000025255ad5800,
0x0000025255ad9800, 0x0000025255ad4000, 0x0000025255ad9000, 0x0000025255ada800,
0x0000025255ad6800, 0x0000025255ad7000, 0x00000252487a4800, 0x0000025255ad8000,
0x000002524b841800, 0x000002524b843000, 0x000002524b83d000, 0x000002524b844800,
0x000002524b844000, 0x000002524b83f000, 0x000002524b848800, 0x000002524b847000,
0x000002524b849800, 0x000002524b846000, 0x000002524b845800, 0x000002524b848000,
0x000002524b84a800, 0x000002524abdd800, 0x000002524abe5800, 0x000002524abe4000,
0x000002524abe5000, 0x000002524abe0000, 0x000002524abec000, 0x000002524abe6800,
0x000002524abe7800, 0x000002524abea000, 0x000002524abea800, 0x0000025250c83800,
0x0000025250c80800, 0x0000025250c82000, 0x0000025250c86000, 0x0000025250c87000
}

Java Threads: ( => current thread )
  0x000002522d14c000 JavaThread "main" [_thread_blocked, id=17324, stack(0x0000008f0aa00000,0x0000008f0ab00000)]
  0x000002524760b000 JavaThread "Reference Handler" daemon [_thread_blocked, id=22712, stack(0x0000008f0b100000,0x0000008f0b200000)]
  0x000002524760c000 JavaThread "Finalizer" daemon [_thread_blocked, id=15448, stack(0x0000008f0b200000,0x0000008f0b300000)]
  0x0000025247e4a800 JavaThread "Signal Dispatcher" daemon [_thread_blocked, id=19956, stack(0x0000008f0b300000,0x0000008f0b400000)]
  0x0000025247e4c800 JavaThread "Attach Listener" daemon [_thread_blocked, id=17484, stack(0x0000008f0b400000,0x0000008f0b500000)]
  0x0000025247e4d800 JavaThread "Service Thread" daemon [_thread_blocked, id=6884, stack(0x0000008f0b500000,0x0000008f0b600000)]
  0x0000025247e9b800 JavaThread "C2 CompilerThread0" daemon [_thread_in_native, id=7644, stack(0x0000008f0b600000,0x0000008f0b700000)]
  0x0000025247e9f800 JavaThread "C1 CompilerThread0" daemon [_thread_blocked, id=14744, stack(0x0000008f0b700000,0x0000008f0b800000)]
  0x0000025247eb1000 JavaThread "Sweeper thread" daemon [_thread_blocked, id=17392, stack(0x0000008f0b800000,0x0000008f0b900000)]
  0x0000025247ffe000 JavaThread "Common-Cleaner" daemon [_thread_blocked, id=20716, stack(0x0000008f0b900000,0x0000008f0ba00000)]
  0x000002524995f800 JavaThread "Daemon health stats" [_thread_blocked, id=13648, stack(0x0000008f0c100000,0x0000008f0c200000)]
  0x000002524a7f4800 JavaThread "Incoming local TCP Connector on port 6707" [_thread_in_native, id=17704, stack(0x0000008f0bb00000,0x0000008f0bc00000)]
  0x000002524a14b800 JavaThread "Daemon periodic checks" [_thread_blocked, id=13132, stack(0x0000008f0bc00000,0x0000008f0bd00000)]
  0x0000025248397800 JavaThread "Daemon" [_thread_blocked, id=9100, stack(0x0000008f0c200000,0x0000008f0c300000)]
  0x00000252496c8800 JavaThread "Daemon worker" [_thread_blocked, id=9928, stack(0x0000008f0c500000,0x0000008f0c600000)]
  0x000002524a21c000 JavaThread "Cache worker for file hash cache (C:\Users\Smok\.gradle\caches\7.0.2\fileHashes)" [_thread_blocked, id=23740, stack(0x0000008f0c900000,0x0000008f0ca00000)]
  0x000002524a21d000 JavaThread "File lock request listener" [_thread_in_native, id=23364, stack(0x0000008f0ca00000,0x0000008f0cb00000)]
  0x000002524a21e000 JavaThread "Cache worker for journal cache (C:\Users\Smok\.gradle\caches\journal-1)" [_thread_blocked, id=6912, stack(0x0000008f0cf00000,0x0000008f0d000000)]
  0x000002524a219800 JavaThread "File watcher server" daemon [_thread_in_native, id=19020, stack(0x0000008f0d200000,0x0000008f0d300000)]
  0x000002524a21a800 JavaThread "File watcher consumer" daemon [_thread_blocked, id=16136, stack(0x0000008f0d300000,0x0000008f0d400000)]
  0x000002524abde800 JavaThread "Cache worker for execution history cache (C:\Users\Smok\.gradle\caches\7.0.2\executionHistory)" [_thread_blocked, id=21064, stack(0x0000008f0d800000,0x0000008f0d900000)]
  0x000002524abe3000 JavaThread "jar transforms" [_thread_blocked, id=11328, stack(0x0000008f0d900000,0x0000008f0da00000)]
  0x000002524abdf000 JavaThread "jar transforms Thread 2" [_thread_blocked, id=13812, stack(0x0000008f0da00000,0x0000008f0db00000)]
  0x000002524abe1000 JavaThread "Cache worker for file content cache (C:\Users\Smok\.gradle\caches\7.0.2\fileContent)" [_thread_blocked, id=2564, stack(0x0000008f0db00000,0x0000008f0dc00000)]
  0x000002524abe9000 JavaThread "jar transforms Thread 3" [_thread_blocked, id=23352, stack(0x0000008f0dd00000,0x0000008f0de00000)]
  0x000002524abe8000 JavaThread "jar transforms Thread 4" [_thread_blocked, id=22800, stack(0x0000008f0e700000,0x0000008f0e800000)]
  0x000002524b83e000 JavaThread "jar transforms Thread 5" [_thread_blocked, id=12556, stack(0x0000008f0e800000,0x0000008f0e900000)]
  0x000002524b83c800 JavaThread "jar transforms Thread 6" [_thread_blocked, id=13864, stack(0x0000008f0e900000,0x0000008f0ea00000)]
  0x000002524b83f800 JavaThread "jar transforms Thread 7" [_thread_blocked, id=2744, stack(0x0000008f0ea00000,0x0000008f0eb00000)]
  0x000002524b83b800 JavaThread "jar transforms Thread 8" [_thread_blocked, id=20704, stack(0x0000008f0eb00000,0x0000008f0ec00000)]
  0x000002524b842000 JavaThread "Memory manager" [_thread_blocked, id=13580, stack(0x0000008f0ec00000,0x0000008f0ed00000)]
  0x0000025250c85000 JavaThread "Cache worker for Java compile cache (C:\Users\Smok\.gradle\caches\7.0.2\javaCompile)" [_thread_blocked, id=2044, stack(0x0000008f0f800000,0x0000008f0f900000)]
  0x0000025255acc000 JavaThread "ForkJoinPool.commonPool-worker-3" daemon [_thread_blocked, id=11488, stack(0x0000008f0fc00000,0x0000008f0fd00000)]
  0x0000025255acd800 JavaThread "ForkJoinPool.commonPool-worker-5" daemon [_thread_blocked, id=15564, stack(0x0000008f10400000,0x0000008f10500000)]
  0x0000025255ace000 JavaThread "ForkJoinPool.commonPool-worker-7" daemon [_thread_blocked, id=8512, stack(0x0000008f10500000,0x0000008f10600000)]
  0x0000025255ad0800 JavaThread "ForkJoinPool.commonPool-worker-9" daemon [_thread_blocked, id=22380, stack(0x0000008f10600000,0x0000008f10700000)]
  0x0000025255ad2800 JavaThread "ForkJoinPool.commonPool-worker-11" daemon [_thread_blocked, id=18248, stack(0x0000008f10700000,0x0000008f10800000)]
  0x0000025255acc800 JavaThread "ForkJoinPool.commonPool-worker-13" daemon [_thread_blocked, id=9352, stack(0x0000008f10800000,0x0000008f10900000)]
  0x0000025255ad3000 JavaThread "Handler for socket connection from /127.0.0.1:6707 to /127.0.0.1:6779" [_thread_in_native, id=16852, stack(0x0000008f0c300000,0x0000008f0c400000)]
  0x0000025255acf000 JavaThread "Cancel handler" [_thread_blocked, id=10444, stack(0x0000008f0c400000,0x0000008f0c500000)]
  0x000002524a389800 JavaThread "C2 CompilerThread1" daemon [_thread_in_native, id=9876, stack(0x0000008f0c600000,0x0000008f0c700000)]
  0x0000025255ad0000 JavaThread "Asynchronous log dispatcher for DefaultDaemonConnection: socket connection from /127.0.0.1:6707 to /127.0.0.1:6779" [_thread_blocked, id=19716, stack(0x0000008f0c700000,0x0000008f0c800000)]
  0x0000025255ad5000 JavaThread "Stdin handler" [_thread_blocked, id=1228, stack(0x0000008f0c800000,0x0000008f0c900000)]
  0x0000025255ad5800 JavaThread "Daemon client event forwarder" [_thread_blocked, id=10548, stack(0x0000008f0d000000,0x0000008f0d100000)]
  0x0000025255ad9800 JavaThread "Cache worker for file hash cache (C:\Users\Smok\AndroidStudioProjects\calculator\.gradle\7.0.2\fileHashes)" [_thread_blocked, id=20336, stack(0x0000008f0d100000,0x0000008f0d200000)]
  0x0000025255ad4000 JavaThread "Cache worker for checksums cache (C:\Users\Smok\AndroidStudioProjects\calculator\.gradle\checksums)" [_thread_blocked, id=5692, stack(0x0000008f0d400000,0x0000008f0d500000)]
  0x0000025255ad9000 JavaThread "Cache worker for cache directory md-supplier (C:\Users\Smok\.gradle\caches\7.0.2\md-supplier)" [_thread_blocked, id=18580, stack(0x0000008f0d500000,0x0000008f0d600000)]
  0x0000025255ada800 JavaThread "Cache worker for cache directory md-rule (C:\Users\Smok\.gradle\caches\7.0.2\md-rule)" [_thread_blocked, id=14600, stack(0x0000008f0d600000,0x0000008f0d700000)]
  0x0000025255ad6800 JavaThread "Cache worker for dependencies-accessors (C:\Users\Smok\AndroidStudioProjects\calculator\.gradle\7.0.2\dependencies-accessors)" [_thread_blocked, id=19156, stack(0x0000008f0d700000,0x0000008f0d800000)]
  0x0000025255ad7000 JavaThread "Cache worker for Build Output Cleanup Cache (C:\Users\Smok\AndroidStudioProjects\calculator\.gradle\buildOutputCleanup)" [_thread_blocked, id=6532, stack(0x0000008f0dc00000,0x0000008f0dd00000)]
=>0x00000252487a4800 JavaThread "C2 CompilerThread2" daemon [_thread_in_native, id=23484, stack(0x0000008f0de00000,0x0000008f0df00000)]
  0x0000025255ad8000 JavaThread "Build operations" [_thread_blocked, id=9944, stack(0x0000008f0df00000,0x0000008f0e000000)]
  0x000002524b841800 JavaThread "Build operations Thread 2" [_thread_blocked, id=3556, stack(0x0000008f0e000000,0x0000008f0e100000)]
  0x000002524b843000 JavaThread "Build operations Thread 3" [_thread_blocked, id=20660, stack(0x0000008f0e100000,0x0000008f0e200000)]
  0x000002524b83d000 JavaThread "Build operations Thread 4" [_thread_blocked, id=13164, stack(0x0000008f0e200000,0x0000008f0e300000)]
  0x000002524b844800 JavaThread "Build operations Thread 5" [_thread_blocked, id=7860, stack(0x0000008f0e300000,0x0000008f0e400000)]
  0x000002524b844000 JavaThread "Build operations Thread 6" [_thread_blocked, id=7512, stack(0x0000008f0e400000,0x0000008f0e500000)]
  0x000002524b83f000 JavaThread "Build operations Thread 7" [_thread_blocked, id=20320, stack(0x0000008f0e500000,0x0000008f0e600000)]
  0x000002524b848800 JavaThread "Build operations Thread 8" [_thread_blocked, id=22648, stack(0x0000008f0e600000,0x0000008f0e700000)]
  0x000002524b847000 JavaThread "build event listener" [_thread_blocked, id=23504, stack(0x0000008f0ed00000,0x0000008f0ee00000)]
  0x000002524b849800 JavaThread "Execution worker for ':'" [_thread_blocked, id=5736, stack(0x0000008f0ee00000,0x0000008f0ef00000)]
  0x000002524b846000 JavaThread "Execution worker for ':' Thread 2" [_thread_blocked, id=15844, stack(0x0000008f0ef00000,0x0000008f0f000000)]
  0x000002524b845800 JavaThread "Execution worker for ':' Thread 3" [_thread_blocked, id=19512, stack(0x0000008f0f000000,0x0000008f0f100000)]
  0x000002524b848000 JavaThread "Execution worker for ':' Thread 4" [_thread_blocked, id=23376, stack(0x0000008f0f100000,0x0000008f0f200000)]
  0x000002524b84a800 JavaThread "Execution worker for ':' Thread 5" [_thread_blocked, id=7608, stack(0x0000008f0f200000,0x0000008f0f300000)]
  0x000002524abdd800 JavaThread "Execution worker for ':' Thread 6" [_thread_blocked, id=4308, stack(0x0000008f0f300000,0x0000008f0f400000)]
  0x000002524abe5800 JavaThread "Execution worker for ':' Thread 7" [_thread_blocked, id=6740, stack(0x0000008f0f400000,0x0000008f0f500000)]
  0x000002524abe4000 JavaThread "Cache worker for execution history cache (C:\Users\Smok\AndroidStudioProjects\calculator\.gradle\7.0.2\executionHistory)" [_thread_blocked, id=2808, stack(0x0000008f0f500000,0x0000008f0f600000)]
  0x000002524abe5000 JavaThread "WorkerExecutor Queue" [_thread_in_Java, id=16680, stack(0x0000008f0f600000,0x0000008f0f700000)]
  0x000002524abe0000 JavaThread "WorkerExecutor Queue Thread 2" [_thread_blocked, id=2752, stack(0x0000008f0f700000,0x0000008f0f800000)]
  0x000002524abec000 JavaThread "WorkerExecutor Queue Thread 3" [_thread_blocked, id=11140, stack(0x0000008f0f900000,0x0000008f0fa00000)]
  0x000002524abe6800 JavaThread "WorkerExecutor Queue Thread 4" [_thread_blocked, id=5324, stack(0x0000008f0fa00000,0x0000008f0fb00000)]
  0x000002524abe7800 JavaThread "WorkerExecutor Queue Thread 5" [_thread_blocked, id=24032, stack(0x0000008f0fb00000,0x0000008f0fc00000)]
  0x000002524abea000 JavaThread "WorkerExecutor Queue Thread 6" [_thread_blocked, id=17924, stack(0x0000008f0fd00000,0x0000008f0fe00000)]
  0x000002524abea800 JavaThread "WorkerExecutor Queue Thread 7" [_thread_blocked, id=23736, stack(0x0000008f0fe00000,0x0000008f0ff00000)]
  0x0000025250c83800 JavaThread "WorkerExecutor Queue Thread 9" [_thread_blocked, id=4896, stack(0x0000008f10000000,0x0000008f10100000)]
  0x0000025250c80800 JavaThread "pool-7-thread-1" [_thread_blocked, id=24292, stack(0x0000008f10100000,0x0000008f10200000)]
  0x0000025250c82000 JavaThread "stderr" [_thread_in_native, id=1080, stack(0x0000008f10200000,0x0000008f10300000)]
  0x0000025250c86000 JavaThread "stdout" [_thread_in_native, id=7184, stack(0x0000008f10300000,0x0000008f10400000)]
  0x0000025250c87000 JavaThread "WorkerExecutor Queue Thread 10" [_thread_blocked, id=20508, stack(0x0000008f0ff00000,0x0000008f10000000)]

Other Threads:
  0x0000025247605000 VMThread "VM Thread" [stack: 0x0000008f0b000000,0x0000008f0b100000] [id=2232]
  0x000002524803b000 WatcherThread [stack: 0x0000008f0ba00000,0x0000008f0bb00000] [id=3612]
  0x000002522d164000 GCTaskThread "GC Thread#0" [stack: 0x0000008f0ab00000,0x0000008f0ac00000] [id=16484]
  0x000002524923d800 GCTaskThread "GC Thread#1" [stack: 0x0000008f0bd00000,0x0000008f0be00000] [id=6900]
  0x0000025248f3c800 GCTaskThread "GC Thread#2" [stack: 0x0000008f0be00000,0x0000008f0bf00000] [id=4208]
  0x0000025248920000 GCTaskThread "GC Thread#3" [stack: 0x0000008f0bf00000,0x0000008f0c000000] [id=8232]
  0x0000025248921000 GCTaskThread "GC Thread#4" [stack: 0x0000008f0c000000,0x0000008f0c100000] [id=23260]
  0x000002524a56d800 GCTaskThread "GC Thread#5" [stack: 0x0000008f0cb00000,0x0000008f0cc00000] [id=23544]
  0x000002524926d800 GCTaskThread "GC Thread#6" [stack: 0x0000008f0cc00000,0x0000008f0cd00000] [id=19688]
  0x000002524a8dc000 GCTaskThread "GC Thread#7" [stack: 0x0000008f0cd00000,0x0000008f0ce00000] [id=13720]
  0x000002522d197800 ConcurrentGCThread "G1 Main Marker" [stack: 0x0000008f0ac00000,0x0000008f0ad00000] [id=1972]
  0x000002522d198800 ConcurrentGCThread "G1 Conc#0" [stack: 0x0000008f0ad00000,0x0000008f0ae00000] [id=12580]
  0x000002524a76a000 ConcurrentGCThread "G1 Conc#1" [stack: 0x0000008f0ce00000,0x0000008f0cf00000] [id=12408]
  0x000002522d22d800 ConcurrentGCThread "G1 Refine#0" [stack: 0x0000008f0ae00000,0x0000008f0af00000] [id=9960]
  0x0000025251171000 ConcurrentGCThread "G1 Refine#1" [stack: 0x0000008f10b00000,0x0000008f10c00000] [id=21108]
  0x0000025250ffb000 ConcurrentGCThread "G1 Refine#2" [stack: 0x0000008f10c00000,0x0000008f10d00000] [id=10208]
  0x000002525581e800 ConcurrentGCThread "G1 Refine#3" [stack: 0x0000008f10d00000,0x0000008f10e00000] [id=10468]
  0x0000025251501800 ConcurrentGCThread "G1 Refine#4" [stack: 0x0000008f10e00000,0x0000008f10f00000] [id=17396]
  0x000002524fbeb800 ConcurrentGCThread "G1 Refine#5" [stack: 0x0000008f10f00000,0x0000008f11000000] [id=3296]
  0x0000025247474800 ConcurrentGCThread "G1 Young RemSet Sampling" [stack: 0x0000008f0af00000,0x0000008f0b000000] [id=23048]

Threads with active compile tasks:
C2 CompilerThread0  32553 19453 %     4       com.android.tools.r8.internal.Kv::a @ 55 (430 bytes)
C2 CompilerThread1  32554 19461       4       com.android.tools.r8.internal.Gs::a (307 bytes)
C2 CompilerThread2  32554 19442       4       com.android.tools.r8.ir.regalloc.a::a (1373 bytes)

VM state:not at safepoint (normal execution)

VM Mutex/Monitor currently owned by a thread: None

Heap address: 0x0000000080000000, size: 2048 MB, Compressed Oops mode: 32-bit
Narrow klass base: 0x0000000000000000, Narrow klass shift: 3
Compressed class space size: 1073741824 Address: 0x0000000100000000

Heap:
 garbage-first heap   total 282624K, used 107781K [0x0000000080000000, 0x0000000100000000)
  region size 1024K, 11 young (11264K), 5 survivors (5120K)
 Metaspace       used 113719K, capacity 116846K, committed 117120K, reserved 1150976K
  class space    used 14496K, capacity 15687K, committed 15820K, reserved 1048576K
Heap Regions: E=young(eden), S=young(survivor), O=old, HS=humongous(starts), HC=humongous(continues), CS=collection set, F=free, A=archive, TAMS=top-at-mark-start (previous, next)
|   0|0x0000000080000000, 0x0000000080100000, 0x0000000080100000|100%| O|  |TAMS 0x0000000080100000, 0x0000000080000000| Untracked 
|   1|0x0000000080100000, 0x0000000080200000, 0x0000000080200000|100%| O|  |TAMS 0x0000000080200000, 0x0000000080100000| Untracked 
|   2|0x0000000080200000, 0x0000000080300000, 0x0000000080300000|100%| O|  |TAMS 0x0000000080300000, 0x0000000080200000| Untracked 
|   3|0x0000000080300000, 0x0000000080400000, 0x0000000080400000|100%|HS|  |TAMS 0x0000000080400000, 0x0000000080300000| Complete 
|   4|0x0000000080400000, 0x0000000080500000, 0x0000000080500000|100%|HC|  |TAMS 0x0000000080500000, 0x0000000080400000| Complete 
|   5|0x0000000080500000, 0x0000000080600000, 0x0000000080600000|100%|HC|  |TAMS 0x0000000080600000, 0x0000000080500000| Complete 
|   6|0x0000000080600000, 0x0000000080700000, 0x0000000080700000|100%| O|  |TAMS 0x0000000080700000, 0x0000000080600000| Untracked 
|   7|0x0000000080700000, 0x0000000080800000, 0x0000000080800000|100%| O|  |TAMS 0x0000000080800000, 0x0000000080700000| Untracked 
|   8|0x0000000080800000, 0x0000000080900000, 0x0000000080900000|100%| O|  |TAMS 0x0000000080900000, 0x0000000080800000| Untracked 
|   9|0x0000000080900000, 0x0000000080a00000, 0x0000000080a00000|100%| O|  |TAMS 0x0000000080a00000, 0x0000000080900000| Untracked 
|  10|0x0000000080a00000, 0x0000000080b00000, 0x0000000080b00000|100%| O|  |TAMS 0x0000000080b00000, 0x0000000080a00000| Untracked 
|  11|0x0000000080b00000, 0x0000000080c00000, 0x0000000080c00000|100%| O|  |TAMS 0x0000000080c00000, 0x0000000080b00000| Untracked 
|  12|0x0000000080c00000, 0x0000000080d00000, 0x0000000080d00000|100%| O|  |TAMS 0x0000000080d00000, 0x0000000080c00000| Untracked 
|  13|0x0000000080d00000, 0x0000000080e00000, 0x0000000080e00000|100%| O|  |TAMS 0x0000000080e00000, 0x0000000080d00000| Untracked 
|  14|0x0000000080e00000, 0x0000000080f00000, 0x0000000080f00000|100%| O|  |TAMS 0x0000000080f00000, 0x0000000080e00000| Untracked 
|  15|0x0000000080f00000, 0x0000000081000000, 0x0000000081000000|100%| O|  |TAMS 0x0000000081000000, 0x0000000080f00000| Untracked 
|  16|0x0000000081000000, 0x0000000081100000, 0x0000000081100000|100%| O|  |TAMS 0x0000000081100000, 0x0000000081000000| Untracked 
|  17|0x0000000081100000, 0x0000000081200000, 0x0000000081200000|100%|HS|  |TAMS 0x0000000081200000, 0x0000000081100000| Complete 
|  18|0x0000000081200000, 0x0000000081300000, 0x0000000081300000|100%|HS|  |TAMS 0x0000000081300000, 0x0000000081200000| Complete 
|  19|0x0000000081300000, 0x0000000081400000, 0x0000000081400000|100%|HS|  |TAMS 0x0000000081400000, 0x0000000081300000| Complete 
|  20|0x0000000081400000, 0x0000000081500000, 0x0000000081500000|100%|HC|  |TAMS 0x0000000081500000, 0x0000000081400000| Complete 
|  21|0x0000000081500000, 0x0000000081600000, 0x0000000081600000|100%| O|  |TAMS 0x0000000081600000, 0x0000000081500000| Untracked 
|  22|0x0000000081600000, 0x0000000081700000, 0x0000000081700000|100%| O|  |TAMS 0x0000000081700000, 0x0000000081600000| Untracked 
|  23|0x0000000081700000, 0x0000000081800000, 0x0000000081800000|100%| O|  |TAMS 0x0000000081800000, 0x0000000081700000| Untracked 
|  24|0x0000000081800000, 0x0000000081900000, 0x0000000081900000|100%| O|  |TAMS 0x0000000081900000, 0x0000000081800000| Untracked 
|  25|0x0000000081900000, 0x0000000081a00000, 0x0000000081a00000|100%| O|  |TAMS 0x0000000081a00000, 0x0000000081900000| Untracked 
|  26|0x0000000081a00000, 0x0000000081b00000, 0x0000000081b00000|100%| O|  |TAMS 0x0000000081b00000, 0x0000000081a00000| Untracked 
|  27|0x0000000081b00000, 0x0000000081c00000, 0x0000000081c00000|100%| O|  |TAMS 0x0000000081c00000, 0x0000000081b00000| Untracked 
|  28|0x0000000081c00000, 0x0000000081d00000, 0x0000000081d00000|100%| O|  |TAMS 0x0000000081d00000, 0x0000000081c00000| Untracked 
|  29|0x0000000081d00000, 0x0000000081e00000, 0x0000000081e00000|100%| O|  |TAMS 0x0000000081e00000, 0x0000000081d00000| Untracked 
|  30|0x0000000081e00000, 0x0000000081f00000, 0x0000000081f00000|100%| O|  |TAMS 0x0000000081f00000, 0x0000000081e00000| Untracked 
|  31|0x0000000081f00000, 0x0000000082000000, 0x0000000082000000|100%| O|  |TAMS 0x0000000082000000, 0x0000000081f00000| Untracked 
|  32|0x0000000082000000, 0x0000000082100000, 0x0000000082100000|100%| O|  |TAMS 0x0000000082100000, 0x0000000082000000| Untracked 
|  33|0x0000000082100000, 0x0000000082200000, 0x0000000082200000|100%| O|  |TAMS 0x0000000082200000, 0x0000000082100000| Untracked 
|  34|0x0000000082200000, 0x0000000082300000, 0x0000000082300000|100%| O|  |TAMS 0x0000000082300000, 0x0000000082200000| Untracked 
|  35|0x0000000082300000, 0x0000000082400000, 0x0000000082400000|100%| O|  |TAMS 0x0000000082400000, 0x0000000082300000| Untracked 
|  36|0x0000000082400000, 0x0000000082500000, 0x0000000082500000|100%| O|  |TAMS 0x0000000082500000, 0x0000000082400000| Untracked 
|  37|0x0000000082500000, 0x0000000082600000, 0x0000000082600000|100%| O|  |TAMS 0x0000000082600000, 0x0000000082500000| Untracked 
|  38|0x0000000082600000, 0x0000000082700000, 0x0000000082700000|100%| O|  |TAMS 0x0000000082700000, 0x0000000082600000| Untracked 
|  39|0x0000000082700000, 0x0000000082800000, 0x0000000082800000|100%| O|  |TAMS 0x0000000082800000, 0x0000000082700000| Untracked 
|  40|0x0000000082800000, 0x0000000082900000, 0x0000000082900000|100%| O|  |TAMS 0x0000000082900000, 0x0000000082800000| Untracked 
|  41|0x0000000082900000, 0x0000000082a00000, 0x0000000082a00000|100%| O|  |TAMS 0x0000000082a00000, 0x0000000082900000| Untracked 
|  42|0x0000000082a00000, 0x0000000082b00000, 0x0000000082b00000|100%| O|  |TAMS 0x0000000082b00000, 0x0000000082a00000| Untracked 
|  43|0x0000000082b00000, 0x0000000082c00000, 0x0000000082c00000|100%| O|  |TAMS 0x0000000082c00000, 0x0000000082b00000| Untracked 
|  44|0x0000000082c00000, 0x0000000082d00000, 0x0000000082d00000|100%| O|  |TAMS 0x0000000082d00000, 0x0000000082c00000| Untracked 
|  45|0x0000000082d00000, 0x0000000082e00000, 0x0000000082e00000|100%| O|  |TAMS 0x0000000082e00000, 0x0000000082d00000| Untracked 
|  46|0x0000000082e00000, 0x0000000082f00000, 0x0000000082f00000|100%| O|  |TAMS 0x0000000082f00000, 0x0000000082e00000| Untracked 
|  47|0x0000000082f00000, 0x0000000083000000, 0x0000000083000000|100%| O|  |TAMS 0x0000000083000000, 0x0000000082f00000| Untracked 
|  48|0x0000000083000000, 0x0000000083100000, 0x0000000083100000|100%| O|  |TAMS 0x0000000083100000, 0x0000000083000000| Untracked 
|  49|0x0000000083100000, 0x0000000083200000, 0x0000000083200000|100%| O|  |TAMS 0x0000000083200000, 0x0000000083100000| Untracked 
|  50|0x0000000083200000, 0x0000000083300000, 0x0000000083300000|100%| O|  |TAMS 0x0000000083300000, 0x0000000083200000| Untracked 
|  51|0x0000000083300000, 0x0000000083400000, 0x0000000083400000|100%| O|  |TAMS 0x0000000083400000, 0x0000000083300000| Untracked 
|  52|0x0000000083400000, 0x0000000083500000, 0x0000000083500000|100%| O|  |TAMS 0x0000000083500000, 0x0000000083400000| Untracked 
|  53|0x0000000083500000, 0x0000000083600000, 0x0000000083600000|100%| O|  |TAMS 0x0000000083600000, 0x0000000083500000| Untracked 
|  54|0x0000000083600000, 0x0000000083700000, 0x0000000083700000|100%| O|  |TAMS 0x0000000083700000, 0x0000000083600000| Untracked 
|  55|0x0000000083700000, 0x0000000083800000, 0x0000000083800000|100%| O|  |TAMS 0x0000000083800000, 0x0000000083700000| Untracked 
|  56|0x0000000083800000, 0x0000000083900000, 0x0000000083900000|100%| O|  |TAMS 0x0000000083900000, 0x0000000083800000| Untracked 
|  57|0x0000000083900000, 0x0000000083a00000, 0x0000000083a00000|100%| O|  |TAMS 0x0000000083a00000, 0x0000000083900000| Untracked 
|  58|0x0000000083a00000, 0x0000000083a00000, 0x0000000083b00000|  0%| F|  |TAMS 0x0000000083a00000, 0x0000000083a00000| Untracked 
|  59|0x0000000083b00000, 0x0000000083c00000, 0x0000000083c00000|100%| O|  |TAMS 0x0000000083c00000, 0x0000000083b00000| Untracked 
|  60|0x0000000083c00000, 0x0000000083d00000, 0x0000000083d00000|100%| O|  |TAMS 0x0000000083d00000, 0x0000000083c00000| Untracked 
|  61|0x0000000083d00000, 0x0000000083e00000, 0x0000000083e00000|100%| O|  |TAMS 0x0000000083e00000, 0x0000000083d00000| Untracked 
|  62|0x0000000083e00000, 0x0000000083f00000, 0x0000000083f00000|100%| O|  |TAMS 0x0000000083f00000, 0x0000000083e00000| Untracked 
|  63|0x0000000083f00000, 0x0000000084000000, 0x0000000084000000|100%| O|  |TAMS 0x0000000084000000, 0x0000000083f00000| Untracked 
|  64|0x0000000084000000, 0x0000000084100000, 0x0000000084100000|100%| O|  |TAMS 0x0000000084100000, 0x0000000084000000| Untracked 
|  65|0x0000000084100000, 0x0000000084200000, 0x0000000084200000|100%| O|  |TAMS 0x0000000084200000, 0x0000000084100000| Untracked 
|  66|0x0000000084200000, 0x0000000084300000, 0x0000000084300000|100%| O|  |TAMS 0x0000000084300000, 0x0000000084200000| Untracked 
|  67|0x0000000084300000, 0x0000000084400000, 0x0000000084400000|100%| O|  |TAMS 0x0000000084400000, 0x0000000084300000| Untracked 
|  68|0x0000000084400000, 0x0000000084500000, 0x0000000084500000|100%| O|  |TAMS 0x0000000084500000, 0x0000000084400000| Untracked 
|  69|0x0000000084500000, 0x0000000084600000, 0x0000000084600000|100%| O|  |TAMS 0x0000000084600000, 0x0000000084500000| Untracked 
|  70|0x0000000084600000, 0x0000000084700000, 0x0000000084700000|100%| O|  |TAMS 0x0000000084700000, 0x0000000084600000| Untracked 
|  71|0x0000000084700000, 0x0000000084800000, 0x0000000084800000|100%| O|  |TAMS 0x0000000084800000, 0x0000000084700000| Untracked 
|  72|0x0000000084800000, 0x0000000084900000, 0x0000000084900000|100%| O|  |TAMS 0x0000000084900000, 0x0000000084800000| Untracked 
|  73|0x0000000084900000, 0x0000000084a00000, 0x0000000084a00000|100%| O|  |TAMS 0x0000000084a00000, 0x0000000084900000| Untracked 
|  74|0x0000000084a00000, 0x0000000084b00000, 0x0000000084b00000|100%| O|  |TAMS 0x0000000084b00000, 0x0000000084a00000| Untracked 
|  75|0x0000000084b00000, 0x0000000084c00000, 0x0000000084c00000|100%| O|  |TAMS 0x0000000084c00000, 0x0000000084b00000| Untracked 
|  76|0x0000000084c00000, 0x0000000084d00000, 0x0000000084d00000|100%| O|  |TAMS 0x0000000084d00000, 0x0000000084c00000| Untracked 
|  77|0x0000000084d00000, 0x0000000084e00000, 0x0000000084e00000|100%| O|  |TAMS 0x0000000084e00000, 0x0000000084d00000| Untracked 
|  78|0x0000000084e00000, 0x0000000084f00000, 0x0000000084f00000|100%| O|  |TAMS 0x0000000084f00000, 0x0000000084e00000| Untracked 
|  79|0x0000000084f00000, 0x0000000085000000, 0x0000000085000000|100%| O|  |TAMS 0x0000000085000000, 0x0000000084f00000| Untracked 
|  80|0x0000000085000000, 0x0000000085000000, 0x0000000085100000|  0%| F|  |TAMS 0x0000000085000000, 0x0000000085000000| Untracked 
|  81|0x0000000085100000, 0x0000000085100000, 0x0000000085200000|  0%| F|  |TAMS 0x0000000085100000, 0x0000000085100000| Untracked 
|  82|0x0000000085200000, 0x0000000085300000, 0x0000000085300000|100%| O|  |TAMS 0x0000000085300000, 0x0000000085200000| Untracked 
|  83|0x0000000085300000, 0x0000000085400000, 0x0000000085400000|100%| O|  |TAMS 0x0000000085400000, 0x0000000085300000| Untracked 
|  84|0x0000000085400000, 0x0000000085400000, 0x0000000085500000|  0%| F|  |TAMS 0x0000000085400000, 0x0000000085400000| Untracked 
|  85|0x0000000085500000, 0x0000000085600000, 0x0000000085600000|100%| O|  |TAMS 0x0000000085600000, 0x0000000085500000| Untracked 
|  86|0x0000000085600000, 0x0000000085700000, 0x0000000085700000|100%| O|  |TAMS 0x0000000085700000, 0x0000000085600000| Untracked 
|  87|0x0000000085700000, 0x0000000085800000, 0x0000000085800000|100%| O|  |TAMS 0x0000000085800000, 0x0000000085700000| Untracked 
|  88|0x0000000085800000, 0x0000000085900000, 0x0000000085900000|100%| O|  |TAMS 0x0000000085900000, 0x0000000085800000| Untracked 
|  89|0x0000000085900000, 0x0000000085a00000, 0x0000000085a00000|100%| O|  |TAMS 0x0000000085a00000, 0x0000000085900000| Untracked 
|  90|0x0000000085a00000, 0x0000000085b00000, 0x0000000085b00000|100%| O|  |TAMS 0x0000000085b00000, 0x0000000085a00000| Untracked 
|  91|0x0000000085b00000, 0x0000000085c00000, 0x0000000085c00000|100%| O|  |TAMS 0x0000000085c00000, 0x0000000085b00000| Untracked 
|  92|0x0000000085c00000, 0x0000000085d00000, 0x0000000085d00000|100%| O|  |TAMS 0x0000000085cc0400, 0x0000000085c00000| Untracked 
|  93|0x0000000085d00000, 0x0000000085d00000, 0x0000000085e00000|  0%| F|  |TAMS 0x0000000085d00000, 0x0000000085d00000| Untracked 
|  94|0x0000000085e00000, 0x0000000085e00000, 0x0000000085f00000|  0%| F|  |TAMS 0x0000000085e00000, 0x0000000085e00000| Untracked 
|  95|0x0000000085f00000, 0x0000000086000000, 0x0000000086000000|100%| O|  |TAMS 0x0000000085f00000, 0x0000000085f00000| Untracked 
|  96|0x0000000086000000, 0x0000000086100000, 0x0000000086100000|100%| O|  |TAMS 0x0000000086000000, 0x0000000086000000| Untracked 
|  97|0x0000000086100000, 0x0000000086200000, 0x0000000086200000|100%| O|  |TAMS 0x0000000086100000, 0x0000000086100000| Untracked 
|  98|0x0000000086200000, 0x0000000086300000, 0x0000000086300000|100%| O|  |TAMS 0x0000000086200000, 0x0000000086200000| Untracked 
|  99|0x0000000086300000, 0x0000000086300000, 0x0000000086400000|  0%| F|  |TAMS 0x0000000086300000, 0x0000000086300000| Untracked 
| 100|0x0000000086400000, 0x0000000086500000, 0x0000000086500000|100%| O|  |TAMS 0x0000000086400000, 0x0000000086400000| Untracked 
| 101|0x0000000086500000, 0x00000000865ebc00, 0x0000000086600000| 92%| O|  |TAMS 0x0000000086500000, 0x0000000086500000| Untracked 
| 102|0x0000000086600000, 0x0000000086600000, 0x0000000086700000|  0%| F|  |TAMS 0x0000000086600000, 0x0000000086600000| Untracked 
| 103|0x0000000086700000, 0x0000000086700000, 0x0000000086800000|  0%| F|  |TAMS 0x0000000086700000, 0x0000000086700000| Untracked 
| 104|0x0000000086800000, 0x0000000086800000, 0x0000000086900000|  0%| F|  |TAMS 0x0000000086800000, 0x0000000086800000| Untracked 
| 105|0x0000000086900000, 0x0000000086a00000, 0x0000000086a00000|100%| O|  |TAMS 0x0000000086a00000, 0x0000000086900000| Untracked 
| 106|0x0000000086a00000, 0x0000000086a00000, 0x0000000086b00000|  0%| F|  |TAMS 0x0000000086a00000, 0x0000000086a00000| Untracked 
| 107|0x0000000086b00000, 0x0000000086b00000, 0x0000000086c00000|  0%| F|  |TAMS 0x0000000086b00000, 0x0000000086b00000| Untracked 
| 108|0x0000000086c00000, 0x0000000086c00000, 0x0000000086d00000|  0%| F|  |TAMS 0x0000000086c00000, 0x0000000086c00000| Untracked 
| 109|0x0000000086d00000, 0x0000000086d00000, 0x0000000086e00000|  0%| F|  |TAMS 0x0000000086d00000, 0x0000000086d00000| Untracked 
| 110|0x0000000086e00000, 0x0000000086e00000, 0x0000000086f00000|  0%| F|  |TAMS 0x0000000086e00000, 0x0000000086e00000| Untracked 
| 111|0x0000000086f00000, 0x0000000086f00000, 0x0000000087000000|  0%| F|  |TAMS 0x0000000086f00000, 0x0000000086f00000| Untracked 
| 112|0x0000000087000000, 0x0000000087000000, 0x0000000087100000|  0%| F|  |TAMS 0x0000000087000000, 0x0000000087000000| Untracked 
| 113|0x0000000087100000, 0x0000000087100000, 0x0000000087200000|  0%| F|  |TAMS 0x0000000087100000, 0x0000000087100000| Untracked 
| 114|0x0000000087200000, 0x0000000087200000, 0x0000000087300000|  0%| F|  |TAMS 0x0000000087200000, 0x0000000087200000| Untracked 
| 115|0x0000000087300000, 0x0000000087300000, 0x0000000087400000|  0%| F|  |TAMS 0x0000000087300000, 0x0000000087300000| Untracked 
| 116|0x0000000087400000, 0x0000000087400000, 0x0000000087500000|  0%| F|  |TAMS 0x0000000087400000, 0x0000000087400000| Untracked 
| 117|0x0000000087500000, 0x0000000087500000, 0x0000000087600000|  0%| F|  |TAMS 0x0000000087500000, 0x0000000087500000| Untracked 
| 118|0x0000000087600000, 0x0000000087600000, 0x0000000087700000|  0%| F|  |TAMS 0x0000000087600000, 0x0000000087600000| Untracked 
| 119|0x0000000087700000, 0x0000000087700000, 0x0000000087800000|  0%| F|  |TAMS 0x0000000087700000, 0x0000000087700000| Untracked 
| 120|0x0000000087800000, 0x0000000087800000, 0x0000000087900000|  0%| F|  |TAMS 0x0000000087800000, 0x0000000087800000| Untracked 
| 121|0x0000000087900000, 0x0000000087900000, 0x0000000087a00000|  0%| F|  |TAMS 0x0000000087900000, 0x0000000087900000| Untracked 
| 122|0x0000000087a00000, 0x0000000087a00000, 0x0000000087b00000|  0%| F|  |TAMS 0x0000000087a00000, 0x0000000087a00000| Untracked 
| 123|0x0000000087b00000, 0x0000000087b00000, 0x0000000087c00000|  0%| F|  |TAMS 0x0000000087b00000, 0x0000000087b00000| Untracked 
| 124|0x0000000087c00000, 0x0000000087c00000, 0x0000000087d00000|  0%| F|  |TAMS 0x0000000087c00000, 0x0000000087c00000| Untracked 
| 125|0x0000000087d00000, 0x0000000087d00000, 0x0000000087e00000|  0%| F|  |TAMS 0x0000000087d00000, 0x0000000087d00000| Untracked 
| 126|0x0000000087e00000, 0x0000000087e00000, 0x0000000087f00000|  0%| F|  |TAMS 0x0000000087e00000, 0x0000000087e00000| Untracked 
| 127|0x0000000087f00000, 0x0000000087f00000, 0x0000000088000000|  0%| F|  |TAMS 0x0000000087f00000, 0x0000000087f00000| Untracked 
| 128|0x0000000088000000, 0x0000000088000000, 0x0000000088100000|  0%| F|  |TAMS 0x0000000088000000, 0x0000000088000000| Untracked 
| 129|0x0000000088100000, 0x0000000088100000, 0x0000000088200000|  0%| F|  |TAMS 0x0000000088100000, 0x0000000088100000| Untracked 
| 130|0x0000000088200000, 0x0000000088200000, 0x0000000088300000|  0%| F|  |TAMS 0x0000000088200000, 0x0000000088200000| Untracked 
| 131|0x0000000088300000, 0x0000000088300000, 0x0000000088400000|  0%| F|  |TAMS 0x0000000088300000, 0x0000000088300000| Untracked 
| 132|0x0000000088400000, 0x0000000088400000, 0x0000000088500000|  0%| F|  |TAMS 0x0000000088400000, 0x0000000088400000| Untracked 
| 133|0x0000000088500000, 0x0000000088500000, 0x0000000088600000|  0%| F|  |TAMS 0x0000000088500000, 0x0000000088500000| Untracked 
| 134|0x0000000088600000, 0x0000000088600000, 0x0000000088700000|  0%| F|  |TAMS 0x0000000088600000, 0x0000000088600000| Untracked 
| 135|0x0000000088700000, 0x0000000088700000, 0x0000000088800000|  0%| F|  |TAMS 0x0000000088700000, 0x0000000088700000| Untracked 
| 136|0x0000000088800000, 0x0000000088800000, 0x0000000088900000|  0%| F|  |TAMS 0x0000000088800000, 0x0000000088800000| Untracked 
| 137|0x0000000088900000, 0x0000000088900000, 0x0000000088a00000|  0%| F|  |TAMS 0x0000000088900000, 0x0000000088900000| Untracked 
| 138|0x0000000088a00000, 0x0000000088a00000, 0x0000000088b00000|  0%| F|  |TAMS 0x0000000088a00000, 0x0000000088a00000| Untracked 
| 139|0x0000000088b00000, 0x0000000088b00000, 0x0000000088c00000|  0%| F|  |TAMS 0x0000000088b00000, 0x0000000088b00000| Untracked 
| 140|0x0000000088c00000, 0x0000000088c00000, 0x0000000088d00000|  0%| F|  |TAMS 0x0000000088c00000, 0x0000000088c00000| Untracked 
| 141|0x0000000088d00000, 0x0000000088d00000, 0x0000000088e00000|  0%| F|  |TAMS 0x0000000088d00000, 0x0000000088d00000| Untracked 
| 142|0x0000000088e00000, 0x0000000088e00000, 0x0000000088f00000|  0%| F|  |TAMS 0x0000000088e00000, 0x0000000088e00000| Untracked 
| 143|0x0000000088f00000, 0x0000000088f00000, 0x0000000089000000|  0%| F|  |TAMS 0x0000000088f00000, 0x0000000088f00000| Untracked 
| 144|0x0000000089000000, 0x0000000089000000, 0x0000000089100000|  0%| F|  |TAMS 0x0000000089000000, 0x0000000089000000| Untracked 
| 145|0x0000000089100000, 0x0000000089100000, 0x0000000089200000|  0%| F|  |TAMS 0x0000000089100000, 0x0000000089100000| Untracked 
| 146|0x0000000089200000, 0x0000000089200000, 0x0000000089300000|  0%| F|  |TAMS 0x0000000089200000, 0x0000000089200000| Untracked 
| 147|0x0000000089300000, 0x0000000089300000, 0x0000000089400000|  0%| F|  |TAMS 0x0000000089300000, 0x0000000089300000| Untracked 
| 148|0x0000000089400000, 0x0000000089400000, 0x0000000089500000|  0%| F|  |TAMS 0x0000000089400000, 0x0000000089400000| Untracked 
| 149|0x0000000089500000, 0x0000000089500000, 0x0000000089600000|  0%| F|  |TAMS 0x0000000089500000, 0x0000000089500000| Untracked 
| 150|0x0000000089600000, 0x0000000089600000, 0x0000000089700000|  0%| F|  |TAMS 0x0000000089600000, 0x0000000089600000| Untracked 
| 151|0x0000000089700000, 0x0000000089700000, 0x0000000089800000|  0%| F|  |TAMS 0x0000000089700000, 0x0000000089700000| Untracked 
| 152|0x0000000089800000, 0x0000000089800000, 0x0000000089900000|  0%| F|  |TAMS 0x0000000089800000, 0x0000000089800000| Untracked 
| 153|0x0000000089900000, 0x0000000089900000, 0x0000000089a00000|  0%| F|  |TAMS 0x0000000089900000, 0x0000000089900000| Untracked 
| 154|0x0000000089a00000, 0x0000000089a00000, 0x0000000089b00000|  0%| F|  |TAMS 0x0000000089a00000, 0x0000000089a00000| Untracked 
| 155|0x0000000089b00000, 0x0000000089b00000, 0x0000000089c00000|  0%| F|  |TAMS 0x0000000089b00000, 0x0000000089b00000| Untracked 
| 156|0x0000000089c00000, 0x0000000089c00000, 0x0000000089d00000|  0%| F|  |TAMS 0x0000000089c00000, 0x0000000089c00000| Untracked 
| 157|0x0000000089d00000, 0x0000000089d00000, 0x0000000089e00000|  0%| F|  |TAMS 0x0000000089d00000, 0x0000000089d00000| Untracked 
| 158|0x0000000089e00000, 0x0000000089e00000, 0x0000000089f00000|  0%| F|  |TAMS 0x0000000089e00000, 0x0000000089e00000| Untracked 
| 159|0x0000000089f00000, 0x0000000089f55800, 0x000000008a000000| 33%| S|CS|TAMS 0x0000000089f00000, 0x0000000089f00000| Complete 
| 160|0x000000008a000000, 0x000000008a100000, 0x000000008a100000|100%| S|CS|TAMS 0x000000008a000000, 0x000000008a000000| Complete 
| 161|0x000000008a100000, 0x000000008a200000, 0x000000008a200000|100%| S|CS|TAMS 0x000000008a100000, 0x000000008a100000| Complete 
| 162|0x000000008a200000, 0x000000008a300000, 0x000000008a300000|100%| S|CS|TAMS 0x000000008a200000, 0x000000008a200000| Complete 
| 163|0x000000008a300000, 0x000000008a400000, 0x000000008a400000|100%| S|CS|TAMS 0x000000008a300000, 0x000000008a300000| Complete 
| 164|0x000000008a400000, 0x000000008a400000, 0x000000008a500000|  0%| F|  |TAMS 0x000000008a400000, 0x000000008a400000| Untracked 
| 165|0x000000008a500000, 0x000000008a500000, 0x000000008a600000|  0%| F|  |TAMS 0x000000008a500000, 0x000000008a500000| Untracked 
| 166|0x000000008a600000, 0x000000008a600000, 0x000000008a700000|  0%| F|  |TAMS 0x000000008a600000, 0x000000008a600000| Untracked 
| 167|0x000000008a700000, 0x000000008a700000, 0x000000008a800000|  0%| F|  |TAMS 0x000000008a700000, 0x000000008a700000| Untracked 
| 168|0x000000008a800000, 0x000000008a800000, 0x000000008a900000|  0%| F|  |TAMS 0x000000008a800000, 0x000000008a800000| Untracked 
| 169|0x000000008a900000, 0x000000008a900000, 0x000000008aa00000|  0%| F|  |TAMS 0x000000008a900000, 0x000000008a900000| Untracked 
| 170|0x000000008aa00000, 0x000000008aa00000, 0x000000008ab00000|  0%| F|  |TAMS 0x000000008aa00000, 0x000000008aa00000| Untracked 
| 171|0x000000008ab00000, 0x000000008ab00000, 0x000000008ac00000|  0%| F|  |TAMS 0x000000008ab00000, 0x000000008ab00000| Untracked 
| 172|0x000000008ac00000, 0x000000008ac00000, 0x000000008ad00000|  0%| F|  |TAMS 0x000000008ac00000, 0x000000008ac00000| Untracked 
| 173|0x000000008ad00000, 0x000000008ad00000, 0x000000008ae00000|  0%| F|  |TAMS 0x000000008ad00000, 0x000000008ad00000| Untracked 
| 174|0x000000008ae00000, 0x000000008ae00000, 0x000000008af00000|  0%| F|  |TAMS 0x000000008ae00000, 0x000000008ae00000| Untracked 
| 175|0x000000008af00000, 0x000000008af00000, 0x000000008b000000|  0%| F|  |TAMS 0x000000008af00000, 0x000000008af00000| Untracked 
| 176|0x000000008b000000, 0x000000008b000000, 0x000000008b100000|  0%| F|  |TAMS 0x000000008b000000, 0x000000008b000000| Untracked 
| 177|0x000000008b100000, 0x000000008b100000, 0x000000008b200000|  0%| F|  |TAMS 0x000000008b100000, 0x000000008b100000| Untracked 
| 178|0x000000008b200000, 0x000000008b200000, 0x000000008b300000|  0%| F|  |TAMS 0x000000008b200000, 0x000000008b200000| Untracked 
| 179|0x000000008b300000, 0x000000008b300000, 0x000000008b400000|  0%| F|  |TAMS 0x000000008b300000, 0x000000008b300000| Untracked 
| 180|0x000000008b400000, 0x000000008b400000, 0x000000008b500000|  0%| F|  |TAMS 0x000000008b400000, 0x000000008b400000| Untracked 
| 181|0x000000008b500000, 0x000000008b500000, 0x000000008b600000|  0%| F|  |TAMS 0x000000008b500000, 0x000000008b500000| Untracked 
| 182|0x000000008b600000, 0x000000008b600000, 0x000000008b700000|  0%| F|  |TAMS 0x000000008b600000, 0x000000008b600000| Untracked 
| 183|0x000000008b700000, 0x000000008b700000, 0x000000008b800000|  0%| F|  |TAMS 0x000000008b700000, 0x000000008b700000| Untracked 
| 184|0x000000008b800000, 0x000000008b800000, 0x000000008b900000|  0%| F|  |TAMS 0x000000008b800000, 0x000000008b800000| Untracked 
| 185|0x000000008b900000, 0x000000008b900000, 0x000000008ba00000|  0%| F|  |TAMS 0x000000008b900000, 0x000000008b900000| Untracked 
| 186|0x000000008ba00000, 0x000000008ba00000, 0x000000008bb00000|  0%| F|  |TAMS 0x000000008ba00000, 0x000000008ba00000| Untracked 
| 187|0x000000008bb00000, 0x000000008bb00000, 0x000000008bc00000|  0%| F|  |TAMS 0x000000008bb00000, 0x000000008bb00000| Untracked 
| 188|0x000000008bc00000, 0x000000008bc00000, 0x000000008bd00000|  0%| F|  |TAMS 0x000000008bc00000, 0x000000008bc00000| Untracked 
| 189|0x000000008bd00000, 0x000000008bd00000, 0x000000008be00000|  0%| F|  |TAMS 0x000000008bd00000, 0x000000008bd00000| Untracked 
| 190|0x000000008be00000, 0x000000008be00000, 0x000000008bf00000|  0%| F|  |TAMS 0x000000008be00000, 0x000000008be00000| Untracked 
| 191|0x000000008bf00000, 0x000000008bf00000, 0x000000008c000000|  0%| F|  |TAMS 0x000000008bf00000, 0x000000008bf00000| Untracked 
| 192|0x000000008c000000, 0x000000008c000000, 0x000000008c100000|  0%| F|  |TAMS 0x000000008c000000, 0x000000008c000000| Untracked 
| 193|0x000000008c100000, 0x000000008c100000, 0x000000008c200000|  0%| F|  |TAMS 0x000000008c100000, 0x000000008c100000| Untracked 
| 194|0x000000008c200000, 0x000000008c200000, 0x000000008c300000|  0%| F|  |TAMS 0x000000008c200000, 0x000000008c200000| Untracked 
| 195|0x000000008c300000, 0x000000008c300000, 0x000000008c400000|  0%| F|  |TAMS 0x000000008c300000, 0x000000008c300000| Untracked 
| 196|0x000000008c400000, 0x000000008c400000, 0x000000008c500000|  0%| F|  |TAMS 0x000000008c400000, 0x000000008c400000| Untracked 
| 197|0x000000008c500000, 0x000000008c500000, 0x000000008c600000|  0%| F|  |TAMS 0x000000008c500000, 0x000000008c500000| Untracked 
| 198|0x000000008c600000, 0x000000008c600000, 0x000000008c700000|  0%| F|  |TAMS 0x000000008c600000, 0x000000008c600000| Untracked 
| 199|0x000000008c700000, 0x000000008c700000, 0x000000008c800000|  0%| F|  |TAMS 0x000000008c700000, 0x000000008c700000| Untracked 
| 200|0x000000008c800000, 0x000000008c800000, 0x000000008c900000|  0%| F|  |TAMS 0x000000008c800000, 0x000000008c800000| Untracked 
| 201|0x000000008c900000, 0x000000008c900000, 0x000000008ca00000|  0%| F|  |TAMS 0x000000008c900000, 0x000000008c900000| Untracked 
| 202|0x000000008ca00000, 0x000000008ca00000, 0x000000008cb00000|  0%| F|  |TAMS 0x000000008ca00000, 0x000000008ca00000| Untracked 
| 203|0x000000008cb00000, 0x000000008cb00000, 0x000000008cc00000|  0%| F|  |TAMS 0x000000008cb00000, 0x000000008cb00000| Untracked 
| 204|0x000000008cc00000, 0x000000008cc00000, 0x000000008cd00000|  0%| F|  |TAMS 0x000000008cc00000, 0x000000008cc00000| Untracked 
| 205|0x000000008cd00000, 0x000000008cd00000, 0x000000008ce00000|  0%| F|  |TAMS 0x000000008cd00000, 0x000000008cd00000| Untracked 
| 206|0x000000008ce00000, 0x000000008ce00000, 0x000000008cf00000|  0%| F|  |TAMS 0x000000008ce00000, 0x000000008ce00000| Untracked 
| 207|0x000000008cf00000, 0x000000008cf00000, 0x000000008d000000|  0%| F|  |TAMS 0x000000008cf00000, 0x000000008cf00000| Untracked 
| 208|0x000000008d000000, 0x000000008d000000, 0x000000008d100000|  0%| F|  |TAMS 0x000000008d000000, 0x000000008d000000| Untracked 
| 209|0x000000008d100000, 0x000000008d100000, 0x000000008d200000|  0%| F|  |TAMS 0x000000008d100000, 0x000000008d100000| Untracked 
| 210|0x000000008d200000, 0x000000008d200000, 0x000000008d300000|  0%| F|  |TAMS 0x000000008d200000, 0x000000008d200000| Untracked 
| 211|0x000000008d300000, 0x000000008d300000, 0x000000008d400000|  0%| F|  |TAMS 0x000000008d300000, 0x000000008d300000| Untracked 
| 212|0x000000008d400000, 0x000000008d400000, 0x000000008d500000|  0%| F|  |TAMS 0x000000008d400000, 0x000000008d400000| Untracked 
| 213|0x000000008d500000, 0x000000008d500000, 0x000000008d600000|  0%| F|  |TAMS 0x000000008d500000, 0x000000008d500000| Untracked 
| 214|0x000000008d600000, 0x000000008d600000, 0x000000008d700000|  0%| F|  |TAMS 0x000000008d600000, 0x000000008d600000| Untracked 
| 215|0x000000008d700000, 0x000000008d700000, 0x000000008d800000|  0%| F|  |TAMS 0x000000008d700000, 0x000000008d700000| Untracked 
| 216|0x000000008d800000, 0x000000008d800000, 0x000000008d900000|  0%| F|  |TAMS 0x000000008d800000, 0x000000008d800000| Untracked 
| 217|0x000000008d900000, 0x000000008d900000, 0x000000008da00000|  0%| F|  |TAMS 0x000000008d900000, 0x000000008d900000| Untracked 
| 218|0x000000008da00000, 0x000000008da00000, 0x000000008db00000|  0%| F|  |TAMS 0x000000008da00000, 0x000000008da00000| Untracked 
| 219|0x000000008db00000, 0x000000008db00000, 0x000000008dc00000|  0%| F|  |TAMS 0x000000008db00000, 0x000000008db00000| Untracked 
| 220|0x000000008dc00000, 0x000000008dc00000, 0x000000008dd00000|  0%| F|  |TAMS 0x000000008dc00000, 0x000000008dc00000| Untracked 
| 221|0x000000008dd00000, 0x000000008dd00000, 0x000000008de00000|  0%| F|  |TAMS 0x000000008dd00000, 0x000000008dd00000| Untracked 
| 222|0x000000008de00000, 0x000000008de00000, 0x000000008df00000|  0%| F|  |TAMS 0x000000008de00000, 0x000000008de00000| Untracked 
| 223|0x000000008df00000, 0x000000008df00000, 0x000000008e000000|  0%| F|  |TAMS 0x000000008df00000, 0x000000008df00000| Untracked 
| 224|0x000000008e000000, 0x000000008e000000, 0x000000008e100000|  0%| F|  |TAMS 0x000000008e000000, 0x000000008e000000| Untracked 
| 225|0x000000008e100000, 0x000000008e100000, 0x000000008e200000|  0%| F|  |TAMS 0x000000008e100000, 0x000000008e100000| Untracked 
| 226|0x000000008e200000, 0x000000008e200000, 0x000000008e300000|  0%| F|  |TAMS 0x000000008e200000, 0x000000008e200000| Untracked 
| 227|0x000000008e300000, 0x000000008e300000, 0x000000008e400000|  0%| F|  |TAMS 0x000000008e300000, 0x000000008e300000| Untracked 
| 228|0x000000008e400000, 0x000000008e400000, 0x000000008e500000|  0%| F|  |TAMS 0x000000008e400000, 0x000000008e400000| Untracked 
| 229|0x000000008e500000, 0x000000008e500000, 0x000000008e600000|  0%| F|  |TAMS 0x000000008e500000, 0x000000008e500000| Untracked 
| 230|0x000000008e600000, 0x000000008e600000, 0x000000008e700000|  0%| F|  |TAMS 0x000000008e600000, 0x000000008e600000| Untracked 
| 231|0x000000008e700000, 0x000000008e700000, 0x000000008e800000|  0%| F|  |TAMS 0x000000008e700000, 0x000000008e700000| Untracked 
| 232|0x000000008e800000, 0x000000008e800000, 0x000000008e900000|  0%| F|  |TAMS 0x000000008e800000, 0x000000008e800000| Untracked 
| 233|0x000000008e900000, 0x000000008e900000, 0x000000008ea00000|  0%| F|  |TAMS 0x000000008e900000, 0x000000008e900000| Untracked 
| 234|0x000000008ea00000, 0x000000008ea00000, 0x000000008eb00000|  0%| F|  |TAMS 0x000000008ea00000, 0x000000008ea00000| Untracked 
| 235|0x000000008eb00000, 0x000000008eb00000, 0x000000008ec00000|  0%| F|  |TAMS 0x000000008eb00000, 0x000000008eb00000| Untracked 
| 236|0x000000008ec00000, 0x000000008ec00000, 0x000000008ed00000|  0%| F|  |TAMS 0x000000008ec00000, 0x000000008ec00000| Untracked 
| 237|0x000000008ed00000, 0x000000008ed00000, 0x000000008ee00000|  0%| F|  |TAMS 0x000000008ed00000, 0x000000008ed00000| Untracked 
| 238|0x000000008ee00000, 0x000000008ee00000, 0x000000008ef00000|  0%| F|  |TAMS 0x000000008ee00000, 0x000000008ee00000| Untracked 
| 239|0x000000008ef00000, 0x000000008ef00000, 0x000000008f000000|  0%| F|  |TAMS 0x000000008ef00000, 0x000000008ef00000| Untracked 
| 240|0x000000008f000000, 0x000000008f000000, 0x000000008f100000|  0%| F|  |TAMS 0x000000008f000000, 0x000000008f000000| Untracked 
| 241|0x000000008f100000, 0x000000008f100000, 0x000000008f200000|  0%| F|  |TAMS 0x000000008f100000, 0x000000008f100000| Untracked 
| 242|0x000000008f200000, 0x000000008f200000, 0x000000008f300000|  0%| F|  |TAMS 0x000000008f200000, 0x000000008f200000| Untracked 
| 243|0x000000008f300000, 0x000000008f300000, 0x000000008f400000|  0%| F|  |TAMS 0x000000008f300000, 0x000000008f300000| Untracked 
| 244|0x000000008f400000, 0x000000008f400000, 0x000000008f500000|  0%| F|  |TAMS 0x000000008f400000, 0x000000008f400000| Untracked 
| 245|0x000000008f500000, 0x000000008f500000, 0x000000008f600000|  0%| F|  |TAMS 0x000000008f500000, 0x000000008f500000| Untracked 
| 246|0x000000008f600000, 0x000000008f600000, 0x000000008f700000|  0%| F|  |TAMS 0x000000008f600000, 0x000000008f600000| Untracked 
| 247|0x000000008f700000, 0x000000008f700000, 0x000000008f800000|  0%| F|  |TAMS 0x000000008f700000, 0x000000008f700000| Untracked 
| 248|0x000000008f800000, 0x000000008f800000, 0x000000008f900000|  0%| F|  |TAMS 0x000000008f800000, 0x000000008f800000| Untracked 
| 249|0x000000008f900000, 0x000000008f900000, 0x000000008fa00000|  0%| F|  |TAMS 0x000000008f900000, 0x000000008f900000| Untracked 
| 250|0x000000008fa00000, 0x000000008fa00000, 0x000000008fb00000|  0%| F|  |TAMS 0x000000008fa00000, 0x000000008fa00000| Untracked 
| 251|0x000000008fb00000, 0x000000008fb00000, 0x000000008fc00000|  0%| F|  |TAMS 0x000000008fb00000, 0x000000008fb00000| Untracked 
| 252|0x000000008fc00000, 0x000000008fc00000, 0x000000008fd00000|  0%| F|  |TAMS 0x000000008fc00000, 0x000000008fc00000| Untracked 
| 253|0x000000008fd00000, 0x000000008fd00000, 0x000000008fe00000|  0%| F|  |TAMS 0x000000008fd00000, 0x000000008fd00000| Untracked 
| 254|0x000000008fe00000, 0x000000008fe00000, 0x000000008ff00000|  0%| F|  |TAMS 0x000000008fe00000, 0x000000008fe00000| Untracked 
| 255|0x000000008ff00000, 0x000000008ff00000, 0x0000000090000000|  0%| F|  |TAMS 0x000000008ff00000, 0x000000008ff00000| Untracked 
| 256|0x0000000090000000, 0x0000000090000000, 0x0000000090100000|  0%| F|  |TAMS 0x0000000090000000, 0x0000000090000000| Untracked 
| 257|0x0000000090100000, 0x0000000090100000, 0x0000000090200000|  0%| F|  |TAMS 0x0000000090100000, 0x0000000090100000| Untracked 
| 258|0x0000000090200000, 0x0000000090200000, 0x0000000090300000|  0%| F|  |TAMS 0x0000000090200000, 0x0000000090200000| Untracked 
| 259|0x0000000090300000, 0x0000000090300000, 0x0000000090400000|  0%| F|  |TAMS 0x0000000090300000, 0x0000000090300000| Untracked 
| 260|0x0000000090400000, 0x0000000090400000, 0x0000000090500000|  0%| F|  |TAMS 0x0000000090400000, 0x0000000090400000| Untracked 
| 261|0x0000000090500000, 0x0000000090500000, 0x0000000090600000|  0%| F|  |TAMS 0x0000000090500000, 0x0000000090500000| Untracked 
| 262|0x0000000090600000, 0x0000000090600000, 0x0000000090700000|  0%| F|  |TAMS 0x0000000090600000, 0x0000000090600000| Untracked 
| 263|0x0000000090700000, 0x0000000090700000, 0x0000000090800000|  0%| F|  |TAMS 0x0000000090700000, 0x0000000090700000| Untracked 
| 264|0x0000000090800000, 0x0000000090800000, 0x0000000090900000|  0%| F|  |TAMS 0x0000000090800000, 0x0000000090800000| Untracked 
| 265|0x0000000090900000, 0x0000000090900000, 0x0000000090a00000|  0%| F|  |TAMS 0x0000000090900000, 0x0000000090900000| Untracked 
| 266|0x0000000090a00000, 0x0000000090a00000, 0x0000000090b00000|  0%| F|  |TAMS 0x0000000090a00000, 0x0000000090a00000| Untracked 
| 267|0x0000000090b00000, 0x0000000090b00000, 0x0000000090c00000|  0%| F|  |TAMS 0x0000000090b00000, 0x0000000090b00000| Untracked 
| 268|0x0000000090c00000, 0x0000000090d00000, 0x0000000090d00000|100%| E|  |TAMS 0x0000000090c00000, 0x0000000090c00000| Complete 
| 269|0x0000000090d00000, 0x0000000090e00000, 0x0000000090e00000|100%| E|CS|TAMS 0x0000000090d00000, 0x0000000090d00000| Complete 
| 270|0x0000000090e00000, 0x0000000090f00000, 0x0000000090f00000|100%| E|CS|TAMS 0x0000000090e00000, 0x0000000090e00000| Complete 
| 271|0x0000000090f00000, 0x0000000091000000, 0x0000000091000000|100%| E|CS|TAMS 0x0000000090f00000, 0x0000000090f00000| Complete 
| 272|0x0000000091000000, 0x0000000091100000, 0x0000000091100000|100%| E|CS|TAMS 0x0000000091000000, 0x0000000091000000| Complete 
| 273|0x0000000091100000, 0x0000000091200000, 0x0000000091200000|100%| E|CS|TAMS 0x0000000091100000, 0x0000000091100000| Complete 
| 274|0x0000000091200000, 0x0000000091300000, 0x0000000091300000|100%| E|CS|TAMS 0x0000000091200000, 0x0000000091200000| Complete 
| 275|0x0000000091300000, 0x0000000091400000, 0x0000000091400000|100%| E|CS|TAMS 0x0000000091300000, 0x0000000091300000| Complete 

Card table byte_map: [0x0000025240380000,0x0000025240780000] _byte_map_base: 0x000002523ff80000

Marking Bits (Prev, Next): (CMBitMap*) 0x000002522d18e8b0, (CMBitMap*) 0x000002522d18e878
 Prev Bits: [0x0000025242b80000, 0x0000025244b80000)
 Next Bits: [0x0000025240b80000, 0x0000025242b80000)

Polling page: 0x000002522b140000

Metaspace:

Usage:
  Non-class:     98.79 MB capacity,    96.90 MB ( 98%) used,     1.52 MB (  2%) free+waste,   375.50 KB ( <1%) overhead. 
      Class:     15.32 MB capacity,    14.16 MB ( 92%) used,     1.00 MB (  7%) free+waste,   164.94 KB (  1%) overhead. 
       Both:    114.11 MB capacity,   111.05 MB ( 97%) used,     2.53 MB (  2%) free+waste,   540.44 KB ( <1%) overhead. 

Virtual space:
  Non-class space:      100.00 MB reserved,      98.93 MB ( 99%) committed 
      Class space:        1.00 GB reserved,      15.45 MB (  2%) committed 
             Both:        1.10 GB reserved,     114.38 MB ( 10%) committed 

Chunk freelists:
   Non-Class:  13.00 KB
       Class:  89.00 KB
        Both:  102.00 KB

MaxMetaspaceSize: 17179869184.00 GB
CompressedClassSpaceSize: 1.00 GB

CodeHeap 'non-profiled nmethods': size=120000Kb used=11296Kb max_used=11296Kb free=108703Kb
 bounds [0x0000025238710000, 0x0000025239220000, 0x000002523fc40000]
CodeHeap 'profiled nmethods': size=120000Kb used=42139Kb max_used=42139Kb free=77860Kb
 bounds [0x00000252311e0000, 0x0000025233b20000, 0x0000025238710000]
CodeHeap 'non-nmethods': size=5760Kb used=2343Kb max_used=2429Kb free=3417Kb
 bounds [0x0000025230c40000, 0x0000025230eb0000, 0x00000252311e0000]
 total_blobs=18593 nmethods=17629 adapters=873
 compilation: enabled
              stopped_count=0, restarted_count=0
 full_count=0

Compilation events (20 events):
Event: 32.291 Thread 0x0000025247e9f800 19466       2       com.android.tools.r8.internal.C4::a (194 bytes)
Event: 32.293 Thread 0x0000025247e9f800 nmethod 19466 0x0000025233b0dd90 code [0x0000025233b0e120, 0x0000025233b0f348]
Event: 32.293 Thread 0x0000025247e9f800 19467       2       com.android.tools.r8.internal.Lp::<init> (10 bytes)
Event: 32.293 Thread 0x0000025247e9f800 nmethod 19467 0x0000025233b0fc10 code [0x0000025233b0fdc0, 0x0000025233b0fec8]
Event: 32.293 Thread 0x0000025247e9f800 19468       2       com.android.tools.r8.internal.g1::<init> (10 bytes)
Event: 32.294 Thread 0x0000025247e9f800 nmethod 19468 0x0000025233b0ff90 code [0x0000025233b10140, 0x0000025233b10248]
Event: 32.304 Thread 0x0000025247e9f800 19469       2       com.android.tools.r8.internal.Y4::a (105 bytes)
Event: 32.306 Thread 0x0000025247e9f800 nmethod 19469 0x0000025233b10310 code [0x0000025233b10620, 0x0000025233b10fd8]
Event: 32.346 Thread 0x0000025247e9f800 19471       2       com.android.tools.r8.internal.Ze::a (98 bytes)
Event: 32.346 Thread 0x0000025247e9f800 nmethod 19471 0x0000025233b11790 code [0x0000025233b11940, 0x0000025233b11a88]
Event: 32.446 Thread 0x000002524a389800 nmethod 19360 0x0000025239209690 code [0x0000025239209be0, 0x0000025239212358]
Event: 32.446 Thread 0x000002524a389800 19461       4       com.android.tools.r8.internal.Gs::a (307 bytes)
Event: 32.494 Thread 0x0000025247e9f800 19476       1       com.android.tools.r8.code.D0::a (5 bytes)
Event: 32.494 Thread 0x0000025247e9f800 nmethod 19476 0x0000025238a12610 code [0x0000025238a127c0, 0x0000025238a12858]
Event: 32.494 Thread 0x0000025247e9f800 19477       1       com.android.tools.r8.code.D0::b (5 bytes)
Event: 32.494 Thread 0x0000025247e9f800 nmethod 19477 0x0000025238a12310 code [0x0000025238a124c0, 0x0000025238a12558]
Event: 32.499 Thread 0x0000025247e9f800 19480       1       com.android.tools.r8.code.I0::a (5 bytes)
Event: 32.499 Thread 0x0000025247e9f800 nmethod 19480 0x0000025238a11f10 code [0x0000025238a120c0, 0x0000025238a12158]
Event: 32.499 Thread 0x0000025247e9f800 19481       1       com.android.tools.r8.code.I0::b (5 bytes)
Event: 32.499 Thread 0x0000025247e9f800 nmethod 19481 0x0000025239219090 code [0x0000025239219240, 0x00000252392192d8]

GC Heap History (20 events):
Event: 22.419 GC heap before
{Heap before GC invocations=33 (full 0):
 garbage-first heap   total 282624K, used 138529K [0x0000000080000000, 0x0000000100000000)
  region size 1024K, 14 young (14336K), 1 survivors (1024K)
 Metaspace       used 110293K, capacity 113230K, committed 114048K, reserved 1148928K
  class space    used 14183K, capacity 15260K, committed 15564K, reserved 1048576K
}
Event: 22.422 GC heap after
{Heap after GC invocations=34 (full 0):
 garbage-first heap   total 282624K, used 130548K [0x0000000080000000, 0x0000000100000000)
  region size 1024K, 4 young (4096K), 4 survivors (4096K)
 Metaspace       used 110293K, capacity 113230K, committed 114048K, reserved 1148928K
  class space    used 14183K, capacity 15260K, committed 15564K, reserved 1048576K
}
Event: 28.043 GC heap before
{Heap before GC invocations=35 (full 0):
 garbage-first heap   total 282624K, used 234996K [0x0000000080000000, 0x0000000100000000)
  region size 1024K, 93 young (95232K), 4 survivors (4096K)
 Metaspace       used 112848K, capacity 115904K, committed 116352K, reserved 1150976K
  class space    used 14477K, capacity 15659K, committed 15820K, reserved 1048576K
}
Event: 28.048 GC heap after
{Heap after GC invocations=36 (full 0):
 garbage-first heap   total 282624K, used 127356K [0x0000000080000000, 0x0000000100000000)
  region size 1024K, 4 young (4096K), 4 survivors (4096K)
 Metaspace       used 112848K, capacity 115904K, committed 116352K, reserved 1150976K
  class space    used 14477K, capacity 15659K, committed 15820K, reserved 1048576K
}
Event: 28.233 GC heap before
{Heap before GC invocations=36 (full 0):
 garbage-first heap   total 282624K, used 135548K [0x0000000080000000, 0x0000000100000000)
  region size 1024K, 13 young (13312K), 4 survivors (4096K)
 Metaspace       used 113060K, capacity 116176K, committed 116608K, reserved 1150976K
  class space    used 14488K, capacity 15673K, committed 15820K, reserved 1048576K
}
Event: 28.239 GC heap after
{Heap after GC invocations=37 (full 0):
 garbage-first heap   total 282624K, used 122141K [0x0000000080000000, 0x0000000100000000)
  region size 1024K, 2 young (2048K), 2 survivors (2048K)
 Metaspace       used 113060K, capacity 116176K, committed 116608K, reserved 1150976K
  class space    used 14488K, capacity 15673K, committed 15820K, reserved 1048576K
}
Event: 29.245 GC heap before
{Heap before GC invocations=37 (full 0):
 garbage-first heap   total 282624K, used 223517K [0x0000000080000000, 0x0000000100000000)
  region size 1024K, 102 young (104448K), 2 survivors (2048K)
 Metaspace       used 113465K, capacity 116608K, committed 116864K, reserved 1150976K
  class space    used 14492K, capacity 15681K, committed 15820K, reserved 1048576K
}
Event: 29.257 GC heap after
{Heap after GC invocations=38 (full 0):
 garbage-first heap   total 282624K, used 134700K [0x0000000080000000, 0x0000000100000000)
  region size 1024K, 13 young (13312K), 13 survivors (13312K)
 Metaspace       used 113465K, capacity 116608K, committed 116864K, reserved 1150976K
  class space    used 14492K, capacity 15681K, committed 15820K, reserved 1048576K
}
Event: 29.800 GC heap before
{Heap before GC invocations=38 (full 0):
 garbage-first heap   total 282624K, used 223788K [0x0000000080000000, 0x0000000100000000)
  region size 1024K, 100 young (102400K), 13 survivors (13312K)
 Metaspace       used 113470K, capacity 116612K, committed 116864K, reserved 1150976K
  class space    used 14492K, capacity 15681K, committed 15820K, reserved 1048576K
}
Event: 29.808 GC heap after
{Heap after GC invocations=39 (full 0):
 garbage-first heap   total 282624K, used 134913K [0x0000000080000000, 0x0000000100000000)
  region size 1024K, 3 young (3072K), 3 survivors (3072K)
 Metaspace       used 113470K, capacity 116612K, committed 116864K, reserved 1150976K
  class space    used 14492K, capacity 15681K, committed 15820K, reserved 1048576K
}
Event: 30.319 GC heap before
{Heap before GC invocations=39 (full 0):
 garbage-first heap   total 282624K, used 226049K [0x0000000080000000, 0x0000000100000000)
  region size 1024K, 92 young (94208K), 3 survivors (3072K)
 Metaspace       used 113470K, capacity 116612K, committed 116864K, reserved 1150976K
  class space    used 14492K, capacity 15681K, committed 15820K, reserved 1048576K
}
Event: 30.324 GC heap after
{Heap after GC invocations=40 (full 0):
 garbage-first heap   total 282624K, used 135586K [0x0000000080000000, 0x0000000100000000)
  region size 1024K, 4 young (4096K), 4 survivors (4096K)
 Metaspace       used 113470K, capacity 116612K, committed 116864K, reserved 1150976K
  class space    used 14492K, capacity 15681K, committed 15820K, reserved 1048576K
}
Event: 30.840 GC heap before
{Heap before GC invocations=41 (full 0):
 garbage-first heap   total 282624K, used 201122K [0x0000000080000000, 0x0000000100000000)
  region size 1024K, 94 young (96256K), 4 survivors (4096K)
 Metaspace       used 113557K, capacity 116676K, committed 116864K, reserved 1150976K
  class space    used 14493K, capacity 15681K, committed 15820K, reserved 1048576K
}
Event: 30.846 GC heap after
{Heap after GC invocations=42 (full 0):
 garbage-first heap   total 282624K, used 112045K [0x0000000080000000, 0x0000000100000000)
  region size 1024K, 6 young (6144K), 6 survivors (6144K)
 Metaspace       used 113557K, capacity 116676K, committed 116864K, reserved 1150976K
  class space    used 14493K, capacity 15681K, committed 15820K, reserved 1048576K
}
Event: 30.884 GC heap before
{Heap before GC invocations=42 (full 0):
 garbage-first heap   total 282624K, used 120237K [0x0000000080000000, 0x0000000100000000)
  region size 1024K, 13 young (13312K), 6 survivors (6144K)
 Metaspace       used 113565K, capacity 116741K, committed 117120K, reserved 1150976K
  class space    used 14493K, capacity 15681K, committed 15820K, reserved 1048576K
}
Event: 30.889 GC heap after
{Heap after GC invocations=43 (full 0):
 garbage-first heap   total 282624K, used 98519K [0x0000000080000000, 0x0000000100000000)
  region size 1024K, 1 young (1024K), 1 survivors (1024K)
 Metaspace       used 113565K, capacity 116741K, committed 117120K, reserved 1150976K
  class space    used 14493K, capacity 15681K, committed 15820K, reserved 1048576K
}
Event: 31.303 GC heap before
{Heap before GC invocations=43 (full 0):
 garbage-first heap   total 282624K, used 211159K [0x0000000080000000, 0x0000000100000000)
  region size 1024K, 112 young (114688K), 1 survivors (1024K)
 Metaspace       used 113687K, capacity 116846K, committed 117120K, reserved 1150976K
  class space    used 14496K, capacity 15687K, committed 15820K, reserved 1048576K
}
Event: 31.311 GC heap after
{Heap after GC invocations=44 (full 0):
 garbage-first heap   total 282624K, used 103302K [0x0000000080000000, 0x0000000100000000)
  region size 1024K, 6 young (6144K), 6 survivors (6144K)
 Metaspace       used 113687K, capacity 116846K, committed 117120K, reserved 1150976K
  class space    used 14496K, capacity 15687K, committed 15820K, reserved 1048576K
}
Event: 31.994 GC heap before
{Heap before GC invocations=44 (full 0):
 garbage-first heap   total 282624K, used 216966K [0x0000000080000000, 0x0000000100000000)
  region size 1024K, 117 young (119808K), 6 survivors (6144K)
 Metaspace       used 113704K, capacity 116846K, committed 117120K, reserved 1150976K
  class space    used 14496K, capacity 15687K, committed 15820K, reserved 1048576K
}
Event: 32.004 GC heap after
{Heap after GC invocations=45 (full 0):
 garbage-first heap   total 282624K, used 105714K [0x0000000080000000, 0x0000000100000000)
  region size 1024K, 8 young (8192K), 8 survivors (8192K)
 Metaspace       used 113704K, capacity 116846K, committed 117120K, reserved 1150976K
  class space    used 14496K, capacity 15687K, committed 15820K, reserved 1048576K
}

Deoptimization events (20 events):
Event: 32.061 Thread 0x000002524abe5000 DEOPT PACKING pc=0x00000252335a64f2 sp=0x0000008f0f6fbe20
Event: 32.061 Thread 0x000002524abe5000 DEOPT UNPACKING pc=0x0000025230c676ce sp=0x0000008f0f6fb3e8 mode 0
Event: 32.067 Thread 0x000002524abe5000 DEOPT PACKING pc=0x0000025232c56a8d sp=0x0000008f0f6fc1b0
Event: 32.067 Thread 0x000002524abe5000 DEOPT UNPACKING pc=0x0000025230c676ce sp=0x0000008f0f6fb9c0 mode 0
Event: 32.179 Thread 0x000002524abe5000 DEOPT PACKING pc=0x0000025232e13903 sp=0x0000008f0f6fc110
Event: 32.179 Thread 0x000002524abe5000 DEOPT UNPACKING pc=0x0000025230c676ce sp=0x0000008f0f6fb6c8 mode 0
Event: 32.219 Thread 0x000002524abe5000 DEOPT PACKING pc=0x0000025232935e46 sp=0x0000008f0f6fc5c0
Event: 32.219 Thread 0x000002524abe5000 DEOPT UNPACKING pc=0x0000025230c676ce sp=0x0000008f0f6fbb78 mode 0
Event: 32.232 Thread 0x000002524abe5000 DEOPT PACKING pc=0x0000025233068d01 sp=0x0000008f0f6fc210
Event: 32.232 Thread 0x000002524abe5000 DEOPT UNPACKING pc=0x0000025230c676ce sp=0x0000008f0f6fb900 mode 0
Event: 32.276 Thread 0x000002524abe5000 DEOPT PACKING pc=0x0000025232fa6b1c sp=0x0000008f0f6fc2a0
Event: 32.276 Thread 0x000002524abe5000 DEOPT UNPACKING pc=0x0000025230c676ce sp=0x0000008f0f6fb8f0 mode 0
Event: 32.277 Thread 0x000002524abe5000 DEOPT PACKING pc=0x0000025232fb2be9 sp=0x0000008f0f6fbd70
Event: 32.277 Thread 0x000002524abe5000 DEOPT UNPACKING pc=0x0000025230c676ce sp=0x0000008f0f6fb3b8 mode 0
Event: 32.402 Thread 0x000002524abe5000 DEOPT PACKING pc=0x0000025232fa6e0f sp=0x0000008f0f6fc2a0
Event: 32.402 Thread 0x000002524abe5000 DEOPT UNPACKING pc=0x0000025230c676ce sp=0x0000008f0f6fb8f0 mode 0
Event: 32.424 Thread 0x000002524abe5000 DEOPT PACKING pc=0x0000025232f13679 sp=0x0000008f0f6fc280
Event: 32.424 Thread 0x000002524abe5000 DEOPT UNPACKING pc=0x0000025230c676ce sp=0x0000008f0f6fb8f0 mode 0
Event: 32.433 Thread 0x000002524abe5000 DEOPT PACKING pc=0x0000025232c56a6c sp=0x0000008f0f6fc020
Event: 32.433 Thread 0x000002524abe5000 DEOPT UNPACKING pc=0x0000025230c676ce sp=0x0000008f0f6fb828 mode 0

Classes redefined (0 events):
No events

Internal exceptions (20 events):
Event: 30.906 Thread 0x000002524abe6800 Exception <a 'sun/nio/fs/WindowsException'{0x00000000910fa3c8}> (0x00000000910fa3c8) thrown at [./src/hotspot/share/prims/jni.cpp, line 615]
Event: 30.957 Thread 0x000002524abea800 Exception <a 'sun/nio/fs/WindowsException'{0x00000000900e7820}> (0x00000000900e7820) thrown at [./src/hotspot/share/prims/jni.cpp, line 615]
Event: 30.957 Thread 0x000002524abea800 Exception <a 'sun/nio/fs/WindowsException'{0x00000000900e8258}> (0x00000000900e8258) thrown at [./src/hotspot/share/prims/jni.cpp, line 615]
Event: 30.957 Thread 0x000002524abea800 Exception <a 'sun/nio/fs/WindowsException'{0x00000000900e83c8}> (0x00000000900e83c8) thrown at [./src/hotspot/share/prims/jni.cpp, line 615]
Event: 30.958 Thread 0x000002524abea800 Exception <a 'sun/nio/fs/WindowsException'{0x00000000900e9610}> (0x00000000900e9610) thrown at [./src/hotspot/share/prims/jni.cpp, line 615]
Event: 30.958 Thread 0x000002524abea800 Exception <a 'sun/nio/fs/WindowsException'{0x00000000900e9770}> (0x00000000900e9770) thrown at [./src/hotspot/share/prims/jni.cpp, line 615]
Event: 30.958 Thread 0x000002524abea800 Exception <a 'sun/nio/fs/WindowsException'{0x00000000900ea9b0}> (0x00000000900ea9b0) thrown at [./src/hotspot/share/prims/jni.cpp, line 615]
Event: 30.963 Thread 0x000002524abea800 Exception <a 'sun/nio/fs/WindowsException'{0x000000008fdc0c68}> (0x000000008fdc0c68) thrown at [./src/hotspot/share/prims/jni.cpp, line 615]
Event: 30.971 Thread 0x000002524abea800 Exception <a 'sun/nio/fs/WindowsException'{0x000000008fad3fd8}> (0x000000008fad3fd8) thrown at [./src/hotspot/share/prims/jni.cpp, line 615]
Event: 31.006 Thread 0x000002524abec000 Exception <a 'sun/nio/fs/WindowsException'{0x000000008ec14208}> (0x000000008ec14208) thrown at [./src/hotspot/share/prims/jni.cpp, line 615]
Event: 31.009 Thread 0x000002524abe6800 Exception <a 'sun/nio/fs/WindowsException'{0x000000008ec79240}> (0x000000008ec79240) thrown at [./src/hotspot/share/prims/jni.cpp, line 615]
Event: 31.017 Thread 0x0000025250c83800 Exception <a 'sun/nio/fs/WindowsException'{0x000000008ebc8bf0}> (0x000000008ebc8bf0) thrown at [./src/hotspot/share/prims/jni.cpp, line 615]
Event: 31.050 Thread 0x000002524abe6800 Exception <a 'sun/nio/fs/WindowsException'{0x000000008ec804e0}> (0x000000008ec804e0) thrown at [./src/hotspot/share/prims/jni.cpp, line 615]
Event: 31.085 Thread 0x0000025250c83800 Exception <a 'sun/nio/fs/WindowsException'{0x000000008ebd0620}> (0x000000008ebd0620) thrown at [./src/hotspot/share/prims/jni.cpp, line 615]
Event: 31.088 Thread 0x000002524abe6800 Exception <a 'sun/nio/fs/WindowsException'{0x000000008ddffbf0}> (0x000000008ddffbf0) thrown at [./src/hotspot/share/prims/jni.cpp, line 615]
Event: 31.090 Thread 0x0000025250c83800 Exception <a 'sun/nio/fs/WindowsException'{0x000000008d342b00}> (0x000000008d342b00) thrown at [./src/hotspot/share/prims/jni.cpp, line 615]
Event: 31.252 Thread 0x000002524abea000 Exception <a 'sun/nio/fs/WindowsException'{0x000000008b4e88c8}> (0x000000008b4e88c8) thrown at [./src/hotspot/share/prims/jni.cpp, line 615]
Event: 31.275 Thread 0x000002524abea800 Exception <a 'sun/nio/fs/WindowsException'{0x000000008ab30688}> (0x000000008ab30688) thrown at [./src/hotspot/share/prims/jni.cpp, line 615]
Event: 31.285 Thread 0x000002524abea800 Exception <a 'sun/nio/fs/WindowsException'{0x000000008a72cbc0}> (0x000000008a72cbc0) thrown at [./src/hotspot/share/prims/jni.cpp, line 615]
Event: 31.377 Thread 0x000002524abea000 Exception <a 'sun/nio/fs/WindowsException'{0x00000000908ce680}> (0x00000000908ce680) thrown at [./src/hotspot/share/prims/jni.cpp, line 615]

Events (20 events):
Event: 30.831 Executing VM operation: RevokeBias
Event: 30.832 Executing VM operation: RevokeBias done
Event: 30.832 Thread 0x000002524abeb800 Thread exited: 0x000002524abeb800
Event: 30.840 Executing VM operation: G1CollectForAllocation
Event: 30.846 Executing VM operation: G1CollectForAllocation done
Event: 30.860 Executing VM operation: RevokeBias
Event: 30.861 Executing VM operation: RevokeBias done
Event: 30.883 Executing VM operation: G1CollectForAllocation
Event: 30.890 Executing VM operation: G1CollectForAllocation done
Event: 30.893 Thread 0x0000025250c87000 Thread added: 0x0000025250c87000
Event: 30.898 Executing VM operation: RevokeBias
Event: 30.898 Executing VM operation: RevokeBias done
Event: 31.012 Executing VM operation: ICBufferFull
Event: 31.014 Executing VM operation: ICBufferFull done
Event: 31.062 Executing VM operation: RevokeBias
Event: 31.062 Executing VM operation: RevokeBias done
Event: 31.303 Executing VM operation: G1CollectForAllocation
Event: 31.311 Executing VM operation: G1CollectForAllocation done
Event: 31.994 Executing VM operation: G1CollectForAllocation
Event: 32.004 Executing VM operation: G1CollectForAllocation done


Dynamic libraries:
0x00007ff6847c0000 - 0x00007ff6847ca000 	C:\Program Files\Android\Android Studio\jre\bin\java.exe
0x00007ffdebf30000 - 0x00007ffdec125000 	C:\windows\SYSTEM32\ntdll.dll
0x00007ffdeb130000 - 0x00007ffdeb1ee000 	C:\windows\System32\KERNEL32.DLL
0x00007ffde9750000 - 0x00007ffde9a19000 	C:\windows\System32\KERNELBASE.dll
0x00007ffde9650000 - 0x00007ffde9750000 	C:\windows\System32\ucrtbase.dll
0x00007ffde5dc0000 - 0x00007ffde5dd7000 	C:\Program Files\Android\Android Studio\jre\bin\VCRUNTIME140.dll
0x00007ffde4380000 - 0x00007ffde4399000 	C:\Program Files\Android\Android Studio\jre\bin\jli.dll
0x00007ffdeb620000 - 0x00007ffdeb7c1000 	C:\windows\System32\USER32.dll
0x00007ffde9df0000 - 0x00007ffde9e12000 	C:\windows\System32\win32u.dll
0x00007ffddf520000 - 0x00007ffddf7ba000 	C:\windows\WinSxS\amd64_microsoft.windows.common-controls_6595b64144ccf1df_6.0.19041.1110_none_60b5254171f9507e\COMCTL32.dll
0x00007ffdea980000 - 0x00007ffdea9ab000 	C:\windows\System32\GDI32.dll
0x00007ffdead10000 - 0x00007ffdeadae000 	C:\windows\System32\msvcrt.dll
0x00007ffde9e20000 - 0x00007ffde9f2b000 	C:\windows\System32\gdi32full.dll
0x00007ffde9a20000 - 0x00007ffde9abd000 	C:\windows\System32\msvcp_win.dll
0x00007ffdeaee0000 - 0x00007ffdeaf10000 	C:\windows\System32\IMM32.DLL
0x00007ffdc1140000 - 0x00007ffdc11dd000 	C:\Program Files\Android\Android Studio\jre\bin\msvcp140.dll
0x00007ffd7a370000 - 0x00007ffd7ae3f000 	C:\Program Files\Android\Android Studio\jre\bin\server\jvm.dll
0x00007ffdeb1f0000 - 0x00007ffdeb29c000 	C:\windows\System32\ADVAPI32.dll
0x00007ffdeb560000 - 0x00007ffdeb5fb000 	C:\windows\System32\sechost.dll
0x00007ffdea0a0000 - 0x00007ffdea1ca000 	C:\windows\System32\RPCRT4.dll
0x00007ffdeb880000 - 0x00007ffdeb888000 	C:\windows\System32\PSAPI.DLL
0x00007ffddeef0000 - 0x00007ffddef17000 	C:\windows\SYSTEM32\WINMM.dll
0x00007ffdd02a0000 - 0x00007ffdd02a9000 	C:\windows\SYSTEM32\WSOCK32.dll
0x00007ffde4c40000 - 0x00007ffde4c4a000 	C:\windows\SYSTEM32\VERSION.dll
0x00007ffdea1d0000 - 0x00007ffdea23b000 	C:\windows\System32\WS2_32.dll
0x00007ffde7ed0000 - 0x00007ffde7ee2000 	C:\windows\SYSTEM32\kernel.appcore.dll
0x00007ffde04f0000 - 0x00007ffde0501000 	C:\Program Files\Android\Android Studio\jre\bin\verify.dll
0x00007ffde7cb0000 - 0x00007ffde7e94000 	C:\windows\SYSTEM32\DBGHELP.DLL
0x00007ffdd9470000 - 0x00007ffdd949c000 	C:\windows\SYSTEM32\dbgcore.DLL
0x00007ffde9cb0000 - 0x00007ffde9d33000 	C:\windows\System32\bcryptPrimitives.dll
0x00007ffddaa70000 - 0x00007ffddaa99000 	C:\Program Files\Android\Android Studio\jre\bin\java.dll
0x00007ffde6700000 - 0x00007ffde670b000 	C:\Program Files\Android\Android Studio\jre\bin\jimage.dll
0x00007ffddf870000 - 0x00007ffddf888000 	C:\Program Files\Android\Android Studio\jre\bin\zip.dll
0x00007ffdea240000 - 0x00007ffdea97f000 	C:\windows\System32\SHELL32.dll
0x00007ffde7420000 - 0x00007ffde7bb0000 	C:\windows\SYSTEM32\windows.storage.dll
0x00007ffdea9b0000 - 0x00007ffdead05000 	C:\windows\System32\combase.dll
0x00007ffde8fd0000 - 0x00007ffde8ffc000 	C:\windows\SYSTEM32\Wldp.dll
0x00007ffdeb7d0000 - 0x00007ffdeb87d000 	C:\windows\System32\SHCORE.dll
0x00007ffdea040000 - 0x00007ffdea095000 	C:\windows\System32\shlwapi.dll
0x00007ffde9590000 - 0x00007ffde95af000 	C:\windows\SYSTEM32\profapi.dll
0x00007ffddf400000 - 0x00007ffddf41a000 	C:\Program Files\Android\Android Studio\jre\bin\net.dll
0x00007ffde07e0000 - 0x00007ffde08e8000 	C:\windows\SYSTEM32\WINHTTP.dll
0x00007ffde8d30000 - 0x00007ffde8d9a000 	C:\windows\system32\mswsock.dll
0x00007ffddab70000 - 0x00007ffddab84000 	C:\Program Files\Android\Android Studio\jre\bin\nio.dll
0x00007ffdd8b70000 - 0x00007ffdd8b97000 	C:\Users\Smok\.gradle\native\8bec1ad78214c89d9ad589b4d07fe93259594b29d510b10fafb7a158f7737e5d\windows-amd64\native-platform.dll
0x00007ffdb35a0000 - 0x00007ffdb36dd000 	C:\Users\Smok\.gradle\native\53dbd7edfb1c66fb8903c78663c9afc45aea4f116125fa6feffd364cf09443e8\windows-amd64\native-platform-file-events.dll
0x00007ffde61d0000 - 0x00007ffde61da000 	C:\Program Files\Android\Android Studio\jre\bin\management.dll
0x00007ffde57d0000 - 0x00007ffde57dc000 	C:\Program Files\Android\Android Studio\jre\bin\management_ext.dll
0x00007ffde8f20000 - 0x00007ffde8f38000 	C:\windows\SYSTEM32\CRYPTSP.dll
0x00007ffde86b0000 - 0x00007ffde86e4000 	C:\windows\system32\rsaenh.dll
0x00007ffde9c80000 - 0x00007ffde9ca7000 	C:\windows\System32\bcrypt.dll
0x00007ffde9550000 - 0x00007ffde957e000 	C:\windows\SYSTEM32\USERENV.dll
0x00007ffde8f40000 - 0x00007ffde8f4c000 	C:\windows\SYSTEM32\CRYPTBASE.dll
0x00007ffde8a20000 - 0x00007ffde8a5b000 	C:\windows\SYSTEM32\IPHLPAPI.DLL
0x00007ffdeb610000 - 0x00007ffdeb618000 	C:\windows\System32\NSI.dll
0x00007ffde7bd0000 - 0x00007ffde7be7000 	C:\windows\SYSTEM32\dhcpcsvc6.DLL
0x00007ffde7bb0000 - 0x00007ffde7bcd000 	C:\windows\SYSTEM32\dhcpcsvc.DLL
0x00007ffde8a60000 - 0x00007ffde8b2c000 	C:\windows\SYSTEM32\DNSAPI.dll
0x00007ffdd8f00000 - 0x00007ffdd8f27000 	C:\Program Files\Android\Android Studio\jre\bin\sunec.dll

dbghelp: loaded successfully - version: 4.0.5 - missing functions: none
symbol engine: initialized successfully - sym options: 0x614 - pdb path: .;C:\Program Files\Android\Android Studio\jre\bin;C:\windows\SYSTEM32;C:\windows\WinSxS\amd64_microsoft.windows.common-controls_6595b64144ccf1df_6.0.19041.1110_none_60b5254171f9507e;C:\Program Files\Android\Android Studio\jre\bin\server;C:\Users\Smok\.gradle\native\8bec1ad78214c89d9ad589b4d07fe93259594b29d510b10fafb7a158f7737e5d\windows-amd64;C:\Users\Smok\.gradle\native\53dbd7edfb1c66fb8903c78663c9afc45aea4f116125fa6feffd364cf09443e8\windows-amd64

VM Arguments:
jvm_args: --add-opens=java.base/java.util=ALL-UNNAMED --add-opens=java.base/java.lang=ALL-UNNAMED --add-opens=java.base/java.lang.invoke=ALL-UNNAMED --add-opens=java.base/java.util=ALL-UNNAMED --add-opens=java.prefs/java.util.prefs=ALL-UNNAMED --add-opens=java.prefs/java.util.prefs=ALL-UNNAMED --add-opens=java.base/java.nio.charset=ALL-UNNAMED --add-opens=java.base/java.net=ALL-UNNAMED --add-opens=java.base/java.util.concurrent.atomic=ALL-UNNAMED -Xmx2048m -Dfile.encoding=UTF-8 -Duser.country=PL -Duser.language=pl -Duser.variant 
java_command: org.gradle.launcher.daemon.bootstrap.GradleDaemon 7.0.2
java_class_path (initial): C:\Users\Smok\.gradle\wrapper\dists\gradle-7.0.2-bin\857tjihv64xamwrf0h14cai3r\gradle-7.0.2\lib\gradle-launcher-7.0.2.jar
Launcher Type: SUN_STANDARD

[Global flags]
     intx CICompilerCount                          = 4                                         {product} {ergonomic}
     uint ConcGCThreads                            = 2                                         {product} {ergonomic}
     uint G1ConcRefinementThreads                  = 8                                         {product} {ergonomic}
   size_t G1HeapRegionSize                         = 1048576                                   {product} {ergonomic}
    uintx GCDrainStackTargetSize                   = 64                                        {product} {ergonomic}
   size_t InitialHeapSize                          = 234881024                                 {product} {ergonomic}
   size_t MarkStackSize                            = 4194304                                   {product} {ergonomic}
   size_t MaxHeapSize                              = 2147483648                                {product} {command line}
   size_t MaxNewSize                               = 1287651328                                {product} {ergonomic}
   size_t MinHeapDeltaBytes                        = 1048576                                   {product} {ergonomic}
    uintx NonNMethodCodeHeapSize                   = 5836300                                {pd product} {ergonomic}
    uintx NonProfiledCodeHeapSize                  = 122910970                              {pd product} {ergonomic}
    uintx ProfiledCodeHeapSize                     = 122910970                              {pd product} {ergonomic}
    uintx ReservedCodeCacheSize                    = 251658240                              {pd product} {ergonomic}
     bool SegmentedCodeCache                       = true                                      {product} {ergonomic}
     bool UseCompressedClassPointers               = true                                 {lp64_product} {ergonomic}
     bool UseCompressedOops                        = true                                 {lp64_product} {ergonomic}
     bool UseG1GC                                  = true                                      {product} {ergonomic}
     bool UseLargePagesIndividualAllocation        = false                                  {pd product} {ergonomic}

Logging:
Log output configuration:
 #0: stdout all=warning uptime,level,tags
 #1: stderr all=off uptime,level,tags

Environment Variables:
PATH=C:\db_home\bin;C:\Program Files (x86)\Common Files\Oracle\Java\javapath;C:\Program Files (x86)\PC Connectivity Solution\;C:\windows\system32;C:\windows;C:\windows\System32\Wbem;C:\windows\System32\WindowsPowerShell\v1.0\;C:\windows\System32\OpenSSH\;C:\Program Files\Git\cmd;C:\Program Files\MATLAB\R2021a\bin;C:\adb;C:\Users\Smok\AppData\Local\Microsoft\WindowsApps;C:\Program Files (x86)\Nmap;C:\Program Files\JetBrains\IntelliJ IDEA Community Edition 2021.1.1\bin;;C:\adb;;C:\Users\Smok\AppData\Local\Programs\Microsoft VS Code\bin
USERNAME=Smok
OS=Windows_NT
PROCESSOR_IDENTIFIER=AMD64 Family 23 Model 24 Stepping 1, AuthenticAMD



---------------  S Y S T E M  ---------------

OS: Windows 10 , 64 bit Build 19041 (10.0.19041.1202)
OS uptime: 11 days 18:47 hours

CPU:total 8 (initial active 8) (8 cores per cpu, 2 threads per core) family 23 model 24 stepping 1 microcode 0x0, cmov, cx8, fxsr, mmx, sse, sse2, sse3, ssse3, sse4.1, sse4.2, popcnt, avx, avx2, aes, clmul, mmxext, 3dnowpref, lzcnt, sse4a, ht, tsc, tscinvbit, tscinv, bmi1, bmi2, adx, s

Memory: 4k page, system-wide physical 14249M (4629M free)
TotalPageFile size 16926M (AvailPageFile size 5M)
current process WorkingSet (physical memory assigned to process): 638M, peak: 643M
current process commit charge ("private bytes"): 672M, peak: 676M

vm_info: OpenJDK 64-Bit Server VM (11.0.10+0-b96-7249189) for windows-amd64 JRE (11.0.10+0-b96-7249189), built on Mar 31 2021 21:44:00 by "builder" with MS VC++ 14.0 (VS2015)

END.
